INFO  @ Sun, 17 Jan 2021 16:31:02: Parameters: /opt/anaconda3/bin/mageck test -k P2.txt -t 6 -c 4 -n P2_46_day7 --norm-method total --sort-criteria pos 
INFO  @ Sun, 17 Jan 2021 16:31:02: Welcome to MAGeCK v0.5.9.4. Command: test 
INFO  @ Sun, 17 Jan 2021 16:31:02: Loading count table from P2.txt  
INFO  @ Sun, 17 Jan 2021 16:31:02: Processing 1 lines.. 
DEBUG @ Sun, 17 Jan 2021 16:31:02: Parsing error in line 1 (usually the header line). Skip this line. 
INFO  @ Sun, 17 Jan 2021 16:31:02: Loaded 161 records. 
INFO  @ Sun, 17 Jan 2021 16:31:02: Loading Rnw template file: /opt/anaconda3/lib/python3.8/site-packages/mageck/test_report.Rmd. 
DEBUG @ Sun, 17 Jan 2021 16:31:02: Setting up the visualization module... 
INFO  @ Sun, 17 Jan 2021 16:31:02: Loading R template file: /opt/anaconda3/lib/python3.8/site-packages/mageck/plot_template.RTemplate. 
INFO  @ Sun, 17 Jan 2021 16:31:02: Loading R template file: /opt/anaconda3/lib/python3.8/site-packages/mageck/plot_template_indvgene.RTemplate. 
INFO  @ Sun, 17 Jan 2021 16:31:02: Loading Rnw template file: /opt/anaconda3/lib/python3.8/site-packages/mageck/plot_template.Rnw. 
DEBUG @ Sun, 17 Jan 2021 16:31:02: Setting up the visualization module... 
DEBUG @ Sun, 17 Jan 2021 16:31:02: Given sample labels: 6 
DEBUG @ Sun, 17 Jan 2021 16:31:02: Converted index: 6 
INFO  @ Sun, 17 Jan 2021 16:31:02: Treatment samples:6 
INFO  @ Sun, 17 Jan 2021 16:31:02: Treatment sample index:6 
DEBUG @ Sun, 17 Jan 2021 16:31:02: Given sample labels: 4 
DEBUG @ Sun, 17 Jan 2021 16:31:02: Converted index: 4 
INFO  @ Sun, 17 Jan 2021 16:31:02: Control samples:4 
INFO  @ Sun, 17 Jan 2021 16:31:02: Control sample index:4 
DEBUG @ Sun, 17 Jan 2021 16:31:02: Initial (total) size factor: 1.102778730458144 0.9147458882797451 
INFO  @ Sun, 17 Jan 2021 16:31:02: Final size factor: 1.102778730458144 0.9147458882797451 
INFO  @ Sun, 17 Jan 2021 16:31:02: Detecting outliers from variance estimation.. Avg read count:[113.28118936584184], Var: [6512901.498500874] 
INFO  @ Sun, 17 Jan 2021 16:31:02: Skipping 3 sgRNAs from variance calculation because of their extreme high counts (> 4* STD (mean counts) ). 
DEBUG @ Sun, 17 Jan 2021 16:31:02: Adjusted model: 2.0429803047012767	0 
INFO  @ Sun, 17 Jan 2021 16:31:02: Before RRA, 9 sgRNAs are removed with zero counts in both group(s). 
INFO  @ Sun, 17 Jan 2021 16:31:02: Use qnorm to reversely calculate sgRNA scores ... 
DEBUG @ Sun, 17 Jan 2021 16:31:03: lower test FDR cutoff: 0.14473684210526316 
DEBUG @ Sun, 17 Jan 2021 16:31:03: higher test FDR cutoff: 0.125 
INFO  @ Sun, 17 Jan 2021 16:31:03: Running command: RRA -i P2_46_day7.plow.txt -o P2_46_day7.gene.low.txt -p 0.14473684210526316 --skip-gene NA --skip-gene na  
INFO  @ Sun, 17 Jan 2021 16:31:03: Command message: 
INFO  @ Sun, 17 Jan 2021 16:31:03:   Welcome to RRA v 0.5.9. 
INFO  @ Sun, 17 Jan 2021 16:31:03:   Skipping gene NA for permutation ... 
INFO  @ Sun, 17 Jan 2021 16:31:03:   Skipping gene na for permutation ... 
INFO  @ Sun, 17 Jan 2021 16:31:03:   Reading input file... 
INFO  @ Sun, 17 Jan 2021 16:31:03:   Summary: 152 sgRNAs, 25 genes, 1 lists; skipped sgRNAs:0 
INFO  @ Sun, 17 Jan 2021 16:31:03:   Computing lo-values for each group... 
INFO  @ Sun, 17 Jan 2021 16:31:03:   Computing false discovery rate... 
INFO  @ Sun, 17 Jan 2021 16:31:03:   Increase the number of permutations to 4001 to get precise p values. To avoid this, use the --permutation option. 
INFO  @ Sun, 17 Jan 2021 16:31:03:   Permuting genes with 1 sgRNAs... 
INFO  @ Sun, 17 Jan 2021 16:31:03:   Permuting genes with 2 sgRNAs... 
INFO  @ Sun, 17 Jan 2021 16:31:03:   Permuting genes with 3 sgRNAs... 
INFO  @ Sun, 17 Jan 2021 16:31:03:   Permuting genes with 4 sgRNAs... 
INFO  @ Sun, 17 Jan 2021 16:31:03:   Permuting genes with 5 sgRNAs... 
INFO  @ Sun, 17 Jan 2021 16:31:03:   Permuting genes with 9 sgRNAs... 
INFO  @ Sun, 17 Jan 2021 16:31:03:   Permuting genes with 10 sgRNAs... 
INFO  @ Sun, 17 Jan 2021 16:31:03:   Number of genes under FDR adjustment: 25 
INFO  @ Sun, 17 Jan 2021 16:31:03:   Saving to output file... 
INFO  @ Sun, 17 Jan 2021 16:31:03:   RRA completed. 
INFO  @ Sun, 17 Jan 2021 16:31:03:    
INFO  @ Sun, 17 Jan 2021 16:31:03: End command message. 
INFO  @ Sun, 17 Jan 2021 16:31:03: Running command: RRA -i P2_46_day7.phigh.txt -o P2_46_day7.gene.high.txt -p 0.125 --skip-gene NA --skip-gene na  
INFO  @ Sun, 17 Jan 2021 16:31:04: Command message: 
INFO  @ Sun, 17 Jan 2021 16:31:04:   Welcome to RRA v 0.5.9. 
INFO  @ Sun, 17 Jan 2021 16:31:04:   Skipping gene NA for permutation ... 
INFO  @ Sun, 17 Jan 2021 16:31:04:   Skipping gene na for permutation ... 
INFO  @ Sun, 17 Jan 2021 16:31:04:   Reading input file... 
INFO  @ Sun, 17 Jan 2021 16:31:04:   Summary: 152 sgRNAs, 25 genes, 1 lists; skipped sgRNAs:0 
INFO  @ Sun, 17 Jan 2021 16:31:04:   Computing lo-values for each group... 
INFO  @ Sun, 17 Jan 2021 16:31:04:   Computing false discovery rate... 
INFO  @ Sun, 17 Jan 2021 16:31:04:   Increase the number of permutations to 4001 to get precise p values. To avoid this, use the --permutation option. 
INFO  @ Sun, 17 Jan 2021 16:31:04:   Permuting genes with 1 sgRNAs... 
INFO  @ Sun, 17 Jan 2021 16:31:04:   Permuting genes with 2 sgRNAs... 
INFO  @ Sun, 17 Jan 2021 16:31:04:   Permuting genes with 3 sgRNAs... 
INFO  @ Sun, 17 Jan 2021 16:31:04:   Permuting genes with 4 sgRNAs... 
INFO  @ Sun, 17 Jan 2021 16:31:04:   Permuting genes with 5 sgRNAs... 
INFO  @ Sun, 17 Jan 2021 16:31:04:   Permuting genes with 9 sgRNAs... 
INFO  @ Sun, 17 Jan 2021 16:31:04:   Permuting genes with 10 sgRNAs... 
INFO  @ Sun, 17 Jan 2021 16:31:04:   Number of genes under FDR adjustment: 25 
INFO  @ Sun, 17 Jan 2021 16:31:04:   Saving to output file... 
INFO  @ Sun, 17 Jan 2021 16:31:04:   RRA completed. 
INFO  @ Sun, 17 Jan 2021 16:31:04:    
INFO  @ Sun, 17 Jan 2021 16:31:04: End command message. 
DEBUG @ Sun, 17 Jan 2021 16:31:04: Sorting the merged items by positive selection... 
INFO  @ Sun, 17 Jan 2021 16:31:04: Loading top 10 genes from P2_46_day7.gene.low.txt: SOX9,TCF4,MYC,POLRD2,mKatescrm,hSMARCC1,KRT20scrm,hSMARCC2,mKate,GFP 
DEBUG @ Sun, 17 Jan 2021 16:31:04: Column index:3 
INFO  @ Sun, 17 Jan 2021 16:31:04: Loading top 10 genes from P2_46_day7.gene.high.txt: hAPC,KRT20,mKatescrm,KRT20scrm,GFPscrm,GFP,mKate,MYCscrm,hSATB2,TCF20 
DEBUG @ Sun, 17 Jan 2021 16:31:04: Column index:9 
INFO  @ Sun, 17 Jan 2021 16:31:04: Running command: rm P2_46_day7.plow.txt 
INFO  @ Sun, 17 Jan 2021 16:31:04: Running command: rm P2_46_day7.phigh.txt 
INFO  @ Sun, 17 Jan 2021 16:31:04: Running command: rm P2_46_day7.gene.low.txt 
INFO  @ Sun, 17 Jan 2021 16:31:04: Running command: rm P2_46_day7.gene.high.txt 
