INFO  @ Wed, 13 Jan 2021 13:10:51: Parameters: /opt/anaconda3/bin/mageck test -k P4.txt -t 6 -c 4 -n P4_46_day7 --norm-method total --sort-criteria pos 
INFO  @ Wed, 13 Jan 2021 13:10:51: Welcome to MAGeCK v0.5.9.4. Command: test 
INFO  @ Wed, 13 Jan 2021 13:10:51: Loading count table from P4.txt  
INFO  @ Wed, 13 Jan 2021 13:10:51: Processing 1 lines.. 
DEBUG @ Wed, 13 Jan 2021 13:10:51: Parsing error in line 1 (usually the header line). Skip this line. 
INFO  @ Wed, 13 Jan 2021 13:10:51: Loaded 76 records. 
INFO  @ Wed, 13 Jan 2021 13:10:51: Loading Rnw template file: /opt/anaconda3/lib/python3.8/site-packages/mageck/test_report.Rmd. 
DEBUG @ Wed, 13 Jan 2021 13:10:51: Setting up the visualization module... 
INFO  @ Wed, 13 Jan 2021 13:10:51: Loading R template file: /opt/anaconda3/lib/python3.8/site-packages/mageck/plot_template.RTemplate. 
INFO  @ Wed, 13 Jan 2021 13:10:51: Loading R template file: /opt/anaconda3/lib/python3.8/site-packages/mageck/plot_template_indvgene.RTemplate. 
INFO  @ Wed, 13 Jan 2021 13:10:51: Loading Rnw template file: /opt/anaconda3/lib/python3.8/site-packages/mageck/plot_template.Rnw. 
DEBUG @ Wed, 13 Jan 2021 13:10:51: Setting up the visualization module... 
DEBUG @ Wed, 13 Jan 2021 13:10:51: Given sample labels: 6 
DEBUG @ Wed, 13 Jan 2021 13:10:51: Converted index: 6 
INFO  @ Wed, 13 Jan 2021 13:10:51: Treatment samples:6 
INFO  @ Wed, 13 Jan 2021 13:10:51: Treatment sample index:6 
DEBUG @ Wed, 13 Jan 2021 13:10:51: Given sample labels: 4 
DEBUG @ Wed, 13 Jan 2021 13:10:51: Converted index: 4 
INFO  @ Wed, 13 Jan 2021 13:10:51: Control samples:4 
INFO  @ Wed, 13 Jan 2021 13:10:51: Control sample index:4 
DEBUG @ Wed, 13 Jan 2021 13:10:51: Initial (total) size factor: 0.8428740153436926 1.2291307851060198 
INFO  @ Wed, 13 Jan 2021 13:10:51: Final size factor: 0.8428740153436926 1.2291307851060198 
INFO  @ Wed, 13 Jan 2021 13:10:51: Detecting outliers from variance estimation.. Avg read count:[4761.9853488504805], Var: [7494457.802239146] 
DEBUG @ Wed, 13 Jan 2021 13:10:51: Adjusted model: 1.3376221347957071	2.3008629312453066 
INFO  @ Wed, 13 Jan 2021 13:10:51: Before RRA, 0 sgRNAs are removed with zero counts in both group(s). 
INFO  @ Wed, 13 Jan 2021 13:10:51: Use qnorm to reversely calculate sgRNA scores ... 
DEBUG @ Wed, 13 Jan 2021 13:10:51: lower test FDR cutoff: 0.5263157894736842 
DEBUG @ Wed, 13 Jan 2021 13:10:51: higher test FDR cutoff: 0.17105263157894737 
INFO  @ Wed, 13 Jan 2021 13:10:51: Running command: RRA -i P4_46_day7.plow.txt -o P4_46_day7.gene.low.txt -p 0.5 --skip-gene NA --skip-gene na  
INFO  @ Wed, 13 Jan 2021 13:10:51: Command message: 
INFO  @ Wed, 13 Jan 2021 13:10:51:   Welcome to RRA v 0.5.9. 
INFO  @ Wed, 13 Jan 2021 13:10:51:   Skipping gene NA for permutation ... 
INFO  @ Wed, 13 Jan 2021 13:10:51:   Skipping gene na for permutation ... 
INFO  @ Wed, 13 Jan 2021 13:10:51:   Reading input file... 
INFO  @ Wed, 13 Jan 2021 13:10:51:   Summary: 76 sgRNAs, 10 genes, 1 lists; skipped sgRNAs:0 
INFO  @ Wed, 13 Jan 2021 13:10:51:   Computing lo-values for each group... 
INFO  @ Wed, 13 Jan 2021 13:10:51:   Computing false discovery rate... 
INFO  @ Wed, 13 Jan 2021 13:10:51:   Increase the number of permutations to 10001 to get precise p values. To avoid this, use the --permutation option. 
INFO  @ Wed, 13 Jan 2021 13:10:51:   Permuting genes with 6 sgRNAs... 
INFO  @ Wed, 13 Jan 2021 13:10:51:   Permuting genes with 10 sgRNAs... 
INFO  @ Wed, 13 Jan 2021 13:10:51:   Number of genes under FDR adjustment: 10 
INFO  @ Wed, 13 Jan 2021 13:10:51:   Saving to output file... 
INFO  @ Wed, 13 Jan 2021 13:10:51:   RRA completed. 
INFO  @ Wed, 13 Jan 2021 13:10:51:    
INFO  @ Wed, 13 Jan 2021 13:10:51: End command message. 
INFO  @ Wed, 13 Jan 2021 13:10:51: Running command: RRA -i P4_46_day7.phigh.txt -o P4_46_day7.gene.high.txt -p 0.17105263157894737 --skip-gene NA --skip-gene na  
INFO  @ Wed, 13 Jan 2021 13:10:51: Command message: 
INFO  @ Wed, 13 Jan 2021 13:10:51:   Welcome to RRA v 0.5.9. 
INFO  @ Wed, 13 Jan 2021 13:10:51:   Skipping gene NA for permutation ... 
INFO  @ Wed, 13 Jan 2021 13:10:51:   Skipping gene na for permutation ... 
INFO  @ Wed, 13 Jan 2021 13:10:51:   Reading input file... 
INFO  @ Wed, 13 Jan 2021 13:10:51:   Summary: 76 sgRNAs, 10 genes, 1 lists; skipped sgRNAs:0 
INFO  @ Wed, 13 Jan 2021 13:10:51:   Computing lo-values for each group... 
INFO  @ Wed, 13 Jan 2021 13:10:51:   Computing false discovery rate... 
INFO  @ Wed, 13 Jan 2021 13:10:51:   Increase the number of permutations to 10001 to get precise p values. To avoid this, use the --permutation option. 
INFO  @ Wed, 13 Jan 2021 13:10:51:   Permuting genes with 6 sgRNAs... 
INFO  @ Wed, 13 Jan 2021 13:10:51:   Permuting genes with 10 sgRNAs... 
INFO  @ Wed, 13 Jan 2021 13:10:51:   Number of genes under FDR adjustment: 10 
INFO  @ Wed, 13 Jan 2021 13:10:51:   Saving to output file... 
INFO  @ Wed, 13 Jan 2021 13:10:51:   RRA completed. 
INFO  @ Wed, 13 Jan 2021 13:10:51:    
INFO  @ Wed, 13 Jan 2021 13:10:51: End command message. 
DEBUG @ Wed, 13 Jan 2021 13:10:51: Sorting the merged items by positive selection... 
INFO  @ Wed, 13 Jan 2021 13:10:51: Loading top 10 genes from P4_46_day7.gene.low.txt: SOX9,AAVS1,PROM1,ROSA26,CCR5,CTRL,LRIG1,mKate2,KRT20,EGFP 
DEBUG @ Wed, 13 Jan 2021 13:10:51: Column index:3 
INFO  @ Wed, 13 Jan 2021 13:10:51: Loading top 10 genes from P4_46_day7.gene.high.txt: EGFP,KRT20,PROM1,ROSA26,LRIG1,CTRL,CCR5,mKate2,AAVS1,SOX9 
DEBUG @ Wed, 13 Jan 2021 13:10:51: Column index:9 
INFO  @ Wed, 13 Jan 2021 13:10:51: Running command: rm P4_46_day7.plow.txt 
INFO  @ Wed, 13 Jan 2021 13:10:51: Running command: rm P4_46_day7.phigh.txt 
INFO  @ Wed, 13 Jan 2021 13:10:51: Running command: rm P4_46_day7.gene.low.txt 
INFO  @ Wed, 13 Jan 2021 13:10:51: Running command: rm P4_46_day7.gene.high.txt 
