INFO  @ Wed, 13 Jan 2021 13:12:31: Parameters: /opt/anaconda3/bin/mageck test -k P6.txt -t 7 -c 4 -n P6_47_day7 --norm-method total --sort-criteria pos 
INFO  @ Wed, 13 Jan 2021 13:12:31: Welcome to MAGeCK v0.5.9.4. Command: test 
INFO  @ Wed, 13 Jan 2021 13:12:31: Loading count table from P6.txt  
INFO  @ Wed, 13 Jan 2021 13:12:31: Processing 1 lines.. 
DEBUG @ Wed, 13 Jan 2021 13:12:31: Parsing error in line 1 (usually the header line). Skip this line. 
INFO  @ Wed, 13 Jan 2021 13:12:31: Loaded 76 records. 
INFO  @ Wed, 13 Jan 2021 13:12:31: Loading Rnw template file: /opt/anaconda3/lib/python3.8/site-packages/mageck/test_report.Rmd. 
DEBUG @ Wed, 13 Jan 2021 13:12:31: Setting up the visualization module... 
INFO  @ Wed, 13 Jan 2021 13:12:31: Loading R template file: /opt/anaconda3/lib/python3.8/site-packages/mageck/plot_template.RTemplate. 
INFO  @ Wed, 13 Jan 2021 13:12:31: Loading R template file: /opt/anaconda3/lib/python3.8/site-packages/mageck/plot_template_indvgene.RTemplate. 
INFO  @ Wed, 13 Jan 2021 13:12:31: Loading Rnw template file: /opt/anaconda3/lib/python3.8/site-packages/mageck/plot_template.Rnw. 
DEBUG @ Wed, 13 Jan 2021 13:12:31: Setting up the visualization module... 
DEBUG @ Wed, 13 Jan 2021 13:12:31: Given sample labels: 7 
DEBUG @ Wed, 13 Jan 2021 13:12:31: Converted index: 7 
INFO  @ Wed, 13 Jan 2021 13:12:31: Treatment samples:7 
INFO  @ Wed, 13 Jan 2021 13:12:31: Treatment sample index:7 
DEBUG @ Wed, 13 Jan 2021 13:12:31: Given sample labels: 4 
DEBUG @ Wed, 13 Jan 2021 13:12:31: Converted index: 4 
INFO  @ Wed, 13 Jan 2021 13:12:31: Control samples:4 
INFO  @ Wed, 13 Jan 2021 13:12:31: Control sample index:4 
DEBUG @ Wed, 13 Jan 2021 13:12:31: Initial (total) size factor: 1.0012106633484055 0.9987922609823208 
INFO  @ Wed, 13 Jan 2021 13:12:31: Final size factor: 1.0012106633484055 0.9987922609823208 
INFO  @ Wed, 13 Jan 2021 13:12:31: Detecting outliers from variance estimation.. Avg read count:[3045.5540322521706], Var: [2629463.5705733267] 
DEBUG @ Wed, 13 Jan 2021 13:12:31: Adjusted model: 1	16.50255659700553 
INFO  @ Wed, 13 Jan 2021 13:12:31: Before RRA, 0 sgRNAs are removed with zero counts in both group(s). 
INFO  @ Wed, 13 Jan 2021 13:12:31: Use qnorm to reversely calculate sgRNA scores ... 
DEBUG @ Wed, 13 Jan 2021 13:12:32: lower test FDR cutoff: 0.8421052631578947 
DEBUG @ Wed, 13 Jan 2021 13:12:32: higher test FDR cutoff: 0.01 
INFO  @ Wed, 13 Jan 2021 13:12:32: Running command: RRA -i P6_47_day7.plow.txt -o P6_47_day7.gene.low.txt -p 0.5 --skip-gene NA --skip-gene na  
INFO  @ Wed, 13 Jan 2021 13:12:32: Command message: 
INFO  @ Wed, 13 Jan 2021 13:12:32:   Welcome to RRA v 0.5.9. 
INFO  @ Wed, 13 Jan 2021 13:12:32:   Skipping gene NA for permutation ... 
INFO  @ Wed, 13 Jan 2021 13:12:32:   Skipping gene na for permutation ... 
INFO  @ Wed, 13 Jan 2021 13:12:32:   Reading input file... 
INFO  @ Wed, 13 Jan 2021 13:12:32:   Summary: 76 sgRNAs, 10 genes, 1 lists; skipped sgRNAs:0 
INFO  @ Wed, 13 Jan 2021 13:12:32:   Computing lo-values for each group... 
INFO  @ Wed, 13 Jan 2021 13:12:32:   Computing false discovery rate... 
INFO  @ Wed, 13 Jan 2021 13:12:32:   Increase the number of permutations to 10001 to get precise p values. To avoid this, use the --permutation option. 
INFO  @ Wed, 13 Jan 2021 13:12:32:   Permuting genes with 6 sgRNAs... 
INFO  @ Wed, 13 Jan 2021 13:12:32:   Permuting genes with 10 sgRNAs... 
INFO  @ Wed, 13 Jan 2021 13:12:32:   Number of genes under FDR adjustment: 10 
INFO  @ Wed, 13 Jan 2021 13:12:32:   Saving to output file... 
INFO  @ Wed, 13 Jan 2021 13:12:32:   RRA completed. 
INFO  @ Wed, 13 Jan 2021 13:12:32:    
INFO  @ Wed, 13 Jan 2021 13:12:32: End command message. 
INFO  @ Wed, 13 Jan 2021 13:12:32: Running command: RRA -i P6_47_day7.phigh.txt -o P6_47_day7.gene.high.txt -p 0.01 --skip-gene NA --skip-gene na  
INFO  @ Wed, 13 Jan 2021 13:12:32: Command message: 
INFO  @ Wed, 13 Jan 2021 13:12:32:   Welcome to RRA v 0.5.9. 
INFO  @ Wed, 13 Jan 2021 13:12:32:   Skipping gene NA for permutation ... 
INFO  @ Wed, 13 Jan 2021 13:12:32:   Skipping gene na for permutation ... 
INFO  @ Wed, 13 Jan 2021 13:12:32:   Reading input file... 
INFO  @ Wed, 13 Jan 2021 13:12:32:   Summary: 76 sgRNAs, 10 genes, 1 lists; skipped sgRNAs:0 
INFO  @ Wed, 13 Jan 2021 13:12:32:   Computing lo-values for each group... 
INFO  @ Wed, 13 Jan 2021 13:12:32:   Computing false discovery rate... 
INFO  @ Wed, 13 Jan 2021 13:12:32:   Increase the number of permutations to 10001 to get precise p values. To avoid this, use the --permutation option. 
INFO  @ Wed, 13 Jan 2021 13:12:32:   Permuting genes with 6 sgRNAs... 
INFO  @ Wed, 13 Jan 2021 13:12:32:   Permuting genes with 10 sgRNAs... 
INFO  @ Wed, 13 Jan 2021 13:12:32:   Number of genes under FDR adjustment: 10 
INFO  @ Wed, 13 Jan 2021 13:12:32:   Saving to output file... 
INFO  @ Wed, 13 Jan 2021 13:12:32:   RRA completed. 
INFO  @ Wed, 13 Jan 2021 13:12:32:    
INFO  @ Wed, 13 Jan 2021 13:12:32: End command message. 
DEBUG @ Wed, 13 Jan 2021 13:12:32: Sorting the merged items by positive selection... 
INFO  @ Wed, 13 Jan 2021 13:12:32: Loading top 10 genes from P6_47_day7.gene.low.txt: SOX9,AAVS1,mKate2,ROSA26,CCR5,PROM1,LRIG1,CTRL,KRT20,EGFP 
DEBUG @ Wed, 13 Jan 2021 13:12:32: Column index:3 
INFO  @ Wed, 13 Jan 2021 13:12:32: Loading top 10 genes from P6_47_day7.gene.high.txt: EGFP,KRT20,mKate2,LRIG1,CTRL,CCR5,PROM1,ROSA26,AAVS1,SOX9 
DEBUG @ Wed, 13 Jan 2021 13:12:32: Column index:9 
INFO  @ Wed, 13 Jan 2021 13:12:32: Running command: rm P6_47_day7.plow.txt 
INFO  @ Wed, 13 Jan 2021 13:12:32: Running command: rm P6_47_day7.phigh.txt 
INFO  @ Wed, 13 Jan 2021 13:12:32: Running command: rm P6_47_day7.gene.low.txt 
INFO  @ Wed, 13 Jan 2021 13:12:32: Running command: rm P6_47_day7.gene.high.txt 
