INFO  @ Wed, 13 Jan 2021 13:11:37: Parameters: /opt/anaconda3/bin/mageck test -k P6.txt -t 2 -c 0 -n P6_02_day3 --norm-method total --sort-criteria pos 
INFO  @ Wed, 13 Jan 2021 13:11:37: Welcome to MAGeCK v0.5.9.4. Command: test 
INFO  @ Wed, 13 Jan 2021 13:11:37: Loading count table from P6.txt  
INFO  @ Wed, 13 Jan 2021 13:11:37: Processing 1 lines.. 
DEBUG @ Wed, 13 Jan 2021 13:11:37: Parsing error in line 1 (usually the header line). Skip this line. 
INFO  @ Wed, 13 Jan 2021 13:11:37: Loaded 76 records. 
INFO  @ Wed, 13 Jan 2021 13:11:37: Loading Rnw template file: /opt/anaconda3/lib/python3.8/site-packages/mageck/test_report.Rmd. 
DEBUG @ Wed, 13 Jan 2021 13:11:37: Setting up the visualization module... 
INFO  @ Wed, 13 Jan 2021 13:11:37: Loading R template file: /opt/anaconda3/lib/python3.8/site-packages/mageck/plot_template.RTemplate. 
INFO  @ Wed, 13 Jan 2021 13:11:37: Loading R template file: /opt/anaconda3/lib/python3.8/site-packages/mageck/plot_template_indvgene.RTemplate. 
INFO  @ Wed, 13 Jan 2021 13:11:37: Loading Rnw template file: /opt/anaconda3/lib/python3.8/site-packages/mageck/plot_template.Rnw. 
DEBUG @ Wed, 13 Jan 2021 13:11:37: Setting up the visualization module... 
DEBUG @ Wed, 13 Jan 2021 13:11:37: Given sample labels: 2 
DEBUG @ Wed, 13 Jan 2021 13:11:37: Converted index: 2 
INFO  @ Wed, 13 Jan 2021 13:11:37: Treatment samples:2 
INFO  @ Wed, 13 Jan 2021 13:11:37: Treatment sample index:2 
DEBUG @ Wed, 13 Jan 2021 13:11:37: Given sample labels: 0 
DEBUG @ Wed, 13 Jan 2021 13:11:37: Converted index: 0 
INFO  @ Wed, 13 Jan 2021 13:11:37: Control samples:0 
INFO  @ Wed, 13 Jan 2021 13:11:37: Control sample index:0 
DEBUG @ Wed, 13 Jan 2021 13:11:37: Initial (total) size factor: 1.2373097569173495 0.839070516366467 
INFO  @ Wed, 13 Jan 2021 13:11:37: Final size factor: 1.2373097569173495 0.839070516366467 
INFO  @ Wed, 13 Jan 2021 13:11:37: Detecting outliers from variance estimation.. Avg read count:[7536.191789191325], Var: [14947411.732003285] 
DEBUG @ Wed, 13 Jan 2021 13:11:37: Adjusted model: 1	5.814687878299272 
INFO  @ Wed, 13 Jan 2021 13:11:37: Before RRA, 0 sgRNAs are removed with zero counts in both group(s). 
INFO  @ Wed, 13 Jan 2021 13:11:37: Use qnorm to reversely calculate sgRNA scores ... 
DEBUG @ Wed, 13 Jan 2021 13:11:37: lower test FDR cutoff: 0.3684210526315789 
DEBUG @ Wed, 13 Jan 2021 13:11:37: higher test FDR cutoff: 0.18421052631578946 
INFO  @ Wed, 13 Jan 2021 13:11:37: Running command: RRA -i P6_02_day3.plow.txt -o P6_02_day3.gene.low.txt -p 0.3684210526315789 --skip-gene NA --skip-gene na  
INFO  @ Wed, 13 Jan 2021 13:11:37: Command message: 
INFO  @ Wed, 13 Jan 2021 13:11:37:   Welcome to RRA v 0.5.9. 
INFO  @ Wed, 13 Jan 2021 13:11:37:   Skipping gene NA for permutation ... 
INFO  @ Wed, 13 Jan 2021 13:11:37:   Skipping gene na for permutation ... 
INFO  @ Wed, 13 Jan 2021 13:11:37:   Reading input file... 
INFO  @ Wed, 13 Jan 2021 13:11:37:   Summary: 76 sgRNAs, 10 genes, 1 lists; skipped sgRNAs:0 
INFO  @ Wed, 13 Jan 2021 13:11:37:   Computing lo-values for each group... 
INFO  @ Wed, 13 Jan 2021 13:11:37:   Computing false discovery rate... 
INFO  @ Wed, 13 Jan 2021 13:11:37:   Increase the number of permutations to 10001 to get precise p values. To avoid this, use the --permutation option. 
INFO  @ Wed, 13 Jan 2021 13:11:37:   Permuting genes with 6 sgRNAs... 
INFO  @ Wed, 13 Jan 2021 13:11:37:   Permuting genes with 10 sgRNAs... 
INFO  @ Wed, 13 Jan 2021 13:11:37:   Number of genes under FDR adjustment: 10 
INFO  @ Wed, 13 Jan 2021 13:11:37:   Saving to output file... 
INFO  @ Wed, 13 Jan 2021 13:11:37:   RRA completed. 
INFO  @ Wed, 13 Jan 2021 13:11:37:    
INFO  @ Wed, 13 Jan 2021 13:11:37: End command message. 
INFO  @ Wed, 13 Jan 2021 13:11:37: Running command: RRA -i P6_02_day3.phigh.txt -o P6_02_day3.gene.high.txt -p 0.18421052631578946 --skip-gene NA --skip-gene na  
INFO  @ Wed, 13 Jan 2021 13:11:37: Command message: 
INFO  @ Wed, 13 Jan 2021 13:11:37:   Welcome to RRA v 0.5.9. 
INFO  @ Wed, 13 Jan 2021 13:11:37:   Skipping gene NA for permutation ... 
INFO  @ Wed, 13 Jan 2021 13:11:37:   Skipping gene na for permutation ... 
INFO  @ Wed, 13 Jan 2021 13:11:37:   Reading input file... 
INFO  @ Wed, 13 Jan 2021 13:11:37:   Summary: 76 sgRNAs, 10 genes, 1 lists; skipped sgRNAs:0 
INFO  @ Wed, 13 Jan 2021 13:11:37:   Computing lo-values for each group... 
INFO  @ Wed, 13 Jan 2021 13:11:37:   Computing false discovery rate... 
INFO  @ Wed, 13 Jan 2021 13:11:37:   Increase the number of permutations to 10001 to get precise p values. To avoid this, use the --permutation option. 
INFO  @ Wed, 13 Jan 2021 13:11:37:   Permuting genes with 6 sgRNAs... 
INFO  @ Wed, 13 Jan 2021 13:11:37:   Permuting genes with 10 sgRNAs... 
INFO  @ Wed, 13 Jan 2021 13:11:37:   Number of genes under FDR adjustment: 10 
INFO  @ Wed, 13 Jan 2021 13:11:37:   Saving to output file... 
INFO  @ Wed, 13 Jan 2021 13:11:37:   RRA completed. 
INFO  @ Wed, 13 Jan 2021 13:11:37:    
INFO  @ Wed, 13 Jan 2021 13:11:37: End command message. 
DEBUG @ Wed, 13 Jan 2021 13:11:37: Sorting the merged items by positive selection... 
INFO  @ Wed, 13 Jan 2021 13:11:37: Loading top 10 genes from P6_02_day3.gene.low.txt: SOX9,LRIG1,PROM1,mKate2,CTRL,CCR5,ROSA26,AAVS1,EGFP,KRT20 
DEBUG @ Wed, 13 Jan 2021 13:11:37: Column index:3 
INFO  @ Wed, 13 Jan 2021 13:11:37: Loading top 10 genes from P6_02_day3.gene.high.txt: KRT20,EGFP,PROM1,ROSA26,AAVS1,CCR5,mKate2,LRIG1,CTRL,SOX9 
DEBUG @ Wed, 13 Jan 2021 13:11:37: Column index:9 
INFO  @ Wed, 13 Jan 2021 13:11:37: Running command: rm P6_02_day3.plow.txt 
INFO  @ Wed, 13 Jan 2021 13:11:37: Running command: rm P6_02_day3.phigh.txt 
INFO  @ Wed, 13 Jan 2021 13:11:37: Running command: rm P6_02_day3.gene.low.txt 
INFO  @ Wed, 13 Jan 2021 13:11:37: Running command: rm P6_02_day3.gene.high.txt 
