INFO  @ Mon, 11 Jan 2021 15:35:07: Parameters: /opt/anaconda3/bin/mageck test -k P3.txt -t 2 -c 0 -n P3_02_day3 --norm-method total --sort-criteria pos 
INFO  @ Mon, 11 Jan 2021 15:35:07: Welcome to MAGeCK v0.5.9.4. Command: test 
INFO  @ Mon, 11 Jan 2021 15:35:07: Loading count table from P3.txt  
INFO  @ Mon, 11 Jan 2021 15:35:07: Processing 1 lines.. 
DEBUG @ Mon, 11 Jan 2021 15:35:07: Parsing error in line 1 (usually the header line). Skip this line. 
INFO  @ Mon, 11 Jan 2021 15:35:07: Loaded 76 records. 
INFO  @ Mon, 11 Jan 2021 15:35:07: Loading Rnw template file: /opt/anaconda3/lib/python3.8/site-packages/mageck/test_report.Rmd. 
DEBUG @ Mon, 11 Jan 2021 15:35:07: Setting up the visualization module... 
INFO  @ Mon, 11 Jan 2021 15:35:07: Loading R template file: /opt/anaconda3/lib/python3.8/site-packages/mageck/plot_template.RTemplate. 
INFO  @ Mon, 11 Jan 2021 15:35:07: Loading R template file: /opt/anaconda3/lib/python3.8/site-packages/mageck/plot_template_indvgene.RTemplate. 
INFO  @ Mon, 11 Jan 2021 15:35:07: Loading Rnw template file: /opt/anaconda3/lib/python3.8/site-packages/mageck/plot_template.Rnw. 
DEBUG @ Mon, 11 Jan 2021 15:35:07: Setting up the visualization module... 
DEBUG @ Mon, 11 Jan 2021 15:35:07: Given sample labels: 2 
DEBUG @ Mon, 11 Jan 2021 15:35:07: Converted index: 2 
INFO  @ Mon, 11 Jan 2021 15:35:07: Treatment samples:2 
INFO  @ Mon, 11 Jan 2021 15:35:07: Treatment sample index:2 
DEBUG @ Mon, 11 Jan 2021 15:35:07: Given sample labels: 0 
DEBUG @ Mon, 11 Jan 2021 15:35:07: Converted index: 0 
INFO  @ Mon, 11 Jan 2021 15:35:07: Control samples:0 
INFO  @ Mon, 11 Jan 2021 15:35:07: Control sample index:0 
DEBUG @ Mon, 11 Jan 2021 15:35:07: Initial (total) size factor: 0.8504689016832838 1.2133300523934167 
INFO  @ Mon, 11 Jan 2021 15:35:07: Final size factor: 0.8504689016832838 1.2133300523934167 
INFO  @ Mon, 11 Jan 2021 15:35:07: Detecting outliers from variance estimation.. Avg read count:[10093.373719369905], Var: [25770744.872462075] 
DEBUG @ Mon, 11 Jan 2021 15:35:07: Adjusted model: 1.9164921296203723	0 
INFO  @ Mon, 11 Jan 2021 15:35:07: Before RRA, 0 sgRNAs are removed with zero counts in both group(s). 
INFO  @ Mon, 11 Jan 2021 15:35:07: Use qnorm to reversely calculate sgRNA scores ... 
DEBUG @ Mon, 11 Jan 2021 15:35:07: lower test FDR cutoff: 0.0 
DEBUG @ Mon, 11 Jan 2021 15:35:07: higher test FDR cutoff: 0.06578947368421052 
INFO  @ Mon, 11 Jan 2021 15:35:07: Running command: RRA -i P3_02_day3.plow.txt -o P3_02_day3.gene.low.txt -p 0.05 --skip-gene NA --skip-gene na  
INFO  @ Mon, 11 Jan 2021 15:35:07: Command message: 
INFO  @ Mon, 11 Jan 2021 15:35:07:   Welcome to RRA v 0.5.9. 
INFO  @ Mon, 11 Jan 2021 15:35:07:   Skipping gene NA for permutation ... 
INFO  @ Mon, 11 Jan 2021 15:35:07:   Skipping gene na for permutation ... 
INFO  @ Mon, 11 Jan 2021 15:35:07:   Reading input file... 
INFO  @ Mon, 11 Jan 2021 15:35:07:   Summary: 76 sgRNAs, 10 genes, 1 lists; skipped sgRNAs:0 
INFO  @ Mon, 11 Jan 2021 15:35:07:   Computing lo-values for each group... 
INFO  @ Mon, 11 Jan 2021 15:35:07:   Computing false discovery rate... 
INFO  @ Mon, 11 Jan 2021 15:35:07:   Increase the number of permutations to 10001 to get precise p values. To avoid this, use the --permutation option. 
INFO  @ Mon, 11 Jan 2021 15:35:07:   Permuting genes with 6 sgRNAs... 
INFO  @ Mon, 11 Jan 2021 15:35:07:   Permuting genes with 10 sgRNAs... 
INFO  @ Mon, 11 Jan 2021 15:35:07:   Number of genes under FDR adjustment: 10 
INFO  @ Mon, 11 Jan 2021 15:35:07:   Saving to output file... 
INFO  @ Mon, 11 Jan 2021 15:35:07:   RRA completed. 
INFO  @ Mon, 11 Jan 2021 15:35:07:    
INFO  @ Mon, 11 Jan 2021 15:35:07: End command message. 
INFO  @ Mon, 11 Jan 2021 15:35:07: Running command: RRA -i P3_02_day3.phigh.txt -o P3_02_day3.gene.high.txt -p 0.06578947368421052 --skip-gene NA --skip-gene na  
INFO  @ Mon, 11 Jan 2021 15:35:07: Command message: 
INFO  @ Mon, 11 Jan 2021 15:35:07:   Welcome to RRA v 0.5.9. 
INFO  @ Mon, 11 Jan 2021 15:35:07:   Skipping gene NA for permutation ... 
INFO  @ Mon, 11 Jan 2021 15:35:07:   Skipping gene na for permutation ... 
INFO  @ Mon, 11 Jan 2021 15:35:07:   Reading input file... 
INFO  @ Mon, 11 Jan 2021 15:35:07:   Summary: 76 sgRNAs, 10 genes, 1 lists; skipped sgRNAs:0 
INFO  @ Mon, 11 Jan 2021 15:35:07:   Computing lo-values for each group... 
INFO  @ Mon, 11 Jan 2021 15:35:07:   Computing false discovery rate... 
INFO  @ Mon, 11 Jan 2021 15:35:07:   Increase the number of permutations to 10001 to get precise p values. To avoid this, use the --permutation option. 
INFO  @ Mon, 11 Jan 2021 15:35:07:   Permuting genes with 6 sgRNAs... 
INFO  @ Mon, 11 Jan 2021 15:35:07:   Permuting genes with 10 sgRNAs... 
INFO  @ Mon, 11 Jan 2021 15:35:07:   Number of genes under FDR adjustment: 10 
INFO  @ Mon, 11 Jan 2021 15:35:07:   Saving to output file... 
INFO  @ Mon, 11 Jan 2021 15:35:07:   RRA completed. 
INFO  @ Mon, 11 Jan 2021 15:35:07:    
INFO  @ Mon, 11 Jan 2021 15:35:07: End command message. 
DEBUG @ Mon, 11 Jan 2021 15:35:07: Sorting the merged items by positive selection... 
INFO  @ Mon, 11 Jan 2021 15:35:07: Loading top 10 genes from P3_02_day3.gene.low.txt: KRT20,ROSA26,CCR5,LRIG1,CTRL,PROM1,mKate2,AAVS1,EGFP,SOX9 
DEBUG @ Mon, 11 Jan 2021 15:35:07: Column index:3 
INFO  @ Mon, 11 Jan 2021 15:35:07: Loading top 10 genes from P3_02_day3.gene.high.txt: EGFP,SOX9,LRIG1,PROM1,mKate2,KRT20,ROSA26,AAVS1,CCR5,CTRL 
DEBUG @ Mon, 11 Jan 2021 15:35:07: Column index:9 
INFO  @ Mon, 11 Jan 2021 15:35:07: Running command: rm P3_02_day3.plow.txt 
INFO  @ Mon, 11 Jan 2021 15:35:07: Running command: rm P3_02_day3.phigh.txt 
INFO  @ Mon, 11 Jan 2021 15:35:07: Running command: rm P3_02_day3.gene.low.txt 
INFO  @ Mon, 11 Jan 2021 15:35:07: Running command: rm P3_02_day3.gene.high.txt 
