INFO  @ Mon, 11 Jan 2021 15:36:27: Parameters: /opt/anaconda3/bin/mageck test -k P3.txt -t 7 -c 4 -n P3_47_day7 --norm-method total --sort-criteria pos 
INFO  @ Mon, 11 Jan 2021 15:36:27: Welcome to MAGeCK v0.5.9.4. Command: test 
INFO  @ Mon, 11 Jan 2021 15:36:27: Loading count table from P3.txt  
INFO  @ Mon, 11 Jan 2021 15:36:27: Processing 1 lines.. 
DEBUG @ Mon, 11 Jan 2021 15:36:27: Parsing error in line 1 (usually the header line). Skip this line. 
INFO  @ Mon, 11 Jan 2021 15:36:27: Loaded 76 records. 
INFO  @ Mon, 11 Jan 2021 15:36:27: Loading Rnw template file: /opt/anaconda3/lib/python3.8/site-packages/mageck/test_report.Rmd. 
DEBUG @ Mon, 11 Jan 2021 15:36:27: Setting up the visualization module... 
INFO  @ Mon, 11 Jan 2021 15:36:27: Loading R template file: /opt/anaconda3/lib/python3.8/site-packages/mageck/plot_template.RTemplate. 
INFO  @ Mon, 11 Jan 2021 15:36:27: Loading R template file: /opt/anaconda3/lib/python3.8/site-packages/mageck/plot_template_indvgene.RTemplate. 
INFO  @ Mon, 11 Jan 2021 15:36:27: Loading Rnw template file: /opt/anaconda3/lib/python3.8/site-packages/mageck/plot_template.Rnw. 
DEBUG @ Mon, 11 Jan 2021 15:36:27: Setting up the visualization module... 
DEBUG @ Mon, 11 Jan 2021 15:36:27: Given sample labels: 7 
DEBUG @ Mon, 11 Jan 2021 15:36:27: Converted index: 7 
INFO  @ Mon, 11 Jan 2021 15:36:27: Treatment samples:7 
INFO  @ Mon, 11 Jan 2021 15:36:27: Treatment sample index:7 
DEBUG @ Mon, 11 Jan 2021 15:36:27: Given sample labels: 4 
DEBUG @ Mon, 11 Jan 2021 15:36:27: Converted index: 4 
INFO  @ Mon, 11 Jan 2021 15:36:27: Control samples:4 
INFO  @ Mon, 11 Jan 2021 15:36:27: Control sample index:4 
DEBUG @ Mon, 11 Jan 2021 15:36:27: Initial (total) size factor: 0.7919287601526568 1.3563733147404482 
INFO  @ Mon, 11 Jan 2021 15:36:27: Final size factor: 0.7919287601526568 1.3563733147404482 
INFO  @ Mon, 11 Jan 2021 15:36:27: Detecting outliers from variance estimation.. Avg read count:[2431.089617016281], Var: [1631417.166830972] 
DEBUG @ Mon, 11 Jan 2021 15:36:27: Adjusted model: 1.5816292192721504	0 
INFO  @ Mon, 11 Jan 2021 15:36:27: Before RRA, 0 sgRNAs are removed with zero counts in both group(s). 
INFO  @ Mon, 11 Jan 2021 15:36:27: Use qnorm to reversely calculate sgRNA scores ... 
DEBUG @ Mon, 11 Jan 2021 15:36:27: lower test FDR cutoff: 0.40789473684210525 
DEBUG @ Mon, 11 Jan 2021 15:36:27: higher test FDR cutoff: 0.27631578947368424 
INFO  @ Mon, 11 Jan 2021 15:36:27: Running command: RRA -i P3_47_day7.plow.txt -o P3_47_day7.gene.low.txt -p 0.40789473684210525 --skip-gene NA --skip-gene na  
INFO  @ Mon, 11 Jan 2021 15:36:27: Command message: 
INFO  @ Mon, 11 Jan 2021 15:36:27:   Welcome to RRA v 0.5.9. 
INFO  @ Mon, 11 Jan 2021 15:36:27:   Skipping gene NA for permutation ... 
INFO  @ Mon, 11 Jan 2021 15:36:27:   Skipping gene na for permutation ... 
INFO  @ Mon, 11 Jan 2021 15:36:27:   Reading input file... 
INFO  @ Mon, 11 Jan 2021 15:36:27:   Summary: 76 sgRNAs, 10 genes, 1 lists; skipped sgRNAs:0 
INFO  @ Mon, 11 Jan 2021 15:36:27:   Computing lo-values for each group... 
INFO  @ Mon, 11 Jan 2021 15:36:27:   Computing false discovery rate... 
INFO  @ Mon, 11 Jan 2021 15:36:27:   Increase the number of permutations to 10001 to get precise p values. To avoid this, use the --permutation option. 
INFO  @ Mon, 11 Jan 2021 15:36:27:   Permuting genes with 6 sgRNAs... 
INFO  @ Mon, 11 Jan 2021 15:36:27:   Permuting genes with 10 sgRNAs... 
INFO  @ Mon, 11 Jan 2021 15:36:27:   Number of genes under FDR adjustment: 10 
INFO  @ Mon, 11 Jan 2021 15:36:27:   Saving to output file... 
INFO  @ Mon, 11 Jan 2021 15:36:27:   RRA completed. 
INFO  @ Mon, 11 Jan 2021 15:36:27:    
INFO  @ Mon, 11 Jan 2021 15:36:27: End command message. 
INFO  @ Mon, 11 Jan 2021 15:36:27: Running command: RRA -i P3_47_day7.phigh.txt -o P3_47_day7.gene.high.txt -p 0.27631578947368424 --skip-gene NA --skip-gene na  
INFO  @ Mon, 11 Jan 2021 15:36:27: Command message: 
INFO  @ Mon, 11 Jan 2021 15:36:27:   Welcome to RRA v 0.5.9. 
INFO  @ Mon, 11 Jan 2021 15:36:27:   Skipping gene NA for permutation ... 
INFO  @ Mon, 11 Jan 2021 15:36:27:   Skipping gene na for permutation ... 
INFO  @ Mon, 11 Jan 2021 15:36:27:   Reading input file... 
INFO  @ Mon, 11 Jan 2021 15:36:27:   Summary: 76 sgRNAs, 10 genes, 1 lists; skipped sgRNAs:0 
INFO  @ Mon, 11 Jan 2021 15:36:27:   Computing lo-values for each group... 
INFO  @ Mon, 11 Jan 2021 15:36:27:   Computing false discovery rate... 
INFO  @ Mon, 11 Jan 2021 15:36:27:   Increase the number of permutations to 10001 to get precise p values. To avoid this, use the --permutation option. 
INFO  @ Mon, 11 Jan 2021 15:36:27:   Permuting genes with 6 sgRNAs... 
INFO  @ Mon, 11 Jan 2021 15:36:27:   Permuting genes with 10 sgRNAs... 
INFO  @ Mon, 11 Jan 2021 15:36:27:   Number of genes under FDR adjustment: 10 
INFO  @ Mon, 11 Jan 2021 15:36:27:   Saving to output file... 
INFO  @ Mon, 11 Jan 2021 15:36:27:   RRA completed. 
INFO  @ Mon, 11 Jan 2021 15:36:27:    
INFO  @ Mon, 11 Jan 2021 15:36:27: End command message. 
DEBUG @ Mon, 11 Jan 2021 15:36:27: Sorting the merged items by positive selection... 
INFO  @ Mon, 11 Jan 2021 15:36:27: Loading top 10 genes from P3_47_day7.gene.low.txt: LRIG1,AAVS1,KRT20,mKate2,PROM1,CCR5,CTRL,ROSA26,SOX9,EGFP 
DEBUG @ Mon, 11 Jan 2021 15:36:27: Column index:3 
INFO  @ Mon, 11 Jan 2021 15:36:27: Loading top 10 genes from P3_47_day7.gene.high.txt: EGFP,SOX9,AAVS1,KRT20,PROM1,mKate2,CCR5,CTRL,ROSA26,LRIG1 
DEBUG @ Mon, 11 Jan 2021 15:36:27: Column index:9 
INFO  @ Mon, 11 Jan 2021 15:36:27: Running command: rm P3_47_day7.plow.txt 
INFO  @ Mon, 11 Jan 2021 15:36:27: Running command: rm P3_47_day7.phigh.txt 
INFO  @ Mon, 11 Jan 2021 15:36:27: Running command: rm P3_47_day7.gene.low.txt 
INFO  @ Mon, 11 Jan 2021 15:36:27: Running command: rm P3_47_day7.gene.high.txt 
