INFO  @ Sun, 10 Jan 2021 14:03:49: Parameters: /opt/anaconda3/bin/mageck test -k P1.txt -t 7 -c 4 -n P1_47_day7 --norm-method total --sort-criteria pos 
INFO  @ Sun, 10 Jan 2021 14:03:49: Welcome to MAGeCK v0.5.9.4. Command: test 
INFO  @ Sun, 10 Jan 2021 14:03:49: Loading count table from P1.txt  
INFO  @ Sun, 10 Jan 2021 14:03:49: Processing 1 lines.. 
DEBUG @ Sun, 10 Jan 2021 14:03:49: Parsing error in line 1 (usually the header line). Skip this line. 
INFO  @ Sun, 10 Jan 2021 14:03:49: Loaded 161 records. 
INFO  @ Sun, 10 Jan 2021 14:03:49: Loading Rnw template file: /opt/anaconda3/lib/python3.8/site-packages/mageck/test_report.Rmd. 
DEBUG @ Sun, 10 Jan 2021 14:03:49: Setting up the visualization module... 
INFO  @ Sun, 10 Jan 2021 14:03:49: Loading R template file: /opt/anaconda3/lib/python3.8/site-packages/mageck/plot_template.RTemplate. 
INFO  @ Sun, 10 Jan 2021 14:03:49: Loading R template file: /opt/anaconda3/lib/python3.8/site-packages/mageck/plot_template_indvgene.RTemplate. 
INFO  @ Sun, 10 Jan 2021 14:03:49: Loading Rnw template file: /opt/anaconda3/lib/python3.8/site-packages/mageck/plot_template.Rnw. 
DEBUG @ Sun, 10 Jan 2021 14:03:49: Setting up the visualization module... 
DEBUG @ Sun, 10 Jan 2021 14:03:49: Given sample labels: 7 
DEBUG @ Sun, 10 Jan 2021 14:03:49: Converted index: 7 
INFO  @ Sun, 10 Jan 2021 14:03:49: Treatment samples:7 
INFO  @ Sun, 10 Jan 2021 14:03:49: Treatment sample index:7 
DEBUG @ Sun, 10 Jan 2021 14:03:49: Given sample labels: 4 
DEBUG @ Sun, 10 Jan 2021 14:03:49: Converted index: 4 
INFO  @ Sun, 10 Jan 2021 14:03:49: Control samples:4 
INFO  @ Sun, 10 Jan 2021 14:03:49: Control sample index:4 
DEBUG @ Sun, 10 Jan 2021 14:03:49: Initial (total) size factor: 0.7205739340386647 1.6334068147697687 
INFO  @ Sun, 10 Jan 2021 14:03:49: Final size factor: 0.7205739340386647 1.6334068147697687 
INFO  @ Sun, 10 Jan 2021 14:03:49: Detecting outliers from variance estimation.. Avg read count:[67.27991605561682], Var: [2101882.3897674126] 
INFO  @ Sun, 10 Jan 2021 14:03:49: Skipping 3 sgRNAs from variance calculation because of their extreme high counts (> 4* STD (mean counts) ). 
DEBUG @ Sun, 10 Jan 2021 14:03:49: Adjusted model: 1.6993350589384162	0 
INFO  @ Sun, 10 Jan 2021 14:03:49: Before RRA, 10 sgRNAs are removed with zero counts in both group(s). 
INFO  @ Sun, 10 Jan 2021 14:03:49: Use qnorm to reversely calculate sgRNA scores ... 
DEBUG @ Sun, 10 Jan 2021 14:03:49: lower test FDR cutoff: 0.2847682119205298 
DEBUG @ Sun, 10 Jan 2021 14:03:49: higher test FDR cutoff: 0.25165562913907286 
INFO  @ Sun, 10 Jan 2021 14:03:49: Running command: RRA -i P1_47_day7.plow.txt -o P1_47_day7.gene.low.txt -p 0.2847682119205298 --skip-gene NA --skip-gene na  
INFO  @ Sun, 10 Jan 2021 14:03:49: Command message: 
INFO  @ Sun, 10 Jan 2021 14:03:49:   Welcome to RRA v 0.5.9. 
INFO  @ Sun, 10 Jan 2021 14:03:49:   Skipping gene NA for permutation ... 
INFO  @ Sun, 10 Jan 2021 14:03:49:   Skipping gene na for permutation ... 
INFO  @ Sun, 10 Jan 2021 14:03:49:   Reading input file... 
INFO  @ Sun, 10 Jan 2021 14:03:49:   Summary: 151 sgRNAs, 25 genes, 1 lists; skipped sgRNAs:0 
INFO  @ Sun, 10 Jan 2021 14:03:49:   Computing lo-values for each group... 
INFO  @ Sun, 10 Jan 2021 14:03:49:   Computing false discovery rate... 
INFO  @ Sun, 10 Jan 2021 14:03:49:   Increase the number of permutations to 4001 to get precise p values. To avoid this, use the --permutation option. 
INFO  @ Sun, 10 Jan 2021 14:03:49:   Permuting genes with 1 sgRNAs... 
INFO  @ Sun, 10 Jan 2021 14:03:49:   Permuting genes with 2 sgRNAs... 
INFO  @ Sun, 10 Jan 2021 14:03:49:   Permuting genes with 3 sgRNAs... 
INFO  @ Sun, 10 Jan 2021 14:03:49:   Permuting genes with 4 sgRNAs... 
INFO  @ Sun, 10 Jan 2021 14:03:49:   Permuting genes with 5 sgRNAs... 
INFO  @ Sun, 10 Jan 2021 14:03:49:   Permuting genes with 9 sgRNAs... 
INFO  @ Sun, 10 Jan 2021 14:03:49:   Permuting genes with 10 sgRNAs... 
INFO  @ Sun, 10 Jan 2021 14:03:49:   Number of genes under FDR adjustment: 25 
INFO  @ Sun, 10 Jan 2021 14:03:49:   Saving to output file... 
INFO  @ Sun, 10 Jan 2021 14:03:49:   RRA completed. 
INFO  @ Sun, 10 Jan 2021 14:03:49:    
INFO  @ Sun, 10 Jan 2021 14:03:49: End command message. 
INFO  @ Sun, 10 Jan 2021 14:03:49: Running command: RRA -i P1_47_day7.phigh.txt -o P1_47_day7.gene.high.txt -p 0.25165562913907286 --skip-gene NA --skip-gene na  
INFO  @ Sun, 10 Jan 2021 14:03:49: Command message: 
INFO  @ Sun, 10 Jan 2021 14:03:49:   Welcome to RRA v 0.5.9. 
INFO  @ Sun, 10 Jan 2021 14:03:49:   Skipping gene NA for permutation ... 
INFO  @ Sun, 10 Jan 2021 14:03:49:   Skipping gene na for permutation ... 
INFO  @ Sun, 10 Jan 2021 14:03:49:   Reading input file... 
INFO  @ Sun, 10 Jan 2021 14:03:49:   Summary: 151 sgRNAs, 25 genes, 1 lists; skipped sgRNAs:0 
INFO  @ Sun, 10 Jan 2021 14:03:49:   Computing lo-values for each group... 
INFO  @ Sun, 10 Jan 2021 14:03:49:   Computing false discovery rate... 
INFO  @ Sun, 10 Jan 2021 14:03:49:   Increase the number of permutations to 4001 to get precise p values. To avoid this, use the --permutation option. 
INFO  @ Sun, 10 Jan 2021 14:03:49:   Permuting genes with 1 sgRNAs... 
INFO  @ Sun, 10 Jan 2021 14:03:49:   Permuting genes with 2 sgRNAs... 
INFO  @ Sun, 10 Jan 2021 14:03:49:   Permuting genes with 3 sgRNAs... 
INFO  @ Sun, 10 Jan 2021 14:03:49:   Permuting genes with 4 sgRNAs... 
INFO  @ Sun, 10 Jan 2021 14:03:49:   Permuting genes with 5 sgRNAs... 
INFO  @ Sun, 10 Jan 2021 14:03:49:   Permuting genes with 9 sgRNAs... 
INFO  @ Sun, 10 Jan 2021 14:03:49:   Permuting genes with 10 sgRNAs... 
INFO  @ Sun, 10 Jan 2021 14:03:49:   Number of genes under FDR adjustment: 25 
INFO  @ Sun, 10 Jan 2021 14:03:49:   Saving to output file... 
INFO  @ Sun, 10 Jan 2021 14:03:49:   RRA completed. 
INFO  @ Sun, 10 Jan 2021 14:03:49:    
INFO  @ Sun, 10 Jan 2021 14:03:49: End command message. 
DEBUG @ Sun, 10 Jan 2021 14:03:49: Sorting the merged items by positive selection... 
INFO  @ Sun, 10 Jan 2021 14:03:49: Loading top 10 genes from P1_47_day7.gene.low.txt: MYC,mKatescrm,KRT20,hSMARCA4,POLRD2scrm,hAPC,mKate,LGR5,hSMARCB1,Prom1 
DEBUG @ Sun, 10 Jan 2021 14:03:49: Column index:3 
INFO  @ Sun, 10 Jan 2021 14:03:49: Loading top 10 genes from P1_47_day7.gene.high.txt: SOX9,GFP,mKate,mKatescrm,hAPC,hSATB1,MYCscrm,KRT20scrm,POLRD2,hSMARCB1 
DEBUG @ Sun, 10 Jan 2021 14:03:49: Column index:9 
INFO  @ Sun, 10 Jan 2021 14:03:49: Running command: rm P1_47_day7.plow.txt 
INFO  @ Sun, 10 Jan 2021 14:03:49: Running command: rm P1_47_day7.phigh.txt 
INFO  @ Sun, 10 Jan 2021 14:03:49: Running command: rm P1_47_day7.gene.low.txt 
INFO  @ Sun, 10 Jan 2021 14:03:49: Running command: rm P1_47_day7.gene.high.txt 
