INFO  @ Sun, 17 Jan 2021 16:31:25: Parameters: /opt/anaconda3/bin/mageck test -k P2.txt -t 7 -c 4 -n P2_47_day7 --norm-method total --sort-criteria pos 
INFO  @ Sun, 17 Jan 2021 16:31:25: Welcome to MAGeCK v0.5.9.4. Command: test 
INFO  @ Sun, 17 Jan 2021 16:31:25: Loading count table from P2.txt  
INFO  @ Sun, 17 Jan 2021 16:31:25: Processing 1 lines.. 
DEBUG @ Sun, 17 Jan 2021 16:31:25: Parsing error in line 1 (usually the header line). Skip this line. 
INFO  @ Sun, 17 Jan 2021 16:31:25: Loaded 161 records. 
INFO  @ Sun, 17 Jan 2021 16:31:25: Loading Rnw template file: /opt/anaconda3/lib/python3.8/site-packages/mageck/test_report.Rmd. 
DEBUG @ Sun, 17 Jan 2021 16:31:25: Setting up the visualization module... 
INFO  @ Sun, 17 Jan 2021 16:31:25: Loading R template file: /opt/anaconda3/lib/python3.8/site-packages/mageck/plot_template.RTemplate. 
INFO  @ Sun, 17 Jan 2021 16:31:25: Loading R template file: /opt/anaconda3/lib/python3.8/site-packages/mageck/plot_template_indvgene.RTemplate. 
INFO  @ Sun, 17 Jan 2021 16:31:25: Loading Rnw template file: /opt/anaconda3/lib/python3.8/site-packages/mageck/plot_template.Rnw. 
DEBUG @ Sun, 17 Jan 2021 16:31:25: Setting up the visualization module... 
DEBUG @ Sun, 17 Jan 2021 16:31:25: Given sample labels: 7 
DEBUG @ Sun, 17 Jan 2021 16:31:25: Converted index: 7 
INFO  @ Sun, 17 Jan 2021 16:31:25: Treatment samples:7 
INFO  @ Sun, 17 Jan 2021 16:31:25: Treatment sample index:7 
DEBUG @ Sun, 17 Jan 2021 16:31:25: Given sample labels: 4 
DEBUG @ Sun, 17 Jan 2021 16:31:25: Converted index: 4 
INFO  @ Sun, 17 Jan 2021 16:31:25: Control samples:4 
INFO  @ Sun, 17 Jan 2021 16:31:25: Control sample index:4 
DEBUG @ Sun, 17 Jan 2021 16:31:25: Initial (total) size factor: 1.0955121609648746 0.9198067082205998 
INFO  @ Sun, 17 Jan 2021 16:31:25: Final size factor: 1.0955121609648746 0.9198067082205998 
INFO  @ Sun, 17 Jan 2021 16:31:25: Detecting outliers from variance estimation.. Avg read count:[109.9693043788534], Var: [6488784.01384411] 
INFO  @ Sun, 17 Jan 2021 16:31:25: Skipping 2 sgRNAs from variance calculation because of their extreme high counts (> 4* STD (mean counts) ). 
DEBUG @ Sun, 17 Jan 2021 16:31:25: Adjusted model: 2.0055694883149298	0 
INFO  @ Sun, 17 Jan 2021 16:31:25: Before RRA, 9 sgRNAs are removed with zero counts in both group(s). 
INFO  @ Sun, 17 Jan 2021 16:31:25: Use qnorm to reversely calculate sgRNA scores ... 
DEBUG @ Sun, 17 Jan 2021 16:31:25: lower test FDR cutoff: 0.2236842105263158 
DEBUG @ Sun, 17 Jan 2021 16:31:25: higher test FDR cutoff: 0.13157894736842105 
INFO  @ Sun, 17 Jan 2021 16:31:25: Running command: RRA -i P2_47_day7.plow.txt -o P2_47_day7.gene.low.txt -p 0.2236842105263158 --skip-gene NA --skip-gene na  
INFO  @ Sun, 17 Jan 2021 16:31:26: Command message: 
INFO  @ Sun, 17 Jan 2021 16:31:26:   Welcome to RRA v 0.5.9. 
INFO  @ Sun, 17 Jan 2021 16:31:26:   Skipping gene NA for permutation ... 
INFO  @ Sun, 17 Jan 2021 16:31:26:   Skipping gene na for permutation ... 
INFO  @ Sun, 17 Jan 2021 16:31:26:   Reading input file... 
INFO  @ Sun, 17 Jan 2021 16:31:26:   Summary: 152 sgRNAs, 25 genes, 1 lists; skipped sgRNAs:0 
INFO  @ Sun, 17 Jan 2021 16:31:26:   Computing lo-values for each group... 
INFO  @ Sun, 17 Jan 2021 16:31:26:   Computing false discovery rate... 
INFO  @ Sun, 17 Jan 2021 16:31:26:   Increase the number of permutations to 4001 to get precise p values. To avoid this, use the --permutation option. 
INFO  @ Sun, 17 Jan 2021 16:31:26:   Permuting genes with 1 sgRNAs... 
INFO  @ Sun, 17 Jan 2021 16:31:26:   Permuting genes with 2 sgRNAs... 
INFO  @ Sun, 17 Jan 2021 16:31:26:   Permuting genes with 3 sgRNAs... 
INFO  @ Sun, 17 Jan 2021 16:31:26:   Permuting genes with 4 sgRNAs... 
INFO  @ Sun, 17 Jan 2021 16:31:26:   Permuting genes with 5 sgRNAs... 
INFO  @ Sun, 17 Jan 2021 16:31:26:   Permuting genes with 9 sgRNAs... 
INFO  @ Sun, 17 Jan 2021 16:31:26:   Permuting genes with 10 sgRNAs... 
INFO  @ Sun, 17 Jan 2021 16:31:26:   Number of genes under FDR adjustment: 25 
INFO  @ Sun, 17 Jan 2021 16:31:26:   Saving to output file... 
INFO  @ Sun, 17 Jan 2021 16:31:26:   RRA completed. 
INFO  @ Sun, 17 Jan 2021 16:31:26:    
INFO  @ Sun, 17 Jan 2021 16:31:26: End command message. 
INFO  @ Sun, 17 Jan 2021 16:31:26: Running command: RRA -i P2_47_day7.phigh.txt -o P2_47_day7.gene.high.txt -p 0.13157894736842105 --skip-gene NA --skip-gene na  
INFO  @ Sun, 17 Jan 2021 16:31:27: Command message: 
INFO  @ Sun, 17 Jan 2021 16:31:27:   Welcome to RRA v 0.5.9. 
INFO  @ Sun, 17 Jan 2021 16:31:27:   Skipping gene NA for permutation ... 
INFO  @ Sun, 17 Jan 2021 16:31:27:   Skipping gene na for permutation ... 
INFO  @ Sun, 17 Jan 2021 16:31:27:   Reading input file... 
INFO  @ Sun, 17 Jan 2021 16:31:27:   Summary: 152 sgRNAs, 25 genes, 1 lists; skipped sgRNAs:0 
INFO  @ Sun, 17 Jan 2021 16:31:27:   Computing lo-values for each group... 
INFO  @ Sun, 17 Jan 2021 16:31:27:   Computing false discovery rate... 
INFO  @ Sun, 17 Jan 2021 16:31:27:   Increase the number of permutations to 4001 to get precise p values. To avoid this, use the --permutation option. 
INFO  @ Sun, 17 Jan 2021 16:31:27:   Permuting genes with 1 sgRNAs... 
INFO  @ Sun, 17 Jan 2021 16:31:27:   Permuting genes with 2 sgRNAs... 
INFO  @ Sun, 17 Jan 2021 16:31:27:   Permuting genes with 3 sgRNAs... 
INFO  @ Sun, 17 Jan 2021 16:31:27:   Permuting genes with 4 sgRNAs... 
INFO  @ Sun, 17 Jan 2021 16:31:27:   Permuting genes with 5 sgRNAs... 
INFO  @ Sun, 17 Jan 2021 16:31:27:   Permuting genes with 9 sgRNAs... 
INFO  @ Sun, 17 Jan 2021 16:31:27:   Permuting genes with 10 sgRNAs... 
INFO  @ Sun, 17 Jan 2021 16:31:27:   Number of genes under FDR adjustment: 25 
INFO  @ Sun, 17 Jan 2021 16:31:27:   Saving to output file... 
INFO  @ Sun, 17 Jan 2021 16:31:27:   RRA completed. 
INFO  @ Sun, 17 Jan 2021 16:31:27:    
INFO  @ Sun, 17 Jan 2021 16:31:27: End command message. 
DEBUG @ Sun, 17 Jan 2021 16:31:27: Sorting the merged items by positive selection... 
INFO  @ Sun, 17 Jan 2021 16:31:27: Loading top 10 genes from P2_47_day7.gene.low.txt: SOX9,POLRD2,MYC,hSATB1,hSMARCA4,hSMARCC1,mKatescrm,GFP,hSMARCB1,TCF4 
DEBUG @ Sun, 17 Jan 2021 16:31:27: Column index:3 
INFO  @ Sun, 17 Jan 2021 16:31:27: Loading top 10 genes from P2_47_day7.gene.high.txt: hAPC,KRT20,GFPscrm,POLRD2scrm,KRT20scrm,MYCscrm,GFP,mKatescrm,hSMARCB1,TCF20 
DEBUG @ Sun, 17 Jan 2021 16:31:27: Column index:9 
INFO  @ Sun, 17 Jan 2021 16:31:27: Running command: rm P2_47_day7.plow.txt 
INFO  @ Sun, 17 Jan 2021 16:31:27: Running command: rm P2_47_day7.phigh.txt 
INFO  @ Sun, 17 Jan 2021 16:31:27: Running command: rm P2_47_day7.gene.low.txt 
INFO  @ Sun, 17 Jan 2021 16:31:27: Running command: rm P2_47_day7.gene.high.txt 
