INFO  @ Wed, 13 Jan 2021 13:11:04: Parameters: /opt/anaconda3/bin/mageck test -k P4.txt -t 7 -c 4 -n P4_47_day7 --norm-method total --sort-criteria pos 
INFO  @ Wed, 13 Jan 2021 13:11:04: Welcome to MAGeCK v0.5.9.4. Command: test 
INFO  @ Wed, 13 Jan 2021 13:11:04: Loading count table from P4.txt  
INFO  @ Wed, 13 Jan 2021 13:11:04: Processing 1 lines.. 
DEBUG @ Wed, 13 Jan 2021 13:11:04: Parsing error in line 1 (usually the header line). Skip this line. 
INFO  @ Wed, 13 Jan 2021 13:11:04: Loaded 76 records. 
INFO  @ Wed, 13 Jan 2021 13:11:04: Loading Rnw template file: /opt/anaconda3/lib/python3.8/site-packages/mageck/test_report.Rmd. 
DEBUG @ Wed, 13 Jan 2021 13:11:04: Setting up the visualization module... 
INFO  @ Wed, 13 Jan 2021 13:11:04: Loading R template file: /opt/anaconda3/lib/python3.8/site-packages/mageck/plot_template.RTemplate. 
INFO  @ Wed, 13 Jan 2021 13:11:04: Loading R template file: /opt/anaconda3/lib/python3.8/site-packages/mageck/plot_template_indvgene.RTemplate. 
INFO  @ Wed, 13 Jan 2021 13:11:04: Loading Rnw template file: /opt/anaconda3/lib/python3.8/site-packages/mageck/plot_template.Rnw. 
DEBUG @ Wed, 13 Jan 2021 13:11:04: Setting up the visualization module... 
DEBUG @ Wed, 13 Jan 2021 13:11:04: Given sample labels: 7 
DEBUG @ Wed, 13 Jan 2021 13:11:04: Converted index: 7 
INFO  @ Wed, 13 Jan 2021 13:11:04: Treatment samples:7 
INFO  @ Wed, 13 Jan 2021 13:11:04: Treatment sample index:7 
DEBUG @ Wed, 13 Jan 2021 13:11:04: Given sample labels: 4 
DEBUG @ Wed, 13 Jan 2021 13:11:04: Converted index: 4 
INFO  @ Wed, 13 Jan 2021 13:11:04: Control samples:4 
INFO  @ Wed, 13 Jan 2021 13:11:04: Control sample index:4 
DEBUG @ Wed, 13 Jan 2021 13:11:04: Initial (total) size factor: 0.7151043966765603 1.6622263601422809 
INFO  @ Wed, 13 Jan 2021 13:11:04: Final size factor: 0.7151043966765603 1.6622263601422809 
INFO  @ Wed, 13 Jan 2021 13:11:04: Detecting outliers from variance estimation.. Avg read count:[4027.484995084173], Var: [5385832.655167935] 
DEBUG @ Wed, 13 Jan 2021 13:11:04: Adjusted model: 1	7.851314922192872 
INFO  @ Wed, 13 Jan 2021 13:11:04: Before RRA, 0 sgRNAs are removed with zero counts in both group(s). 
INFO  @ Wed, 13 Jan 2021 13:11:04: Use qnorm to reversely calculate sgRNA scores ... 
DEBUG @ Wed, 13 Jan 2021 13:11:04: lower test FDR cutoff: 0.3157894736842105 
DEBUG @ Wed, 13 Jan 2021 13:11:04: higher test FDR cutoff: 0.17105263157894737 
INFO  @ Wed, 13 Jan 2021 13:11:04: Running command: RRA -i P4_47_day7.plow.txt -o P4_47_day7.gene.low.txt -p 0.3157894736842105 --skip-gene NA --skip-gene na  
INFO  @ Wed, 13 Jan 2021 13:11:04: Command message: 
INFO  @ Wed, 13 Jan 2021 13:11:04:   Welcome to RRA v 0.5.9. 
INFO  @ Wed, 13 Jan 2021 13:11:04:   Skipping gene NA for permutation ... 
INFO  @ Wed, 13 Jan 2021 13:11:04:   Skipping gene na for permutation ... 
INFO  @ Wed, 13 Jan 2021 13:11:04:   Reading input file... 
INFO  @ Wed, 13 Jan 2021 13:11:04:   Summary: 76 sgRNAs, 10 genes, 1 lists; skipped sgRNAs:0 
INFO  @ Wed, 13 Jan 2021 13:11:04:   Computing lo-values for each group... 
INFO  @ Wed, 13 Jan 2021 13:11:04:   Computing false discovery rate... 
INFO  @ Wed, 13 Jan 2021 13:11:04:   Increase the number of permutations to 10001 to get precise p values. To avoid this, use the --permutation option. 
INFO  @ Wed, 13 Jan 2021 13:11:04:   Permuting genes with 6 sgRNAs... 
INFO  @ Wed, 13 Jan 2021 13:11:04:   Permuting genes with 10 sgRNAs... 
INFO  @ Wed, 13 Jan 2021 13:11:04:   Number of genes under FDR adjustment: 10 
INFO  @ Wed, 13 Jan 2021 13:11:04:   Saving to output file... 
INFO  @ Wed, 13 Jan 2021 13:11:04:   RRA completed. 
INFO  @ Wed, 13 Jan 2021 13:11:04:    
INFO  @ Wed, 13 Jan 2021 13:11:04: End command message. 
INFO  @ Wed, 13 Jan 2021 13:11:04: Running command: RRA -i P4_47_day7.phigh.txt -o P4_47_day7.gene.high.txt -p 0.17105263157894737 --skip-gene NA --skip-gene na  
INFO  @ Wed, 13 Jan 2021 13:11:04: Command message: 
INFO  @ Wed, 13 Jan 2021 13:11:04:   Welcome to RRA v 0.5.9. 
INFO  @ Wed, 13 Jan 2021 13:11:04:   Skipping gene NA for permutation ... 
INFO  @ Wed, 13 Jan 2021 13:11:04:   Skipping gene na for permutation ... 
INFO  @ Wed, 13 Jan 2021 13:11:04:   Reading input file... 
INFO  @ Wed, 13 Jan 2021 13:11:04:   Summary: 76 sgRNAs, 10 genes, 1 lists; skipped sgRNAs:0 
INFO  @ Wed, 13 Jan 2021 13:11:04:   Computing lo-values for each group... 
INFO  @ Wed, 13 Jan 2021 13:11:04:   Computing false discovery rate... 
INFO  @ Wed, 13 Jan 2021 13:11:04:   Increase the number of permutations to 10001 to get precise p values. To avoid this, use the --permutation option. 
INFO  @ Wed, 13 Jan 2021 13:11:04:   Permuting genes with 6 sgRNAs... 
INFO  @ Wed, 13 Jan 2021 13:11:04:   Permuting genes with 10 sgRNAs... 
INFO  @ Wed, 13 Jan 2021 13:11:04:   Number of genes under FDR adjustment: 10 
INFO  @ Wed, 13 Jan 2021 13:11:04:   Saving to output file... 
INFO  @ Wed, 13 Jan 2021 13:11:04:   RRA completed. 
INFO  @ Wed, 13 Jan 2021 13:11:04:    
INFO  @ Wed, 13 Jan 2021 13:11:04: End command message. 
DEBUG @ Wed, 13 Jan 2021 13:11:04: Sorting the merged items by positive selection... 
INFO  @ Wed, 13 Jan 2021 13:11:04: Loading top 10 genes from P4_47_day7.gene.low.txt: SOX9,CCR5,PROM1,AAVS1,ROSA26,LRIG1,CTRL,mKate2,KRT20,EGFP 
DEBUG @ Wed, 13 Jan 2021 13:11:04: Column index:3 
INFO  @ Wed, 13 Jan 2021 13:11:04: Loading top 10 genes from P4_47_day7.gene.high.txt: EGFP,KRT20,PROM1,LRIG1,CCR5,CTRL,mKate2,ROSA26,AAVS1,SOX9 
DEBUG @ Wed, 13 Jan 2021 13:11:04: Column index:9 
INFO  @ Wed, 13 Jan 2021 13:11:04: Running command: rm P4_47_day7.plow.txt 
INFO  @ Wed, 13 Jan 2021 13:11:04: Running command: rm P4_47_day7.phigh.txt 
INFO  @ Wed, 13 Jan 2021 13:11:04: Running command: rm P4_47_day7.gene.low.txt 
INFO  @ Wed, 13 Jan 2021 13:11:05: Running command: rm P4_47_day7.gene.high.txt 
