INFO  @ Sun, 10 Jan 2021 14:02:41: Parameters: /opt/anaconda3/bin/mageck test -k P1.txt -t 1 -c 0 -n P1_01_day3 --norm-method total --sort-criteria pos 
INFO  @ Sun, 10 Jan 2021 14:02:41: Welcome to MAGeCK v0.5.9.4. Command: test 
INFO  @ Sun, 10 Jan 2021 14:02:41: Loading count table from P1.txt  
INFO  @ Sun, 10 Jan 2021 14:02:41: Processing 1 lines.. 
DEBUG @ Sun, 10 Jan 2021 14:02:41: Parsing error in line 1 (usually the header line). Skip this line. 
INFO  @ Sun, 10 Jan 2021 14:02:41: Loaded 161 records. 
INFO  @ Sun, 10 Jan 2021 14:02:41: Loading Rnw template file: /opt/anaconda3/lib/python3.8/site-packages/mageck/test_report.Rmd. 
DEBUG @ Sun, 10 Jan 2021 14:02:41: Setting up the visualization module... 
INFO  @ Sun, 10 Jan 2021 14:02:41: Loading R template file: /opt/anaconda3/lib/python3.8/site-packages/mageck/plot_template.RTemplate. 
INFO  @ Sun, 10 Jan 2021 14:02:41: Loading R template file: /opt/anaconda3/lib/python3.8/site-packages/mageck/plot_template_indvgene.RTemplate. 
INFO  @ Sun, 10 Jan 2021 14:02:41: Loading Rnw template file: /opt/anaconda3/lib/python3.8/site-packages/mageck/plot_template.Rnw. 
DEBUG @ Sun, 10 Jan 2021 14:02:41: Setting up the visualization module... 
DEBUG @ Sun, 10 Jan 2021 14:02:41: Given sample labels: 1 
DEBUG @ Sun, 10 Jan 2021 14:02:41: Converted index: 1 
INFO  @ Sun, 10 Jan 2021 14:02:41: Treatment samples:1 
INFO  @ Sun, 10 Jan 2021 14:02:41: Treatment sample index:1 
DEBUG @ Sun, 10 Jan 2021 14:02:41: Given sample labels: 0 
DEBUG @ Sun, 10 Jan 2021 14:02:41: Converted index: 0 
INFO  @ Sun, 10 Jan 2021 14:02:41: Control samples:0 
INFO  @ Sun, 10 Jan 2021 14:02:41: Control sample index:0 
DEBUG @ Sun, 10 Jan 2021 14:02:41: Initial (total) size factor: 0.8096412219470089 1.307386039972366 
INFO  @ Sun, 10 Jan 2021 14:02:41: Final size factor: 0.8096412219470089 1.307386039972366 
INFO  @ Sun, 10 Jan 2021 14:02:41: Detecting outliers from variance estimation.. Avg read count:[115.60340511272216], Var: [3366618.162479465] 
INFO  @ Sun, 10 Jan 2021 14:02:41: Skipping 4 sgRNAs from variance calculation because of their extreme high counts (> 4* STD (mean counts) ). 
DEBUG @ Sun, 10 Jan 2021 14:02:41: Adjusted model: 1.308134605382058	0 
INFO  @ Sun, 10 Jan 2021 14:02:41: Before RRA, 9 sgRNAs are removed with zero counts in both group(s). 
INFO  @ Sun, 10 Jan 2021 14:02:41: Use qnorm to reversely calculate sgRNA scores ... 
DEBUG @ Sun, 10 Jan 2021 14:02:41: lower test FDR cutoff: 0.19078947368421054 
DEBUG @ Sun, 10 Jan 2021 14:02:41: higher test FDR cutoff: 0.39473684210526316 
INFO  @ Sun, 10 Jan 2021 14:02:41: Running command: RRA -i P1_01_day3.plow.txt -o P1_01_day3.gene.low.txt -p 0.19078947368421054 --skip-gene NA --skip-gene na  
INFO  @ Sun, 10 Jan 2021 14:02:41: Command message: 
INFO  @ Sun, 10 Jan 2021 14:02:41:   Welcome to RRA v 0.5.9. 
INFO  @ Sun, 10 Jan 2021 14:02:41:   Skipping gene NA for permutation ... 
INFO  @ Sun, 10 Jan 2021 14:02:41:   Skipping gene na for permutation ... 
INFO  @ Sun, 10 Jan 2021 14:02:41:   Reading input file... 
INFO  @ Sun, 10 Jan 2021 14:02:41:   Summary: 152 sgRNAs, 25 genes, 1 lists; skipped sgRNAs:0 
INFO  @ Sun, 10 Jan 2021 14:02:41:   Computing lo-values for each group... 
INFO  @ Sun, 10 Jan 2021 14:02:41:   Computing false discovery rate... 
INFO  @ Sun, 10 Jan 2021 14:02:41:   Increase the number of permutations to 4001 to get precise p values. To avoid this, use the --permutation option. 
INFO  @ Sun, 10 Jan 2021 14:02:41:   Permuting genes with 1 sgRNAs... 
INFO  @ Sun, 10 Jan 2021 14:02:41:   Permuting genes with 2 sgRNAs... 
INFO  @ Sun, 10 Jan 2021 14:02:41:   Permuting genes with 3 sgRNAs... 
INFO  @ Sun, 10 Jan 2021 14:02:41:   Permuting genes with 4 sgRNAs... 
INFO  @ Sun, 10 Jan 2021 14:02:41:   Permuting genes with 5 sgRNAs... 
INFO  @ Sun, 10 Jan 2021 14:02:41:   Permuting genes with 9 sgRNAs... 
INFO  @ Sun, 10 Jan 2021 14:02:41:   Permuting genes with 10 sgRNAs... 
INFO  @ Sun, 10 Jan 2021 14:02:41:   Number of genes under FDR adjustment: 25 
INFO  @ Sun, 10 Jan 2021 14:02:41:   Saving to output file... 
INFO  @ Sun, 10 Jan 2021 14:02:41:   RRA completed. 
INFO  @ Sun, 10 Jan 2021 14:02:41:    
INFO  @ Sun, 10 Jan 2021 14:02:41: End command message. 
INFO  @ Sun, 10 Jan 2021 14:02:41: Running command: RRA -i P1_01_day3.phigh.txt -o P1_01_day3.gene.high.txt -p 0.39473684210526316 --skip-gene NA --skip-gene na  
INFO  @ Sun, 10 Jan 2021 14:02:41: Command message: 
INFO  @ Sun, 10 Jan 2021 14:02:41:   Welcome to RRA v 0.5.9. 
INFO  @ Sun, 10 Jan 2021 14:02:41:   Skipping gene NA for permutation ... 
INFO  @ Sun, 10 Jan 2021 14:02:41:   Skipping gene na for permutation ... 
INFO  @ Sun, 10 Jan 2021 14:02:41:   Reading input file... 
INFO  @ Sun, 10 Jan 2021 14:02:41:   Summary: 152 sgRNAs, 25 genes, 1 lists; skipped sgRNAs:0 
INFO  @ Sun, 10 Jan 2021 14:02:41:   Computing lo-values for each group... 
INFO  @ Sun, 10 Jan 2021 14:02:41:   Computing false discovery rate... 
INFO  @ Sun, 10 Jan 2021 14:02:41:   Increase the number of permutations to 4001 to get precise p values. To avoid this, use the --permutation option. 
INFO  @ Sun, 10 Jan 2021 14:02:41:   Permuting genes with 1 sgRNAs... 
INFO  @ Sun, 10 Jan 2021 14:02:41:   Permuting genes with 2 sgRNAs... 
INFO  @ Sun, 10 Jan 2021 14:02:41:   Permuting genes with 3 sgRNAs... 
INFO  @ Sun, 10 Jan 2021 14:02:41:   Permuting genes with 4 sgRNAs... 
INFO  @ Sun, 10 Jan 2021 14:02:41:   Permuting genes with 5 sgRNAs... 
INFO  @ Sun, 10 Jan 2021 14:02:41:   Permuting genes with 9 sgRNAs... 
INFO  @ Sun, 10 Jan 2021 14:02:41:   Permuting genes with 10 sgRNAs... 
INFO  @ Sun, 10 Jan 2021 14:02:41:   Number of genes under FDR adjustment: 25 
INFO  @ Sun, 10 Jan 2021 14:02:41:   Saving to output file... 
INFO  @ Sun, 10 Jan 2021 14:02:41:   RRA completed. 
INFO  @ Sun, 10 Jan 2021 14:02:41:    
INFO  @ Sun, 10 Jan 2021 14:02:41: End command message. 
DEBUG @ Sun, 10 Jan 2021 14:02:41: Sorting the merged items by positive selection... 
INFO  @ Sun, 10 Jan 2021 14:02:41: Loading top 10 genes from P1_01_day3.gene.low.txt: TCF4,MYC,KRT20,hSMARCC1,mKate,CCR5,LGR5,KRT20scrm,mKatescrm,TCF20 
DEBUG @ Sun, 10 Jan 2021 14:02:41: Column index:3 
INFO  @ Sun, 10 Jan 2021 14:02:41: Loading top 10 genes from P1_01_day3.gene.high.txt: KRT20scrm,hSATB1,hSMARCC2,SOX9scrm,SOX9,POLRD2scrm,hSMARCD1,mKatescrm,TCF20,hSMARCA4 
DEBUG @ Sun, 10 Jan 2021 14:02:41: Column index:9 
INFO  @ Sun, 10 Jan 2021 14:02:41: Running command: rm P1_01_day3.plow.txt 
INFO  @ Sun, 10 Jan 2021 14:02:41: Running command: rm P1_01_day3.phigh.txt 
INFO  @ Sun, 10 Jan 2021 14:02:41: Running command: rm P1_01_day3.gene.low.txt 
INFO  @ Sun, 10 Jan 2021 14:02:41: Running command: rm P1_01_day3.gene.high.txt 
