INFO  @ Sat, 13 Mar 2021 21:18:16: Parameters: /opt/anaconda3/bin/mageck test -k S10A.txt -t 2 -c 1 -n S10A_c1_t2 --norm-method total --sort-criteria pos 
INFO  @ Sat, 13 Mar 2021 21:18:16: Welcome to MAGeCK v0.5.9.4. Command: test 
INFO  @ Sat, 13 Mar 2021 21:18:16: Loading count table from S10A.txt  
INFO  @ Sat, 13 Mar 2021 21:18:16: Processing 1 lines.. 
DEBUG @ Sat, 13 Mar 2021 21:18:16: Parsing error in line 1 (usually the header line). Skip this line. 
INFO  @ Sat, 13 Mar 2021 21:18:16: Loaded 76 records. 
INFO  @ Sat, 13 Mar 2021 21:18:16: Loading Rnw template file: /opt/anaconda3/lib/python3.8/site-packages/mageck/test_report.Rmd. 
DEBUG @ Sat, 13 Mar 2021 21:18:16: Setting up the visualization module... 
INFO  @ Sat, 13 Mar 2021 21:18:16: Loading R template file: /opt/anaconda3/lib/python3.8/site-packages/mageck/plot_template.RTemplate. 
INFO  @ Sat, 13 Mar 2021 21:18:16: Loading R template file: /opt/anaconda3/lib/python3.8/site-packages/mageck/plot_template_indvgene.RTemplate. 
INFO  @ Sat, 13 Mar 2021 21:18:16: Loading Rnw template file: /opt/anaconda3/lib/python3.8/site-packages/mageck/plot_template.Rnw. 
DEBUG @ Sat, 13 Mar 2021 21:18:16: Setting up the visualization module... 
DEBUG @ Sat, 13 Mar 2021 21:18:16: Given sample labels: 2 
DEBUG @ Sat, 13 Mar 2021 21:18:16: Converted index: 2 
INFO  @ Sat, 13 Mar 2021 21:18:16: Treatment samples:2 
INFO  @ Sat, 13 Mar 2021 21:18:16: Treatment sample index:2 
DEBUG @ Sat, 13 Mar 2021 21:18:16: Given sample labels: 1 
DEBUG @ Sat, 13 Mar 2021 21:18:16: Converted index: 1 
INFO  @ Sat, 13 Mar 2021 21:18:16: Control samples:1 
INFO  @ Sat, 13 Mar 2021 21:18:16: Control sample index:1 
DEBUG @ Sat, 13 Mar 2021 21:18:16: Initial (total) size factor: 0.9073072759036441 1.1137872186185596 
INFO  @ Sat, 13 Mar 2021 21:18:16: Final size factor: 0.9073072759036441 1.1137872186185596 
INFO  @ Sat, 13 Mar 2021 21:18:16: Detecting outliers from variance estimation.. Avg read count:[1731.4362595871758], Var: [939997.1063732847] 
DEBUG @ Sat, 13 Mar 2021 21:18:16: Adjusted model: 1.2950666263481798	2.762246353398358 
INFO  @ Sat, 13 Mar 2021 21:18:16: Before RRA, 0 sgRNAs are removed with zero counts in both group(s). 
INFO  @ Sat, 13 Mar 2021 21:18:16: Use qnorm to reversely calculate sgRNA scores ... 
DEBUG @ Sat, 13 Mar 2021 21:18:16: lower test FDR cutoff: 0.618421052631579 
DEBUG @ Sat, 13 Mar 2021 21:18:16: higher test FDR cutoff: 0.15789473684210525 
INFO  @ Sat, 13 Mar 2021 21:18:16: Running command: RRA -i S10A_c1_t2.plow.txt -o S10A_c1_t2.gene.low.txt -p 0.5 --skip-gene NA --skip-gene na  
INFO  @ Sat, 13 Mar 2021 21:18:16: Command message: 
INFO  @ Sat, 13 Mar 2021 21:18:16:   Welcome to RRA v 0.5.9. 
INFO  @ Sat, 13 Mar 2021 21:18:16:   Skipping gene NA for permutation ... 
INFO  @ Sat, 13 Mar 2021 21:18:16:   Skipping gene na for permutation ... 
INFO  @ Sat, 13 Mar 2021 21:18:16:   Reading input file... 
INFO  @ Sat, 13 Mar 2021 21:18:16:   Summary: 76 sgRNAs, 10 genes, 1 lists; skipped sgRNAs:0 
INFO  @ Sat, 13 Mar 2021 21:18:16:   Computing lo-values for each group... 
INFO  @ Sat, 13 Mar 2021 21:18:16:   Computing false discovery rate... 
INFO  @ Sat, 13 Mar 2021 21:18:16:   Increase the number of permutations to 10001 to get precise p values. To avoid this, use the --permutation option. 
INFO  @ Sat, 13 Mar 2021 21:18:16:   Permuting genes with 6 sgRNAs... 
INFO  @ Sat, 13 Mar 2021 21:18:16:   Permuting genes with 10 sgRNAs... 
INFO  @ Sat, 13 Mar 2021 21:18:16:   Number of genes under FDR adjustment: 10 
INFO  @ Sat, 13 Mar 2021 21:18:16:   Saving to output file... 
INFO  @ Sat, 13 Mar 2021 21:18:16:   RRA completed. 
INFO  @ Sat, 13 Mar 2021 21:18:16:    
INFO  @ Sat, 13 Mar 2021 21:18:16: End command message. 
INFO  @ Sat, 13 Mar 2021 21:18:16: Running command: RRA -i S10A_c1_t2.phigh.txt -o S10A_c1_t2.gene.high.txt -p 0.15789473684210525 --skip-gene NA --skip-gene na  
INFO  @ Sat, 13 Mar 2021 21:18:16: Command message: 
INFO  @ Sat, 13 Mar 2021 21:18:16:   Welcome to RRA v 0.5.9. 
INFO  @ Sat, 13 Mar 2021 21:18:16:   Skipping gene NA for permutation ... 
INFO  @ Sat, 13 Mar 2021 21:18:16:   Skipping gene na for permutation ... 
INFO  @ Sat, 13 Mar 2021 21:18:16:   Reading input file... 
INFO  @ Sat, 13 Mar 2021 21:18:16:   Summary: 76 sgRNAs, 10 genes, 1 lists; skipped sgRNAs:0 
INFO  @ Sat, 13 Mar 2021 21:18:16:   Computing lo-values for each group... 
INFO  @ Sat, 13 Mar 2021 21:18:16:   Computing false discovery rate... 
INFO  @ Sat, 13 Mar 2021 21:18:16:   Increase the number of permutations to 10001 to get precise p values. To avoid this, use the --permutation option. 
INFO  @ Sat, 13 Mar 2021 21:18:16:   Permuting genes with 6 sgRNAs... 
INFO  @ Sat, 13 Mar 2021 21:18:16:   Permuting genes with 10 sgRNAs... 
INFO  @ Sat, 13 Mar 2021 21:18:16:   Number of genes under FDR adjustment: 10 
INFO  @ Sat, 13 Mar 2021 21:18:16:   Saving to output file... 
INFO  @ Sat, 13 Mar 2021 21:18:16:   RRA completed. 
INFO  @ Sat, 13 Mar 2021 21:18:16:    
INFO  @ Sat, 13 Mar 2021 21:18:16: End command message. 
DEBUG @ Sat, 13 Mar 2021 21:18:16: Sorting the merged items by positive selection... 
INFO  @ Sat, 13 Mar 2021 21:18:16: Loading top 10 genes from S10A_c1_t2.gene.low.txt: LRIG1,ROSA26,PROM1,CTRL,AAVS1,CCR5,EGFP,KRT20,SOX9,mKate2 
DEBUG @ Sat, 13 Mar 2021 21:18:16: Column index:3 
INFO  @ Sat, 13 Mar 2021 21:18:16: Loading top 10 genes from S10A_c1_t2.gene.high.txt: mKate2,SOX9,KRT20,EGFP,PROM1,ROSA26,CCR5,AAVS1,CTRL,LRIG1 
DEBUG @ Sat, 13 Mar 2021 21:18:16: Column index:9 
INFO  @ Sat, 13 Mar 2021 21:18:16: Running command: rm S10A_c1_t2.plow.txt 
INFO  @ Sat, 13 Mar 2021 21:18:16: Running command: rm S10A_c1_t2.phigh.txt 
INFO  @ Sat, 13 Mar 2021 21:18:16: Running command: rm S10A_c1_t2.gene.low.txt 
INFO  @ Sat, 13 Mar 2021 21:18:16: Running command: rm S10A_c1_t2.gene.high.txt 
