INFO  @ Sat, 13 Mar 2021 21:18:27: Parameters: /opt/anaconda3/bin/mageck test -k S10B.txt -t 0 -c 1 -n S10B_c1_t0 --norm-method total --sort-criteria pos 
INFO  @ Sat, 13 Mar 2021 21:18:27: Welcome to MAGeCK v0.5.9.4. Command: test 
INFO  @ Sat, 13 Mar 2021 21:18:27: Loading count table from S10B.txt  
INFO  @ Sat, 13 Mar 2021 21:18:27: Processing 1 lines.. 
DEBUG @ Sat, 13 Mar 2021 21:18:27: Parsing error in line 1 (usually the header line). Skip this line. 
INFO  @ Sat, 13 Mar 2021 21:18:27: Loaded 76 records. 
INFO  @ Sat, 13 Mar 2021 21:18:27: Loading Rnw template file: /opt/anaconda3/lib/python3.8/site-packages/mageck/test_report.Rmd. 
DEBUG @ Sat, 13 Mar 2021 21:18:27: Setting up the visualization module... 
INFO  @ Sat, 13 Mar 2021 21:18:27: Loading R template file: /opt/anaconda3/lib/python3.8/site-packages/mageck/plot_template.RTemplate. 
INFO  @ Sat, 13 Mar 2021 21:18:27: Loading R template file: /opt/anaconda3/lib/python3.8/site-packages/mageck/plot_template_indvgene.RTemplate. 
INFO  @ Sat, 13 Mar 2021 21:18:27: Loading Rnw template file: /opt/anaconda3/lib/python3.8/site-packages/mageck/plot_template.Rnw. 
DEBUG @ Sat, 13 Mar 2021 21:18:27: Setting up the visualization module... 
DEBUG @ Sat, 13 Mar 2021 21:18:27: Given sample labels: 0 
DEBUG @ Sat, 13 Mar 2021 21:18:27: Converted index: 0 
INFO  @ Sat, 13 Mar 2021 21:18:27: Treatment samples:0 
INFO  @ Sat, 13 Mar 2021 21:18:27: Treatment sample index:0 
DEBUG @ Sat, 13 Mar 2021 21:18:27: Given sample labels: 1 
DEBUG @ Sat, 13 Mar 2021 21:18:27: Converted index: 1 
INFO  @ Sat, 13 Mar 2021 21:18:27: Control samples:1 
INFO  @ Sat, 13 Mar 2021 21:18:27: Control sample index:1 
DEBUG @ Sat, 13 Mar 2021 21:18:27: Initial (total) size factor: 0.9429301126599198 1.0644231287384813 
INFO  @ Sat, 13 Mar 2021 21:18:27: Final size factor: 0.9429301126599198 1.0644231287384813 
INFO  @ Sat, 13 Mar 2021 21:18:27: Detecting outliers from variance estimation.. Avg read count:[1659.7216185235502], Var: [958670.1714380122] 
INFO  @ Sat, 13 Mar 2021 21:18:27: Skipping 1 sgRNAs from variance calculation because of their extreme high counts (> 4* STD (mean counts) ). 
DEBUG @ Sat, 13 Mar 2021 21:18:27: Adjusted model: 1	32.65923333167998 
INFO  @ Sat, 13 Mar 2021 21:18:27: Before RRA, 0 sgRNAs are removed with zero counts in both group(s). 
INFO  @ Sat, 13 Mar 2021 21:18:27: Use qnorm to reversely calculate sgRNA scores ... 
DEBUG @ Sat, 13 Mar 2021 21:18:27: lower test FDR cutoff: 1.0 
DEBUG @ Sat, 13 Mar 2021 21:18:27: higher test FDR cutoff: 0.01 
INFO  @ Sat, 13 Mar 2021 21:18:27: Running command: RRA -i S10B_c1_t0.plow.txt -o S10B_c1_t0.gene.low.txt -p 0.5 --skip-gene NA --skip-gene na  
INFO  @ Sat, 13 Mar 2021 21:18:27: Command message: 
INFO  @ Sat, 13 Mar 2021 21:18:27:   Welcome to RRA v 0.5.9. 
INFO  @ Sat, 13 Mar 2021 21:18:27:   Skipping gene NA for permutation ... 
INFO  @ Sat, 13 Mar 2021 21:18:27:   Skipping gene na for permutation ... 
INFO  @ Sat, 13 Mar 2021 21:18:27:   Reading input file... 
INFO  @ Sat, 13 Mar 2021 21:18:27:   Summary: 76 sgRNAs, 10 genes, 1 lists; skipped sgRNAs:0 
INFO  @ Sat, 13 Mar 2021 21:18:27:   Computing lo-values for each group... 
INFO  @ Sat, 13 Mar 2021 21:18:27:   Computing false discovery rate... 
INFO  @ Sat, 13 Mar 2021 21:18:27:   Increase the number of permutations to 10001 to get precise p values. To avoid this, use the --permutation option. 
INFO  @ Sat, 13 Mar 2021 21:18:27:   Permuting genes with 6 sgRNAs... 
INFO  @ Sat, 13 Mar 2021 21:18:27:   Permuting genes with 10 sgRNAs... 
INFO  @ Sat, 13 Mar 2021 21:18:27:   Number of genes under FDR adjustment: 10 
INFO  @ Sat, 13 Mar 2021 21:18:27:   Saving to output file... 
INFO  @ Sat, 13 Mar 2021 21:18:27:   RRA completed. 
INFO  @ Sat, 13 Mar 2021 21:18:27:    
INFO  @ Sat, 13 Mar 2021 21:18:27: End command message. 
INFO  @ Sat, 13 Mar 2021 21:18:27: Running command: RRA -i S10B_c1_t0.phigh.txt -o S10B_c1_t0.gene.high.txt -p 0.01 --skip-gene NA --skip-gene na  
INFO  @ Sat, 13 Mar 2021 21:18:27: Command message: 
INFO  @ Sat, 13 Mar 2021 21:18:27:   Welcome to RRA v 0.5.9. 
INFO  @ Sat, 13 Mar 2021 21:18:27:   Skipping gene NA for permutation ... 
INFO  @ Sat, 13 Mar 2021 21:18:27:   Skipping gene na for permutation ... 
INFO  @ Sat, 13 Mar 2021 21:18:27:   Reading input file... 
INFO  @ Sat, 13 Mar 2021 21:18:27:   Summary: 76 sgRNAs, 10 genes, 1 lists; skipped sgRNAs:0 
INFO  @ Sat, 13 Mar 2021 21:18:27:   Computing lo-values for each group... 
INFO  @ Sat, 13 Mar 2021 21:18:27:   Computing false discovery rate... 
INFO  @ Sat, 13 Mar 2021 21:18:27:   Increase the number of permutations to 10001 to get precise p values. To avoid this, use the --permutation option. 
INFO  @ Sat, 13 Mar 2021 21:18:27:   Permuting genes with 6 sgRNAs... 
INFO  @ Sat, 13 Mar 2021 21:18:27:   Permuting genes with 10 sgRNAs... 
INFO  @ Sat, 13 Mar 2021 21:18:27:   Number of genes under FDR adjustment: 10 
INFO  @ Sat, 13 Mar 2021 21:18:27:   Saving to output file... 
INFO  @ Sat, 13 Mar 2021 21:18:27:   RRA completed. 
INFO  @ Sat, 13 Mar 2021 21:18:27:    
INFO  @ Sat, 13 Mar 2021 21:18:27: End command message. 
DEBUG @ Sat, 13 Mar 2021 21:18:27: Sorting the merged items by positive selection... 
INFO  @ Sat, 13 Mar 2021 21:18:27: Loading top 10 genes from S10B_c1_t0.gene.low.txt: KRT20,EGFP,AAVS1,ROSA26,PROM1,CTRL,CCR5,LRIG1,SOX9,mKate2 
DEBUG @ Sat, 13 Mar 2021 21:18:27: Column index:3 
INFO  @ Sat, 13 Mar 2021 21:18:27: Loading top 10 genes from S10B_c1_t0.gene.high.txt: mKate2,SOX9,LRIG1,CTRL,CCR5,ROSA26,PROM1,AAVS1,EGFP,KRT20 
DEBUG @ Sat, 13 Mar 2021 21:18:27: Column index:9 
INFO  @ Sat, 13 Mar 2021 21:18:27: Running command: rm S10B_c1_t0.plow.txt 
INFO  @ Sat, 13 Mar 2021 21:18:27: Running command: rm S10B_c1_t0.phigh.txt 
INFO  @ Sat, 13 Mar 2021 21:18:27: Running command: rm S10B_c1_t0.gene.low.txt 
INFO  @ Sat, 13 Mar 2021 21:18:27: Running command: rm S10B_c1_t0.gene.high.txt 
