INFO  @ Sat, 13 Mar 2021 21:18:42: Parameters: /opt/anaconda3/bin/mageck test -k S10B.txt -t 3 -c 1 -n S10B_c1_t3 --norm-method total --sort-criteria pos 
INFO  @ Sat, 13 Mar 2021 21:18:42: Welcome to MAGeCK v0.5.9.4. Command: test 
INFO  @ Sat, 13 Mar 2021 21:18:42: Loading count table from S10B.txt  
INFO  @ Sat, 13 Mar 2021 21:18:42: Processing 1 lines.. 
DEBUG @ Sat, 13 Mar 2021 21:18:42: Parsing error in line 1 (usually the header line). Skip this line. 
INFO  @ Sat, 13 Mar 2021 21:18:42: Loaded 76 records. 
INFO  @ Sat, 13 Mar 2021 21:18:42: Loading Rnw template file: /opt/anaconda3/lib/python3.8/site-packages/mageck/test_report.Rmd. 
DEBUG @ Sat, 13 Mar 2021 21:18:42: Setting up the visualization module... 
INFO  @ Sat, 13 Mar 2021 21:18:42: Loading R template file: /opt/anaconda3/lib/python3.8/site-packages/mageck/plot_template.RTemplate. 
INFO  @ Sat, 13 Mar 2021 21:18:42: Loading R template file: /opt/anaconda3/lib/python3.8/site-packages/mageck/plot_template_indvgene.RTemplate. 
INFO  @ Sat, 13 Mar 2021 21:18:42: Loading Rnw template file: /opt/anaconda3/lib/python3.8/site-packages/mageck/plot_template.Rnw. 
DEBUG @ Sat, 13 Mar 2021 21:18:42: Setting up the visualization module... 
DEBUG @ Sat, 13 Mar 2021 21:18:42: Given sample labels: 3 
DEBUG @ Sat, 13 Mar 2021 21:18:42: Converted index: 3 
INFO  @ Sat, 13 Mar 2021 21:18:42: Treatment samples:3 
INFO  @ Sat, 13 Mar 2021 21:18:42: Treatment sample index:3 
DEBUG @ Sat, 13 Mar 2021 21:18:42: Given sample labels: 1 
DEBUG @ Sat, 13 Mar 2021 21:18:42: Converted index: 1 
INFO  @ Sat, 13 Mar 2021 21:18:42: Control samples:1 
INFO  @ Sat, 13 Mar 2021 21:18:42: Control sample index:1 
DEBUG @ Sat, 13 Mar 2021 21:18:42: Initial (total) size factor: 1.0879388417578222 0.9252142948279262 
INFO  @ Sat, 13 Mar 2021 21:18:42: Final size factor: 1.0879388417578222 0.9252142948279262 
INFO  @ Sat, 13 Mar 2021 21:18:42: Detecting outliers from variance estimation.. Avg read count:[1900.6721470007217], Var: [1035689.2612409957] 
INFO  @ Sat, 13 Mar 2021 21:18:42: Skipping 1 sgRNAs from variance calculation because of their extreme high counts (> 4* STD (mean counts) ). 
DEBUG @ Sat, 13 Mar 2021 21:18:42: Adjusted model: 2.5497537061489703	0 
INFO  @ Sat, 13 Mar 2021 21:18:42: Before RRA, 0 sgRNAs are removed with zero counts in both group(s). 
INFO  @ Sat, 13 Mar 2021 21:18:42: Use qnorm to reversely calculate sgRNA scores ... 
DEBUG @ Sat, 13 Mar 2021 21:18:42: lower test FDR cutoff: 0.868421052631579 
DEBUG @ Sat, 13 Mar 2021 21:18:42: higher test FDR cutoff: 0.06578947368421052 
INFO  @ Sat, 13 Mar 2021 21:18:42: Running command: RRA -i S10B_c1_t3.plow.txt -o S10B_c1_t3.gene.low.txt -p 0.5 --skip-gene NA --skip-gene na  
INFO  @ Sat, 13 Mar 2021 21:18:43: Command message: 
INFO  @ Sat, 13 Mar 2021 21:18:43:   Welcome to RRA v 0.5.9. 
INFO  @ Sat, 13 Mar 2021 21:18:43:   Skipping gene NA for permutation ... 
INFO  @ Sat, 13 Mar 2021 21:18:43:   Skipping gene na for permutation ... 
INFO  @ Sat, 13 Mar 2021 21:18:43:   Reading input file... 
INFO  @ Sat, 13 Mar 2021 21:18:43:   Summary: 76 sgRNAs, 10 genes, 1 lists; skipped sgRNAs:0 
INFO  @ Sat, 13 Mar 2021 21:18:43:   Computing lo-values for each group... 
INFO  @ Sat, 13 Mar 2021 21:18:43:   Computing false discovery rate... 
INFO  @ Sat, 13 Mar 2021 21:18:43:   Increase the number of permutations to 10001 to get precise p values. To avoid this, use the --permutation option. 
INFO  @ Sat, 13 Mar 2021 21:18:43:   Permuting genes with 6 sgRNAs... 
INFO  @ Sat, 13 Mar 2021 21:18:43:   Permuting genes with 10 sgRNAs... 
INFO  @ Sat, 13 Mar 2021 21:18:43:   Number of genes under FDR adjustment: 10 
INFO  @ Sat, 13 Mar 2021 21:18:43:   Saving to output file... 
INFO  @ Sat, 13 Mar 2021 21:18:43:   RRA completed. 
INFO  @ Sat, 13 Mar 2021 21:18:43:    
INFO  @ Sat, 13 Mar 2021 21:18:43: End command message. 
INFO  @ Sat, 13 Mar 2021 21:18:43: Running command: RRA -i S10B_c1_t3.phigh.txt -o S10B_c1_t3.gene.high.txt -p 0.06578947368421052 --skip-gene NA --skip-gene na  
INFO  @ Sat, 13 Mar 2021 21:18:43: Command message: 
INFO  @ Sat, 13 Mar 2021 21:18:43:   Welcome to RRA v 0.5.9. 
INFO  @ Sat, 13 Mar 2021 21:18:43:   Skipping gene NA for permutation ... 
INFO  @ Sat, 13 Mar 2021 21:18:43:   Skipping gene na for permutation ... 
INFO  @ Sat, 13 Mar 2021 21:18:43:   Reading input file... 
INFO  @ Sat, 13 Mar 2021 21:18:43:   Summary: 76 sgRNAs, 10 genes, 1 lists; skipped sgRNAs:0 
INFO  @ Sat, 13 Mar 2021 21:18:43:   Computing lo-values for each group... 
INFO  @ Sat, 13 Mar 2021 21:18:43:   Computing false discovery rate... 
INFO  @ Sat, 13 Mar 2021 21:18:43:   Increase the number of permutations to 10001 to get precise p values. To avoid this, use the --permutation option. 
INFO  @ Sat, 13 Mar 2021 21:18:43:   Permuting genes with 6 sgRNAs... 
INFO  @ Sat, 13 Mar 2021 21:18:43:   Permuting genes with 10 sgRNAs... 
INFO  @ Sat, 13 Mar 2021 21:18:43:   Number of genes under FDR adjustment: 10 
INFO  @ Sat, 13 Mar 2021 21:18:43:   Saving to output file... 
INFO  @ Sat, 13 Mar 2021 21:18:43:   RRA completed. 
INFO  @ Sat, 13 Mar 2021 21:18:43:    
INFO  @ Sat, 13 Mar 2021 21:18:43: End command message. 
DEBUG @ Sat, 13 Mar 2021 21:18:43: Sorting the merged items by positive selection... 
INFO  @ Sat, 13 Mar 2021 21:18:43: Loading top 10 genes from S10B_c1_t3.gene.low.txt: ROSA26,PROM1,CTRL,LRIG1,AAVS1,EGFP,CCR5,KRT20,SOX9,mKate2 
DEBUG @ Sat, 13 Mar 2021 21:18:43: Column index:3 
INFO  @ Sat, 13 Mar 2021 21:18:43: Loading top 10 genes from S10B_c1_t3.gene.high.txt: mKate2,SOX9,KRT20,EGFP,CCR5,ROSA26,AAVS1,CTRL,LRIG1,PROM1 
DEBUG @ Sat, 13 Mar 2021 21:18:43: Column index:9 
INFO  @ Sat, 13 Mar 2021 21:18:43: Running command: rm S10B_c1_t3.plow.txt 
INFO  @ Sat, 13 Mar 2021 21:18:43: Running command: rm S10B_c1_t3.phigh.txt 
INFO  @ Sat, 13 Mar 2021 21:18:43: Running command: rm S10B_c1_t3.gene.low.txt 
INFO  @ Sat, 13 Mar 2021 21:18:43: Running command: rm S10B_c1_t3.gene.high.txt 
