INFO  @ Sat, 13 Mar 2021 21:18:23: Parameters: /opt/anaconda3/bin/mageck test -k S10B.txt -t 1 -c 0 -n S10B_c0_t1 --norm-method total --sort-criteria pos 
INFO  @ Sat, 13 Mar 2021 21:18:23: Welcome to MAGeCK v0.5.9.4. Command: test 
INFO  @ Sat, 13 Mar 2021 21:18:23: Loading count table from S10B.txt  
INFO  @ Sat, 13 Mar 2021 21:18:23: Processing 1 lines.. 
DEBUG @ Sat, 13 Mar 2021 21:18:23: Parsing error in line 1 (usually the header line). Skip this line. 
INFO  @ Sat, 13 Mar 2021 21:18:23: Loaded 76 records. 
INFO  @ Sat, 13 Mar 2021 21:18:23: Loading Rnw template file: /opt/anaconda3/lib/python3.8/site-packages/mageck/test_report.Rmd. 
DEBUG @ Sat, 13 Mar 2021 21:18:23: Setting up the visualization module... 
INFO  @ Sat, 13 Mar 2021 21:18:23: Loading R template file: /opt/anaconda3/lib/python3.8/site-packages/mageck/plot_template.RTemplate. 
INFO  @ Sat, 13 Mar 2021 21:18:23: Loading R template file: /opt/anaconda3/lib/python3.8/site-packages/mageck/plot_template_indvgene.RTemplate. 
INFO  @ Sat, 13 Mar 2021 21:18:23: Loading Rnw template file: /opt/anaconda3/lib/python3.8/site-packages/mageck/plot_template.Rnw. 
DEBUG @ Sat, 13 Mar 2021 21:18:23: Setting up the visualization module... 
DEBUG @ Sat, 13 Mar 2021 21:18:23: Given sample labels: 1 
DEBUG @ Sat, 13 Mar 2021 21:18:23: Converted index: 1 
INFO  @ Sat, 13 Mar 2021 21:18:23: Treatment samples:1 
INFO  @ Sat, 13 Mar 2021 21:18:23: Treatment sample index:1 
DEBUG @ Sat, 13 Mar 2021 21:18:23: Given sample labels: 0 
DEBUG @ Sat, 13 Mar 2021 21:18:23: Converted index: 0 
INFO  @ Sat, 13 Mar 2021 21:18:23: Control samples:0 
INFO  @ Sat, 13 Mar 2021 21:18:23: Control sample index:0 
DEBUG @ Sat, 13 Mar 2021 21:18:23: Initial (total) size factor: 1.0644231287384813 0.9429301126599198 
INFO  @ Sat, 13 Mar 2021 21:18:23: Final size factor: 1.0644231287384813 0.9429301126599198 
INFO  @ Sat, 13 Mar 2021 21:18:23: Detecting outliers from variance estimation.. Avg read count:[1659.7216185235502], Var: [958670.1714380122] 
INFO  @ Sat, 13 Mar 2021 21:18:23: Skipping 1 sgRNAs from variance calculation because of their extreme high counts (> 4* STD (mean counts) ). 
DEBUG @ Sat, 13 Mar 2021 21:18:23: Adjusted model: 1	32.65923333167998 
INFO  @ Sat, 13 Mar 2021 21:18:23: Before RRA, 0 sgRNAs are removed with zero counts in both group(s). 
INFO  @ Sat, 13 Mar 2021 21:18:23: Use qnorm to reversely calculate sgRNA scores ... 
DEBUG @ Sat, 13 Mar 2021 21:18:23: lower test FDR cutoff: 1.0 
DEBUG @ Sat, 13 Mar 2021 21:18:23: higher test FDR cutoff: 0.01 
INFO  @ Sat, 13 Mar 2021 21:18:23: Running command: RRA -i S10B_c0_t1.plow.txt -o S10B_c0_t1.gene.low.txt -p 0.5 --skip-gene NA --skip-gene na  
INFO  @ Sat, 13 Mar 2021 21:18:23: Command message: 
INFO  @ Sat, 13 Mar 2021 21:18:23:   Welcome to RRA v 0.5.9. 
INFO  @ Sat, 13 Mar 2021 21:18:23:   Skipping gene NA for permutation ... 
INFO  @ Sat, 13 Mar 2021 21:18:23:   Skipping gene na for permutation ... 
INFO  @ Sat, 13 Mar 2021 21:18:23:   Reading input file... 
INFO  @ Sat, 13 Mar 2021 21:18:23:   Summary: 76 sgRNAs, 10 genes, 1 lists; skipped sgRNAs:0 
INFO  @ Sat, 13 Mar 2021 21:18:23:   Computing lo-values for each group... 
INFO  @ Sat, 13 Mar 2021 21:18:23:   Computing false discovery rate... 
INFO  @ Sat, 13 Mar 2021 21:18:23:   Increase the number of permutations to 10001 to get precise p values. To avoid this, use the --permutation option. 
INFO  @ Sat, 13 Mar 2021 21:18:23:   Permuting genes with 6 sgRNAs... 
INFO  @ Sat, 13 Mar 2021 21:18:23:   Permuting genes with 10 sgRNAs... 
INFO  @ Sat, 13 Mar 2021 21:18:23:   Number of genes under FDR adjustment: 10 
INFO  @ Sat, 13 Mar 2021 21:18:23:   Saving to output file... 
INFO  @ Sat, 13 Mar 2021 21:18:23:   RRA completed. 
INFO  @ Sat, 13 Mar 2021 21:18:23:    
INFO  @ Sat, 13 Mar 2021 21:18:23: End command message. 
INFO  @ Sat, 13 Mar 2021 21:18:23: Running command: RRA -i S10B_c0_t1.phigh.txt -o S10B_c0_t1.gene.high.txt -p 0.01 --skip-gene NA --skip-gene na  
INFO  @ Sat, 13 Mar 2021 21:18:23: Command message: 
INFO  @ Sat, 13 Mar 2021 21:18:23:   Welcome to RRA v 0.5.9. 
INFO  @ Sat, 13 Mar 2021 21:18:23:   Skipping gene NA for permutation ... 
INFO  @ Sat, 13 Mar 2021 21:18:23:   Skipping gene na for permutation ... 
INFO  @ Sat, 13 Mar 2021 21:18:23:   Reading input file... 
INFO  @ Sat, 13 Mar 2021 21:18:23:   Summary: 76 sgRNAs, 10 genes, 1 lists; skipped sgRNAs:0 
INFO  @ Sat, 13 Mar 2021 21:18:23:   Computing lo-values for each group... 
INFO  @ Sat, 13 Mar 2021 21:18:23:   Computing false discovery rate... 
INFO  @ Sat, 13 Mar 2021 21:18:23:   Increase the number of permutations to 10001 to get precise p values. To avoid this, use the --permutation option. 
INFO  @ Sat, 13 Mar 2021 21:18:23:   Permuting genes with 6 sgRNAs... 
INFO  @ Sat, 13 Mar 2021 21:18:23:   Permuting genes with 10 sgRNAs... 
INFO  @ Sat, 13 Mar 2021 21:18:23:   Number of genes under FDR adjustment: 10 
INFO  @ Sat, 13 Mar 2021 21:18:23:   Saving to output file... 
INFO  @ Sat, 13 Mar 2021 21:18:23:   RRA completed. 
INFO  @ Sat, 13 Mar 2021 21:18:23:    
INFO  @ Sat, 13 Mar 2021 21:18:23: End command message. 
DEBUG @ Sat, 13 Mar 2021 21:18:23: Sorting the merged items by positive selection... 
INFO  @ Sat, 13 Mar 2021 21:18:23: Loading top 10 genes from S10B_c0_t1.gene.low.txt: mKate2,SOX9,CCR5,LRIG1,CTRL,AAVS1,ROSA26,PROM1,KRT20,EGFP 
DEBUG @ Sat, 13 Mar 2021 21:18:23: Column index:3 
INFO  @ Sat, 13 Mar 2021 21:18:23: Loading top 10 genes from S10B_c0_t1.gene.high.txt: EGFP,KRT20,PROM1,ROSA26,CCR5,AAVS1,LRIG1,CTRL,SOX9,mKate2 
DEBUG @ Sat, 13 Mar 2021 21:18:23: Column index:9 
INFO  @ Sat, 13 Mar 2021 21:18:23: Running command: rm S10B_c0_t1.plow.txt 
INFO  @ Sat, 13 Mar 2021 21:18:23: Running command: rm S10B_c0_t1.phigh.txt 
INFO  @ Sat, 13 Mar 2021 21:18:23: Running command: rm S10B_c0_t1.gene.low.txt 
INFO  @ Sat, 13 Mar 2021 21:18:23: Running command: rm S10B_c0_t1.gene.high.txt 
