INFO  @ Sat, 13 Mar 2021 21:18:38: Parameters: /opt/anaconda3/bin/mageck test -k S10B.txt -t 2 -c 1 -n S10B_c1_t2 --norm-method total --sort-criteria pos 
INFO  @ Sat, 13 Mar 2021 21:18:38: Welcome to MAGeCK v0.5.9.4. Command: test 
INFO  @ Sat, 13 Mar 2021 21:18:38: Loading count table from S10B.txt  
INFO  @ Sat, 13 Mar 2021 21:18:38: Processing 1 lines.. 
DEBUG @ Sat, 13 Mar 2021 21:18:38: Parsing error in line 1 (usually the header line). Skip this line. 
INFO  @ Sat, 13 Mar 2021 21:18:38: Loaded 76 records. 
INFO  @ Sat, 13 Mar 2021 21:18:38: Loading Rnw template file: /opt/anaconda3/lib/python3.8/site-packages/mageck/test_report.Rmd. 
DEBUG @ Sat, 13 Mar 2021 21:18:38: Setting up the visualization module... 
INFO  @ Sat, 13 Mar 2021 21:18:38: Loading R template file: /opt/anaconda3/lib/python3.8/site-packages/mageck/plot_template.RTemplate. 
INFO  @ Sat, 13 Mar 2021 21:18:38: Loading R template file: /opt/anaconda3/lib/python3.8/site-packages/mageck/plot_template_indvgene.RTemplate. 
INFO  @ Sat, 13 Mar 2021 21:18:38: Loading Rnw template file: /opt/anaconda3/lib/python3.8/site-packages/mageck/plot_template.Rnw. 
DEBUG @ Sat, 13 Mar 2021 21:18:38: Setting up the visualization module... 
DEBUG @ Sat, 13 Mar 2021 21:18:38: Given sample labels: 2 
DEBUG @ Sat, 13 Mar 2021 21:18:38: Converted index: 2 
INFO  @ Sat, 13 Mar 2021 21:18:38: Treatment samples:2 
INFO  @ Sat, 13 Mar 2021 21:18:38: Treatment sample index:2 
DEBUG @ Sat, 13 Mar 2021 21:18:38: Given sample labels: 1 
DEBUG @ Sat, 13 Mar 2021 21:18:38: Converted index: 1 
INFO  @ Sat, 13 Mar 2021 21:18:38: Control samples:1 
INFO  @ Sat, 13 Mar 2021 21:18:38: Control sample index:1 
DEBUG @ Sat, 13 Mar 2021 21:18:38: Initial (total) size factor: 1.002342535257372 0.9976683885068862 
INFO  @ Sat, 13 Mar 2021 21:18:38: Final size factor: 1.002342535257372 0.9976683885068862 
INFO  @ Sat, 13 Mar 2021 21:18:38: Detecting outliers from variance estimation.. Avg read count:[1711.0480379623752], Var: [949164.6731428822] 
INFO  @ Sat, 13 Mar 2021 21:18:38: Skipping 1 sgRNAs from variance calculation because of their extreme high counts (> 4* STD (mean counts) ). 
DEBUG @ Sat, 13 Mar 2021 21:18:38: Adjusted model: 2.3927404619227572	0 
INFO  @ Sat, 13 Mar 2021 21:18:38: Before RRA, 0 sgRNAs are removed with zero counts in both group(s). 
INFO  @ Sat, 13 Mar 2021 21:18:38: Use qnorm to reversely calculate sgRNA scores ... 
DEBUG @ Sat, 13 Mar 2021 21:18:38: lower test FDR cutoff: 0.868421052631579 
DEBUG @ Sat, 13 Mar 2021 21:18:38: higher test FDR cutoff: 0.06578947368421052 
INFO  @ Sat, 13 Mar 2021 21:18:38: Running command: RRA -i S10B_c1_t2.plow.txt -o S10B_c1_t2.gene.low.txt -p 0.5 --skip-gene NA --skip-gene na  
INFO  @ Sat, 13 Mar 2021 21:18:38: Command message: 
INFO  @ Sat, 13 Mar 2021 21:18:38:   Welcome to RRA v 0.5.9. 
INFO  @ Sat, 13 Mar 2021 21:18:38:   Skipping gene NA for permutation ... 
INFO  @ Sat, 13 Mar 2021 21:18:38:   Skipping gene na for permutation ... 
INFO  @ Sat, 13 Mar 2021 21:18:38:   Reading input file... 
INFO  @ Sat, 13 Mar 2021 21:18:38:   Summary: 76 sgRNAs, 10 genes, 1 lists; skipped sgRNAs:0 
INFO  @ Sat, 13 Mar 2021 21:18:38:   Computing lo-values for each group... 
INFO  @ Sat, 13 Mar 2021 21:18:38:   Computing false discovery rate... 
INFO  @ Sat, 13 Mar 2021 21:18:38:   Increase the number of permutations to 10001 to get precise p values. To avoid this, use the --permutation option. 
INFO  @ Sat, 13 Mar 2021 21:18:38:   Permuting genes with 6 sgRNAs... 
INFO  @ Sat, 13 Mar 2021 21:18:38:   Permuting genes with 10 sgRNAs... 
INFO  @ Sat, 13 Mar 2021 21:18:38:   Number of genes under FDR adjustment: 10 
INFO  @ Sat, 13 Mar 2021 21:18:38:   Saving to output file... 
INFO  @ Sat, 13 Mar 2021 21:18:38:   RRA completed. 
INFO  @ Sat, 13 Mar 2021 21:18:38:    
INFO  @ Sat, 13 Mar 2021 21:18:38: End command message. 
INFO  @ Sat, 13 Mar 2021 21:18:38: Running command: RRA -i S10B_c1_t2.phigh.txt -o S10B_c1_t2.gene.high.txt -p 0.06578947368421052 --skip-gene NA --skip-gene na  
INFO  @ Sat, 13 Mar 2021 21:18:38: Command message: 
INFO  @ Sat, 13 Mar 2021 21:18:38:   Welcome to RRA v 0.5.9. 
INFO  @ Sat, 13 Mar 2021 21:18:38:   Skipping gene NA for permutation ... 
INFO  @ Sat, 13 Mar 2021 21:18:38:   Skipping gene na for permutation ... 
INFO  @ Sat, 13 Mar 2021 21:18:38:   Reading input file... 
INFO  @ Sat, 13 Mar 2021 21:18:38:   Summary: 76 sgRNAs, 10 genes, 1 lists; skipped sgRNAs:0 
INFO  @ Sat, 13 Mar 2021 21:18:38:   Computing lo-values for each group... 
INFO  @ Sat, 13 Mar 2021 21:18:38:   Computing false discovery rate... 
INFO  @ Sat, 13 Mar 2021 21:18:38:   Increase the number of permutations to 10001 to get precise p values. To avoid this, use the --permutation option. 
INFO  @ Sat, 13 Mar 2021 21:18:38:   Permuting genes with 6 sgRNAs... 
INFO  @ Sat, 13 Mar 2021 21:18:38:   Permuting genes with 10 sgRNAs... 
INFO  @ Sat, 13 Mar 2021 21:18:38:   Number of genes under FDR adjustment: 10 
INFO  @ Sat, 13 Mar 2021 21:18:38:   Saving to output file... 
INFO  @ Sat, 13 Mar 2021 21:18:38:   RRA completed. 
INFO  @ Sat, 13 Mar 2021 21:18:38:    
INFO  @ Sat, 13 Mar 2021 21:18:38: End command message. 
DEBUG @ Sat, 13 Mar 2021 21:18:38: Sorting the merged items by positive selection... 
INFO  @ Sat, 13 Mar 2021 21:18:38: Loading top 10 genes from S10B_c1_t2.gene.low.txt: PROM1,ROSA26,CTRL,LRIG1,CCR5,EGFP,AAVS1,KRT20,SOX9,mKate2 
DEBUG @ Sat, 13 Mar 2021 21:18:38: Column index:3 
INFO  @ Sat, 13 Mar 2021 21:18:38: Loading top 10 genes from S10B_c1_t2.gene.high.txt: mKate2,SOX9,KRT20,AAVS1,EGFP,CTRL,LRIG1,CCR5,ROSA26,PROM1 
DEBUG @ Sat, 13 Mar 2021 21:18:38: Column index:9 
INFO  @ Sat, 13 Mar 2021 21:18:38: Running command: rm S10B_c1_t2.plow.txt 
INFO  @ Sat, 13 Mar 2021 21:18:38: Running command: rm S10B_c1_t2.phigh.txt 
INFO  @ Sat, 13 Mar 2021 21:18:38: Running command: rm S10B_c1_t2.gene.low.txt 
INFO  @ Sat, 13 Mar 2021 21:18:38: Running command: rm S10B_c1_t2.gene.high.txt 
