INFO  @ Sat, 13 Mar 2021 20:59:04: Parameters: /opt/anaconda3/bin/mageck test -k S1A.txt -t 3 -c 1 -n S1A_c1_t3 --norm-method total --sort-criteria pos 
INFO  @ Sat, 13 Mar 2021 20:59:04: Welcome to MAGeCK v0.5.9.4. Command: test 
INFO  @ Sat, 13 Mar 2021 20:59:04: Loading count table from S1A.txt  
INFO  @ Sat, 13 Mar 2021 20:59:04: Processing 1 lines.. 
DEBUG @ Sat, 13 Mar 2021 20:59:04: Parsing error in line 1 (usually the header line). Skip this line. 
INFO  @ Sat, 13 Mar 2021 20:59:04: Loaded 76 records. 
INFO  @ Sat, 13 Mar 2021 20:59:04: Loading Rnw template file: /opt/anaconda3/lib/python3.8/site-packages/mageck/test_report.Rmd. 
DEBUG @ Sat, 13 Mar 2021 20:59:04: Setting up the visualization module... 
INFO  @ Sat, 13 Mar 2021 20:59:04: Loading R template file: /opt/anaconda3/lib/python3.8/site-packages/mageck/plot_template.RTemplate. 
INFO  @ Sat, 13 Mar 2021 20:59:04: Loading R template file: /opt/anaconda3/lib/python3.8/site-packages/mageck/plot_template_indvgene.RTemplate. 
INFO  @ Sat, 13 Mar 2021 20:59:04: Loading Rnw template file: /opt/anaconda3/lib/python3.8/site-packages/mageck/plot_template.Rnw. 
DEBUG @ Sat, 13 Mar 2021 20:59:04: Setting up the visualization module... 
DEBUG @ Sat, 13 Mar 2021 20:59:04: Given sample labels: 3 
DEBUG @ Sat, 13 Mar 2021 20:59:04: Converted index: 3 
INFO  @ Sat, 13 Mar 2021 20:59:04: Treatment samples:3 
INFO  @ Sat, 13 Mar 2021 20:59:04: Treatment sample index:3 
DEBUG @ Sat, 13 Mar 2021 20:59:04: Given sample labels: 1 
DEBUG @ Sat, 13 Mar 2021 20:59:04: Converted index: 1 
INFO  @ Sat, 13 Mar 2021 20:59:04: Control samples:1 
INFO  @ Sat, 13 Mar 2021 20:59:04: Control sample index:1 
DEBUG @ Sat, 13 Mar 2021 20:59:04: Initial (total) size factor: 1.5946967566290542 0.7283737468719973 
INFO  @ Sat, 13 Mar 2021 20:59:04: Final size factor: 1.5946967566290542 0.7283737468719973 
INFO  @ Sat, 13 Mar 2021 20:59:04: Detecting outliers from variance estimation.. Avg read count:[1481.7520718391424], Var: [1447845.4283364315] 
DEBUG @ Sat, 13 Mar 2021 20:59:04: Adjusted model: 3.170920038037062	0 
INFO  @ Sat, 13 Mar 2021 20:59:04: Before RRA, 0 sgRNAs are removed with zero counts in both group(s). 
INFO  @ Sat, 13 Mar 2021 20:59:04: Use qnorm to reversely calculate sgRNA scores ... 
DEBUG @ Sat, 13 Mar 2021 20:59:04: lower test FDR cutoff: 1.0 
DEBUG @ Sat, 13 Mar 2021 20:59:04: higher test FDR cutoff: 0.01 
INFO  @ Sat, 13 Mar 2021 20:59:04: Running command: RRA -i S1A_c1_t3.plow.txt -o S1A_c1_t3.gene.low.txt -p 0.5 --skip-gene NA --skip-gene na  
INFO  @ Sat, 13 Mar 2021 20:59:05: Command message: 
INFO  @ Sat, 13 Mar 2021 20:59:05:   Welcome to RRA v 0.5.9. 
INFO  @ Sat, 13 Mar 2021 20:59:05:   Skipping gene NA for permutation ... 
INFO  @ Sat, 13 Mar 2021 20:59:05:   Skipping gene na for permutation ... 
INFO  @ Sat, 13 Mar 2021 20:59:05:   Reading input file... 
INFO  @ Sat, 13 Mar 2021 20:59:05:   Summary: 76 sgRNAs, 10 genes, 1 lists; skipped sgRNAs:0 
INFO  @ Sat, 13 Mar 2021 20:59:05:   Computing lo-values for each group... 
INFO  @ Sat, 13 Mar 2021 20:59:05:   Computing false discovery rate... 
INFO  @ Sat, 13 Mar 2021 20:59:05:   Increase the number of permutations to 10001 to get precise p values. To avoid this, use the --permutation option. 
INFO  @ Sat, 13 Mar 2021 20:59:05:   Permuting genes with 6 sgRNAs... 
INFO  @ Sat, 13 Mar 2021 20:59:05:   Permuting genes with 10 sgRNAs... 
INFO  @ Sat, 13 Mar 2021 20:59:05:   Number of genes under FDR adjustment: 10 
INFO  @ Sat, 13 Mar 2021 20:59:05:   Saving to output file... 
INFO  @ Sat, 13 Mar 2021 20:59:05:   RRA completed. 
INFO  @ Sat, 13 Mar 2021 20:59:05:    
INFO  @ Sat, 13 Mar 2021 20:59:05: End command message. 
INFO  @ Sat, 13 Mar 2021 20:59:05: Running command: RRA -i S1A_c1_t3.phigh.txt -o S1A_c1_t3.gene.high.txt -p 0.01 --skip-gene NA --skip-gene na  
INFO  @ Sat, 13 Mar 2021 20:59:05: Command message: 
INFO  @ Sat, 13 Mar 2021 20:59:05:   Welcome to RRA v 0.5.9. 
INFO  @ Sat, 13 Mar 2021 20:59:05:   Skipping gene NA for permutation ... 
INFO  @ Sat, 13 Mar 2021 20:59:05:   Skipping gene na for permutation ... 
INFO  @ Sat, 13 Mar 2021 20:59:05:   Reading input file... 
INFO  @ Sat, 13 Mar 2021 20:59:05:   Summary: 76 sgRNAs, 10 genes, 1 lists; skipped sgRNAs:0 
INFO  @ Sat, 13 Mar 2021 20:59:05:   Computing lo-values for each group... 
INFO  @ Sat, 13 Mar 2021 20:59:05:   Computing false discovery rate... 
INFO  @ Sat, 13 Mar 2021 20:59:05:   Increase the number of permutations to 10001 to get precise p values. To avoid this, use the --permutation option. 
INFO  @ Sat, 13 Mar 2021 20:59:05:   Permuting genes with 6 sgRNAs... 
INFO  @ Sat, 13 Mar 2021 20:59:05:   Permuting genes with 10 sgRNAs... 
INFO  @ Sat, 13 Mar 2021 20:59:05:   Number of genes under FDR adjustment: 10 
INFO  @ Sat, 13 Mar 2021 20:59:05:   Saving to output file... 
INFO  @ Sat, 13 Mar 2021 20:59:05:   RRA completed. 
INFO  @ Sat, 13 Mar 2021 20:59:05:    
INFO  @ Sat, 13 Mar 2021 20:59:05: End command message. 
DEBUG @ Sat, 13 Mar 2021 20:59:05: Sorting the merged items by positive selection... 
INFO  @ Sat, 13 Mar 2021 20:59:05: Loading top 10 genes from S1A_c1_t3.gene.low.txt: PROM1,ROSA26,LRIG1,AAVS1,CTRL,KRT20,CCR5,mKate2,SOX9,EGFP 
DEBUG @ Sat, 13 Mar 2021 20:59:05: Column index:3 
INFO  @ Sat, 13 Mar 2021 20:59:05: Loading top 10 genes from S1A_c1_t3.gene.high.txt: EGFP,SOX9,mKate2,KRT20,CTRL,ROSA26,AAVS1,LRIG1,CCR5,PROM1 
DEBUG @ Sat, 13 Mar 2021 20:59:05: Column index:9 
INFO  @ Sat, 13 Mar 2021 20:59:05: Running command: rm S1A_c1_t3.plow.txt 
INFO  @ Sat, 13 Mar 2021 20:59:05: Running command: rm S1A_c1_t3.phigh.txt 
INFO  @ Sat, 13 Mar 2021 20:59:05: Running command: rm S1A_c1_t3.gene.low.txt 
INFO  @ Sat, 13 Mar 2021 20:59:05: Running command: rm S1A_c1_t3.gene.high.txt 
