INFO  @ Sat, 13 Mar 2021 20:58:59: Parameters: /opt/anaconda3/bin/mageck test -k S1A.txt -t 2 -c 1 -n S1A_c1_t2 --norm-method total --sort-criteria pos 
INFO  @ Sat, 13 Mar 2021 20:58:59: Welcome to MAGeCK v0.5.9.4. Command: test 
INFO  @ Sat, 13 Mar 2021 20:58:59: Loading count table from S1A.txt  
INFO  @ Sat, 13 Mar 2021 20:58:59: Processing 1 lines.. 
DEBUG @ Sat, 13 Mar 2021 20:58:59: Parsing error in line 1 (usually the header line). Skip this line. 
INFO  @ Sat, 13 Mar 2021 20:58:59: Loaded 76 records. 
INFO  @ Sat, 13 Mar 2021 20:58:59: Loading Rnw template file: /opt/anaconda3/lib/python3.8/site-packages/mageck/test_report.Rmd. 
DEBUG @ Sat, 13 Mar 2021 20:58:59: Setting up the visualization module... 
INFO  @ Sat, 13 Mar 2021 20:58:59: Loading R template file: /opt/anaconda3/lib/python3.8/site-packages/mageck/plot_template.RTemplate. 
INFO  @ Sat, 13 Mar 2021 20:58:59: Loading R template file: /opt/anaconda3/lib/python3.8/site-packages/mageck/plot_template_indvgene.RTemplate. 
INFO  @ Sat, 13 Mar 2021 20:58:59: Loading Rnw template file: /opt/anaconda3/lib/python3.8/site-packages/mageck/plot_template.Rnw. 
DEBUG @ Sat, 13 Mar 2021 20:58:59: Setting up the visualization module... 
DEBUG @ Sat, 13 Mar 2021 20:58:59: Given sample labels: 2 
DEBUG @ Sat, 13 Mar 2021 20:58:59: Converted index: 2 
INFO  @ Sat, 13 Mar 2021 20:58:59: Treatment samples:2 
INFO  @ Sat, 13 Mar 2021 20:58:59: Treatment sample index:2 
DEBUG @ Sat, 13 Mar 2021 20:58:59: Given sample labels: 1 
DEBUG @ Sat, 13 Mar 2021 20:58:59: Converted index: 1 
INFO  @ Sat, 13 Mar 2021 20:58:59: Control samples:1 
INFO  @ Sat, 13 Mar 2021 20:58:59: Control sample index:1 
DEBUG @ Sat, 13 Mar 2021 20:58:59: Initial (total) size factor: 1.7278965901292624 0.7036002070611518 
INFO  @ Sat, 13 Mar 2021 20:58:59: Final size factor: 1.7278965901292624 0.7036002070611518 
INFO  @ Sat, 13 Mar 2021 20:58:59: Detecting outliers from variance estimation.. Avg read count:[1624.8908523886612], Var: [1827305.8940439029] 
INFO  @ Sat, 13 Mar 2021 20:58:59: Skipping 1 sgRNAs from variance calculation because of their extreme high counts (> 4* STD (mean counts) ). 
DEBUG @ Sat, 13 Mar 2021 20:58:59: Adjusted model: 2.8391257594757997	0 
INFO  @ Sat, 13 Mar 2021 20:58:59: Before RRA, 0 sgRNAs are removed with zero counts in both group(s). 
INFO  @ Sat, 13 Mar 2021 20:58:59: Use qnorm to reversely calculate sgRNA scores ... 
DEBUG @ Sat, 13 Mar 2021 20:58:59: lower test FDR cutoff: 1.0 
DEBUG @ Sat, 13 Mar 2021 20:58:59: higher test FDR cutoff: 0.01 
INFO  @ Sat, 13 Mar 2021 20:58:59: Running command: RRA -i S1A_c1_t2.plow.txt -o S1A_c1_t2.gene.low.txt -p 0.5 --skip-gene NA --skip-gene na  
INFO  @ Sat, 13 Mar 2021 20:58:59: Command message: 
INFO  @ Sat, 13 Mar 2021 20:58:59:   Welcome to RRA v 0.5.9. 
INFO  @ Sat, 13 Mar 2021 20:58:59:   Skipping gene NA for permutation ... 
INFO  @ Sat, 13 Mar 2021 20:58:59:   Skipping gene na for permutation ... 
INFO  @ Sat, 13 Mar 2021 20:58:59:   Reading input file... 
INFO  @ Sat, 13 Mar 2021 20:58:59:   Summary: 76 sgRNAs, 10 genes, 1 lists; skipped sgRNAs:0 
INFO  @ Sat, 13 Mar 2021 20:58:59:   Computing lo-values for each group... 
INFO  @ Sat, 13 Mar 2021 20:58:59:   Computing false discovery rate... 
INFO  @ Sat, 13 Mar 2021 20:58:59:   Increase the number of permutations to 10001 to get precise p values. To avoid this, use the --permutation option. 
INFO  @ Sat, 13 Mar 2021 20:58:59:   Permuting genes with 6 sgRNAs... 
INFO  @ Sat, 13 Mar 2021 20:58:59:   Permuting genes with 10 sgRNAs... 
INFO  @ Sat, 13 Mar 2021 20:58:59:   Number of genes under FDR adjustment: 10 
INFO  @ Sat, 13 Mar 2021 20:58:59:   Saving to output file... 
INFO  @ Sat, 13 Mar 2021 20:58:59:   RRA completed. 
INFO  @ Sat, 13 Mar 2021 20:58:59:    
INFO  @ Sat, 13 Mar 2021 20:58:59: End command message. 
INFO  @ Sat, 13 Mar 2021 20:58:59: Running command: RRA -i S1A_c1_t2.phigh.txt -o S1A_c1_t2.gene.high.txt -p 0.01 --skip-gene NA --skip-gene na  
INFO  @ Sat, 13 Mar 2021 20:58:59: Command message: 
INFO  @ Sat, 13 Mar 2021 20:58:59:   Welcome to RRA v 0.5.9. 
INFO  @ Sat, 13 Mar 2021 20:58:59:   Skipping gene NA for permutation ... 
INFO  @ Sat, 13 Mar 2021 20:58:59:   Skipping gene na for permutation ... 
INFO  @ Sat, 13 Mar 2021 20:58:59:   Reading input file... 
INFO  @ Sat, 13 Mar 2021 20:58:59:   Summary: 76 sgRNAs, 10 genes, 1 lists; skipped sgRNAs:0 
INFO  @ Sat, 13 Mar 2021 20:58:59:   Computing lo-values for each group... 
INFO  @ Sat, 13 Mar 2021 20:58:59:   Computing false discovery rate... 
INFO  @ Sat, 13 Mar 2021 20:58:59:   Increase the number of permutations to 10001 to get precise p values. To avoid this, use the --permutation option. 
INFO  @ Sat, 13 Mar 2021 20:58:59:   Permuting genes with 6 sgRNAs... 
INFO  @ Sat, 13 Mar 2021 20:58:59:   Permuting genes with 10 sgRNAs... 
INFO  @ Sat, 13 Mar 2021 20:58:59:   Number of genes under FDR adjustment: 10 
INFO  @ Sat, 13 Mar 2021 20:58:59:   Saving to output file... 
INFO  @ Sat, 13 Mar 2021 20:58:59:   RRA completed. 
INFO  @ Sat, 13 Mar 2021 20:58:59:    
INFO  @ Sat, 13 Mar 2021 20:58:59: End command message. 
DEBUG @ Sat, 13 Mar 2021 20:58:59: Sorting the merged items by positive selection... 
INFO  @ Sat, 13 Mar 2021 20:58:59: Loading top 10 genes from S1A_c1_t2.gene.low.txt: PROM1,ROSA26,LRIG1,KRT20,AAVS1,CTRL,CCR5,SOX9,mKate2,EGFP 
DEBUG @ Sat, 13 Mar 2021 20:58:59: Column index:3 
INFO  @ Sat, 13 Mar 2021 20:58:59: Loading top 10 genes from S1A_c1_t2.gene.high.txt: EGFP,SOX9,mKate2,KRT20,CTRL,ROSA26,CCR5,LRIG1,AAVS1,PROM1 
DEBUG @ Sat, 13 Mar 2021 20:58:59: Column index:9 
INFO  @ Sat, 13 Mar 2021 20:58:59: Running command: rm S1A_c1_t2.plow.txt 
INFO  @ Sat, 13 Mar 2021 20:58:59: Running command: rm S1A_c1_t2.phigh.txt 
INFO  @ Sat, 13 Mar 2021 20:58:59: Running command: rm S1A_c1_t2.gene.low.txt 
INFO  @ Sat, 13 Mar 2021 20:58:59: Running command: rm S1A_c1_t2.gene.high.txt 
