INFO  @ Sat, 13 Mar 2021 20:58:55: Parameters: /opt/anaconda3/bin/mageck test -k S1A.txt -t 3 -c 0 -n S1A_c0_t3 --norm-method total --sort-criteria pos 
INFO  @ Sat, 13 Mar 2021 20:58:55: Welcome to MAGeCK v0.5.9.4. Command: test 
INFO  @ Sat, 13 Mar 2021 20:58:55: Loading count table from S1A.txt  
INFO  @ Sat, 13 Mar 2021 20:58:55: Processing 1 lines.. 
DEBUG @ Sat, 13 Mar 2021 20:58:55: Parsing error in line 1 (usually the header line). Skip this line. 
INFO  @ Sat, 13 Mar 2021 20:58:55: Loaded 76 records. 
INFO  @ Sat, 13 Mar 2021 20:58:55: Loading Rnw template file: /opt/anaconda3/lib/python3.8/site-packages/mageck/test_report.Rmd. 
DEBUG @ Sat, 13 Mar 2021 20:58:55: Setting up the visualization module... 
INFO  @ Sat, 13 Mar 2021 20:58:55: Loading R template file: /opt/anaconda3/lib/python3.8/site-packages/mageck/plot_template.RTemplate. 
INFO  @ Sat, 13 Mar 2021 20:58:55: Loading R template file: /opt/anaconda3/lib/python3.8/site-packages/mageck/plot_template_indvgene.RTemplate. 
INFO  @ Sat, 13 Mar 2021 20:58:55: Loading Rnw template file: /opt/anaconda3/lib/python3.8/site-packages/mageck/plot_template.Rnw. 
DEBUG @ Sat, 13 Mar 2021 20:58:55: Setting up the visualization module... 
DEBUG @ Sat, 13 Mar 2021 20:58:55: Given sample labels: 3 
DEBUG @ Sat, 13 Mar 2021 20:58:55: Converted index: 3 
INFO  @ Sat, 13 Mar 2021 20:58:55: Treatment samples:3 
INFO  @ Sat, 13 Mar 2021 20:58:55: Treatment sample index:3 
DEBUG @ Sat, 13 Mar 2021 20:58:55: Given sample labels: 0 
DEBUG @ Sat, 13 Mar 2021 20:58:55: Converted index: 0 
INFO  @ Sat, 13 Mar 2021 20:58:55: Control samples:0 
INFO  @ Sat, 13 Mar 2021 20:58:55: Control sample index:0 
DEBUG @ Sat, 13 Mar 2021 20:58:55: Initial (total) size factor: 0.8051623242219351 1.319236125027619 
INFO  @ Sat, 13 Mar 2021 20:58:55: Final size factor: 0.8051623242219351 1.319236125027619 
INFO  @ Sat, 13 Mar 2021 20:58:55: Detecting outliers from variance estimation.. Avg read count:[3017.505801554847], Var: [3527369.9281555642] 
DEBUG @ Sat, 13 Mar 2021 20:58:55: Adjusted model: 2.9549425300982444	0 
INFO  @ Sat, 13 Mar 2021 20:58:55: Before RRA, 0 sgRNAs are removed with zero counts in both group(s). 
INFO  @ Sat, 13 Mar 2021 20:58:55: Use qnorm to reversely calculate sgRNA scores ... 
DEBUG @ Sat, 13 Mar 2021 20:58:55: lower test FDR cutoff: 0.9342105263157895 
DEBUG @ Sat, 13 Mar 2021 20:58:55: higher test FDR cutoff: 0.01 
INFO  @ Sat, 13 Mar 2021 20:58:55: Running command: RRA -i S1A_c0_t3.plow.txt -o S1A_c0_t3.gene.low.txt -p 0.5 --skip-gene NA --skip-gene na  
INFO  @ Sat, 13 Mar 2021 20:58:55: Command message: 
INFO  @ Sat, 13 Mar 2021 20:58:55:   Welcome to RRA v 0.5.9. 
INFO  @ Sat, 13 Mar 2021 20:58:55:   Skipping gene NA for permutation ... 
INFO  @ Sat, 13 Mar 2021 20:58:55:   Skipping gene na for permutation ... 
INFO  @ Sat, 13 Mar 2021 20:58:55:   Reading input file... 
INFO  @ Sat, 13 Mar 2021 20:58:55:   Summary: 76 sgRNAs, 10 genes, 1 lists; skipped sgRNAs:0 
INFO  @ Sat, 13 Mar 2021 20:58:55:   Computing lo-values for each group... 
INFO  @ Sat, 13 Mar 2021 20:58:55:   Computing false discovery rate... 
INFO  @ Sat, 13 Mar 2021 20:58:55:   Increase the number of permutations to 10001 to get precise p values. To avoid this, use the --permutation option. 
INFO  @ Sat, 13 Mar 2021 20:58:55:   Permuting genes with 6 sgRNAs... 
INFO  @ Sat, 13 Mar 2021 20:58:55:   Permuting genes with 10 sgRNAs... 
INFO  @ Sat, 13 Mar 2021 20:58:55:   Number of genes under FDR adjustment: 10 
INFO  @ Sat, 13 Mar 2021 20:58:55:   Saving to output file... 
INFO  @ Sat, 13 Mar 2021 20:58:55:   RRA completed. 
INFO  @ Sat, 13 Mar 2021 20:58:55:    
INFO  @ Sat, 13 Mar 2021 20:58:55: End command message. 
INFO  @ Sat, 13 Mar 2021 20:58:55: Running command: RRA -i S1A_c0_t3.phigh.txt -o S1A_c0_t3.gene.high.txt -p 0.01 --skip-gene NA --skip-gene na  
INFO  @ Sat, 13 Mar 2021 20:58:55: Command message: 
INFO  @ Sat, 13 Mar 2021 20:58:55:   Welcome to RRA v 0.5.9. 
INFO  @ Sat, 13 Mar 2021 20:58:55:   Skipping gene NA for permutation ... 
INFO  @ Sat, 13 Mar 2021 20:58:55:   Skipping gene na for permutation ... 
INFO  @ Sat, 13 Mar 2021 20:58:55:   Reading input file... 
INFO  @ Sat, 13 Mar 2021 20:58:55:   Summary: 76 sgRNAs, 10 genes, 1 lists; skipped sgRNAs:0 
INFO  @ Sat, 13 Mar 2021 20:58:55:   Computing lo-values for each group... 
INFO  @ Sat, 13 Mar 2021 20:58:55:   Computing false discovery rate... 
INFO  @ Sat, 13 Mar 2021 20:58:55:   Increase the number of permutations to 10001 to get precise p values. To avoid this, use the --permutation option. 
INFO  @ Sat, 13 Mar 2021 20:58:55:   Permuting genes with 6 sgRNAs... 
INFO  @ Sat, 13 Mar 2021 20:58:55:   Permuting genes with 10 sgRNAs... 
INFO  @ Sat, 13 Mar 2021 20:58:55:   Number of genes under FDR adjustment: 10 
INFO  @ Sat, 13 Mar 2021 20:58:55:   Saving to output file... 
INFO  @ Sat, 13 Mar 2021 20:58:55:   RRA completed. 
INFO  @ Sat, 13 Mar 2021 20:58:55:    
INFO  @ Sat, 13 Mar 2021 20:58:55: End command message. 
DEBUG @ Sat, 13 Mar 2021 20:58:55: Sorting the merged items by positive selection... 
INFO  @ Sat, 13 Mar 2021 20:58:55: Loading top 10 genes from S1A_c0_t3.gene.low.txt: ROSA26,CTRL,PROM1,LRIG1,CCR5,mKate2,AAVS1,KRT20,SOX9,EGFP 
DEBUG @ Sat, 13 Mar 2021 20:58:55: Column index:3 
INFO  @ Sat, 13 Mar 2021 20:58:55: Loading top 10 genes from S1A_c0_t3.gene.high.txt: EGFP,SOX9,KRT20,mKate2,AAVS1,LRIG1,ROSA26,CCR5,PROM1,CTRL 
DEBUG @ Sat, 13 Mar 2021 20:58:55: Column index:9 
INFO  @ Sat, 13 Mar 2021 20:58:55: Running command: rm S1A_c0_t3.plow.txt 
INFO  @ Sat, 13 Mar 2021 20:58:55: Running command: rm S1A_c0_t3.phigh.txt 
INFO  @ Sat, 13 Mar 2021 20:58:55: Running command: rm S1A_c0_t3.gene.low.txt 
INFO  @ Sat, 13 Mar 2021 20:58:55: Running command: rm S1A_c0_t3.gene.high.txt 
