INFO  @ Sat, 13 Mar 2021 20:58:46: Parameters: /opt/anaconda3/bin/mageck test -k S1A.txt -t 0 -c 1 -n S1A_c1_t0 --norm-method total --sort-criteria pos 
INFO  @ Sat, 13 Mar 2021 20:58:46: Welcome to MAGeCK v0.5.9.4. Command: test 
INFO  @ Sat, 13 Mar 2021 20:58:46: Loading count table from S1A.txt  
INFO  @ Sat, 13 Mar 2021 20:58:46: Processing 1 lines.. 
DEBUG @ Sat, 13 Mar 2021 20:58:46: Parsing error in line 1 (usually the header line). Skip this line. 
INFO  @ Sat, 13 Mar 2021 20:58:46: Loaded 76 records. 
INFO  @ Sat, 13 Mar 2021 20:58:46: Loading Rnw template file: /opt/anaconda3/lib/python3.8/site-packages/mageck/test_report.Rmd. 
DEBUG @ Sat, 13 Mar 2021 20:58:46: Setting up the visualization module... 
INFO  @ Sat, 13 Mar 2021 20:58:46: Loading R template file: /opt/anaconda3/lib/python3.8/site-packages/mageck/plot_template.RTemplate. 
INFO  @ Sat, 13 Mar 2021 20:58:46: Loading R template file: /opt/anaconda3/lib/python3.8/site-packages/mageck/plot_template_indvgene.RTemplate. 
INFO  @ Sat, 13 Mar 2021 20:58:46: Loading Rnw template file: /opt/anaconda3/lib/python3.8/site-packages/mageck/plot_template.Rnw. 
DEBUG @ Sat, 13 Mar 2021 20:58:46: Setting up the visualization module... 
DEBUG @ Sat, 13 Mar 2021 20:58:46: Given sample labels: 0 
DEBUG @ Sat, 13 Mar 2021 20:58:46: Converted index: 0 
INFO  @ Sat, 13 Mar 2021 20:58:46: Treatment samples:0 
INFO  @ Sat, 13 Mar 2021 20:58:46: Treatment sample index:0 
DEBUG @ Sat, 13 Mar 2021 20:58:46: Given sample labels: 1 
DEBUG @ Sat, 13 Mar 2021 20:58:46: Converted index: 1 
INFO  @ Sat, 13 Mar 2021 20:58:46: Control samples:1 
INFO  @ Sat, 13 Mar 2021 20:58:46: Control sample index:1 
DEBUG @ Sat, 13 Mar 2021 20:58:46: Initial (total) size factor: 2.2936302579621777 0.6393821267734611 
INFO  @ Sat, 13 Mar 2021 20:58:46: Final size factor: 2.2936302579621777 0.6393821267734611 
INFO  @ Sat, 13 Mar 2021 20:58:46: Detecting outliers from variance estimation.. Avg read count:[2381.975080933119], Var: [2159311.030515738] 
INFO  @ Sat, 13 Mar 2021 20:58:46: Skipping 1 sgRNAs from variance calculation because of their extreme high counts (> 4* STD (mean counts) ). 
DEBUG @ Sat, 13 Mar 2021 20:58:46: Adjusted model: 1.1416266174006293	3.6353898464231245 
INFO  @ Sat, 13 Mar 2021 20:58:46: Before RRA, 0 sgRNAs are removed with zero counts in both group(s). 
INFO  @ Sat, 13 Mar 2021 20:58:46: Use qnorm to reversely calculate sgRNA scores ... 
DEBUG @ Sat, 13 Mar 2021 20:58:46: lower test FDR cutoff: 0.2894736842105263 
DEBUG @ Sat, 13 Mar 2021 20:58:46: higher test FDR cutoff: 0.5 
INFO  @ Sat, 13 Mar 2021 20:58:46: Running command: RRA -i S1A_c1_t0.plow.txt -o S1A_c1_t0.gene.low.txt -p 0.2894736842105263 --skip-gene NA --skip-gene na  
INFO  @ Sat, 13 Mar 2021 20:58:46: Command message: 
INFO  @ Sat, 13 Mar 2021 20:58:46:   Welcome to RRA v 0.5.9. 
INFO  @ Sat, 13 Mar 2021 20:58:46:   Skipping gene NA for permutation ... 
INFO  @ Sat, 13 Mar 2021 20:58:46:   Skipping gene na for permutation ... 
INFO  @ Sat, 13 Mar 2021 20:58:46:   Reading input file... 
INFO  @ Sat, 13 Mar 2021 20:58:46:   Summary: 76 sgRNAs, 10 genes, 1 lists; skipped sgRNAs:0 
INFO  @ Sat, 13 Mar 2021 20:58:46:   Computing lo-values for each group... 
INFO  @ Sat, 13 Mar 2021 20:58:46:   Computing false discovery rate... 
INFO  @ Sat, 13 Mar 2021 20:58:46:   Increase the number of permutations to 10001 to get precise p values. To avoid this, use the --permutation option. 
INFO  @ Sat, 13 Mar 2021 20:58:46:   Permuting genes with 6 sgRNAs... 
INFO  @ Sat, 13 Mar 2021 20:58:46:   Permuting genes with 10 sgRNAs... 
INFO  @ Sat, 13 Mar 2021 20:58:46:   Number of genes under FDR adjustment: 10 
INFO  @ Sat, 13 Mar 2021 20:58:46:   Saving to output file... 
INFO  @ Sat, 13 Mar 2021 20:58:46:   RRA completed. 
INFO  @ Sat, 13 Mar 2021 20:58:46:    
INFO  @ Sat, 13 Mar 2021 20:58:46: End command message. 
INFO  @ Sat, 13 Mar 2021 20:58:46: Running command: RRA -i S1A_c1_t0.phigh.txt -o S1A_c1_t0.gene.high.txt -p 0.5 --skip-gene NA --skip-gene na  
INFO  @ Sat, 13 Mar 2021 20:58:46: Command message: 
INFO  @ Sat, 13 Mar 2021 20:58:46:   Welcome to RRA v 0.5.9. 
INFO  @ Sat, 13 Mar 2021 20:58:46:   Skipping gene NA for permutation ... 
INFO  @ Sat, 13 Mar 2021 20:58:46:   Skipping gene na for permutation ... 
INFO  @ Sat, 13 Mar 2021 20:58:46:   Reading input file... 
INFO  @ Sat, 13 Mar 2021 20:58:46:   Summary: 76 sgRNAs, 10 genes, 1 lists; skipped sgRNAs:0 
INFO  @ Sat, 13 Mar 2021 20:58:46:   Computing lo-values for each group... 
INFO  @ Sat, 13 Mar 2021 20:58:46:   Computing false discovery rate... 
INFO  @ Sat, 13 Mar 2021 20:58:46:   Increase the number of permutations to 10001 to get precise p values. To avoid this, use the --permutation option. 
INFO  @ Sat, 13 Mar 2021 20:58:46:   Permuting genes with 6 sgRNAs... 
INFO  @ Sat, 13 Mar 2021 20:58:46:   Permuting genes with 10 sgRNAs... 
INFO  @ Sat, 13 Mar 2021 20:58:46:   Number of genes under FDR adjustment: 10 
INFO  @ Sat, 13 Mar 2021 20:58:46:   Saving to output file... 
INFO  @ Sat, 13 Mar 2021 20:58:46:   RRA completed. 
INFO  @ Sat, 13 Mar 2021 20:58:46:    
INFO  @ Sat, 13 Mar 2021 20:58:46: End command message. 
DEBUG @ Sat, 13 Mar 2021 20:58:46: Sorting the merged items by positive selection... 
INFO  @ Sat, 13 Mar 2021 20:58:46: Loading top 10 genes from S1A_c1_t0.gene.low.txt: EGFP,SOX9,AAVS1,KRT20,PROM1,LRIG1,ROSA26,CCR5,CTRL,mKate2 
DEBUG @ Sat, 13 Mar 2021 20:58:46: Column index:3 
INFO  @ Sat, 13 Mar 2021 20:58:46: Loading top 10 genes from S1A_c1_t0.gene.high.txt: mKate2,CTRL,CCR5,ROSA26,PROM1,LRIG1,KRT20,AAVS1,SOX9,EGFP 
DEBUG @ Sat, 13 Mar 2021 20:58:46: Column index:9 
INFO  @ Sat, 13 Mar 2021 20:58:46: Running command: rm S1A_c1_t0.plow.txt 
INFO  @ Sat, 13 Mar 2021 20:58:46: Running command: rm S1A_c1_t0.phigh.txt 
INFO  @ Sat, 13 Mar 2021 20:58:46: Running command: rm S1A_c1_t0.gene.low.txt 
INFO  @ Sat, 13 Mar 2021 20:58:46: Running command: rm S1A_c1_t0.gene.high.txt 
