INFO  @ Sat, 13 Mar 2021 20:59:16: Parameters: /opt/anaconda3/bin/mageck test -k S1B.txt -t 0 -c 1 -n S1B_c1_t0 --norm-method total --sort-criteria pos 
INFO  @ Sat, 13 Mar 2021 20:59:16: Welcome to MAGeCK v0.5.9.4. Command: test 
INFO  @ Sat, 13 Mar 2021 20:59:16: Loading count table from S1B.txt  
INFO  @ Sat, 13 Mar 2021 20:59:16: Processing 1 lines.. 
DEBUG @ Sat, 13 Mar 2021 20:59:16: Parsing error in line 1 (usually the header line). Skip this line. 
INFO  @ Sat, 13 Mar 2021 20:59:16: Loaded 76 records. 
INFO  @ Sat, 13 Mar 2021 20:59:16: Loading Rnw template file: /opt/anaconda3/lib/python3.8/site-packages/mageck/test_report.Rmd. 
DEBUG @ Sat, 13 Mar 2021 20:59:16: Setting up the visualization module... 
INFO  @ Sat, 13 Mar 2021 20:59:16: Loading R template file: /opt/anaconda3/lib/python3.8/site-packages/mageck/plot_template.RTemplate. 
INFO  @ Sat, 13 Mar 2021 20:59:16: Loading R template file: /opt/anaconda3/lib/python3.8/site-packages/mageck/plot_template_indvgene.RTemplate. 
INFO  @ Sat, 13 Mar 2021 20:59:16: Loading Rnw template file: /opt/anaconda3/lib/python3.8/site-packages/mageck/plot_template.Rnw. 
DEBUG @ Sat, 13 Mar 2021 20:59:16: Setting up the visualization module... 
DEBUG @ Sat, 13 Mar 2021 20:59:16: Given sample labels: 0 
DEBUG @ Sat, 13 Mar 2021 20:59:16: Converted index: 0 
INFO  @ Sat, 13 Mar 2021 20:59:16: Treatment samples:0 
INFO  @ Sat, 13 Mar 2021 20:59:16: Treatment sample index:0 
DEBUG @ Sat, 13 Mar 2021 20:59:16: Given sample labels: 1 
DEBUG @ Sat, 13 Mar 2021 20:59:16: Converted index: 1 
INFO  @ Sat, 13 Mar 2021 20:59:16: Control samples:1 
INFO  @ Sat, 13 Mar 2021 20:59:16: Control sample index:1 
DEBUG @ Sat, 13 Mar 2021 20:59:16: Initial (total) size factor: 0.889468781215978 1.141899972622873 
INFO  @ Sat, 13 Mar 2021 20:59:16: Final size factor: 0.889468781215978 1.141899972622873 
INFO  @ Sat, 13 Mar 2021 20:59:16: Detecting outliers from variance estimation.. Avg read count:[906.1998484262731], Var: [303159.1789533107] 
DEBUG @ Sat, 13 Mar 2021 20:59:16: Adjusted model: 2.4087978869008593	0 
INFO  @ Sat, 13 Mar 2021 20:59:16: Before RRA, 0 sgRNAs are removed with zero counts in both group(s). 
INFO  @ Sat, 13 Mar 2021 20:59:16: Use qnorm to reversely calculate sgRNA scores ... 
DEBUG @ Sat, 13 Mar 2021 20:59:16: lower test FDR cutoff: 0.8552631578947368 
DEBUG @ Sat, 13 Mar 2021 20:59:16: higher test FDR cutoff: 0.01 
INFO  @ Sat, 13 Mar 2021 20:59:16: Running command: RRA -i S1B_c1_t0.plow.txt -o S1B_c1_t0.gene.low.txt -p 0.5 --skip-gene NA --skip-gene na  
INFO  @ Sat, 13 Mar 2021 20:59:16: Command message: 
INFO  @ Sat, 13 Mar 2021 20:59:16:   Welcome to RRA v 0.5.9. 
INFO  @ Sat, 13 Mar 2021 20:59:16:   Skipping gene NA for permutation ... 
INFO  @ Sat, 13 Mar 2021 20:59:16:   Skipping gene na for permutation ... 
INFO  @ Sat, 13 Mar 2021 20:59:16:   Reading input file... 
INFO  @ Sat, 13 Mar 2021 20:59:16:   Summary: 76 sgRNAs, 10 genes, 1 lists; skipped sgRNAs:0 
INFO  @ Sat, 13 Mar 2021 20:59:16:   Computing lo-values for each group... 
INFO  @ Sat, 13 Mar 2021 20:59:16:   Computing false discovery rate... 
INFO  @ Sat, 13 Mar 2021 20:59:16:   Increase the number of permutations to 10001 to get precise p values. To avoid this, use the --permutation option. 
INFO  @ Sat, 13 Mar 2021 20:59:16:   Permuting genes with 6 sgRNAs... 
INFO  @ Sat, 13 Mar 2021 20:59:16:   Permuting genes with 10 sgRNAs... 
INFO  @ Sat, 13 Mar 2021 20:59:16:   Number of genes under FDR adjustment: 10 
INFO  @ Sat, 13 Mar 2021 20:59:16:   Saving to output file... 
INFO  @ Sat, 13 Mar 2021 20:59:16:   RRA completed. 
INFO  @ Sat, 13 Mar 2021 20:59:16:    
INFO  @ Sat, 13 Mar 2021 20:59:16: End command message. 
INFO  @ Sat, 13 Mar 2021 20:59:16: Running command: RRA -i S1B_c1_t0.phigh.txt -o S1B_c1_t0.gene.high.txt -p 0.01 --skip-gene NA --skip-gene na  
INFO  @ Sat, 13 Mar 2021 20:59:17: Command message: 
INFO  @ Sat, 13 Mar 2021 20:59:17:   Welcome to RRA v 0.5.9. 
INFO  @ Sat, 13 Mar 2021 20:59:17:   Skipping gene NA for permutation ... 
INFO  @ Sat, 13 Mar 2021 20:59:17:   Skipping gene na for permutation ... 
INFO  @ Sat, 13 Mar 2021 20:59:17:   Reading input file... 
INFO  @ Sat, 13 Mar 2021 20:59:17:   Summary: 76 sgRNAs, 10 genes, 1 lists; skipped sgRNAs:0 
INFO  @ Sat, 13 Mar 2021 20:59:17:   Computing lo-values for each group... 
INFO  @ Sat, 13 Mar 2021 20:59:17:   Computing false discovery rate... 
INFO  @ Sat, 13 Mar 2021 20:59:17:   Increase the number of permutations to 10001 to get precise p values. To avoid this, use the --permutation option. 
INFO  @ Sat, 13 Mar 2021 20:59:17:   Permuting genes with 6 sgRNAs... 
INFO  @ Sat, 13 Mar 2021 20:59:17:   Permuting genes with 10 sgRNAs... 
INFO  @ Sat, 13 Mar 2021 20:59:17:   Number of genes under FDR adjustment: 10 
INFO  @ Sat, 13 Mar 2021 20:59:17:   Saving to output file... 
INFO  @ Sat, 13 Mar 2021 20:59:17:   RRA completed. 
INFO  @ Sat, 13 Mar 2021 20:59:17:    
INFO  @ Sat, 13 Mar 2021 20:59:17: End command message. 
DEBUG @ Sat, 13 Mar 2021 20:59:17: Sorting the merged items by positive selection... 
INFO  @ Sat, 13 Mar 2021 20:59:17: Loading top 10 genes from S1B_c1_t0.gene.low.txt: EGFP,SOX9,ROSA26,KRT20,CCR5,mKate2,AAVS1,PROM1,CTRL,LRIG1 
DEBUG @ Sat, 13 Mar 2021 20:59:17: Column index:3 
INFO  @ Sat, 13 Mar 2021 20:59:17: Loading top 10 genes from S1B_c1_t0.gene.high.txt: CTRL,AAVS1,CCR5,KRT20,LRIG1,mKate2,PROM1,ROSA26,SOX9,EGFP 
DEBUG @ Sat, 13 Mar 2021 20:59:17: Column index:9 
INFO  @ Sat, 13 Mar 2021 20:59:17: Running command: rm S1B_c1_t0.plow.txt 
INFO  @ Sat, 13 Mar 2021 20:59:17: Running command: rm S1B_c1_t0.phigh.txt 
INFO  @ Sat, 13 Mar 2021 20:59:17: Running command: rm S1B_c1_t0.gene.low.txt 
INFO  @ Sat, 13 Mar 2021 20:59:17: Running command: rm S1B_c1_t0.gene.high.txt 
