INFO  @ Sat, 13 Mar 2021 20:59:25: Parameters: /opt/anaconda3/bin/mageck test -k S1B.txt -t 3 -c 0 -n S1B_c0_t3 --norm-method total --sort-criteria pos 
INFO  @ Sat, 13 Mar 2021 20:59:25: Welcome to MAGeCK v0.5.9.4. Command: test 
INFO  @ Sat, 13 Mar 2021 20:59:25: Loading count table from S1B.txt  
INFO  @ Sat, 13 Mar 2021 20:59:25: Processing 1 lines.. 
DEBUG @ Sat, 13 Mar 2021 20:59:25: Parsing error in line 1 (usually the header line). Skip this line. 
INFO  @ Sat, 13 Mar 2021 20:59:25: Loaded 76 records. 
INFO  @ Sat, 13 Mar 2021 20:59:25: Loading Rnw template file: /opt/anaconda3/lib/python3.8/site-packages/mageck/test_report.Rmd. 
DEBUG @ Sat, 13 Mar 2021 20:59:25: Setting up the visualization module... 
INFO  @ Sat, 13 Mar 2021 20:59:25: Loading R template file: /opt/anaconda3/lib/python3.8/site-packages/mageck/plot_template.RTemplate. 
INFO  @ Sat, 13 Mar 2021 20:59:25: Loading R template file: /opt/anaconda3/lib/python3.8/site-packages/mageck/plot_template_indvgene.RTemplate. 
INFO  @ Sat, 13 Mar 2021 20:59:25: Loading Rnw template file: /opt/anaconda3/lib/python3.8/site-packages/mageck/plot_template.Rnw. 
DEBUG @ Sat, 13 Mar 2021 20:59:25: Setting up the visualization module... 
DEBUG @ Sat, 13 Mar 2021 20:59:25: Given sample labels: 3 
DEBUG @ Sat, 13 Mar 2021 20:59:25: Converted index: 3 
INFO  @ Sat, 13 Mar 2021 20:59:25: Treatment samples:3 
INFO  @ Sat, 13 Mar 2021 20:59:25: Treatment sample index:3 
DEBUG @ Sat, 13 Mar 2021 20:59:25: Given sample labels: 0 
DEBUG @ Sat, 13 Mar 2021 20:59:25: Converted index: 0 
INFO  @ Sat, 13 Mar 2021 20:59:25: Control samples:0 
INFO  @ Sat, 13 Mar 2021 20:59:25: Control sample index:0 
DEBUG @ Sat, 13 Mar 2021 20:59:25: Initial (total) size factor: 0.918625091857466 1.0971930609575604 
INFO  @ Sat, 13 Mar 2021 20:59:25: Final size factor: 0.918625091857466 1.0971930609575604 
INFO  @ Sat, 13 Mar 2021 20:59:25: Detecting outliers from variance estimation.. Avg read count:[729.3996425156935], Var: [203961.39346921386] 
DEBUG @ Sat, 13 Mar 2021 20:59:25: Adjusted model: 2.959044587563137	0 
INFO  @ Sat, 13 Mar 2021 20:59:25: Before RRA, 0 sgRNAs are removed with zero counts in both group(s). 
INFO  @ Sat, 13 Mar 2021 20:59:25: Use qnorm to reversely calculate sgRNA scores ... 
DEBUG @ Sat, 13 Mar 2021 20:59:25: lower test FDR cutoff: 0.9078947368421053 
DEBUG @ Sat, 13 Mar 2021 20:59:25: higher test FDR cutoff: 0.02631578947368421 
INFO  @ Sat, 13 Mar 2021 20:59:25: Running command: RRA -i S1B_c0_t3.plow.txt -o S1B_c0_t3.gene.low.txt -p 0.5 --skip-gene NA --skip-gene na  
INFO  @ Sat, 13 Mar 2021 20:59:25: Command message: 
INFO  @ Sat, 13 Mar 2021 20:59:25:   Welcome to RRA v 0.5.9. 
INFO  @ Sat, 13 Mar 2021 20:59:25:   Skipping gene NA for permutation ... 
INFO  @ Sat, 13 Mar 2021 20:59:25:   Skipping gene na for permutation ... 
INFO  @ Sat, 13 Mar 2021 20:59:25:   Reading input file... 
INFO  @ Sat, 13 Mar 2021 20:59:25:   Summary: 76 sgRNAs, 10 genes, 1 lists; skipped sgRNAs:0 
INFO  @ Sat, 13 Mar 2021 20:59:25:   Computing lo-values for each group... 
INFO  @ Sat, 13 Mar 2021 20:59:25:   Computing false discovery rate... 
INFO  @ Sat, 13 Mar 2021 20:59:25:   Increase the number of permutations to 10001 to get precise p values. To avoid this, use the --permutation option. 
INFO  @ Sat, 13 Mar 2021 20:59:25:   Permuting genes with 6 sgRNAs... 
INFO  @ Sat, 13 Mar 2021 20:59:25:   Permuting genes with 10 sgRNAs... 
INFO  @ Sat, 13 Mar 2021 20:59:25:   Number of genes under FDR adjustment: 10 
INFO  @ Sat, 13 Mar 2021 20:59:25:   Saving to output file... 
INFO  @ Sat, 13 Mar 2021 20:59:25:   RRA completed. 
INFO  @ Sat, 13 Mar 2021 20:59:25:    
INFO  @ Sat, 13 Mar 2021 20:59:25: End command message. 
INFO  @ Sat, 13 Mar 2021 20:59:25: Running command: RRA -i S1B_c0_t3.phigh.txt -o S1B_c0_t3.gene.high.txt -p 0.02631578947368421 --skip-gene NA --skip-gene na  
INFO  @ Sat, 13 Mar 2021 20:59:26: Command message: 
INFO  @ Sat, 13 Mar 2021 20:59:26:   Welcome to RRA v 0.5.9. 
INFO  @ Sat, 13 Mar 2021 20:59:26:   Skipping gene NA for permutation ... 
INFO  @ Sat, 13 Mar 2021 20:59:26:   Skipping gene na for permutation ... 
INFO  @ Sat, 13 Mar 2021 20:59:26:   Reading input file... 
INFO  @ Sat, 13 Mar 2021 20:59:26:   Summary: 76 sgRNAs, 10 genes, 1 lists; skipped sgRNAs:0 
INFO  @ Sat, 13 Mar 2021 20:59:26:   Computing lo-values for each group... 
INFO  @ Sat, 13 Mar 2021 20:59:26:   Computing false discovery rate... 
INFO  @ Sat, 13 Mar 2021 20:59:26:   Increase the number of permutations to 10001 to get precise p values. To avoid this, use the --permutation option. 
INFO  @ Sat, 13 Mar 2021 20:59:26:   Permuting genes with 6 sgRNAs... 
INFO  @ Sat, 13 Mar 2021 20:59:26:   Permuting genes with 10 sgRNAs... 
INFO  @ Sat, 13 Mar 2021 20:59:26:   Number of genes under FDR adjustment: 10 
INFO  @ Sat, 13 Mar 2021 20:59:26:   Saving to output file... 
INFO  @ Sat, 13 Mar 2021 20:59:26:   RRA completed. 
INFO  @ Sat, 13 Mar 2021 20:59:26:    
INFO  @ Sat, 13 Mar 2021 20:59:26: End command message. 
DEBUG @ Sat, 13 Mar 2021 20:59:26: Sorting the merged items by positive selection... 
INFO  @ Sat, 13 Mar 2021 20:59:26: Loading top 10 genes from S1B_c0_t3.gene.low.txt: CTRL,LRIG1,PROM1,CCR5,mKate2,ROSA26,KRT20,AAVS1,SOX9,EGFP 
DEBUG @ Sat, 13 Mar 2021 20:59:26: Column index:3 
INFO  @ Sat, 13 Mar 2021 20:59:26: Loading top 10 genes from S1B_c0_t3.gene.high.txt: EGFP,SOX9,PROM1,mKate2,CCR5,KRT20,AAVS1,CTRL,LRIG1,ROSA26 
DEBUG @ Sat, 13 Mar 2021 20:59:26: Column index:9 
INFO  @ Sat, 13 Mar 2021 20:59:26: Running command: rm S1B_c0_t3.plow.txt 
INFO  @ Sat, 13 Mar 2021 20:59:26: Running command: rm S1B_c0_t3.phigh.txt 
INFO  @ Sat, 13 Mar 2021 20:59:26: Running command: rm S1B_c0_t3.gene.low.txt 
INFO  @ Sat, 13 Mar 2021 20:59:26: Running command: rm S1B_c0_t3.gene.high.txt 
