INFO  @ Sat, 13 Mar 2021 20:59:20: Parameters: /opt/anaconda3/bin/mageck test -k S1B.txt -t 2 -c 0 -n S1B_c0_t2 --norm-method total --sort-criteria pos 
INFO  @ Sat, 13 Mar 2021 20:59:20: Welcome to MAGeCK v0.5.9.4. Command: test 
INFO  @ Sat, 13 Mar 2021 20:59:20: Loading count table from S1B.txt  
INFO  @ Sat, 13 Mar 2021 20:59:20: Processing 1 lines.. 
DEBUG @ Sat, 13 Mar 2021 20:59:20: Parsing error in line 1 (usually the header line). Skip this line. 
INFO  @ Sat, 13 Mar 2021 20:59:20: Loaded 76 records. 
INFO  @ Sat, 13 Mar 2021 20:59:20: Loading Rnw template file: /opt/anaconda3/lib/python3.8/site-packages/mageck/test_report.Rmd. 
DEBUG @ Sat, 13 Mar 2021 20:59:20: Setting up the visualization module... 
INFO  @ Sat, 13 Mar 2021 20:59:20: Loading R template file: /opt/anaconda3/lib/python3.8/site-packages/mageck/plot_template.RTemplate. 
INFO  @ Sat, 13 Mar 2021 20:59:20: Loading R template file: /opt/anaconda3/lib/python3.8/site-packages/mageck/plot_template_indvgene.RTemplate. 
INFO  @ Sat, 13 Mar 2021 20:59:20: Loading Rnw template file: /opt/anaconda3/lib/python3.8/site-packages/mageck/plot_template.Rnw. 
DEBUG @ Sat, 13 Mar 2021 20:59:20: Setting up the visualization module... 
DEBUG @ Sat, 13 Mar 2021 20:59:20: Given sample labels: 2 
DEBUG @ Sat, 13 Mar 2021 20:59:20: Converted index: 2 
INFO  @ Sat, 13 Mar 2021 20:59:20: Treatment samples:2 
INFO  @ Sat, 13 Mar 2021 20:59:20: Treatment sample index:2 
DEBUG @ Sat, 13 Mar 2021 20:59:20: Given sample labels: 0 
DEBUG @ Sat, 13 Mar 2021 20:59:20: Converted index: 0 
INFO  @ Sat, 13 Mar 2021 20:59:20: Control samples:0 
INFO  @ Sat, 13 Mar 2021 20:59:20: Control sample index:0 
DEBUG @ Sat, 13 Mar 2021 20:59:20: Initial (total) size factor: 0.9576014754830622 1.0463269097550223 
INFO  @ Sat, 13 Mar 2021 20:59:20: Final size factor: 0.9576014754830622 1.0463269097550223 
INFO  @ Sat, 13 Mar 2021 20:59:20: Detecting outliers from variance estimation.. Avg read count:[776.6911479813364], Var: [241401.36083411908] 
DEBUG @ Sat, 13 Mar 2021 20:59:20: Adjusted model: 3.055913422173736	0 
INFO  @ Sat, 13 Mar 2021 20:59:20: Before RRA, 0 sgRNAs are removed with zero counts in both group(s). 
INFO  @ Sat, 13 Mar 2021 20:59:20: Use qnorm to reversely calculate sgRNA scores ... 
DEBUG @ Sat, 13 Mar 2021 20:59:20: lower test FDR cutoff: 0.9210526315789473 
DEBUG @ Sat, 13 Mar 2021 20:59:20: higher test FDR cutoff: 0.02631578947368421 
INFO  @ Sat, 13 Mar 2021 20:59:20: Running command: RRA -i S1B_c0_t2.plow.txt -o S1B_c0_t2.gene.low.txt -p 0.5 --skip-gene NA --skip-gene na  
INFO  @ Sat, 13 Mar 2021 20:59:20: Command message: 
INFO  @ Sat, 13 Mar 2021 20:59:20:   Welcome to RRA v 0.5.9. 
INFO  @ Sat, 13 Mar 2021 20:59:20:   Skipping gene NA for permutation ... 
INFO  @ Sat, 13 Mar 2021 20:59:20:   Skipping gene na for permutation ... 
INFO  @ Sat, 13 Mar 2021 20:59:20:   Reading input file... 
INFO  @ Sat, 13 Mar 2021 20:59:20:   Summary: 76 sgRNAs, 10 genes, 1 lists; skipped sgRNAs:0 
INFO  @ Sat, 13 Mar 2021 20:59:21:   Computing lo-values for each group... 
INFO  @ Sat, 13 Mar 2021 20:59:21:   Computing false discovery rate... 
INFO  @ Sat, 13 Mar 2021 20:59:21:   Increase the number of permutations to 10001 to get precise p values. To avoid this, use the --permutation option. 
INFO  @ Sat, 13 Mar 2021 20:59:21:   Permuting genes with 6 sgRNAs... 
INFO  @ Sat, 13 Mar 2021 20:59:21:   Permuting genes with 10 sgRNAs... 
INFO  @ Sat, 13 Mar 2021 20:59:21:   Number of genes under FDR adjustment: 10 
INFO  @ Sat, 13 Mar 2021 20:59:21:   Saving to output file... 
INFO  @ Sat, 13 Mar 2021 20:59:21:   RRA completed. 
INFO  @ Sat, 13 Mar 2021 20:59:21:    
INFO  @ Sat, 13 Mar 2021 20:59:21: End command message. 
INFO  @ Sat, 13 Mar 2021 20:59:21: Running command: RRA -i S1B_c0_t2.phigh.txt -o S1B_c0_t2.gene.high.txt -p 0.02631578947368421 --skip-gene NA --skip-gene na  
INFO  @ Sat, 13 Mar 2021 20:59:21: Command message: 
INFO  @ Sat, 13 Mar 2021 20:59:21:   Welcome to RRA v 0.5.9. 
INFO  @ Sat, 13 Mar 2021 20:59:21:   Skipping gene NA for permutation ... 
INFO  @ Sat, 13 Mar 2021 20:59:21:   Skipping gene na for permutation ... 
INFO  @ Sat, 13 Mar 2021 20:59:21:   Reading input file... 
INFO  @ Sat, 13 Mar 2021 20:59:21:   Summary: 76 sgRNAs, 10 genes, 1 lists; skipped sgRNAs:0 
INFO  @ Sat, 13 Mar 2021 20:59:21:   Computing lo-values for each group... 
INFO  @ Sat, 13 Mar 2021 20:59:21:   Computing false discovery rate... 
INFO  @ Sat, 13 Mar 2021 20:59:21:   Increase the number of permutations to 10001 to get precise p values. To avoid this, use the --permutation option. 
INFO  @ Sat, 13 Mar 2021 20:59:21:   Permuting genes with 6 sgRNAs... 
INFO  @ Sat, 13 Mar 2021 20:59:21:   Permuting genes with 10 sgRNAs... 
INFO  @ Sat, 13 Mar 2021 20:59:21:   Number of genes under FDR adjustment: 10 
INFO  @ Sat, 13 Mar 2021 20:59:21:   Saving to output file... 
INFO  @ Sat, 13 Mar 2021 20:59:21:   RRA completed. 
INFO  @ Sat, 13 Mar 2021 20:59:21:    
INFO  @ Sat, 13 Mar 2021 20:59:21: End command message. 
DEBUG @ Sat, 13 Mar 2021 20:59:21: Sorting the merged items by positive selection... 
INFO  @ Sat, 13 Mar 2021 20:59:21: Loading top 10 genes from S1B_c0_t2.gene.low.txt: ROSA26,CTRL,PROM1,LRIG1,CCR5,mKate2,KRT20,AAVS1,SOX9,EGFP 
DEBUG @ Sat, 13 Mar 2021 20:59:21: Column index:3 
INFO  @ Sat, 13 Mar 2021 20:59:21: Loading top 10 genes from S1B_c0_t2.gene.high.txt: EGFP,SOX9,mKate2,PROM1,KRT20,AAVS1,CCR5,CTRL,LRIG1,ROSA26 
DEBUG @ Sat, 13 Mar 2021 20:59:21: Column index:9 
INFO  @ Sat, 13 Mar 2021 20:59:21: Running command: rm S1B_c0_t2.plow.txt 
INFO  @ Sat, 13 Mar 2021 20:59:21: Running command: rm S1B_c0_t2.phigh.txt 
INFO  @ Sat, 13 Mar 2021 20:59:21: Running command: rm S1B_c0_t2.gene.low.txt 
INFO  @ Sat, 13 Mar 2021 20:59:21: Running command: rm S1B_c0_t2.gene.high.txt 
