INFO  @ Sat, 13 Mar 2021 20:59:12: Parameters: /opt/anaconda3/bin/mageck test -k S1B.txt -t 1 -c 0 -n S1B_c0_t1 --norm-method total --sort-criteria pos 
INFO  @ Sat, 13 Mar 2021 20:59:12: Welcome to MAGeCK v0.5.9.4. Command: test 
INFO  @ Sat, 13 Mar 2021 20:59:12: Loading count table from S1B.txt  
INFO  @ Sat, 13 Mar 2021 20:59:12: Processing 1 lines.. 
DEBUG @ Sat, 13 Mar 2021 20:59:12: Parsing error in line 1 (usually the header line). Skip this line. 
INFO  @ Sat, 13 Mar 2021 20:59:12: Loaded 76 records. 
INFO  @ Sat, 13 Mar 2021 20:59:12: Loading Rnw template file: /opt/anaconda3/lib/python3.8/site-packages/mageck/test_report.Rmd. 
DEBUG @ Sat, 13 Mar 2021 20:59:12: Setting up the visualization module... 
INFO  @ Sat, 13 Mar 2021 20:59:12: Loading R template file: /opt/anaconda3/lib/python3.8/site-packages/mageck/plot_template.RTemplate. 
INFO  @ Sat, 13 Mar 2021 20:59:12: Loading R template file: /opt/anaconda3/lib/python3.8/site-packages/mageck/plot_template_indvgene.RTemplate. 
INFO  @ Sat, 13 Mar 2021 20:59:12: Loading Rnw template file: /opt/anaconda3/lib/python3.8/site-packages/mageck/plot_template.Rnw. 
DEBUG @ Sat, 13 Mar 2021 20:59:12: Setting up the visualization module... 
DEBUG @ Sat, 13 Mar 2021 20:59:12: Given sample labels: 1 
DEBUG @ Sat, 13 Mar 2021 20:59:12: Converted index: 1 
INFO  @ Sat, 13 Mar 2021 20:59:12: Treatment samples:1 
INFO  @ Sat, 13 Mar 2021 20:59:12: Treatment sample index:1 
DEBUG @ Sat, 13 Mar 2021 20:59:12: Given sample labels: 0 
DEBUG @ Sat, 13 Mar 2021 20:59:12: Converted index: 0 
INFO  @ Sat, 13 Mar 2021 20:59:12: Control samples:0 
INFO  @ Sat, 13 Mar 2021 20:59:12: Control sample index:0 
DEBUG @ Sat, 13 Mar 2021 20:59:12: Initial (total) size factor: 1.141899972622873 0.889468781215978 
INFO  @ Sat, 13 Mar 2021 20:59:12: Final size factor: 1.141899972622873 0.889468781215978 
INFO  @ Sat, 13 Mar 2021 20:59:12: Detecting outliers from variance estimation.. Avg read count:[906.1998484262731], Var: [303159.1789533107] 
DEBUG @ Sat, 13 Mar 2021 20:59:12: Adjusted model: 2.4087978869008593	0 
INFO  @ Sat, 13 Mar 2021 20:59:12: Before RRA, 0 sgRNAs are removed with zero counts in both group(s). 
INFO  @ Sat, 13 Mar 2021 20:59:12: Use qnorm to reversely calculate sgRNA scores ... 
DEBUG @ Sat, 13 Mar 2021 20:59:12: lower test FDR cutoff: 0.8552631578947368 
DEBUG @ Sat, 13 Mar 2021 20:59:12: higher test FDR cutoff: 0.07894736842105263 
INFO  @ Sat, 13 Mar 2021 20:59:12: Running command: RRA -i S1B_c0_t1.plow.txt -o S1B_c0_t1.gene.low.txt -p 0.5 --skip-gene NA --skip-gene na  
INFO  @ Sat, 13 Mar 2021 20:59:12: Command message: 
INFO  @ Sat, 13 Mar 2021 20:59:12:   Welcome to RRA v 0.5.9. 
INFO  @ Sat, 13 Mar 2021 20:59:12:   Skipping gene NA for permutation ... 
INFO  @ Sat, 13 Mar 2021 20:59:12:   Skipping gene na for permutation ... 
INFO  @ Sat, 13 Mar 2021 20:59:12:   Reading input file... 
INFO  @ Sat, 13 Mar 2021 20:59:12:   Summary: 76 sgRNAs, 10 genes, 1 lists; skipped sgRNAs:0 
INFO  @ Sat, 13 Mar 2021 20:59:12:   Computing lo-values for each group... 
INFO  @ Sat, 13 Mar 2021 20:59:12:   Computing false discovery rate... 
INFO  @ Sat, 13 Mar 2021 20:59:12:   Increase the number of permutations to 10001 to get precise p values. To avoid this, use the --permutation option. 
INFO  @ Sat, 13 Mar 2021 20:59:12:   Permuting genes with 6 sgRNAs... 
INFO  @ Sat, 13 Mar 2021 20:59:12:   Permuting genes with 10 sgRNAs... 
INFO  @ Sat, 13 Mar 2021 20:59:12:   Number of genes under FDR adjustment: 10 
INFO  @ Sat, 13 Mar 2021 20:59:12:   Saving to output file... 
INFO  @ Sat, 13 Mar 2021 20:59:12:   RRA completed. 
INFO  @ Sat, 13 Mar 2021 20:59:12:    
INFO  @ Sat, 13 Mar 2021 20:59:12: End command message. 
INFO  @ Sat, 13 Mar 2021 20:59:12: Running command: RRA -i S1B_c0_t1.phigh.txt -o S1B_c0_t1.gene.high.txt -p 0.07894736842105263 --skip-gene NA --skip-gene na  
INFO  @ Sat, 13 Mar 2021 20:59:12: Command message: 
INFO  @ Sat, 13 Mar 2021 20:59:12:   Welcome to RRA v 0.5.9. 
INFO  @ Sat, 13 Mar 2021 20:59:12:   Skipping gene NA for permutation ... 
INFO  @ Sat, 13 Mar 2021 20:59:12:   Skipping gene na for permutation ... 
INFO  @ Sat, 13 Mar 2021 20:59:12:   Reading input file... 
INFO  @ Sat, 13 Mar 2021 20:59:12:   Summary: 76 sgRNAs, 10 genes, 1 lists; skipped sgRNAs:0 
INFO  @ Sat, 13 Mar 2021 20:59:12:   Computing lo-values for each group... 
INFO  @ Sat, 13 Mar 2021 20:59:12:   Computing false discovery rate... 
INFO  @ Sat, 13 Mar 2021 20:59:12:   Increase the number of permutations to 10001 to get precise p values. To avoid this, use the --permutation option. 
INFO  @ Sat, 13 Mar 2021 20:59:12:   Permuting genes with 6 sgRNAs... 
INFO  @ Sat, 13 Mar 2021 20:59:12:   Permuting genes with 10 sgRNAs... 
INFO  @ Sat, 13 Mar 2021 20:59:12:   Number of genes under FDR adjustment: 10 
INFO  @ Sat, 13 Mar 2021 20:59:12:   Saving to output file... 
INFO  @ Sat, 13 Mar 2021 20:59:12:   RRA completed. 
INFO  @ Sat, 13 Mar 2021 20:59:12:    
INFO  @ Sat, 13 Mar 2021 20:59:12: End command message. 
DEBUG @ Sat, 13 Mar 2021 20:59:12: Sorting the merged items by positive selection... 
INFO  @ Sat, 13 Mar 2021 20:59:12: Loading top 10 genes from S1B_c0_t1.gene.low.txt: CTRL,CCR5,PROM1,mKate2,ROSA26,AAVS1,LRIG1,KRT20,SOX9,EGFP 
DEBUG @ Sat, 13 Mar 2021 20:59:12: Column index:3 
INFO  @ Sat, 13 Mar 2021 20:59:12: Loading top 10 genes from S1B_c0_t1.gene.high.txt: EGFP,SOX9,PROM1,CTRL,ROSA26,mKate2,CCR5,AAVS1,KRT20,LRIG1 
DEBUG @ Sat, 13 Mar 2021 20:59:12: Column index:9 
INFO  @ Sat, 13 Mar 2021 20:59:12: Running command: rm S1B_c0_t1.plow.txt 
INFO  @ Sat, 13 Mar 2021 20:59:12: Running command: rm S1B_c0_t1.phigh.txt 
INFO  @ Sat, 13 Mar 2021 20:59:12: Running command: rm S1B_c0_t1.gene.low.txt 
INFO  @ Sat, 13 Mar 2021 20:59:12: Running command: rm S1B_c0_t1.gene.high.txt 
