INFO  @ Sat, 13 Mar 2021 20:59:29: Parameters: /opt/anaconda3/bin/mageck test -k S1B.txt -t 2 -c 1 -n S1B_c1_t2 --norm-method total --sort-criteria pos 
INFO  @ Sat, 13 Mar 2021 20:59:29: Welcome to MAGeCK v0.5.9.4. Command: test 
INFO  @ Sat, 13 Mar 2021 20:59:29: Loading count table from S1B.txt  
INFO  @ Sat, 13 Mar 2021 20:59:29: Processing 1 lines.. 
DEBUG @ Sat, 13 Mar 2021 20:59:29: Parsing error in line 1 (usually the header line). Skip this line. 
INFO  @ Sat, 13 Mar 2021 20:59:29: Loaded 76 records. 
INFO  @ Sat, 13 Mar 2021 20:59:29: Loading Rnw template file: /opt/anaconda3/lib/python3.8/site-packages/mageck/test_report.Rmd. 
DEBUG @ Sat, 13 Mar 2021 20:59:29: Setting up the visualization module... 
INFO  @ Sat, 13 Mar 2021 20:59:29: Loading R template file: /opt/anaconda3/lib/python3.8/site-packages/mageck/plot_template.RTemplate. 
INFO  @ Sat, 13 Mar 2021 20:59:29: Loading R template file: /opt/anaconda3/lib/python3.8/site-packages/mageck/plot_template_indvgene.RTemplate. 
INFO  @ Sat, 13 Mar 2021 20:59:29: Loading Rnw template file: /opt/anaconda3/lib/python3.8/site-packages/mageck/plot_template.Rnw. 
DEBUG @ Sat, 13 Mar 2021 20:59:29: Setting up the visualization module... 
DEBUG @ Sat, 13 Mar 2021 20:59:29: Given sample labels: 2 
DEBUG @ Sat, 13 Mar 2021 20:59:29: Converted index: 2 
INFO  @ Sat, 13 Mar 2021 20:59:29: Treatment samples:2 
INFO  @ Sat, 13 Mar 2021 20:59:29: Treatment sample index:2 
DEBUG @ Sat, 13 Mar 2021 20:59:29: Given sample labels: 1 
DEBUG @ Sat, 13 Mar 2021 20:59:29: Converted index: 1 
INFO  @ Sat, 13 Mar 2021 20:59:29: Control samples:1 
INFO  @ Sat, 13 Mar 2021 20:59:29: Control sample index:1 
DEBUG @ Sat, 13 Mar 2021 20:59:29: Initial (total) size factor: 0.856442977878043 1.2013744568297753 
INFO  @ Sat, 13 Mar 2021 20:59:29: Final size factor: 0.856442977878043 1.2013744568297753 
INFO  @ Sat, 13 Mar 2021 20:59:29: Detecting outliers from variance estimation.. Avg read count:[794.3281382504083], Var: [595157.1033257063] 
INFO  @ Sat, 13 Mar 2021 20:59:29: Skipping 1 sgRNAs from variance calculation because of their extreme high counts (> 4* STD (mean counts) ). 
DEBUG @ Sat, 13 Mar 2021 20:59:29: Adjusted model: 2.2293898530951566	0 
INFO  @ Sat, 13 Mar 2021 20:59:29: Before RRA, 0 sgRNAs are removed with zero counts in both group(s). 
INFO  @ Sat, 13 Mar 2021 20:59:29: Use qnorm to reversely calculate sgRNA scores ... 
DEBUG @ Sat, 13 Mar 2021 20:59:29: lower test FDR cutoff: 0.5 
DEBUG @ Sat, 13 Mar 2021 20:59:29: higher test FDR cutoff: 0.01 
INFO  @ Sat, 13 Mar 2021 20:59:29: Running command: RRA -i S1B_c1_t2.plow.txt -o S1B_c1_t2.gene.low.txt -p 0.5 --skip-gene NA --skip-gene na  
INFO  @ Sat, 13 Mar 2021 20:59:30: Command message: 
INFO  @ Sat, 13 Mar 2021 20:59:30:   Welcome to RRA v 0.5.9. 
INFO  @ Sat, 13 Mar 2021 20:59:30:   Skipping gene NA for permutation ... 
INFO  @ Sat, 13 Mar 2021 20:59:30:   Skipping gene na for permutation ... 
INFO  @ Sat, 13 Mar 2021 20:59:30:   Reading input file... 
INFO  @ Sat, 13 Mar 2021 20:59:30:   Summary: 76 sgRNAs, 10 genes, 1 lists; skipped sgRNAs:0 
INFO  @ Sat, 13 Mar 2021 20:59:30:   Computing lo-values for each group... 
INFO  @ Sat, 13 Mar 2021 20:59:30:   Computing false discovery rate... 
INFO  @ Sat, 13 Mar 2021 20:59:30:   Increase the number of permutations to 10001 to get precise p values. To avoid this, use the --permutation option. 
INFO  @ Sat, 13 Mar 2021 20:59:30:   Permuting genes with 6 sgRNAs... 
INFO  @ Sat, 13 Mar 2021 20:59:30:   Permuting genes with 10 sgRNAs... 
INFO  @ Sat, 13 Mar 2021 20:59:30:   Number of genes under FDR adjustment: 10 
INFO  @ Sat, 13 Mar 2021 20:59:30:   Saving to output file... 
INFO  @ Sat, 13 Mar 2021 20:59:30:   RRA completed. 
INFO  @ Sat, 13 Mar 2021 20:59:30:    
INFO  @ Sat, 13 Mar 2021 20:59:30: End command message. 
INFO  @ Sat, 13 Mar 2021 20:59:30: Running command: RRA -i S1B_c1_t2.phigh.txt -o S1B_c1_t2.gene.high.txt -p 0.01 --skip-gene NA --skip-gene na  
INFO  @ Sat, 13 Mar 2021 20:59:30: Command message: 
INFO  @ Sat, 13 Mar 2021 20:59:30:   Welcome to RRA v 0.5.9. 
INFO  @ Sat, 13 Mar 2021 20:59:30:   Skipping gene NA for permutation ... 
INFO  @ Sat, 13 Mar 2021 20:59:30:   Skipping gene na for permutation ... 
INFO  @ Sat, 13 Mar 2021 20:59:30:   Reading input file... 
INFO  @ Sat, 13 Mar 2021 20:59:30:   Summary: 76 sgRNAs, 10 genes, 1 lists; skipped sgRNAs:0 
INFO  @ Sat, 13 Mar 2021 20:59:30:   Computing lo-values for each group... 
INFO  @ Sat, 13 Mar 2021 20:59:30:   Computing false discovery rate... 
INFO  @ Sat, 13 Mar 2021 20:59:30:   Increase the number of permutations to 10001 to get precise p values. To avoid this, use the --permutation option. 
INFO  @ Sat, 13 Mar 2021 20:59:30:   Permuting genes with 6 sgRNAs... 
INFO  @ Sat, 13 Mar 2021 20:59:30:   Permuting genes with 10 sgRNAs... 
INFO  @ Sat, 13 Mar 2021 20:59:30:   Number of genes under FDR adjustment: 10 
INFO  @ Sat, 13 Mar 2021 20:59:30:   Saving to output file... 
INFO  @ Sat, 13 Mar 2021 20:59:30:   RRA completed. 
INFO  @ Sat, 13 Mar 2021 20:59:30:    
INFO  @ Sat, 13 Mar 2021 20:59:30: End command message. 
DEBUG @ Sat, 13 Mar 2021 20:59:30: Sorting the merged items by positive selection... 
INFO  @ Sat, 13 Mar 2021 20:59:30: Loading top 10 genes from S1B_c1_t2.gene.low.txt: PROM1,LRIG1,ROSA26,CTRL,AAVS1,CCR5,KRT20,mKate2,SOX9,EGFP 
DEBUG @ Sat, 13 Mar 2021 20:59:30: Column index:3 
INFO  @ Sat, 13 Mar 2021 20:59:30: Loading top 10 genes from S1B_c1_t2.gene.high.txt: EGFP,SOX9,CCR5,AAVS1,mKate2,CTRL,KRT20,ROSA26,LRIG1,PROM1 
DEBUG @ Sat, 13 Mar 2021 20:59:30: Column index:9 
INFO  @ Sat, 13 Mar 2021 20:59:30: Running command: rm S1B_c1_t2.plow.txt 
INFO  @ Sat, 13 Mar 2021 20:59:30: Running command: rm S1B_c1_t2.phigh.txt 
INFO  @ Sat, 13 Mar 2021 20:59:30: Running command: rm S1B_c1_t2.gene.low.txt 
INFO  @ Sat, 13 Mar 2021 20:59:30: Running command: rm S1B_c1_t2.gene.high.txt 
