INFO  @ Sat, 13 Mar 2021 21:00:43: Parameters: /opt/anaconda3/bin/mageck test -k S2A.txt -t 3 -c 0 -n S2A_c0_t3 --norm-method total --sort-criteria pos 
INFO  @ Sat, 13 Mar 2021 21:00:43: Welcome to MAGeCK v0.5.9.4. Command: test 
INFO  @ Sat, 13 Mar 2021 21:00:43: Loading count table from S2A.txt  
INFO  @ Sat, 13 Mar 2021 21:00:43: Processing 1 lines.. 
DEBUG @ Sat, 13 Mar 2021 21:00:43: Parsing error in line 1 (usually the header line). Skip this line. 
INFO  @ Sat, 13 Mar 2021 21:00:43: Loaded 76 records. 
INFO  @ Sat, 13 Mar 2021 21:00:43: Loading Rnw template file: /opt/anaconda3/lib/python3.8/site-packages/mageck/test_report.Rmd. 
DEBUG @ Sat, 13 Mar 2021 21:00:43: Setting up the visualization module... 
INFO  @ Sat, 13 Mar 2021 21:00:43: Loading R template file: /opt/anaconda3/lib/python3.8/site-packages/mageck/plot_template.RTemplate. 
INFO  @ Sat, 13 Mar 2021 21:00:43: Loading R template file: /opt/anaconda3/lib/python3.8/site-packages/mageck/plot_template_indvgene.RTemplate. 
INFO  @ Sat, 13 Mar 2021 21:00:43: Loading Rnw template file: /opt/anaconda3/lib/python3.8/site-packages/mageck/plot_template.Rnw. 
DEBUG @ Sat, 13 Mar 2021 21:00:43: Setting up the visualization module... 
DEBUG @ Sat, 13 Mar 2021 21:00:43: Given sample labels: 3 
DEBUG @ Sat, 13 Mar 2021 21:00:43: Converted index: 3 
INFO  @ Sat, 13 Mar 2021 21:00:43: Treatment samples:3 
INFO  @ Sat, 13 Mar 2021 21:00:43: Treatment sample index:3 
DEBUG @ Sat, 13 Mar 2021 21:00:43: Given sample labels: 0 
DEBUG @ Sat, 13 Mar 2021 21:00:43: Converted index: 0 
INFO  @ Sat, 13 Mar 2021 21:00:43: Control samples:0 
INFO  @ Sat, 13 Mar 2021 21:00:43: Control sample index:0 
DEBUG @ Sat, 13 Mar 2021 21:00:43: Initial (total) size factor: 0.9586448293576856 1.0450840912130535 
INFO  @ Sat, 13 Mar 2021 21:00:43: Final size factor: 0.9586448293576856 1.0450840912130535 
INFO  @ Sat, 13 Mar 2021 21:00:43: Detecting outliers from variance estimation.. Avg read count:[1464.075965853623], Var: [607984.701107703] 
DEBUG @ Sat, 13 Mar 2021 21:00:43: Adjusted model: 2.4433650833168645	0 
INFO  @ Sat, 13 Mar 2021 21:00:43: Before RRA, 0 sgRNAs are removed with zero counts in both group(s). 
INFO  @ Sat, 13 Mar 2021 21:00:43: Use qnorm to reversely calculate sgRNA scores ... 
DEBUG @ Sat, 13 Mar 2021 21:00:43: lower test FDR cutoff: 0.881578947368421 
DEBUG @ Sat, 13 Mar 2021 21:00:43: higher test FDR cutoff: 0.01 
INFO  @ Sat, 13 Mar 2021 21:00:43: Running command: RRA -i S2A_c0_t3.plow.txt -o S2A_c0_t3.gene.low.txt -p 0.5 --skip-gene NA --skip-gene na  
INFO  @ Sat, 13 Mar 2021 21:00:43: Command message: 
INFO  @ Sat, 13 Mar 2021 21:00:43:   Welcome to RRA v 0.5.9. 
INFO  @ Sat, 13 Mar 2021 21:00:43:   Skipping gene NA for permutation ... 
INFO  @ Sat, 13 Mar 2021 21:00:43:   Skipping gene na for permutation ... 
INFO  @ Sat, 13 Mar 2021 21:00:43:   Reading input file... 
INFO  @ Sat, 13 Mar 2021 21:00:43:   Summary: 76 sgRNAs, 10 genes, 1 lists; skipped sgRNAs:0 
INFO  @ Sat, 13 Mar 2021 21:00:43:   Computing lo-values for each group... 
INFO  @ Sat, 13 Mar 2021 21:00:43:   Computing false discovery rate... 
INFO  @ Sat, 13 Mar 2021 21:00:43:   Increase the number of permutations to 10001 to get precise p values. To avoid this, use the --permutation option. 
INFO  @ Sat, 13 Mar 2021 21:00:43:   Permuting genes with 6 sgRNAs... 
INFO  @ Sat, 13 Mar 2021 21:00:43:   Permuting genes with 10 sgRNAs... 
INFO  @ Sat, 13 Mar 2021 21:00:43:   Number of genes under FDR adjustment: 10 
INFO  @ Sat, 13 Mar 2021 21:00:43:   Saving to output file... 
INFO  @ Sat, 13 Mar 2021 21:00:43:   RRA completed. 
INFO  @ Sat, 13 Mar 2021 21:00:43:    
INFO  @ Sat, 13 Mar 2021 21:00:43: End command message. 
INFO  @ Sat, 13 Mar 2021 21:00:43: Running command: RRA -i S2A_c0_t3.phigh.txt -o S2A_c0_t3.gene.high.txt -p 0.01 --skip-gene NA --skip-gene na  
INFO  @ Sat, 13 Mar 2021 21:00:43: Command message: 
INFO  @ Sat, 13 Mar 2021 21:00:43:   Welcome to RRA v 0.5.9. 
INFO  @ Sat, 13 Mar 2021 21:00:43:   Skipping gene NA for permutation ... 
INFO  @ Sat, 13 Mar 2021 21:00:43:   Skipping gene na for permutation ... 
INFO  @ Sat, 13 Mar 2021 21:00:43:   Reading input file... 
INFO  @ Sat, 13 Mar 2021 21:00:43:   Summary: 76 sgRNAs, 10 genes, 1 lists; skipped sgRNAs:0 
INFO  @ Sat, 13 Mar 2021 21:00:43:   Computing lo-values for each group... 
INFO  @ Sat, 13 Mar 2021 21:00:43:   Computing false discovery rate... 
INFO  @ Sat, 13 Mar 2021 21:00:43:   Increase the number of permutations to 10001 to get precise p values. To avoid this, use the --permutation option. 
INFO  @ Sat, 13 Mar 2021 21:00:43:   Permuting genes with 6 sgRNAs... 
INFO  @ Sat, 13 Mar 2021 21:00:43:   Permuting genes with 10 sgRNAs... 
INFO  @ Sat, 13 Mar 2021 21:00:43:   Number of genes under FDR adjustment: 10 
INFO  @ Sat, 13 Mar 2021 21:00:43:   Saving to output file... 
INFO  @ Sat, 13 Mar 2021 21:00:43:   RRA completed. 
INFO  @ Sat, 13 Mar 2021 21:00:43:    
INFO  @ Sat, 13 Mar 2021 21:00:43: End command message. 
DEBUG @ Sat, 13 Mar 2021 21:00:43: Sorting the merged items by positive selection... 
INFO  @ Sat, 13 Mar 2021 21:00:43: Loading top 10 genes from S2A_c0_t3.gene.low.txt: PROM1,LRIG1,ROSA26,AAVS1,EGFP,CCR5,KRT20,CTRL,SOX9,mKate2 
DEBUG @ Sat, 13 Mar 2021 21:00:43: Column index:3 
INFO  @ Sat, 13 Mar 2021 21:00:43: Loading top 10 genes from S2A_c0_t3.gene.high.txt: mKate2,SOX9,EGFP,CCR5,AAVS1,CTRL,LRIG1,ROSA26,PROM1,KRT20 
DEBUG @ Sat, 13 Mar 2021 21:00:43: Column index:9 
INFO  @ Sat, 13 Mar 2021 21:00:43: Running command: rm S2A_c0_t3.plow.txt 
INFO  @ Sat, 13 Mar 2021 21:00:43: Running command: rm S2A_c0_t3.phigh.txt 
INFO  @ Sat, 13 Mar 2021 21:00:43: Running command: rm S2A_c0_t3.gene.low.txt 
INFO  @ Sat, 13 Mar 2021 21:00:43: Running command: rm S2A_c0_t3.gene.high.txt 
