INFO  @ Sat, 13 Mar 2021 21:00:31: Parameters: /opt/anaconda3/bin/mageck test -k S2A.txt -t 1 -c 0 -n S2A_c0_t1 --norm-method total --sort-criteria pos 
INFO  @ Sat, 13 Mar 2021 21:00:31: Welcome to MAGeCK v0.5.9.4. Command: test 
INFO  @ Sat, 13 Mar 2021 21:00:31: Loading count table from S2A.txt  
INFO  @ Sat, 13 Mar 2021 21:00:31: Processing 1 lines.. 
DEBUG @ Sat, 13 Mar 2021 21:00:31: Parsing error in line 1 (usually the header line). Skip this line. 
INFO  @ Sat, 13 Mar 2021 21:00:31: Loaded 76 records. 
INFO  @ Sat, 13 Mar 2021 21:00:31: Loading Rnw template file: /opt/anaconda3/lib/python3.8/site-packages/mageck/test_report.Rmd. 
DEBUG @ Sat, 13 Mar 2021 21:00:31: Setting up the visualization module... 
INFO  @ Sat, 13 Mar 2021 21:00:31: Loading R template file: /opt/anaconda3/lib/python3.8/site-packages/mageck/plot_template.RTemplate. 
INFO  @ Sat, 13 Mar 2021 21:00:31: Loading R template file: /opt/anaconda3/lib/python3.8/site-packages/mageck/plot_template_indvgene.RTemplate. 
INFO  @ Sat, 13 Mar 2021 21:00:31: Loading Rnw template file: /opt/anaconda3/lib/python3.8/site-packages/mageck/plot_template.Rnw. 
DEBUG @ Sat, 13 Mar 2021 21:00:31: Setting up the visualization module... 
DEBUG @ Sat, 13 Mar 2021 21:00:31: Given sample labels: 1 
DEBUG @ Sat, 13 Mar 2021 21:00:31: Converted index: 1 
INFO  @ Sat, 13 Mar 2021 21:00:31: Treatment samples:1 
INFO  @ Sat, 13 Mar 2021 21:00:31: Treatment sample index:1 
DEBUG @ Sat, 13 Mar 2021 21:00:31: Given sample labels: 0 
DEBUG @ Sat, 13 Mar 2021 21:00:31: Converted index: 0 
INFO  @ Sat, 13 Mar 2021 21:00:31: Control samples:0 
INFO  @ Sat, 13 Mar 2021 21:00:31: Control sample index:0 
DEBUG @ Sat, 13 Mar 2021 21:00:31: Initial (total) size factor: 0.8444360100905542 1.2258242247501168 
INFO  @ Sat, 13 Mar 2021 21:00:31: Final size factor: 0.8444360100905542 1.2258242247501168 
INFO  @ Sat, 13 Mar 2021 21:00:31: Detecting outliers from variance estimation.. Avg read count:[1295.8355828063113], Var: [441828.4738200181] 
INFO  @ Sat, 13 Mar 2021 21:00:31: Skipping 1 sgRNAs from variance calculation because of their extreme high counts (> 4* STD (mean counts) ). 
DEBUG @ Sat, 13 Mar 2021 21:00:31: Adjusted model: 2.1494510449842883	0 
INFO  @ Sat, 13 Mar 2021 21:00:31: Before RRA, 0 sgRNAs are removed with zero counts in both group(s). 
INFO  @ Sat, 13 Mar 2021 21:00:31: Use qnorm to reversely calculate sgRNA scores ... 
DEBUG @ Sat, 13 Mar 2021 21:00:31: lower test FDR cutoff: 0.27631578947368424 
DEBUG @ Sat, 13 Mar 2021 21:00:31: higher test FDR cutoff: 0.06578947368421052 
INFO  @ Sat, 13 Mar 2021 21:00:31: Running command: RRA -i S2A_c0_t1.plow.txt -o S2A_c0_t1.gene.low.txt -p 0.27631578947368424 --skip-gene NA --skip-gene na  
INFO  @ Sat, 13 Mar 2021 21:00:31: Command message: 
INFO  @ Sat, 13 Mar 2021 21:00:31:   Welcome to RRA v 0.5.9. 
INFO  @ Sat, 13 Mar 2021 21:00:31:   Skipping gene NA for permutation ... 
INFO  @ Sat, 13 Mar 2021 21:00:31:   Skipping gene na for permutation ... 
INFO  @ Sat, 13 Mar 2021 21:00:31:   Reading input file... 
INFO  @ Sat, 13 Mar 2021 21:00:31:   Summary: 76 sgRNAs, 10 genes, 1 lists; skipped sgRNAs:0 
INFO  @ Sat, 13 Mar 2021 21:00:31:   Computing lo-values for each group... 
INFO  @ Sat, 13 Mar 2021 21:00:31:   Computing false discovery rate... 
INFO  @ Sat, 13 Mar 2021 21:00:31:   Increase the number of permutations to 10001 to get precise p values. To avoid this, use the --permutation option. 
INFO  @ Sat, 13 Mar 2021 21:00:31:   Permuting genes with 6 sgRNAs... 
INFO  @ Sat, 13 Mar 2021 21:00:31:   Permuting genes with 10 sgRNAs... 
INFO  @ Sat, 13 Mar 2021 21:00:31:   Number of genes under FDR adjustment: 10 
INFO  @ Sat, 13 Mar 2021 21:00:31:   Saving to output file... 
INFO  @ Sat, 13 Mar 2021 21:00:31:   RRA completed. 
INFO  @ Sat, 13 Mar 2021 21:00:31:    
INFO  @ Sat, 13 Mar 2021 21:00:31: End command message. 
INFO  @ Sat, 13 Mar 2021 21:00:31: Running command: RRA -i S2A_c0_t1.phigh.txt -o S2A_c0_t1.gene.high.txt -p 0.06578947368421052 --skip-gene NA --skip-gene na  
INFO  @ Sat, 13 Mar 2021 21:00:31: Command message: 
INFO  @ Sat, 13 Mar 2021 21:00:31:   Welcome to RRA v 0.5.9. 
INFO  @ Sat, 13 Mar 2021 21:00:31:   Skipping gene NA for permutation ... 
INFO  @ Sat, 13 Mar 2021 21:00:31:   Skipping gene na for permutation ... 
INFO  @ Sat, 13 Mar 2021 21:00:31:   Reading input file... 
INFO  @ Sat, 13 Mar 2021 21:00:31:   Summary: 76 sgRNAs, 10 genes, 1 lists; skipped sgRNAs:0 
INFO  @ Sat, 13 Mar 2021 21:00:31:   Computing lo-values for each group... 
INFO  @ Sat, 13 Mar 2021 21:00:31:   Computing false discovery rate... 
INFO  @ Sat, 13 Mar 2021 21:00:31:   Increase the number of permutations to 10001 to get precise p values. To avoid this, use the --permutation option. 
INFO  @ Sat, 13 Mar 2021 21:00:31:   Permuting genes with 6 sgRNAs... 
INFO  @ Sat, 13 Mar 2021 21:00:31:   Permuting genes with 10 sgRNAs... 
INFO  @ Sat, 13 Mar 2021 21:00:31:   Number of genes under FDR adjustment: 10 
INFO  @ Sat, 13 Mar 2021 21:00:31:   Saving to output file... 
INFO  @ Sat, 13 Mar 2021 21:00:31:   RRA completed. 
INFO  @ Sat, 13 Mar 2021 21:00:31:    
INFO  @ Sat, 13 Mar 2021 21:00:31: End command message. 
DEBUG @ Sat, 13 Mar 2021 21:00:31: Sorting the merged items by positive selection... 
INFO  @ Sat, 13 Mar 2021 21:00:31: Loading top 10 genes from S2A_c0_t1.gene.low.txt: LRIG1,ROSA26,PROM1,CCR5,CTRL,EGFP,AAVS1,KRT20,SOX9,mKate2 
DEBUG @ Sat, 13 Mar 2021 21:00:31: Column index:3 
INFO  @ Sat, 13 Mar 2021 21:00:31: Loading top 10 genes from S2A_c0_t1.gene.high.txt: mKate2,SOX9,EGFP,AAVS1,CCR5,KRT20,CTRL,PROM1,ROSA26,LRIG1 
DEBUG @ Sat, 13 Mar 2021 21:00:31: Column index:9 
INFO  @ Sat, 13 Mar 2021 21:00:31: Running command: rm S2A_c0_t1.plow.txt 
INFO  @ Sat, 13 Mar 2021 21:00:31: Running command: rm S2A_c0_t1.phigh.txt 
INFO  @ Sat, 13 Mar 2021 21:00:31: Running command: rm S2A_c0_t1.gene.low.txt 
INFO  @ Sat, 13 Mar 2021 21:00:31: Running command: rm S2A_c0_t1.gene.high.txt 
