INFO  @ Sat, 13 Mar 2021 21:00:35: Parameters: /opt/anaconda3/bin/mageck test -k S2A.txt -t 0 -c 1 -n S2A_c1_t0 --norm-method total --sort-criteria pos 
INFO  @ Sat, 13 Mar 2021 21:00:35: Welcome to MAGeCK v0.5.9.4. Command: test 
INFO  @ Sat, 13 Mar 2021 21:00:35: Loading count table from S2A.txt  
INFO  @ Sat, 13 Mar 2021 21:00:35: Processing 1 lines.. 
DEBUG @ Sat, 13 Mar 2021 21:00:35: Parsing error in line 1 (usually the header line). Skip this line. 
INFO  @ Sat, 13 Mar 2021 21:00:35: Loaded 76 records. 
INFO  @ Sat, 13 Mar 2021 21:00:35: Loading Rnw template file: /opt/anaconda3/lib/python3.8/site-packages/mageck/test_report.Rmd. 
DEBUG @ Sat, 13 Mar 2021 21:00:35: Setting up the visualization module... 
INFO  @ Sat, 13 Mar 2021 21:00:35: Loading R template file: /opt/anaconda3/lib/python3.8/site-packages/mageck/plot_template.RTemplate. 
INFO  @ Sat, 13 Mar 2021 21:00:35: Loading R template file: /opt/anaconda3/lib/python3.8/site-packages/mageck/plot_template_indvgene.RTemplate. 
INFO  @ Sat, 13 Mar 2021 21:00:35: Loading Rnw template file: /opt/anaconda3/lib/python3.8/site-packages/mageck/plot_template.Rnw. 
DEBUG @ Sat, 13 Mar 2021 21:00:35: Setting up the visualization module... 
DEBUG @ Sat, 13 Mar 2021 21:00:35: Given sample labels: 0 
DEBUG @ Sat, 13 Mar 2021 21:00:35: Converted index: 0 
INFO  @ Sat, 13 Mar 2021 21:00:35: Treatment samples:0 
INFO  @ Sat, 13 Mar 2021 21:00:35: Treatment sample index:0 
DEBUG @ Sat, 13 Mar 2021 21:00:35: Given sample labels: 1 
DEBUG @ Sat, 13 Mar 2021 21:00:35: Converted index: 1 
INFO  @ Sat, 13 Mar 2021 21:00:35: Control samples:1 
INFO  @ Sat, 13 Mar 2021 21:00:35: Control sample index:1 
DEBUG @ Sat, 13 Mar 2021 21:00:35: Initial (total) size factor: 1.2258242247501168 0.8444360100905542 
INFO  @ Sat, 13 Mar 2021 21:00:35: Final size factor: 1.2258242247501168 0.8444360100905542 
INFO  @ Sat, 13 Mar 2021 21:00:35: Detecting outliers from variance estimation.. Avg read count:[1295.8355828063113], Var: [441828.4738200181] 
INFO  @ Sat, 13 Mar 2021 21:00:35: Skipping 1 sgRNAs from variance calculation because of their extreme high counts (> 4* STD (mean counts) ). 
DEBUG @ Sat, 13 Mar 2021 21:00:35: Adjusted model: 2.1494510449842883	0 
INFO  @ Sat, 13 Mar 2021 21:00:35: Before RRA, 0 sgRNAs are removed with zero counts in both group(s). 
INFO  @ Sat, 13 Mar 2021 21:00:35: Use qnorm to reversely calculate sgRNA scores ... 
DEBUG @ Sat, 13 Mar 2021 21:00:35: lower test FDR cutoff: 0.15789473684210525 
DEBUG @ Sat, 13 Mar 2021 21:00:35: higher test FDR cutoff: 0.01 
INFO  @ Sat, 13 Mar 2021 21:00:35: Running command: RRA -i S2A_c1_t0.plow.txt -o S2A_c1_t0.gene.low.txt -p 0.15789473684210525 --skip-gene NA --skip-gene na  
INFO  @ Sat, 13 Mar 2021 21:00:35: Command message: 
INFO  @ Sat, 13 Mar 2021 21:00:35:   Welcome to RRA v 0.5.9. 
INFO  @ Sat, 13 Mar 2021 21:00:35:   Skipping gene NA for permutation ... 
INFO  @ Sat, 13 Mar 2021 21:00:35:   Skipping gene na for permutation ... 
INFO  @ Sat, 13 Mar 2021 21:00:35:   Reading input file... 
INFO  @ Sat, 13 Mar 2021 21:00:35:   Summary: 76 sgRNAs, 10 genes, 1 lists; skipped sgRNAs:0 
INFO  @ Sat, 13 Mar 2021 21:00:35:   Computing lo-values for each group... 
INFO  @ Sat, 13 Mar 2021 21:00:35:   Computing false discovery rate... 
INFO  @ Sat, 13 Mar 2021 21:00:35:   Increase the number of permutations to 10001 to get precise p values. To avoid this, use the --permutation option. 
INFO  @ Sat, 13 Mar 2021 21:00:35:   Permuting genes with 6 sgRNAs... 
INFO  @ Sat, 13 Mar 2021 21:00:35:   Permuting genes with 10 sgRNAs... 
INFO  @ Sat, 13 Mar 2021 21:00:35:   Number of genes under FDR adjustment: 10 
INFO  @ Sat, 13 Mar 2021 21:00:35:   Saving to output file... 
INFO  @ Sat, 13 Mar 2021 21:00:35:   RRA completed. 
INFO  @ Sat, 13 Mar 2021 21:00:35:    
INFO  @ Sat, 13 Mar 2021 21:00:35: End command message. 
INFO  @ Sat, 13 Mar 2021 21:00:35: Running command: RRA -i S2A_c1_t0.phigh.txt -o S2A_c1_t0.gene.high.txt -p 0.01 --skip-gene NA --skip-gene na  
INFO  @ Sat, 13 Mar 2021 21:00:35: Command message: 
INFO  @ Sat, 13 Mar 2021 21:00:35:   Welcome to RRA v 0.5.9. 
INFO  @ Sat, 13 Mar 2021 21:00:35:   Skipping gene NA for permutation ... 
INFO  @ Sat, 13 Mar 2021 21:00:35:   Skipping gene na for permutation ... 
INFO  @ Sat, 13 Mar 2021 21:00:35:   Reading input file... 
INFO  @ Sat, 13 Mar 2021 21:00:35:   Summary: 76 sgRNAs, 10 genes, 1 lists; skipped sgRNAs:0 
INFO  @ Sat, 13 Mar 2021 21:00:35:   Computing lo-values for each group... 
INFO  @ Sat, 13 Mar 2021 21:00:35:   Computing false discovery rate... 
INFO  @ Sat, 13 Mar 2021 21:00:35:   Increase the number of permutations to 10001 to get precise p values. To avoid this, use the --permutation option. 
INFO  @ Sat, 13 Mar 2021 21:00:35:   Permuting genes with 6 sgRNAs... 
INFO  @ Sat, 13 Mar 2021 21:00:35:   Permuting genes with 10 sgRNAs... 
INFO  @ Sat, 13 Mar 2021 21:00:35:   Number of genes under FDR adjustment: 10 
INFO  @ Sat, 13 Mar 2021 21:00:35:   Saving to output file... 
INFO  @ Sat, 13 Mar 2021 21:00:35:   RRA completed. 
INFO  @ Sat, 13 Mar 2021 21:00:35:    
INFO  @ Sat, 13 Mar 2021 21:00:35: End command message. 
DEBUG @ Sat, 13 Mar 2021 21:00:35: Sorting the merged items by positive selection... 
INFO  @ Sat, 13 Mar 2021 21:00:35: Loading top 10 genes from S2A_c1_t0.gene.low.txt: mKate2,SOX9,EGFP,CCR5,AAVS1,KRT20,PROM1,CTRL,ROSA26,LRIG1 
DEBUG @ Sat, 13 Mar 2021 21:00:35: Column index:3 
INFO  @ Sat, 13 Mar 2021 21:00:35: Loading top 10 genes from S2A_c1_t0.gene.high.txt: LRIG1,PROM1,CCR5,ROSA26,CTRL,EGFP,AAVS1,KRT20,SOX9,mKate2 
DEBUG @ Sat, 13 Mar 2021 21:00:35: Column index:9 
INFO  @ Sat, 13 Mar 2021 21:00:35: Running command: rm S2A_c1_t0.plow.txt 
INFO  @ Sat, 13 Mar 2021 21:00:35: Running command: rm S2A_c1_t0.phigh.txt 
INFO  @ Sat, 13 Mar 2021 21:00:35: Running command: rm S2A_c1_t0.gene.low.txt 
INFO  @ Sat, 13 Mar 2021 21:00:35: Running command: rm S2A_c1_t0.gene.high.txt 
