INFO  @ Sat, 13 Mar 2021 21:00:52: Parameters: /opt/anaconda3/bin/mageck test -k S2A.txt -t 3 -c 1 -n S2A_c1_t3 --norm-method total --sort-criteria pos 
INFO  @ Sat, 13 Mar 2021 21:00:52: Welcome to MAGeCK v0.5.9.4. Command: test 
INFO  @ Sat, 13 Mar 2021 21:00:52: Loading count table from S2A.txt  
INFO  @ Sat, 13 Mar 2021 21:00:52: Processing 1 lines.. 
DEBUG @ Sat, 13 Mar 2021 21:00:52: Parsing error in line 1 (usually the header line). Skip this line. 
INFO  @ Sat, 13 Mar 2021 21:00:52: Loaded 76 records. 
INFO  @ Sat, 13 Mar 2021 21:00:52: Loading Rnw template file: /opt/anaconda3/lib/python3.8/site-packages/mageck/test_report.Rmd. 
DEBUG @ Sat, 13 Mar 2021 21:00:52: Setting up the visualization module... 
INFO  @ Sat, 13 Mar 2021 21:00:52: Loading R template file: /opt/anaconda3/lib/python3.8/site-packages/mageck/plot_template.RTemplate. 
INFO  @ Sat, 13 Mar 2021 21:00:52: Loading R template file: /opt/anaconda3/lib/python3.8/site-packages/mageck/plot_template_indvgene.RTemplate. 
INFO  @ Sat, 13 Mar 2021 21:00:52: Loading Rnw template file: /opt/anaconda3/lib/python3.8/site-packages/mageck/plot_template.Rnw. 
DEBUG @ Sat, 13 Mar 2021 21:00:52: Setting up the visualization module... 
DEBUG @ Sat, 13 Mar 2021 21:00:52: Given sample labels: 3 
DEBUG @ Sat, 13 Mar 2021 21:00:52: Converted index: 3 
INFO  @ Sat, 13 Mar 2021 21:00:52: Treatment samples:3 
INFO  @ Sat, 13 Mar 2021 21:00:52: Treatment sample index:3 
DEBUG @ Sat, 13 Mar 2021 21:00:52: Given sample labels: 1 
DEBUG @ Sat, 13 Mar 2021 21:00:52: Converted index: 1 
INFO  @ Sat, 13 Mar 2021 21:00:52: Control samples:1 
INFO  @ Sat, 13 Mar 2021 21:00:52: Control sample index:1 
DEBUG @ Sat, 13 Mar 2021 21:00:52: Initial (total) size factor: 1.1657910554083837 0.8754931790825198 
INFO  @ Sat, 13 Mar 2021 21:00:52: Final size factor: 1.1657910554083837 0.8754931790825198 
INFO  @ Sat, 13 Mar 2021 21:00:52: Detecting outliers from variance estimation.. Avg read count:[1175.1620638034115], Var: [569691.1116580687] 
DEBUG @ Sat, 13 Mar 2021 21:00:52: Adjusted model: 2.9224787770301033	0 
INFO  @ Sat, 13 Mar 2021 21:00:52: Before RRA, 0 sgRNAs are removed with zero counts in both group(s). 
INFO  @ Sat, 13 Mar 2021 21:00:52: Use qnorm to reversely calculate sgRNA scores ... 
DEBUG @ Sat, 13 Mar 2021 21:00:52: lower test FDR cutoff: 1.0 
DEBUG @ Sat, 13 Mar 2021 21:00:52: higher test FDR cutoff: 0.01 
INFO  @ Sat, 13 Mar 2021 21:00:52: Running command: RRA -i S2A_c1_t3.plow.txt -o S2A_c1_t3.gene.low.txt -p 0.5 --skip-gene NA --skip-gene na  
INFO  @ Sat, 13 Mar 2021 21:00:52: Command message: 
INFO  @ Sat, 13 Mar 2021 21:00:52:   Welcome to RRA v 0.5.9. 
INFO  @ Sat, 13 Mar 2021 21:00:52:   Skipping gene NA for permutation ... 
INFO  @ Sat, 13 Mar 2021 21:00:52:   Skipping gene na for permutation ... 
INFO  @ Sat, 13 Mar 2021 21:00:52:   Reading input file... 
INFO  @ Sat, 13 Mar 2021 21:00:52:   Summary: 76 sgRNAs, 10 genes, 1 lists; skipped sgRNAs:0 
INFO  @ Sat, 13 Mar 2021 21:00:52:   Computing lo-values for each group... 
INFO  @ Sat, 13 Mar 2021 21:00:52:   Computing false discovery rate... 
INFO  @ Sat, 13 Mar 2021 21:00:52:   Increase the number of permutations to 10001 to get precise p values. To avoid this, use the --permutation option. 
INFO  @ Sat, 13 Mar 2021 21:00:52:   Permuting genes with 6 sgRNAs... 
INFO  @ Sat, 13 Mar 2021 21:00:52:   Permuting genes with 10 sgRNAs... 
INFO  @ Sat, 13 Mar 2021 21:00:52:   Number of genes under FDR adjustment: 10 
INFO  @ Sat, 13 Mar 2021 21:00:52:   Saving to output file... 
INFO  @ Sat, 13 Mar 2021 21:00:52:   RRA completed. 
INFO  @ Sat, 13 Mar 2021 21:00:52:    
INFO  @ Sat, 13 Mar 2021 21:00:52: End command message. 
INFO  @ Sat, 13 Mar 2021 21:00:52: Running command: RRA -i S2A_c1_t3.phigh.txt -o S2A_c1_t3.gene.high.txt -p 0.01 --skip-gene NA --skip-gene na  
INFO  @ Sat, 13 Mar 2021 21:00:52: Command message: 
INFO  @ Sat, 13 Mar 2021 21:00:52:   Welcome to RRA v 0.5.9. 
INFO  @ Sat, 13 Mar 2021 21:00:52:   Skipping gene NA for permutation ... 
INFO  @ Sat, 13 Mar 2021 21:00:52:   Skipping gene na for permutation ... 
INFO  @ Sat, 13 Mar 2021 21:00:52:   Reading input file... 
INFO  @ Sat, 13 Mar 2021 21:00:52:   Summary: 76 sgRNAs, 10 genes, 1 lists; skipped sgRNAs:0 
INFO  @ Sat, 13 Mar 2021 21:00:52:   Computing lo-values for each group... 
INFO  @ Sat, 13 Mar 2021 21:00:52:   Computing false discovery rate... 
INFO  @ Sat, 13 Mar 2021 21:00:52:   Increase the number of permutations to 10001 to get precise p values. To avoid this, use the --permutation option. 
INFO  @ Sat, 13 Mar 2021 21:00:52:   Permuting genes with 6 sgRNAs... 
INFO  @ Sat, 13 Mar 2021 21:00:52:   Permuting genes with 10 sgRNAs... 
INFO  @ Sat, 13 Mar 2021 21:00:52:   Number of genes under FDR adjustment: 10 
INFO  @ Sat, 13 Mar 2021 21:00:52:   Saving to output file... 
INFO  @ Sat, 13 Mar 2021 21:00:52:   RRA completed. 
INFO  @ Sat, 13 Mar 2021 21:00:52:    
INFO  @ Sat, 13 Mar 2021 21:00:52: End command message. 
DEBUG @ Sat, 13 Mar 2021 21:00:52: Sorting the merged items by positive selection... 
INFO  @ Sat, 13 Mar 2021 21:00:52: Loading top 10 genes from S2A_c1_t3.gene.low.txt: PROM1,ROSA26,SOX9,CCR5,AAVS1,KRT20,LRIG1,EGFP,CTRL,mKate2 
DEBUG @ Sat, 13 Mar 2021 21:00:52: Column index:3 
INFO  @ Sat, 13 Mar 2021 21:00:52: Loading top 10 genes from S2A_c1_t3.gene.high.txt: SOX9,mKate2,EGFP,CTRL,PROM1,KRT20,CCR5,ROSA26,LRIG1,AAVS1 
DEBUG @ Sat, 13 Mar 2021 21:00:52: Column index:9 
INFO  @ Sat, 13 Mar 2021 21:00:52: Running command: rm S2A_c1_t3.plow.txt 
INFO  @ Sat, 13 Mar 2021 21:00:52: Running command: rm S2A_c1_t3.phigh.txt 
INFO  @ Sat, 13 Mar 2021 21:00:52: Running command: rm S2A_c1_t3.gene.low.txt 
INFO  @ Sat, 13 Mar 2021 21:00:52: Running command: rm S2A_c1_t3.gene.high.txt 
