INFO  @ Sat, 13 Mar 2021 21:04:22: Parameters: /opt/anaconda3/bin/mageck test -k S3A.txt -t 1 -c 0 -n S3A_c0_t1 --norm-method total --sort-criteria pos 
INFO  @ Sat, 13 Mar 2021 21:04:22: Welcome to MAGeCK v0.5.9.4. Command: test 
INFO  @ Sat, 13 Mar 2021 21:04:22: Loading count table from S3A.txt  
INFO  @ Sat, 13 Mar 2021 21:04:22: Processing 1 lines.. 
DEBUG @ Sat, 13 Mar 2021 21:04:22: Parsing error in line 1 (usually the header line). Skip this line. 
INFO  @ Sat, 13 Mar 2021 21:04:22: Loaded 76 records. 
INFO  @ Sat, 13 Mar 2021 21:04:22: Loading Rnw template file: /opt/anaconda3/lib/python3.8/site-packages/mageck/test_report.Rmd. 
DEBUG @ Sat, 13 Mar 2021 21:04:22: Setting up the visualization module... 
INFO  @ Sat, 13 Mar 2021 21:04:22: Loading R template file: /opt/anaconda3/lib/python3.8/site-packages/mageck/plot_template.RTemplate. 
INFO  @ Sat, 13 Mar 2021 21:04:22: Loading R template file: /opt/anaconda3/lib/python3.8/site-packages/mageck/plot_template_indvgene.RTemplate. 
INFO  @ Sat, 13 Mar 2021 21:04:22: Loading Rnw template file: /opt/anaconda3/lib/python3.8/site-packages/mageck/plot_template.Rnw. 
DEBUG @ Sat, 13 Mar 2021 21:04:22: Setting up the visualization module... 
DEBUG @ Sat, 13 Mar 2021 21:04:22: Given sample labels: 1 
DEBUG @ Sat, 13 Mar 2021 21:04:22: Converted index: 1 
INFO  @ Sat, 13 Mar 2021 21:04:22: Treatment samples:1 
INFO  @ Sat, 13 Mar 2021 21:04:22: Treatment sample index:1 
DEBUG @ Sat, 13 Mar 2021 21:04:22: Given sample labels: 0 
DEBUG @ Sat, 13 Mar 2021 21:04:22: Converted index: 0 
INFO  @ Sat, 13 Mar 2021 21:04:22: Control samples:0 
INFO  @ Sat, 13 Mar 2021 21:04:22: Control sample index:0 
DEBUG @ Sat, 13 Mar 2021 21:04:22: Initial (total) size factor: 1.0832001697508225 0.9286692853790058 
INFO  @ Sat, 13 Mar 2021 21:04:22: Final size factor: 1.0832001697508225 0.9286692853790058 
INFO  @ Sat, 13 Mar 2021 21:04:22: Detecting outliers from variance estimation.. Avg read count:[4819.926502736339], Var: [7058309.4847345] 
DEBUG @ Sat, 13 Mar 2021 21:04:22: Adjusted model: 2.3136704192589015	0 
INFO  @ Sat, 13 Mar 2021 21:04:22: Before RRA, 0 sgRNAs are removed with zero counts in both group(s). 
INFO  @ Sat, 13 Mar 2021 21:04:22: Use qnorm to reversely calculate sgRNA scores ... 
DEBUG @ Sat, 13 Mar 2021 21:04:22: lower test FDR cutoff: 0.8421052631578947 
DEBUG @ Sat, 13 Mar 2021 21:04:22: higher test FDR cutoff: 0.14473684210526316 
INFO  @ Sat, 13 Mar 2021 21:04:22: Running command: RRA -i S3A_c0_t1.plow.txt -o S3A_c0_t1.gene.low.txt -p 0.5 --skip-gene NA --skip-gene na  
INFO  @ Sat, 13 Mar 2021 21:04:22: Command message: 
INFO  @ Sat, 13 Mar 2021 21:04:22:   Welcome to RRA v 0.5.9. 
INFO  @ Sat, 13 Mar 2021 21:04:22:   Skipping gene NA for permutation ... 
INFO  @ Sat, 13 Mar 2021 21:04:22:   Skipping gene na for permutation ... 
INFO  @ Sat, 13 Mar 2021 21:04:22:   Reading input file... 
INFO  @ Sat, 13 Mar 2021 21:04:22:   Summary: 76 sgRNAs, 10 genes, 1 lists; skipped sgRNAs:0 
INFO  @ Sat, 13 Mar 2021 21:04:22:   Computing lo-values for each group... 
INFO  @ Sat, 13 Mar 2021 21:04:22:   Computing false discovery rate... 
INFO  @ Sat, 13 Mar 2021 21:04:22:   Increase the number of permutations to 10001 to get precise p values. To avoid this, use the --permutation option. 
INFO  @ Sat, 13 Mar 2021 21:04:22:   Permuting genes with 6 sgRNAs... 
INFO  @ Sat, 13 Mar 2021 21:04:22:   Permuting genes with 10 sgRNAs... 
INFO  @ Sat, 13 Mar 2021 21:04:22:   Number of genes under FDR adjustment: 10 
INFO  @ Sat, 13 Mar 2021 21:04:22:   Saving to output file... 
INFO  @ Sat, 13 Mar 2021 21:04:22:   RRA completed. 
INFO  @ Sat, 13 Mar 2021 21:04:22:    
INFO  @ Sat, 13 Mar 2021 21:04:22: End command message. 
INFO  @ Sat, 13 Mar 2021 21:04:22: Running command: RRA -i S3A_c0_t1.phigh.txt -o S3A_c0_t1.gene.high.txt -p 0.14473684210526316 --skip-gene NA --skip-gene na  
INFO  @ Sat, 13 Mar 2021 21:04:22: Command message: 
INFO  @ Sat, 13 Mar 2021 21:04:22:   Welcome to RRA v 0.5.9. 
INFO  @ Sat, 13 Mar 2021 21:04:22:   Skipping gene NA for permutation ... 
INFO  @ Sat, 13 Mar 2021 21:04:22:   Skipping gene na for permutation ... 
INFO  @ Sat, 13 Mar 2021 21:04:22:   Reading input file... 
INFO  @ Sat, 13 Mar 2021 21:04:22:   Summary: 76 sgRNAs, 10 genes, 1 lists; skipped sgRNAs:0 
INFO  @ Sat, 13 Mar 2021 21:04:22:   Computing lo-values for each group... 
INFO  @ Sat, 13 Mar 2021 21:04:22:   Computing false discovery rate... 
INFO  @ Sat, 13 Mar 2021 21:04:22:   Increase the number of permutations to 10001 to get precise p values. To avoid this, use the --permutation option. 
INFO  @ Sat, 13 Mar 2021 21:04:22:   Permuting genes with 6 sgRNAs... 
INFO  @ Sat, 13 Mar 2021 21:04:22:   Permuting genes with 10 sgRNAs... 
INFO  @ Sat, 13 Mar 2021 21:04:22:   Number of genes under FDR adjustment: 10 
INFO  @ Sat, 13 Mar 2021 21:04:22:   Saving to output file... 
INFO  @ Sat, 13 Mar 2021 21:04:22:   RRA completed. 
INFO  @ Sat, 13 Mar 2021 21:04:22:    
INFO  @ Sat, 13 Mar 2021 21:04:22: End command message. 
DEBUG @ Sat, 13 Mar 2021 21:04:22: Sorting the merged items by positive selection... 
INFO  @ Sat, 13 Mar 2021 21:04:22: Loading top 10 genes from S3A_c0_t1.gene.low.txt: mKate2,SOX9,CCR5,CTRL,LRIG1,AAVS1,PROM1,ROSA26,EGFP,KRT20 
DEBUG @ Sat, 13 Mar 2021 21:04:22: Column index:3 
INFO  @ Sat, 13 Mar 2021 21:04:22: Loading top 10 genes from S3A_c0_t1.gene.high.txt: EGFP,KRT20,LRIG1,PROM1,ROSA26,AAVS1,CTRL,CCR5,SOX9,mKate2 
DEBUG @ Sat, 13 Mar 2021 21:04:22: Column index:9 
INFO  @ Sat, 13 Mar 2021 21:04:22: Running command: rm S3A_c0_t1.plow.txt 
INFO  @ Sat, 13 Mar 2021 21:04:22: Running command: rm S3A_c0_t1.phigh.txt 
INFO  @ Sat, 13 Mar 2021 21:04:22: Running command: rm S3A_c0_t1.gene.low.txt 
INFO  @ Sat, 13 Mar 2021 21:04:22: Running command: rm S3A_c0_t1.gene.high.txt 
