INFO  @ Sat, 13 Mar 2021 21:04:33: Parameters: /opt/anaconda3/bin/mageck test -k S3A.txt -t 3 -c 0 -n S3A_c0_t3 --norm-method total --sort-criteria pos 
INFO  @ Sat, 13 Mar 2021 21:04:33: Welcome to MAGeCK v0.5.9.4. Command: test 
INFO  @ Sat, 13 Mar 2021 21:04:33: Loading count table from S3A.txt  
INFO  @ Sat, 13 Mar 2021 21:04:33: Processing 1 lines.. 
DEBUG @ Sat, 13 Mar 2021 21:04:33: Parsing error in line 1 (usually the header line). Skip this line. 
INFO  @ Sat, 13 Mar 2021 21:04:33: Loaded 76 records. 
INFO  @ Sat, 13 Mar 2021 21:04:33: Loading Rnw template file: /opt/anaconda3/lib/python3.8/site-packages/mageck/test_report.Rmd. 
DEBUG @ Sat, 13 Mar 2021 21:04:33: Setting up the visualization module... 
INFO  @ Sat, 13 Mar 2021 21:04:33: Loading R template file: /opt/anaconda3/lib/python3.8/site-packages/mageck/plot_template.RTemplate. 
INFO  @ Sat, 13 Mar 2021 21:04:33: Loading R template file: /opt/anaconda3/lib/python3.8/site-packages/mageck/plot_template_indvgene.RTemplate. 
INFO  @ Sat, 13 Mar 2021 21:04:33: Loading Rnw template file: /opt/anaconda3/lib/python3.8/site-packages/mageck/plot_template.Rnw. 
DEBUG @ Sat, 13 Mar 2021 21:04:33: Setting up the visualization module... 
DEBUG @ Sat, 13 Mar 2021 21:04:33: Given sample labels: 3 
DEBUG @ Sat, 13 Mar 2021 21:04:33: Converted index: 3 
INFO  @ Sat, 13 Mar 2021 21:04:33: Treatment samples:3 
INFO  @ Sat, 13 Mar 2021 21:04:33: Treatment sample index:3 
DEBUG @ Sat, 13 Mar 2021 21:04:33: Given sample labels: 0 
DEBUG @ Sat, 13 Mar 2021 21:04:33: Converted index: 0 
INFO  @ Sat, 13 Mar 2021 21:04:33: Control samples:0 
INFO  @ Sat, 13 Mar 2021 21:04:33: Control sample index:0 
DEBUG @ Sat, 13 Mar 2021 21:04:33: Initial (total) size factor: 1.0425830940754868 0.9607589191955525 
INFO  @ Sat, 13 Mar 2021 21:04:33: Final size factor: 1.0425830940754868 0.9607589191955525 
INFO  @ Sat, 13 Mar 2021 21:04:33: Detecting outliers from variance estimation.. Avg read count:[4444.441345551649], Var: [8675071.62487321] 
DEBUG @ Sat, 13 Mar 2021 21:04:33: Adjusted model: 2.0144144881056216	0 
INFO  @ Sat, 13 Mar 2021 21:04:33: Before RRA, 0 sgRNAs are removed with zero counts in both group(s). 
INFO  @ Sat, 13 Mar 2021 21:04:33: Use qnorm to reversely calculate sgRNA scores ... 
DEBUG @ Sat, 13 Mar 2021 21:04:33: lower test FDR cutoff: 0.07894736842105263 
DEBUG @ Sat, 13 Mar 2021 21:04:33: higher test FDR cutoff: 0.15789473684210525 
INFO  @ Sat, 13 Mar 2021 21:04:33: Running command: RRA -i S3A_c0_t3.plow.txt -o S3A_c0_t3.gene.low.txt -p 0.07894736842105263 --skip-gene NA --skip-gene na  
INFO  @ Sat, 13 Mar 2021 21:04:34: Command message: 
INFO  @ Sat, 13 Mar 2021 21:04:34:   Welcome to RRA v 0.5.9. 
INFO  @ Sat, 13 Mar 2021 21:04:34:   Skipping gene NA for permutation ... 
INFO  @ Sat, 13 Mar 2021 21:04:34:   Skipping gene na for permutation ... 
INFO  @ Sat, 13 Mar 2021 21:04:34:   Reading input file... 
INFO  @ Sat, 13 Mar 2021 21:04:34:   Summary: 76 sgRNAs, 10 genes, 1 lists; skipped sgRNAs:0 
INFO  @ Sat, 13 Mar 2021 21:04:34:   Computing lo-values for each group... 
INFO  @ Sat, 13 Mar 2021 21:04:34:   Computing false discovery rate... 
INFO  @ Sat, 13 Mar 2021 21:04:34:   Increase the number of permutations to 10001 to get precise p values. To avoid this, use the --permutation option. 
INFO  @ Sat, 13 Mar 2021 21:04:34:   Permuting genes with 6 sgRNAs... 
INFO  @ Sat, 13 Mar 2021 21:04:34:   Permuting genes with 10 sgRNAs... 
INFO  @ Sat, 13 Mar 2021 21:04:34:   Number of genes under FDR adjustment: 10 
INFO  @ Sat, 13 Mar 2021 21:04:34:   Saving to output file... 
INFO  @ Sat, 13 Mar 2021 21:04:34:   RRA completed. 
INFO  @ Sat, 13 Mar 2021 21:04:34:    
INFO  @ Sat, 13 Mar 2021 21:04:34: End command message. 
INFO  @ Sat, 13 Mar 2021 21:04:34: Running command: RRA -i S3A_c0_t3.phigh.txt -o S3A_c0_t3.gene.high.txt -p 0.15789473684210525 --skip-gene NA --skip-gene na  
INFO  @ Sat, 13 Mar 2021 21:04:34: Command message: 
INFO  @ Sat, 13 Mar 2021 21:04:34:   Welcome to RRA v 0.5.9. 
INFO  @ Sat, 13 Mar 2021 21:04:34:   Skipping gene NA for permutation ... 
INFO  @ Sat, 13 Mar 2021 21:04:34:   Skipping gene na for permutation ... 
INFO  @ Sat, 13 Mar 2021 21:04:34:   Reading input file... 
INFO  @ Sat, 13 Mar 2021 21:04:34:   Summary: 76 sgRNAs, 10 genes, 1 lists; skipped sgRNAs:0 
INFO  @ Sat, 13 Mar 2021 21:04:34:   Computing lo-values for each group... 
INFO  @ Sat, 13 Mar 2021 21:04:34:   Computing false discovery rate... 
INFO  @ Sat, 13 Mar 2021 21:04:34:   Increase the number of permutations to 10001 to get precise p values. To avoid this, use the --permutation option. 
INFO  @ Sat, 13 Mar 2021 21:04:34:   Permuting genes with 6 sgRNAs... 
INFO  @ Sat, 13 Mar 2021 21:04:34:   Permuting genes with 10 sgRNAs... 
INFO  @ Sat, 13 Mar 2021 21:04:34:   Number of genes under FDR adjustment: 10 
INFO  @ Sat, 13 Mar 2021 21:04:34:   Saving to output file... 
INFO  @ Sat, 13 Mar 2021 21:04:34:   RRA completed. 
INFO  @ Sat, 13 Mar 2021 21:04:34:    
INFO  @ Sat, 13 Mar 2021 21:04:34: End command message. 
DEBUG @ Sat, 13 Mar 2021 21:04:34: Sorting the merged items by positive selection... 
INFO  @ Sat, 13 Mar 2021 21:04:34: Loading top 10 genes from S3A_c0_t3.gene.low.txt: mKate2,SOX9,ROSA26,LRIG1,CCR5,PROM1,AAVS1,CTRL,EGFP,KRT20 
DEBUG @ Sat, 13 Mar 2021 21:04:34: Column index:3 
INFO  @ Sat, 13 Mar 2021 21:04:34: Loading top 10 genes from S3A_c0_t3.gene.high.txt: EGFP,KRT20,LRIG1,PROM1,AAVS1,ROSA26,CTRL,CCR5,SOX9,mKate2 
DEBUG @ Sat, 13 Mar 2021 21:04:34: Column index:9 
INFO  @ Sat, 13 Mar 2021 21:04:34: Running command: rm S3A_c0_t3.plow.txt 
INFO  @ Sat, 13 Mar 2021 21:04:34: Running command: rm S3A_c0_t3.phigh.txt 
INFO  @ Sat, 13 Mar 2021 21:04:34: Running command: rm S3A_c0_t3.gene.low.txt 
INFO  @ Sat, 13 Mar 2021 21:04:34: Running command: rm S3A_c0_t3.gene.high.txt 
