INFO  @ Sat, 13 Mar 2021 21:04:30: Parameters: /opt/anaconda3/bin/mageck test -k S3A.txt -t 2 -c 0 -n S3A_c0_t2 --norm-method total --sort-criteria pos 
INFO  @ Sat, 13 Mar 2021 21:04:30: Welcome to MAGeCK v0.5.9.4. Command: test 
INFO  @ Sat, 13 Mar 2021 21:04:30: Loading count table from S3A.txt  
INFO  @ Sat, 13 Mar 2021 21:04:30: Processing 1 lines.. 
DEBUG @ Sat, 13 Mar 2021 21:04:30: Parsing error in line 1 (usually the header line). Skip this line. 
INFO  @ Sat, 13 Mar 2021 21:04:30: Loaded 76 records. 
INFO  @ Sat, 13 Mar 2021 21:04:30: Loading Rnw template file: /opt/anaconda3/lib/python3.8/site-packages/mageck/test_report.Rmd. 
DEBUG @ Sat, 13 Mar 2021 21:04:30: Setting up the visualization module... 
INFO  @ Sat, 13 Mar 2021 21:04:30: Loading R template file: /opt/anaconda3/lib/python3.8/site-packages/mageck/plot_template.RTemplate. 
INFO  @ Sat, 13 Mar 2021 21:04:30: Loading R template file: /opt/anaconda3/lib/python3.8/site-packages/mageck/plot_template_indvgene.RTemplate. 
INFO  @ Sat, 13 Mar 2021 21:04:30: Loading Rnw template file: /opt/anaconda3/lib/python3.8/site-packages/mageck/plot_template.Rnw. 
DEBUG @ Sat, 13 Mar 2021 21:04:30: Setting up the visualization module... 
DEBUG @ Sat, 13 Mar 2021 21:04:30: Given sample labels: 2 
DEBUG @ Sat, 13 Mar 2021 21:04:30: Converted index: 2 
INFO  @ Sat, 13 Mar 2021 21:04:30: Treatment samples:2 
INFO  @ Sat, 13 Mar 2021 21:04:30: Treatment sample index:2 
DEBUG @ Sat, 13 Mar 2021 21:04:30: Given sample labels: 0 
DEBUG @ Sat, 13 Mar 2021 21:04:30: Converted index: 0 
INFO  @ Sat, 13 Mar 2021 21:04:30: Control samples:0 
INFO  @ Sat, 13 Mar 2021 21:04:30: Control sample index:0 
DEBUG @ Sat, 13 Mar 2021 21:04:30: Initial (total) size factor: 1.1085697969277197 0.9107992234614507 
INFO  @ Sat, 13 Mar 2021 21:04:30: Final size factor: 1.1085697969277197 0.9107992234614507 
INFO  @ Sat, 13 Mar 2021 21:04:30: Detecting outliers from variance estimation.. Avg read count:[4631.033378140171], Var: [9822688.184362907] 
INFO  @ Sat, 13 Mar 2021 21:04:30: Skipping 1 sgRNAs from variance calculation because of their extreme high counts (> 4* STD (mean counts) ). 
DEBUG @ Sat, 13 Mar 2021 21:04:30: Adjusted model: 2.1600171601710336	0 
INFO  @ Sat, 13 Mar 2021 21:04:30: Before RRA, 0 sgRNAs are removed with zero counts in both group(s). 
INFO  @ Sat, 13 Mar 2021 21:04:30: Use qnorm to reversely calculate sgRNA scores ... 
DEBUG @ Sat, 13 Mar 2021 21:04:30: lower test FDR cutoff: 0.6578947368421053 
DEBUG @ Sat, 13 Mar 2021 21:04:30: higher test FDR cutoff: 0.15789473684210525 
INFO  @ Sat, 13 Mar 2021 21:04:30: Running command: RRA -i S3A_c0_t2.plow.txt -o S3A_c0_t2.gene.low.txt -p 0.5 --skip-gene NA --skip-gene na  
INFO  @ Sat, 13 Mar 2021 21:04:30: Command message: 
INFO  @ Sat, 13 Mar 2021 21:04:30:   Welcome to RRA v 0.5.9. 
INFO  @ Sat, 13 Mar 2021 21:04:30:   Skipping gene NA for permutation ... 
INFO  @ Sat, 13 Mar 2021 21:04:30:   Skipping gene na for permutation ... 
INFO  @ Sat, 13 Mar 2021 21:04:30:   Reading input file... 
INFO  @ Sat, 13 Mar 2021 21:04:30:   Summary: 76 sgRNAs, 10 genes, 1 lists; skipped sgRNAs:0 
INFO  @ Sat, 13 Mar 2021 21:04:30:   Computing lo-values for each group... 
INFO  @ Sat, 13 Mar 2021 21:04:30:   Computing false discovery rate... 
INFO  @ Sat, 13 Mar 2021 21:04:30:   Increase the number of permutations to 10001 to get precise p values. To avoid this, use the --permutation option. 
INFO  @ Sat, 13 Mar 2021 21:04:30:   Permuting genes with 6 sgRNAs... 
INFO  @ Sat, 13 Mar 2021 21:04:30:   Permuting genes with 10 sgRNAs... 
INFO  @ Sat, 13 Mar 2021 21:04:30:   Number of genes under FDR adjustment: 10 
INFO  @ Sat, 13 Mar 2021 21:04:30:   Saving to output file... 
INFO  @ Sat, 13 Mar 2021 21:04:30:   RRA completed. 
INFO  @ Sat, 13 Mar 2021 21:04:30:    
INFO  @ Sat, 13 Mar 2021 21:04:30: End command message. 
INFO  @ Sat, 13 Mar 2021 21:04:30: Running command: RRA -i S3A_c0_t2.phigh.txt -o S3A_c0_t2.gene.high.txt -p 0.15789473684210525 --skip-gene NA --skip-gene na  
INFO  @ Sat, 13 Mar 2021 21:04:30: Command message: 
INFO  @ Sat, 13 Mar 2021 21:04:30:   Welcome to RRA v 0.5.9. 
INFO  @ Sat, 13 Mar 2021 21:04:30:   Skipping gene NA for permutation ... 
INFO  @ Sat, 13 Mar 2021 21:04:30:   Skipping gene na for permutation ... 
INFO  @ Sat, 13 Mar 2021 21:04:30:   Reading input file... 
INFO  @ Sat, 13 Mar 2021 21:04:30:   Summary: 76 sgRNAs, 10 genes, 1 lists; skipped sgRNAs:0 
INFO  @ Sat, 13 Mar 2021 21:04:30:   Computing lo-values for each group... 
INFO  @ Sat, 13 Mar 2021 21:04:30:   Computing false discovery rate... 
INFO  @ Sat, 13 Mar 2021 21:04:30:   Increase the number of permutations to 10001 to get precise p values. To avoid this, use the --permutation option. 
INFO  @ Sat, 13 Mar 2021 21:04:30:   Permuting genes with 6 sgRNAs... 
INFO  @ Sat, 13 Mar 2021 21:04:30:   Permuting genes with 10 sgRNAs... 
INFO  @ Sat, 13 Mar 2021 21:04:30:   Number of genes under FDR adjustment: 10 
INFO  @ Sat, 13 Mar 2021 21:04:30:   Saving to output file... 
INFO  @ Sat, 13 Mar 2021 21:04:30:   RRA completed. 
INFO  @ Sat, 13 Mar 2021 21:04:30:    
INFO  @ Sat, 13 Mar 2021 21:04:30: End command message. 
DEBUG @ Sat, 13 Mar 2021 21:04:30: Sorting the merged items by positive selection... 
INFO  @ Sat, 13 Mar 2021 21:04:30: Loading top 10 genes from S3A_c0_t2.gene.low.txt: SOX9,mKate2,CCR5,ROSA26,PROM1,AAVS1,LRIG1,CTRL,EGFP,KRT20 
DEBUG @ Sat, 13 Mar 2021 21:04:30: Column index:3 
INFO  @ Sat, 13 Mar 2021 21:04:30: Loading top 10 genes from S3A_c0_t2.gene.high.txt: EGFP,KRT20,LRIG1,AAVS1,ROSA26,PROM1,CTRL,CCR5,mKate2,SOX9 
DEBUG @ Sat, 13 Mar 2021 21:04:30: Column index:9 
INFO  @ Sat, 13 Mar 2021 21:04:30: Running command: rm S3A_c0_t2.plow.txt 
INFO  @ Sat, 13 Mar 2021 21:04:30: Running command: rm S3A_c0_t2.phigh.txt 
INFO  @ Sat, 13 Mar 2021 21:04:30: Running command: rm S3A_c0_t2.gene.low.txt 
INFO  @ Sat, 13 Mar 2021 21:04:30: Running command: rm S3A_c0_t2.gene.high.txt 
