INFO  @ Sat, 13 Mar 2021 21:04:49: Parameters: /opt/anaconda3/bin/mageck test -k S3B.txt -t 0 -c 1 -n S3B_c1_t0 --norm-method total --sort-criteria pos 
INFO  @ Sat, 13 Mar 2021 21:04:49: Welcome to MAGeCK v0.5.9.4. Command: test 
INFO  @ Sat, 13 Mar 2021 21:04:49: Loading count table from S3B.txt  
INFO  @ Sat, 13 Mar 2021 21:04:49: Processing 1 lines.. 
DEBUG @ Sat, 13 Mar 2021 21:04:49: Parsing error in line 1 (usually the header line). Skip this line. 
INFO  @ Sat, 13 Mar 2021 21:04:49: Loaded 76 records. 
INFO  @ Sat, 13 Mar 2021 21:04:49: Loading Rnw template file: /opt/anaconda3/lib/python3.8/site-packages/mageck/test_report.Rmd. 
DEBUG @ Sat, 13 Mar 2021 21:04:49: Setting up the visualization module... 
INFO  @ Sat, 13 Mar 2021 21:04:49: Loading R template file: /opt/anaconda3/lib/python3.8/site-packages/mageck/plot_template.RTemplate. 
INFO  @ Sat, 13 Mar 2021 21:04:49: Loading R template file: /opt/anaconda3/lib/python3.8/site-packages/mageck/plot_template_indvgene.RTemplate. 
INFO  @ Sat, 13 Mar 2021 21:04:49: Loading Rnw template file: /opt/anaconda3/lib/python3.8/site-packages/mageck/plot_template.Rnw. 
DEBUG @ Sat, 13 Mar 2021 21:04:49: Setting up the visualization module... 
DEBUG @ Sat, 13 Mar 2021 21:04:49: Given sample labels: 0 
DEBUG @ Sat, 13 Mar 2021 21:04:49: Converted index: 0 
INFO  @ Sat, 13 Mar 2021 21:04:49: Treatment samples:0 
INFO  @ Sat, 13 Mar 2021 21:04:49: Treatment sample index:0 
DEBUG @ Sat, 13 Mar 2021 21:04:49: Given sample labels: 1 
DEBUG @ Sat, 13 Mar 2021 21:04:49: Converted index: 1 
INFO  @ Sat, 13 Mar 2021 21:04:49: Control samples:1 
INFO  @ Sat, 13 Mar 2021 21:04:49: Control sample index:1 
DEBUG @ Sat, 13 Mar 2021 21:04:49: Initial (total) size factor: 0.844707172794259 1.225253257637358 
INFO  @ Sat, 13 Mar 2021 21:04:49: Final size factor: 0.844707172794259 1.225253257637358 
INFO  @ Sat, 13 Mar 2021 21:04:49: Detecting outliers from variance estimation.. Avg read count:[4842.873273103624], Var: [7193456.56307652] 
DEBUG @ Sat, 13 Mar 2021 21:04:49: Adjusted model: 2.5432028549528622	0 
INFO  @ Sat, 13 Mar 2021 21:04:49: Before RRA, 0 sgRNAs are removed with zero counts in both group(s). 
INFO  @ Sat, 13 Mar 2021 21:04:49: Use qnorm to reversely calculate sgRNA scores ... 
DEBUG @ Sat, 13 Mar 2021 21:04:49: lower test FDR cutoff: 0.8947368421052632 
DEBUG @ Sat, 13 Mar 2021 21:04:49: higher test FDR cutoff: 0.01 
INFO  @ Sat, 13 Mar 2021 21:04:49: Running command: RRA -i S3B_c1_t0.plow.txt -o S3B_c1_t0.gene.low.txt -p 0.5 --skip-gene NA --skip-gene na  
INFO  @ Sat, 13 Mar 2021 21:04:49: Command message: 
INFO  @ Sat, 13 Mar 2021 21:04:49:   Welcome to RRA v 0.5.9. 
INFO  @ Sat, 13 Mar 2021 21:04:49:   Skipping gene NA for permutation ... 
INFO  @ Sat, 13 Mar 2021 21:04:49:   Skipping gene na for permutation ... 
INFO  @ Sat, 13 Mar 2021 21:04:49:   Reading input file... 
INFO  @ Sat, 13 Mar 2021 21:04:49:   Summary: 76 sgRNAs, 10 genes, 1 lists; skipped sgRNAs:0 
INFO  @ Sat, 13 Mar 2021 21:04:49:   Computing lo-values for each group... 
INFO  @ Sat, 13 Mar 2021 21:04:49:   Computing false discovery rate... 
INFO  @ Sat, 13 Mar 2021 21:04:49:   Increase the number of permutations to 10001 to get precise p values. To avoid this, use the --permutation option. 
INFO  @ Sat, 13 Mar 2021 21:04:49:   Permuting genes with 6 sgRNAs... 
INFO  @ Sat, 13 Mar 2021 21:04:49:   Permuting genes with 10 sgRNAs... 
INFO  @ Sat, 13 Mar 2021 21:04:49:   Number of genes under FDR adjustment: 10 
INFO  @ Sat, 13 Mar 2021 21:04:49:   Saving to output file... 
INFO  @ Sat, 13 Mar 2021 21:04:49:   RRA completed. 
INFO  @ Sat, 13 Mar 2021 21:04:49:    
INFO  @ Sat, 13 Mar 2021 21:04:49: End command message. 
INFO  @ Sat, 13 Mar 2021 21:04:49: Running command: RRA -i S3B_c1_t0.phigh.txt -o S3B_c1_t0.gene.high.txt -p 0.01 --skip-gene NA --skip-gene na  
INFO  @ Sat, 13 Mar 2021 21:04:49: Command message: 
INFO  @ Sat, 13 Mar 2021 21:04:49:   Welcome to RRA v 0.5.9. 
INFO  @ Sat, 13 Mar 2021 21:04:49:   Skipping gene NA for permutation ... 
INFO  @ Sat, 13 Mar 2021 21:04:49:   Skipping gene na for permutation ... 
INFO  @ Sat, 13 Mar 2021 21:04:49:   Reading input file... 
INFO  @ Sat, 13 Mar 2021 21:04:49:   Summary: 76 sgRNAs, 10 genes, 1 lists; skipped sgRNAs:0 
INFO  @ Sat, 13 Mar 2021 21:04:49:   Computing lo-values for each group... 
INFO  @ Sat, 13 Mar 2021 21:04:49:   Computing false discovery rate... 
INFO  @ Sat, 13 Mar 2021 21:04:49:   Increase the number of permutations to 10001 to get precise p values. To avoid this, use the --permutation option. 
INFO  @ Sat, 13 Mar 2021 21:04:49:   Permuting genes with 6 sgRNAs... 
INFO  @ Sat, 13 Mar 2021 21:04:49:   Permuting genes with 10 sgRNAs... 
INFO  @ Sat, 13 Mar 2021 21:04:49:   Number of genes under FDR adjustment: 10 
INFO  @ Sat, 13 Mar 2021 21:04:49:   Saving to output file... 
INFO  @ Sat, 13 Mar 2021 21:04:49:   RRA completed. 
INFO  @ Sat, 13 Mar 2021 21:04:49:    
INFO  @ Sat, 13 Mar 2021 21:04:49: End command message. 
DEBUG @ Sat, 13 Mar 2021 21:04:49: Sorting the merged items by positive selection... 
INFO  @ Sat, 13 Mar 2021 21:04:49: Loading top 10 genes from S3B_c1_t0.gene.low.txt: EGFP,KRT20,PROM1,ROSA26,LRIG1,CTRL,CCR5,AAVS1,SOX9,mKate2 
DEBUG @ Sat, 13 Mar 2021 21:04:49: Column index:3 
INFO  @ Sat, 13 Mar 2021 21:04:49: Loading top 10 genes from S3B_c1_t0.gene.high.txt: mKate2,SOX9,AAVS1,CCR5,ROSA26,CTRL,LRIG1,PROM1,EGFP,KRT20 
DEBUG @ Sat, 13 Mar 2021 21:04:49: Column index:9 
INFO  @ Sat, 13 Mar 2021 21:04:49: Running command: rm S3B_c1_t0.plow.txt 
INFO  @ Sat, 13 Mar 2021 21:04:49: Running command: rm S3B_c1_t0.phigh.txt 
INFO  @ Sat, 13 Mar 2021 21:04:49: Running command: rm S3B_c1_t0.gene.low.txt 
INFO  @ Sat, 13 Mar 2021 21:04:49: Running command: rm S3B_c1_t0.gene.high.txt 
