INFO  @ Sat, 13 Mar 2021 21:05:07: Parameters: /opt/anaconda3/bin/mageck test -k S3B.txt -t 2 -c 1 -n S3B_c1_t2 --norm-method total --sort-criteria pos 
INFO  @ Sat, 13 Mar 2021 21:05:07: Welcome to MAGeCK v0.5.9.4. Command: test 
INFO  @ Sat, 13 Mar 2021 21:05:07: Loading count table from S3B.txt  
INFO  @ Sat, 13 Mar 2021 21:05:07: Processing 1 lines.. 
DEBUG @ Sat, 13 Mar 2021 21:05:07: Parsing error in line 1 (usually the header line). Skip this line. 
INFO  @ Sat, 13 Mar 2021 21:05:07: Loaded 76 records. 
INFO  @ Sat, 13 Mar 2021 21:05:07: Loading Rnw template file: /opt/anaconda3/lib/python3.8/site-packages/mageck/test_report.Rmd. 
DEBUG @ Sat, 13 Mar 2021 21:05:07: Setting up the visualization module... 
INFO  @ Sat, 13 Mar 2021 21:05:07: Loading R template file: /opt/anaconda3/lib/python3.8/site-packages/mageck/plot_template.RTemplate. 
INFO  @ Sat, 13 Mar 2021 21:05:07: Loading R template file: /opt/anaconda3/lib/python3.8/site-packages/mageck/plot_template_indvgene.RTemplate. 
INFO  @ Sat, 13 Mar 2021 21:05:07: Loading Rnw template file: /opt/anaconda3/lib/python3.8/site-packages/mageck/plot_template.Rnw. 
DEBUG @ Sat, 13 Mar 2021 21:05:07: Setting up the visualization module... 
DEBUG @ Sat, 13 Mar 2021 21:05:07: Given sample labels: 2 
DEBUG @ Sat, 13 Mar 2021 21:05:07: Converted index: 2 
INFO  @ Sat, 13 Mar 2021 21:05:07: Treatment samples:2 
INFO  @ Sat, 13 Mar 2021 21:05:07: Treatment sample index:2 
DEBUG @ Sat, 13 Mar 2021 21:05:07: Given sample labels: 1 
DEBUG @ Sat, 13 Mar 2021 21:05:07: Converted index: 1 
INFO  @ Sat, 13 Mar 2021 21:05:07: Control samples:1 
INFO  @ Sat, 13 Mar 2021 21:05:07: Control sample index:1 
DEBUG @ Sat, 13 Mar 2021 21:05:07: Initial (total) size factor: 0.9567311097664385 1.0473680129383875 
INFO  @ Sat, 13 Mar 2021 21:05:07: Final size factor: 0.9567311097664385 1.0473680129383875 
INFO  @ Sat, 13 Mar 2021 21:05:07: Detecting outliers from variance estimation.. Avg read count:[5815.1855599169285], Var: [8777312.433398511] 
DEBUG @ Sat, 13 Mar 2021 21:05:07: Adjusted model: 1	7.982206401129913 
INFO  @ Sat, 13 Mar 2021 21:05:07: Before RRA, 0 sgRNAs are removed with zero counts in both group(s). 
INFO  @ Sat, 13 Mar 2021 21:05:07: Use qnorm to reversely calculate sgRNA scores ... 
DEBUG @ Sat, 13 Mar 2021 21:05:07: lower test FDR cutoff: 0.5394736842105263 
DEBUG @ Sat, 13 Mar 2021 21:05:07: higher test FDR cutoff: 0.18421052631578946 
INFO  @ Sat, 13 Mar 2021 21:05:07: Running command: RRA -i S3B_c1_t2.plow.txt -o S3B_c1_t2.gene.low.txt -p 0.5 --skip-gene NA --skip-gene na  
INFO  @ Sat, 13 Mar 2021 21:05:08: Command message: 
INFO  @ Sat, 13 Mar 2021 21:05:08:   Welcome to RRA v 0.5.9. 
INFO  @ Sat, 13 Mar 2021 21:05:08:   Skipping gene NA for permutation ... 
INFO  @ Sat, 13 Mar 2021 21:05:08:   Skipping gene na for permutation ... 
INFO  @ Sat, 13 Mar 2021 21:05:08:   Reading input file... 
INFO  @ Sat, 13 Mar 2021 21:05:08:   Summary: 76 sgRNAs, 10 genes, 1 lists; skipped sgRNAs:0 
INFO  @ Sat, 13 Mar 2021 21:05:08:   Computing lo-values for each group... 
INFO  @ Sat, 13 Mar 2021 21:05:08:   Computing false discovery rate... 
INFO  @ Sat, 13 Mar 2021 21:05:08:   Increase the number of permutations to 10001 to get precise p values. To avoid this, use the --permutation option. 
INFO  @ Sat, 13 Mar 2021 21:05:08:   Permuting genes with 6 sgRNAs... 
INFO  @ Sat, 13 Mar 2021 21:05:08:   Permuting genes with 10 sgRNAs... 
INFO  @ Sat, 13 Mar 2021 21:05:08:   Number of genes under FDR adjustment: 10 
INFO  @ Sat, 13 Mar 2021 21:05:08:   Saving to output file... 
INFO  @ Sat, 13 Mar 2021 21:05:08:   RRA completed. 
INFO  @ Sat, 13 Mar 2021 21:05:08:    
INFO  @ Sat, 13 Mar 2021 21:05:08: End command message. 
INFO  @ Sat, 13 Mar 2021 21:05:08: Running command: RRA -i S3B_c1_t2.phigh.txt -o S3B_c1_t2.gene.high.txt -p 0.18421052631578946 --skip-gene NA --skip-gene na  
INFO  @ Sat, 13 Mar 2021 21:05:08: Command message: 
INFO  @ Sat, 13 Mar 2021 21:05:08:   Welcome to RRA v 0.5.9. 
INFO  @ Sat, 13 Mar 2021 21:05:08:   Skipping gene NA for permutation ... 
INFO  @ Sat, 13 Mar 2021 21:05:08:   Skipping gene na for permutation ... 
INFO  @ Sat, 13 Mar 2021 21:05:08:   Reading input file... 
INFO  @ Sat, 13 Mar 2021 21:05:08:   Summary: 76 sgRNAs, 10 genes, 1 lists; skipped sgRNAs:0 
INFO  @ Sat, 13 Mar 2021 21:05:08:   Computing lo-values for each group... 
INFO  @ Sat, 13 Mar 2021 21:05:08:   Computing false discovery rate... 
INFO  @ Sat, 13 Mar 2021 21:05:08:   Increase the number of permutations to 10001 to get precise p values. To avoid this, use the --permutation option. 
INFO  @ Sat, 13 Mar 2021 21:05:08:   Permuting genes with 6 sgRNAs... 
INFO  @ Sat, 13 Mar 2021 21:05:08:   Permuting genes with 10 sgRNAs... 
INFO  @ Sat, 13 Mar 2021 21:05:08:   Number of genes under FDR adjustment: 10 
INFO  @ Sat, 13 Mar 2021 21:05:08:   Saving to output file... 
INFO  @ Sat, 13 Mar 2021 21:05:08:   RRA completed. 
INFO  @ Sat, 13 Mar 2021 21:05:08:    
INFO  @ Sat, 13 Mar 2021 21:05:08: End command message. 
DEBUG @ Sat, 13 Mar 2021 21:05:08: Sorting the merged items by positive selection... 
INFO  @ Sat, 13 Mar 2021 21:05:08: Loading top 10 genes from S3B_c1_t2.gene.low.txt: ROSA26,LRIG1,PROM1,AAVS1,CCR5,CTRL,EGFP,KRT20,SOX9,mKate2 
DEBUG @ Sat, 13 Mar 2021 21:05:08: Column index:3 
INFO  @ Sat, 13 Mar 2021 21:05:08: Loading top 10 genes from S3B_c1_t2.gene.high.txt: mKate2,SOX9,KRT20,EGFP,AAVS1,PROM1,CTRL,CCR5,ROSA26,LRIG1 
DEBUG @ Sat, 13 Mar 2021 21:05:08: Column index:9 
INFO  @ Sat, 13 Mar 2021 21:05:08: Running command: rm S3B_c1_t2.plow.txt 
INFO  @ Sat, 13 Mar 2021 21:05:08: Running command: rm S3B_c1_t2.phigh.txt 
INFO  @ Sat, 13 Mar 2021 21:05:08: Running command: rm S3B_c1_t2.gene.low.txt 
INFO  @ Sat, 13 Mar 2021 21:05:08: Running command: rm S3B_c1_t2.gene.high.txt 
