INFO  @ Sat, 13 Mar 2021 21:05:11: Parameters: /opt/anaconda3/bin/mageck test -k S3B.txt -t 3 -c 1 -n S3B_c1_t3 --norm-method total --sort-criteria pos 
INFO  @ Sat, 13 Mar 2021 21:05:11: Welcome to MAGeCK v0.5.9.4. Command: test 
INFO  @ Sat, 13 Mar 2021 21:05:11: Loading count table from S3B.txt  
INFO  @ Sat, 13 Mar 2021 21:05:11: Processing 1 lines.. 
DEBUG @ Sat, 13 Mar 2021 21:05:11: Parsing error in line 1 (usually the header line). Skip this line. 
INFO  @ Sat, 13 Mar 2021 21:05:11: Loaded 76 records. 
INFO  @ Sat, 13 Mar 2021 21:05:11: Loading Rnw template file: /opt/anaconda3/lib/python3.8/site-packages/mageck/test_report.Rmd. 
DEBUG @ Sat, 13 Mar 2021 21:05:11: Setting up the visualization module... 
INFO  @ Sat, 13 Mar 2021 21:05:11: Loading R template file: /opt/anaconda3/lib/python3.8/site-packages/mageck/plot_template.RTemplate. 
INFO  @ Sat, 13 Mar 2021 21:05:11: Loading R template file: /opt/anaconda3/lib/python3.8/site-packages/mageck/plot_template_indvgene.RTemplate. 
INFO  @ Sat, 13 Mar 2021 21:05:11: Loading Rnw template file: /opt/anaconda3/lib/python3.8/site-packages/mageck/plot_template.Rnw. 
DEBUG @ Sat, 13 Mar 2021 21:05:11: Setting up the visualization module... 
DEBUG @ Sat, 13 Mar 2021 21:05:11: Given sample labels: 3 
DEBUG @ Sat, 13 Mar 2021 21:05:11: Converted index: 3 
INFO  @ Sat, 13 Mar 2021 21:05:11: Treatment samples:3 
INFO  @ Sat, 13 Mar 2021 21:05:11: Treatment sample index:3 
DEBUG @ Sat, 13 Mar 2021 21:05:11: Given sample labels: 1 
DEBUG @ Sat, 13 Mar 2021 21:05:11: Converted index: 1 
INFO  @ Sat, 13 Mar 2021 21:05:11: Control samples:1 
INFO  @ Sat, 13 Mar 2021 21:05:11: Control sample index:1 
DEBUG @ Sat, 13 Mar 2021 21:05:11: Initial (total) size factor: 1.015461486933627 0.9850022869549342 
INFO  @ Sat, 13 Mar 2021 21:05:11: Final size factor: 1.015461486933627 0.9850022869549342 
INFO  @ Sat, 13 Mar 2021 21:05:11: Detecting outliers from variance estimation.. Avg read count:[6065.067676596742], Var: [9779877.370838637] 
DEBUG @ Sat, 13 Mar 2021 21:05:11: Adjusted model: 1.3723076041744453	2.4839054843320327 
INFO  @ Sat, 13 Mar 2021 21:05:11: Before RRA, 0 sgRNAs are removed with zero counts in both group(s). 
INFO  @ Sat, 13 Mar 2021 21:05:11: Use qnorm to reversely calculate sgRNA scores ... 
DEBUG @ Sat, 13 Mar 2021 21:05:11: lower test FDR cutoff: 0.6578947368421053 
DEBUG @ Sat, 13 Mar 2021 21:05:11: higher test FDR cutoff: 0.15789473684210525 
INFO  @ Sat, 13 Mar 2021 21:05:11: Running command: RRA -i S3B_c1_t3.plow.txt -o S3B_c1_t3.gene.low.txt -p 0.5 --skip-gene NA --skip-gene na  
INFO  @ Sat, 13 Mar 2021 21:05:11: Command message: 
INFO  @ Sat, 13 Mar 2021 21:05:11:   Welcome to RRA v 0.5.9. 
INFO  @ Sat, 13 Mar 2021 21:05:11:   Skipping gene NA for permutation ... 
INFO  @ Sat, 13 Mar 2021 21:05:11:   Skipping gene na for permutation ... 
INFO  @ Sat, 13 Mar 2021 21:05:11:   Reading input file... 
INFO  @ Sat, 13 Mar 2021 21:05:11:   Summary: 76 sgRNAs, 10 genes, 1 lists; skipped sgRNAs:0 
INFO  @ Sat, 13 Mar 2021 21:05:11:   Computing lo-values for each group... 
INFO  @ Sat, 13 Mar 2021 21:05:11:   Computing false discovery rate... 
INFO  @ Sat, 13 Mar 2021 21:05:11:   Increase the number of permutations to 10001 to get precise p values. To avoid this, use the --permutation option. 
INFO  @ Sat, 13 Mar 2021 21:05:11:   Permuting genes with 6 sgRNAs... 
INFO  @ Sat, 13 Mar 2021 21:05:11:   Permuting genes with 10 sgRNAs... 
INFO  @ Sat, 13 Mar 2021 21:05:11:   Number of genes under FDR adjustment: 10 
INFO  @ Sat, 13 Mar 2021 21:05:11:   Saving to output file... 
INFO  @ Sat, 13 Mar 2021 21:05:11:   RRA completed. 
INFO  @ Sat, 13 Mar 2021 21:05:11:    
INFO  @ Sat, 13 Mar 2021 21:05:11: End command message. 
INFO  @ Sat, 13 Mar 2021 21:05:11: Running command: RRA -i S3B_c1_t3.phigh.txt -o S3B_c1_t3.gene.high.txt -p 0.15789473684210525 --skip-gene NA --skip-gene na  
INFO  @ Sat, 13 Mar 2021 21:05:11: Command message: 
INFO  @ Sat, 13 Mar 2021 21:05:11:   Welcome to RRA v 0.5.9. 
INFO  @ Sat, 13 Mar 2021 21:05:11:   Skipping gene NA for permutation ... 
INFO  @ Sat, 13 Mar 2021 21:05:11:   Skipping gene na for permutation ... 
INFO  @ Sat, 13 Mar 2021 21:05:11:   Reading input file... 
INFO  @ Sat, 13 Mar 2021 21:05:11:   Summary: 76 sgRNAs, 10 genes, 1 lists; skipped sgRNAs:0 
INFO  @ Sat, 13 Mar 2021 21:05:11:   Computing lo-values for each group... 
INFO  @ Sat, 13 Mar 2021 21:05:11:   Computing false discovery rate... 
INFO  @ Sat, 13 Mar 2021 21:05:11:   Increase the number of permutations to 10001 to get precise p values. To avoid this, use the --permutation option. 
INFO  @ Sat, 13 Mar 2021 21:05:11:   Permuting genes with 6 sgRNAs... 
INFO  @ Sat, 13 Mar 2021 21:05:11:   Permuting genes with 10 sgRNAs... 
INFO  @ Sat, 13 Mar 2021 21:05:11:   Number of genes under FDR adjustment: 10 
INFO  @ Sat, 13 Mar 2021 21:05:11:   Saving to output file... 
INFO  @ Sat, 13 Mar 2021 21:05:11:   RRA completed. 
INFO  @ Sat, 13 Mar 2021 21:05:11:    
INFO  @ Sat, 13 Mar 2021 21:05:11: End command message. 
DEBUG @ Sat, 13 Mar 2021 21:05:11: Sorting the merged items by positive selection... 
INFO  @ Sat, 13 Mar 2021 21:05:11: Loading top 10 genes from S3B_c1_t3.gene.low.txt: PROM1,ROSA26,CCR5,LRIG1,CTRL,AAVS1,EGFP,KRT20,SOX9,mKate2 
DEBUG @ Sat, 13 Mar 2021 21:05:11: Column index:3 
INFO  @ Sat, 13 Mar 2021 21:05:11: Loading top 10 genes from S3B_c1_t3.gene.high.txt: mKate2,SOX9,KRT20,EGFP,AAVS1,PROM1,ROSA26,LRIG1,CTRL,CCR5 
DEBUG @ Sat, 13 Mar 2021 21:05:11: Column index:9 
INFO  @ Sat, 13 Mar 2021 21:05:11: Running command: rm S3B_c1_t3.plow.txt 
INFO  @ Sat, 13 Mar 2021 21:05:11: Running command: rm S3B_c1_t3.phigh.txt 
INFO  @ Sat, 13 Mar 2021 21:05:11: Running command: rm S3B_c1_t3.gene.low.txt 
INFO  @ Sat, 13 Mar 2021 21:05:11: Running command: rm S3B_c1_t3.gene.high.txt 
