INFO  @ Sat, 13 Mar 2021 21:05:04: Parameters: /opt/anaconda3/bin/mageck test -k S3B.txt -t 3 -c 0 -n S3B_c0_t3 --norm-method total --sort-criteria pos 
INFO  @ Sat, 13 Mar 2021 21:05:04: Welcome to MAGeCK v0.5.9.4. Command: test 
INFO  @ Sat, 13 Mar 2021 21:05:04: Loading count table from S3B.txt  
INFO  @ Sat, 13 Mar 2021 21:05:04: Processing 1 lines.. 
DEBUG @ Sat, 13 Mar 2021 21:05:04: Parsing error in line 1 (usually the header line). Skip this line. 
INFO  @ Sat, 13 Mar 2021 21:05:04: Loaded 76 records. 
INFO  @ Sat, 13 Mar 2021 21:05:04: Loading Rnw template file: /opt/anaconda3/lib/python3.8/site-packages/mageck/test_report.Rmd. 
DEBUG @ Sat, 13 Mar 2021 21:05:04: Setting up the visualization module... 
INFO  @ Sat, 13 Mar 2021 21:05:04: Loading R template file: /opt/anaconda3/lib/python3.8/site-packages/mageck/plot_template.RTemplate. 
INFO  @ Sat, 13 Mar 2021 21:05:04: Loading R template file: /opt/anaconda3/lib/python3.8/site-packages/mageck/plot_template_indvgene.RTemplate. 
INFO  @ Sat, 13 Mar 2021 21:05:04: Loading Rnw template file: /opt/anaconda3/lib/python3.8/site-packages/mageck/plot_template.Rnw. 
DEBUG @ Sat, 13 Mar 2021 21:05:04: Setting up the visualization module... 
DEBUG @ Sat, 13 Mar 2021 21:05:04: Given sample labels: 3 
DEBUG @ Sat, 13 Mar 2021 21:05:04: Converted index: 3 
INFO  @ Sat, 13 Mar 2021 21:05:04: Treatment samples:3 
INFO  @ Sat, 13 Mar 2021 21:05:04: Treatment sample index:3 
DEBUG @ Sat, 13 Mar 2021 21:05:04: Given sample labels: 0 
DEBUG @ Sat, 13 Mar 2021 21:05:04: Converted index: 0 
INFO  @ Sat, 13 Mar 2021 21:05:04: Control samples:0 
INFO  @ Sat, 13 Mar 2021 21:05:04: Control sample index:0 
DEBUG @ Sat, 13 Mar 2021 21:05:04: Initial (total) size factor: 1.2476802451704188 0.8343675342699706 
INFO  @ Sat, 13 Mar 2021 21:05:04: Final size factor: 1.2476802451704188 0.8343675342699706 
INFO  @ Sat, 13 Mar 2021 21:05:04: Detecting outliers from variance estimation.. Avg read count:[4591.383896589123], Var: [10900080.82006605] 
INFO  @ Sat, 13 Mar 2021 21:05:04: Skipping 1 sgRNAs from variance calculation because of their extreme high counts (> 4* STD (mean counts) ). 
DEBUG @ Sat, 13 Mar 2021 21:05:04: Adjusted model: 2.113383764998045	0 
INFO  @ Sat, 13 Mar 2021 21:05:04: Before RRA, 0 sgRNAs are removed with zero counts in both group(s). 
INFO  @ Sat, 13 Mar 2021 21:05:04: Use qnorm to reversely calculate sgRNA scores ... 
DEBUG @ Sat, 13 Mar 2021 21:05:04: lower test FDR cutoff: 0.21052631578947367 
DEBUG @ Sat, 13 Mar 2021 21:05:04: higher test FDR cutoff: 0.15789473684210525 
INFO  @ Sat, 13 Mar 2021 21:05:04: Running command: RRA -i S3B_c0_t3.plow.txt -o S3B_c0_t3.gene.low.txt -p 0.21052631578947367 --skip-gene NA --skip-gene na  
INFO  @ Sat, 13 Mar 2021 21:05:04: Command message: 
INFO  @ Sat, 13 Mar 2021 21:05:04:   Welcome to RRA v 0.5.9. 
INFO  @ Sat, 13 Mar 2021 21:05:04:   Skipping gene NA for permutation ... 
INFO  @ Sat, 13 Mar 2021 21:05:04:   Skipping gene na for permutation ... 
INFO  @ Sat, 13 Mar 2021 21:05:04:   Reading input file... 
INFO  @ Sat, 13 Mar 2021 21:05:04:   Summary: 76 sgRNAs, 10 genes, 1 lists; skipped sgRNAs:0 
INFO  @ Sat, 13 Mar 2021 21:05:04:   Computing lo-values for each group... 
INFO  @ Sat, 13 Mar 2021 21:05:04:   Computing false discovery rate... 
INFO  @ Sat, 13 Mar 2021 21:05:04:   Increase the number of permutations to 10001 to get precise p values. To avoid this, use the --permutation option. 
INFO  @ Sat, 13 Mar 2021 21:05:04:   Permuting genes with 6 sgRNAs... 
INFO  @ Sat, 13 Mar 2021 21:05:04:   Permuting genes with 10 sgRNAs... 
INFO  @ Sat, 13 Mar 2021 21:05:04:   Number of genes under FDR adjustment: 10 
INFO  @ Sat, 13 Mar 2021 21:05:04:   Saving to output file... 
INFO  @ Sat, 13 Mar 2021 21:05:04:   RRA completed. 
INFO  @ Sat, 13 Mar 2021 21:05:04:    
INFO  @ Sat, 13 Mar 2021 21:05:04: End command message. 
INFO  @ Sat, 13 Mar 2021 21:05:04: Running command: RRA -i S3B_c0_t3.phigh.txt -o S3B_c0_t3.gene.high.txt -p 0.15789473684210525 --skip-gene NA --skip-gene na  
INFO  @ Sat, 13 Mar 2021 21:05:04: Command message: 
INFO  @ Sat, 13 Mar 2021 21:05:04:   Welcome to RRA v 0.5.9. 
INFO  @ Sat, 13 Mar 2021 21:05:04:   Skipping gene NA for permutation ... 
INFO  @ Sat, 13 Mar 2021 21:05:04:   Skipping gene na for permutation ... 
INFO  @ Sat, 13 Mar 2021 21:05:04:   Reading input file... 
INFO  @ Sat, 13 Mar 2021 21:05:04:   Summary: 76 sgRNAs, 10 genes, 1 lists; skipped sgRNAs:0 
INFO  @ Sat, 13 Mar 2021 21:05:04:   Computing lo-values for each group... 
INFO  @ Sat, 13 Mar 2021 21:05:04:   Computing false discovery rate... 
INFO  @ Sat, 13 Mar 2021 21:05:04:   Increase the number of permutations to 10001 to get precise p values. To avoid this, use the --permutation option. 
INFO  @ Sat, 13 Mar 2021 21:05:04:   Permuting genes with 6 sgRNAs... 
INFO  @ Sat, 13 Mar 2021 21:05:04:   Permuting genes with 10 sgRNAs... 
INFO  @ Sat, 13 Mar 2021 21:05:04:   Number of genes under FDR adjustment: 10 
INFO  @ Sat, 13 Mar 2021 21:05:04:   Saving to output file... 
INFO  @ Sat, 13 Mar 2021 21:05:04:   RRA completed. 
INFO  @ Sat, 13 Mar 2021 21:05:04:    
INFO  @ Sat, 13 Mar 2021 21:05:04: End command message. 
DEBUG @ Sat, 13 Mar 2021 21:05:04: Sorting the merged items by positive selection... 
INFO  @ Sat, 13 Mar 2021 21:05:04: Loading top 10 genes from S3B_c0_t3.gene.low.txt: SOX9,mKate2,AAVS1,CTRL,PROM1,CCR5,ROSA26,LRIG1,EGFP,KRT20 
DEBUG @ Sat, 13 Mar 2021 21:05:04: Column index:3 
INFO  @ Sat, 13 Mar 2021 21:05:04: Loading top 10 genes from S3B_c0_t3.gene.high.txt: EGFP,KRT20,LRIG1,AAVS1,CTRL,ROSA26,PROM1,CCR5,mKate2,SOX9 
DEBUG @ Sat, 13 Mar 2021 21:05:04: Column index:9 
INFO  @ Sat, 13 Mar 2021 21:05:04: Running command: rm S3B_c0_t3.plow.txt 
INFO  @ Sat, 13 Mar 2021 21:05:04: Running command: rm S3B_c0_t3.phigh.txt 
INFO  @ Sat, 13 Mar 2021 21:05:04: Running command: rm S3B_c0_t3.gene.low.txt 
INFO  @ Sat, 13 Mar 2021 21:05:04: Running command: rm S3B_c0_t3.gene.high.txt 
