INFO  @ Sat, 13 Mar 2021 21:04:54: Parameters: /opt/anaconda3/bin/mageck test -k S3B.txt -t 2 -c 0 -n S3B_c0_t2 --norm-method total --sort-criteria pos 
INFO  @ Sat, 13 Mar 2021 21:04:54: Welcome to MAGeCK v0.5.9.4. Command: test 
INFO  @ Sat, 13 Mar 2021 21:04:54: Loading count table from S3B.txt  
INFO  @ Sat, 13 Mar 2021 21:04:54: Processing 1 lines.. 
DEBUG @ Sat, 13 Mar 2021 21:04:54: Parsing error in line 1 (usually the header line). Skip this line. 
INFO  @ Sat, 13 Mar 2021 21:04:54: Loaded 76 records. 
INFO  @ Sat, 13 Mar 2021 21:04:54: Loading Rnw template file: /opt/anaconda3/lib/python3.8/site-packages/mageck/test_report.Rmd. 
DEBUG @ Sat, 13 Mar 2021 21:04:54: Setting up the visualization module... 
INFO  @ Sat, 13 Mar 2021 21:04:54: Loading R template file: /opt/anaconda3/lib/python3.8/site-packages/mageck/plot_template.RTemplate. 
INFO  @ Sat, 13 Mar 2021 21:04:54: Loading R template file: /opt/anaconda3/lib/python3.8/site-packages/mageck/plot_template_indvgene.RTemplate. 
INFO  @ Sat, 13 Mar 2021 21:04:54: Loading Rnw template file: /opt/anaconda3/lib/python3.8/site-packages/mageck/plot_template.Rnw. 
DEBUG @ Sat, 13 Mar 2021 21:04:54: Setting up the visualization module... 
DEBUG @ Sat, 13 Mar 2021 21:04:54: Given sample labels: 2 
DEBUG @ Sat, 13 Mar 2021 21:04:54: Converted index: 2 
INFO  @ Sat, 13 Mar 2021 21:04:54: Treatment samples:2 
INFO  @ Sat, 13 Mar 2021 21:04:54: Treatment sample index:2 
DEBUG @ Sat, 13 Mar 2021 21:04:54: Given sample labels: 0 
DEBUG @ Sat, 13 Mar 2021 21:04:54: Converted index: 0 
INFO  @ Sat, 13 Mar 2021 21:04:54: Control samples:0 
INFO  @ Sat, 13 Mar 2021 21:04:54: Control sample index:0 
DEBUG @ Sat, 13 Mar 2021 21:04:54: Initial (total) size factor: 1.1624914504448705 0.8773633604360059 
INFO  @ Sat, 13 Mar 2021 21:04:54: Final size factor: 1.1624914504448705 0.8773633604360059 
INFO  @ Sat, 13 Mar 2021 21:04:54: Detecting outliers from variance estimation.. Avg read count:[4290.343665665592], Var: [9853556.271068564] 
INFO  @ Sat, 13 Mar 2021 21:04:54: Skipping 1 sgRNAs from variance calculation because of their extreme high counts (> 4* STD (mean counts) ). 
DEBUG @ Sat, 13 Mar 2021 21:04:54: Adjusted model: 1.9769034938868906	0 
INFO  @ Sat, 13 Mar 2021 21:04:54: Before RRA, 0 sgRNAs are removed with zero counts in both group(s). 
INFO  @ Sat, 13 Mar 2021 21:04:54: Use qnorm to reversely calculate sgRNA scores ... 
DEBUG @ Sat, 13 Mar 2021 21:04:54: lower test FDR cutoff: 0.07894736842105263 
DEBUG @ Sat, 13 Mar 2021 21:04:54: higher test FDR cutoff: 0.15789473684210525 
INFO  @ Sat, 13 Mar 2021 21:04:54: Running command: RRA -i S3B_c0_t2.plow.txt -o S3B_c0_t2.gene.low.txt -p 0.07894736842105263 --skip-gene NA --skip-gene na  
INFO  @ Sat, 13 Mar 2021 21:04:54: Command message: 
INFO  @ Sat, 13 Mar 2021 21:04:54:   Welcome to RRA v 0.5.9. 
INFO  @ Sat, 13 Mar 2021 21:04:54:   Skipping gene NA for permutation ... 
INFO  @ Sat, 13 Mar 2021 21:04:54:   Skipping gene na for permutation ... 
INFO  @ Sat, 13 Mar 2021 21:04:54:   Reading input file... 
INFO  @ Sat, 13 Mar 2021 21:04:54:   Summary: 76 sgRNAs, 10 genes, 1 lists; skipped sgRNAs:0 
INFO  @ Sat, 13 Mar 2021 21:04:54:   Computing lo-values for each group... 
INFO  @ Sat, 13 Mar 2021 21:04:54:   Computing false discovery rate... 
INFO  @ Sat, 13 Mar 2021 21:04:54:   Increase the number of permutations to 10001 to get precise p values. To avoid this, use the --permutation option. 
INFO  @ Sat, 13 Mar 2021 21:04:54:   Permuting genes with 6 sgRNAs... 
INFO  @ Sat, 13 Mar 2021 21:04:54:   Permuting genes with 10 sgRNAs... 
INFO  @ Sat, 13 Mar 2021 21:04:54:   Number of genes under FDR adjustment: 10 
INFO  @ Sat, 13 Mar 2021 21:04:54:   Saving to output file... 
INFO  @ Sat, 13 Mar 2021 21:04:54:   RRA completed. 
INFO  @ Sat, 13 Mar 2021 21:04:54:    
INFO  @ Sat, 13 Mar 2021 21:04:54: End command message. 
INFO  @ Sat, 13 Mar 2021 21:04:54: Running command: RRA -i S3B_c0_t2.phigh.txt -o S3B_c0_t2.gene.high.txt -p 0.15789473684210525 --skip-gene NA --skip-gene na  
INFO  @ Sat, 13 Mar 2021 21:04:54: Command message: 
INFO  @ Sat, 13 Mar 2021 21:04:54:   Welcome to RRA v 0.5.9. 
INFO  @ Sat, 13 Mar 2021 21:04:54:   Skipping gene NA for permutation ... 
INFO  @ Sat, 13 Mar 2021 21:04:54:   Skipping gene na for permutation ... 
INFO  @ Sat, 13 Mar 2021 21:04:54:   Reading input file... 
INFO  @ Sat, 13 Mar 2021 21:04:54:   Summary: 76 sgRNAs, 10 genes, 1 lists; skipped sgRNAs:0 
INFO  @ Sat, 13 Mar 2021 21:04:54:   Computing lo-values for each group... 
INFO  @ Sat, 13 Mar 2021 21:04:54:   Computing false discovery rate... 
INFO  @ Sat, 13 Mar 2021 21:04:54:   Increase the number of permutations to 10001 to get precise p values. To avoid this, use the --permutation option. 
INFO  @ Sat, 13 Mar 2021 21:04:54:   Permuting genes with 6 sgRNAs... 
INFO  @ Sat, 13 Mar 2021 21:04:54:   Permuting genes with 10 sgRNAs... 
INFO  @ Sat, 13 Mar 2021 21:04:54:   Number of genes under FDR adjustment: 10 
INFO  @ Sat, 13 Mar 2021 21:04:54:   Saving to output file... 
INFO  @ Sat, 13 Mar 2021 21:04:54:   RRA completed. 
INFO  @ Sat, 13 Mar 2021 21:04:54:    
INFO  @ Sat, 13 Mar 2021 21:04:54: End command message. 
DEBUG @ Sat, 13 Mar 2021 21:04:54: Sorting the merged items by positive selection... 
INFO  @ Sat, 13 Mar 2021 21:04:54: Loading top 10 genes from S3B_c0_t2.gene.low.txt: SOX9,mKate2,AAVS1,CCR5,CTRL,ROSA26,PROM1,LRIG1,EGFP,KRT20 
DEBUG @ Sat, 13 Mar 2021 21:04:54: Column index:3 
INFO  @ Sat, 13 Mar 2021 21:04:54: Loading top 10 genes from S3B_c0_t2.gene.high.txt: EGFP,KRT20,PROM1,LRIG1,CTRL,AAVS1,CCR5,ROSA26,mKate2,SOX9 
DEBUG @ Sat, 13 Mar 2021 21:04:54: Column index:9 
INFO  @ Sat, 13 Mar 2021 21:04:54: Running command: rm S3B_c0_t2.plow.txt 
INFO  @ Sat, 13 Mar 2021 21:04:54: Running command: rm S3B_c0_t2.phigh.txt 
INFO  @ Sat, 13 Mar 2021 21:04:54: Running command: rm S3B_c0_t2.gene.low.txt 
INFO  @ Sat, 13 Mar 2021 21:04:54: Running command: rm S3B_c0_t2.gene.high.txt 
