INFO  @ Sat, 13 Mar 2021 21:04:45: Parameters: /opt/anaconda3/bin/mageck test -k S3B.txt -t 1 -c 0 -n S3B_c0_t1 --norm-method total --sort-criteria pos 
INFO  @ Sat, 13 Mar 2021 21:04:45: Welcome to MAGeCK v0.5.9.4. Command: test 
INFO  @ Sat, 13 Mar 2021 21:04:45: Loading count table from S3B.txt  
INFO  @ Sat, 13 Mar 2021 21:04:45: Processing 1 lines.. 
DEBUG @ Sat, 13 Mar 2021 21:04:45: Parsing error in line 1 (usually the header line). Skip this line. 
INFO  @ Sat, 13 Mar 2021 21:04:45: Loaded 76 records. 
INFO  @ Sat, 13 Mar 2021 21:04:45: Loading Rnw template file: /opt/anaconda3/lib/python3.8/site-packages/mageck/test_report.Rmd. 
DEBUG @ Sat, 13 Mar 2021 21:04:45: Setting up the visualization module... 
INFO  @ Sat, 13 Mar 2021 21:04:45: Loading R template file: /opt/anaconda3/lib/python3.8/site-packages/mageck/plot_template.RTemplate. 
INFO  @ Sat, 13 Mar 2021 21:04:45: Loading R template file: /opt/anaconda3/lib/python3.8/site-packages/mageck/plot_template_indvgene.RTemplate. 
INFO  @ Sat, 13 Mar 2021 21:04:45: Loading Rnw template file: /opt/anaconda3/lib/python3.8/site-packages/mageck/plot_template.Rnw. 
DEBUG @ Sat, 13 Mar 2021 21:04:45: Setting up the visualization module... 
DEBUG @ Sat, 13 Mar 2021 21:04:45: Given sample labels: 1 
DEBUG @ Sat, 13 Mar 2021 21:04:45: Converted index: 1 
INFO  @ Sat, 13 Mar 2021 21:04:45: Treatment samples:1 
INFO  @ Sat, 13 Mar 2021 21:04:45: Treatment sample index:1 
DEBUG @ Sat, 13 Mar 2021 21:04:45: Given sample labels: 0 
DEBUG @ Sat, 13 Mar 2021 21:04:45: Converted index: 0 
INFO  @ Sat, 13 Mar 2021 21:04:45: Control samples:0 
INFO  @ Sat, 13 Mar 2021 21:04:45: Control sample index:0 
DEBUG @ Sat, 13 Mar 2021 21:04:45: Initial (total) size factor: 1.225253257637358 0.844707172794259 
INFO  @ Sat, 13 Mar 2021 21:04:45: Final size factor: 1.225253257637358 0.844707172794259 
INFO  @ Sat, 13 Mar 2021 21:04:45: Detecting outliers from variance estimation.. Avg read count:[4842.873273103624], Var: [7193456.56307652] 
DEBUG @ Sat, 13 Mar 2021 21:04:45: Adjusted model: 2.5432028549528622	0 
INFO  @ Sat, 13 Mar 2021 21:04:45: Before RRA, 0 sgRNAs are removed with zero counts in both group(s). 
INFO  @ Sat, 13 Mar 2021 21:04:45: Use qnorm to reversely calculate sgRNA scores ... 
DEBUG @ Sat, 13 Mar 2021 21:04:45: lower test FDR cutoff: 0.8421052631578947 
DEBUG @ Sat, 13 Mar 2021 21:04:45: higher test FDR cutoff: 0.11842105263157894 
INFO  @ Sat, 13 Mar 2021 21:04:45: Running command: RRA -i S3B_c0_t1.plow.txt -o S3B_c0_t1.gene.low.txt -p 0.5 --skip-gene NA --skip-gene na  
INFO  @ Sat, 13 Mar 2021 21:04:45: Command message: 
INFO  @ Sat, 13 Mar 2021 21:04:45:   Welcome to RRA v 0.5.9. 
INFO  @ Sat, 13 Mar 2021 21:04:45:   Skipping gene NA for permutation ... 
INFO  @ Sat, 13 Mar 2021 21:04:45:   Skipping gene na for permutation ... 
INFO  @ Sat, 13 Mar 2021 21:04:45:   Reading input file... 
INFO  @ Sat, 13 Mar 2021 21:04:45:   Summary: 76 sgRNAs, 10 genes, 1 lists; skipped sgRNAs:0 
INFO  @ Sat, 13 Mar 2021 21:04:45:   Computing lo-values for each group... 
INFO  @ Sat, 13 Mar 2021 21:04:45:   Computing false discovery rate... 
INFO  @ Sat, 13 Mar 2021 21:04:45:   Increase the number of permutations to 10001 to get precise p values. To avoid this, use the --permutation option. 
INFO  @ Sat, 13 Mar 2021 21:04:45:   Permuting genes with 6 sgRNAs... 
INFO  @ Sat, 13 Mar 2021 21:04:45:   Permuting genes with 10 sgRNAs... 
INFO  @ Sat, 13 Mar 2021 21:04:45:   Number of genes under FDR adjustment: 10 
INFO  @ Sat, 13 Mar 2021 21:04:45:   Saving to output file... 
INFO  @ Sat, 13 Mar 2021 21:04:45:   RRA completed. 
INFO  @ Sat, 13 Mar 2021 21:04:45:    
INFO  @ Sat, 13 Mar 2021 21:04:45: End command message. 
INFO  @ Sat, 13 Mar 2021 21:04:45: Running command: RRA -i S3B_c0_t1.phigh.txt -o S3B_c0_t1.gene.high.txt -p 0.11842105263157894 --skip-gene NA --skip-gene na  
INFO  @ Sat, 13 Mar 2021 21:04:45: Command message: 
INFO  @ Sat, 13 Mar 2021 21:04:45:   Welcome to RRA v 0.5.9. 
INFO  @ Sat, 13 Mar 2021 21:04:45:   Skipping gene NA for permutation ... 
INFO  @ Sat, 13 Mar 2021 21:04:45:   Skipping gene na for permutation ... 
INFO  @ Sat, 13 Mar 2021 21:04:45:   Reading input file... 
INFO  @ Sat, 13 Mar 2021 21:04:45:   Summary: 76 sgRNAs, 10 genes, 1 lists; skipped sgRNAs:0 
INFO  @ Sat, 13 Mar 2021 21:04:45:   Computing lo-values for each group... 
INFO  @ Sat, 13 Mar 2021 21:04:45:   Computing false discovery rate... 
INFO  @ Sat, 13 Mar 2021 21:04:45:   Increase the number of permutations to 10001 to get precise p values. To avoid this, use the --permutation option. 
INFO  @ Sat, 13 Mar 2021 21:04:45:   Permuting genes with 6 sgRNAs... 
INFO  @ Sat, 13 Mar 2021 21:04:45:   Permuting genes with 10 sgRNAs... 
INFO  @ Sat, 13 Mar 2021 21:04:45:   Number of genes under FDR adjustment: 10 
INFO  @ Sat, 13 Mar 2021 21:04:45:   Saving to output file... 
INFO  @ Sat, 13 Mar 2021 21:04:45:   RRA completed. 
INFO  @ Sat, 13 Mar 2021 21:04:45:    
INFO  @ Sat, 13 Mar 2021 21:04:45: End command message. 
DEBUG @ Sat, 13 Mar 2021 21:04:45: Sorting the merged items by positive selection... 
INFO  @ Sat, 13 Mar 2021 21:04:45: Loading top 10 genes from S3B_c0_t1.gene.low.txt: mKate2,SOX9,AAVS1,CTRL,CCR5,ROSA26,LRIG1,PROM1,EGFP,KRT20 
DEBUG @ Sat, 13 Mar 2021 21:04:45: Column index:3 
INFO  @ Sat, 13 Mar 2021 21:04:45: Loading top 10 genes from S3B_c0_t1.gene.high.txt: EGFP,KRT20,LRIG1,PROM1,AAVS1,ROSA26,CCR5,CTRL,SOX9,mKate2 
DEBUG @ Sat, 13 Mar 2021 21:04:45: Column index:9 
INFO  @ Sat, 13 Mar 2021 21:04:45: Running command: rm S3B_c0_t1.plow.txt 
INFO  @ Sat, 13 Mar 2021 21:04:45: Running command: rm S3B_c0_t1.phigh.txt 
INFO  @ Sat, 13 Mar 2021 21:04:45: Running command: rm S3B_c0_t1.gene.low.txt 
INFO  @ Sat, 13 Mar 2021 21:04:45: Running command: rm S3B_c0_t1.gene.high.txt 
