INFO  @ Sat, 13 Mar 2021 21:05:46: Parameters: /opt/anaconda3/bin/mageck test -k S4A.txt -t 0 -c 1 -n S4A_c1_t0 --norm-method total --sort-criteria pos 
INFO  @ Sat, 13 Mar 2021 21:05:46: Welcome to MAGeCK v0.5.9.4. Command: test 
INFO  @ Sat, 13 Mar 2021 21:05:46: Loading count table from S4A.txt  
INFO  @ Sat, 13 Mar 2021 21:05:46: Processing 1 lines.. 
DEBUG @ Sat, 13 Mar 2021 21:05:46: Parsing error in line 1 (usually the header line). Skip this line. 
INFO  @ Sat, 13 Mar 2021 21:05:46: Loaded 76 records. 
INFO  @ Sat, 13 Mar 2021 21:05:46: Loading Rnw template file: /opt/anaconda3/lib/python3.8/site-packages/mageck/test_report.Rmd. 
DEBUG @ Sat, 13 Mar 2021 21:05:46: Setting up the visualization module... 
INFO  @ Sat, 13 Mar 2021 21:05:46: Loading R template file: /opt/anaconda3/lib/python3.8/site-packages/mageck/plot_template.RTemplate. 
INFO  @ Sat, 13 Mar 2021 21:05:46: Loading R template file: /opt/anaconda3/lib/python3.8/site-packages/mageck/plot_template_indvgene.RTemplate. 
INFO  @ Sat, 13 Mar 2021 21:05:46: Loading Rnw template file: /opt/anaconda3/lib/python3.8/site-packages/mageck/plot_template.Rnw. 
DEBUG @ Sat, 13 Mar 2021 21:05:46: Setting up the visualization module... 
DEBUG @ Sat, 13 Mar 2021 21:05:46: Given sample labels: 0 
DEBUG @ Sat, 13 Mar 2021 21:05:46: Converted index: 0 
INFO  @ Sat, 13 Mar 2021 21:05:46: Treatment samples:0 
INFO  @ Sat, 13 Mar 2021 21:05:46: Treatment sample index:0 
DEBUG @ Sat, 13 Mar 2021 21:05:46: Given sample labels: 1 
DEBUG @ Sat, 13 Mar 2021 21:05:46: Converted index: 1 
INFO  @ Sat, 13 Mar 2021 21:05:46: Control samples:1 
INFO  @ Sat, 13 Mar 2021 21:05:46: Control sample index:1 
DEBUG @ Sat, 13 Mar 2021 21:05:46: Initial (total) size factor: 0.8739015467811841 1.1686252093691012 
INFO  @ Sat, 13 Mar 2021 21:05:46: Final size factor: 0.8739015467811841 1.1686252093691012 
INFO  @ Sat, 13 Mar 2021 21:05:46: Detecting outliers from variance estimation.. Avg read count:[1604.6424859275721], Var: [645963.8445396028] 
INFO  @ Sat, 13 Mar 2021 21:05:46: Skipping 1 sgRNAs from variance calculation because of their extreme high counts (> 4* STD (mean counts) ). 
DEBUG @ Sat, 13 Mar 2021 21:05:46: Adjusted model: 1	7.7358029651020495 
INFO  @ Sat, 13 Mar 2021 21:05:46: Before RRA, 0 sgRNAs are removed with zero counts in both group(s). 
INFO  @ Sat, 13 Mar 2021 21:05:46: Use qnorm to reversely calculate sgRNA scores ... 
DEBUG @ Sat, 13 Mar 2021 21:05:46: lower test FDR cutoff: 0.15789473684210525 
DEBUG @ Sat, 13 Mar 2021 21:05:46: higher test FDR cutoff: 0.15789473684210525 
INFO  @ Sat, 13 Mar 2021 21:05:46: Running command: RRA -i S4A_c1_t0.plow.txt -o S4A_c1_t0.gene.low.txt -p 0.15789473684210525 --skip-gene NA --skip-gene na  
INFO  @ Sat, 13 Mar 2021 21:05:46: Command message: 
INFO  @ Sat, 13 Mar 2021 21:05:46:   Welcome to RRA v 0.5.9. 
INFO  @ Sat, 13 Mar 2021 21:05:46:   Skipping gene NA for permutation ... 
INFO  @ Sat, 13 Mar 2021 21:05:46:   Skipping gene na for permutation ... 
INFO  @ Sat, 13 Mar 2021 21:05:46:   Reading input file... 
INFO  @ Sat, 13 Mar 2021 21:05:46:   Summary: 76 sgRNAs, 10 genes, 1 lists; skipped sgRNAs:0 
INFO  @ Sat, 13 Mar 2021 21:05:46:   Computing lo-values for each group... 
INFO  @ Sat, 13 Mar 2021 21:05:46:   Computing false discovery rate... 
INFO  @ Sat, 13 Mar 2021 21:05:46:   Increase the number of permutations to 10001 to get precise p values. To avoid this, use the --permutation option. 
INFO  @ Sat, 13 Mar 2021 21:05:46:   Permuting genes with 6 sgRNAs... 
INFO  @ Sat, 13 Mar 2021 21:05:46:   Permuting genes with 10 sgRNAs... 
INFO  @ Sat, 13 Mar 2021 21:05:46:   Number of genes under FDR adjustment: 10 
INFO  @ Sat, 13 Mar 2021 21:05:46:   Saving to output file... 
INFO  @ Sat, 13 Mar 2021 21:05:46:   RRA completed. 
INFO  @ Sat, 13 Mar 2021 21:05:46:    
INFO  @ Sat, 13 Mar 2021 21:05:46: End command message. 
INFO  @ Sat, 13 Mar 2021 21:05:46: Running command: RRA -i S4A_c1_t0.phigh.txt -o S4A_c1_t0.gene.high.txt -p 0.15789473684210525 --skip-gene NA --skip-gene na  
INFO  @ Sat, 13 Mar 2021 21:05:47: Command message: 
INFO  @ Sat, 13 Mar 2021 21:05:47:   Welcome to RRA v 0.5.9. 
INFO  @ Sat, 13 Mar 2021 21:05:47:   Skipping gene NA for permutation ... 
INFO  @ Sat, 13 Mar 2021 21:05:47:   Skipping gene na for permutation ... 
INFO  @ Sat, 13 Mar 2021 21:05:47:   Reading input file... 
INFO  @ Sat, 13 Mar 2021 21:05:47:   Summary: 76 sgRNAs, 10 genes, 1 lists; skipped sgRNAs:0 
INFO  @ Sat, 13 Mar 2021 21:05:47:   Computing lo-values for each group... 
INFO  @ Sat, 13 Mar 2021 21:05:47:   Computing false discovery rate... 
INFO  @ Sat, 13 Mar 2021 21:05:47:   Increase the number of permutations to 10001 to get precise p values. To avoid this, use the --permutation option. 
INFO  @ Sat, 13 Mar 2021 21:05:47:   Permuting genes with 6 sgRNAs... 
INFO  @ Sat, 13 Mar 2021 21:05:47:   Permuting genes with 10 sgRNAs... 
INFO  @ Sat, 13 Mar 2021 21:05:47:   Number of genes under FDR adjustment: 10 
INFO  @ Sat, 13 Mar 2021 21:05:47:   Saving to output file... 
INFO  @ Sat, 13 Mar 2021 21:05:47:   RRA completed. 
INFO  @ Sat, 13 Mar 2021 21:05:47:    
INFO  @ Sat, 13 Mar 2021 21:05:47: End command message. 
DEBUG @ Sat, 13 Mar 2021 21:05:47: Sorting the merged items by positive selection... 
INFO  @ Sat, 13 Mar 2021 21:05:47: Loading top 10 genes from S4A_c1_t0.gene.low.txt: EGFP,KRT20,PROM1,LRIG1,ROSA26,CTRL,CCR5,AAVS1,SOX9,mKate2 
DEBUG @ Sat, 13 Mar 2021 21:05:47: Column index:3 
INFO  @ Sat, 13 Mar 2021 21:05:47: Loading top 10 genes from S4A_c1_t0.gene.high.txt: mKate2,SOX9,AAVS1,CTRL,CCR5,ROSA26,LRIG1,PROM1,KRT20,EGFP 
DEBUG @ Sat, 13 Mar 2021 21:05:47: Column index:9 
INFO  @ Sat, 13 Mar 2021 21:05:47: Running command: rm S4A_c1_t0.plow.txt 
INFO  @ Sat, 13 Mar 2021 21:05:47: Running command: rm S4A_c1_t0.phigh.txt 
INFO  @ Sat, 13 Mar 2021 21:05:47: Running command: rm S4A_c1_t0.gene.low.txt 
INFO  @ Sat, 13 Mar 2021 21:05:47: Running command: rm S4A_c1_t0.gene.high.txt 
