INFO  @ Sat, 13 Mar 2021 21:05:59: Parameters: /opt/anaconda3/bin/mageck test -k S4A.txt -t 3 -c 0 -n S4A_c0_t3 --norm-method total --sort-criteria pos 
INFO  @ Sat, 13 Mar 2021 21:05:59: Welcome to MAGeCK v0.5.9.4. Command: test 
INFO  @ Sat, 13 Mar 2021 21:05:59: Loading count table from S4A.txt  
INFO  @ Sat, 13 Mar 2021 21:05:59: Processing 1 lines.. 
DEBUG @ Sat, 13 Mar 2021 21:05:59: Parsing error in line 1 (usually the header line). Skip this line. 
INFO  @ Sat, 13 Mar 2021 21:05:59: Loaded 76 records. 
INFO  @ Sat, 13 Mar 2021 21:05:59: Loading Rnw template file: /opt/anaconda3/lib/python3.8/site-packages/mageck/test_report.Rmd. 
DEBUG @ Sat, 13 Mar 2021 21:05:59: Setting up the visualization module... 
INFO  @ Sat, 13 Mar 2021 21:05:59: Loading R template file: /opt/anaconda3/lib/python3.8/site-packages/mageck/plot_template.RTemplate. 
INFO  @ Sat, 13 Mar 2021 21:05:59: Loading R template file: /opt/anaconda3/lib/python3.8/site-packages/mageck/plot_template_indvgene.RTemplate. 
INFO  @ Sat, 13 Mar 2021 21:05:59: Loading Rnw template file: /opt/anaconda3/lib/python3.8/site-packages/mageck/plot_template.Rnw. 
DEBUG @ Sat, 13 Mar 2021 21:05:59: Setting up the visualization module... 
DEBUG @ Sat, 13 Mar 2021 21:05:59: Given sample labels: 3 
DEBUG @ Sat, 13 Mar 2021 21:05:59: Converted index: 3 
INFO  @ Sat, 13 Mar 2021 21:05:59: Treatment samples:3 
INFO  @ Sat, 13 Mar 2021 21:05:59: Treatment sample index:3 
DEBUG @ Sat, 13 Mar 2021 21:05:59: Given sample labels: 0 
DEBUG @ Sat, 13 Mar 2021 21:05:59: Converted index: 0 
INFO  @ Sat, 13 Mar 2021 21:05:59: Control samples:0 
INFO  @ Sat, 13 Mar 2021 21:05:59: Control sample index:0 
DEBUG @ Sat, 13 Mar 2021 21:05:59: Initial (total) size factor: 1.0606926683150328 0.9458770626541063 
INFO  @ Sat, 13 Mar 2021 21:05:59: Final size factor: 1.0606926683150328 0.9458770626541063 
INFO  @ Sat, 13 Mar 2021 21:05:59: Detecting outliers from variance estimation.. Avg read count:[1359.9034170998939], Var: [729828.4811854501] 
DEBUG @ Sat, 13 Mar 2021 21:05:59: Adjusted model: 1.8210823028016312	0 
INFO  @ Sat, 13 Mar 2021 21:05:59: Before RRA, 0 sgRNAs are removed with zero counts in both group(s). 
INFO  @ Sat, 13 Mar 2021 21:05:59: Use qnorm to reversely calculate sgRNA scores ... 
DEBUG @ Sat, 13 Mar 2021 21:05:59: lower test FDR cutoff: 0.013157894736842105 
DEBUG @ Sat, 13 Mar 2021 21:05:59: higher test FDR cutoff: 0.19736842105263158 
INFO  @ Sat, 13 Mar 2021 21:05:59: Running command: RRA -i S4A_c0_t3.plow.txt -o S4A_c0_t3.gene.low.txt -p 0.05 --skip-gene NA --skip-gene na  
INFO  @ Sat, 13 Mar 2021 21:05:59: Command message: 
INFO  @ Sat, 13 Mar 2021 21:05:59:   Welcome to RRA v 0.5.9. 
INFO  @ Sat, 13 Mar 2021 21:05:59:   Skipping gene NA for permutation ... 
INFO  @ Sat, 13 Mar 2021 21:05:59:   Skipping gene na for permutation ... 
INFO  @ Sat, 13 Mar 2021 21:05:59:   Reading input file... 
INFO  @ Sat, 13 Mar 2021 21:05:59:   Summary: 76 sgRNAs, 10 genes, 1 lists; skipped sgRNAs:0 
INFO  @ Sat, 13 Mar 2021 21:05:59:   Computing lo-values for each group... 
INFO  @ Sat, 13 Mar 2021 21:05:59:   Computing false discovery rate... 
INFO  @ Sat, 13 Mar 2021 21:05:59:   Increase the number of permutations to 10001 to get precise p values. To avoid this, use the --permutation option. 
INFO  @ Sat, 13 Mar 2021 21:05:59:   Permuting genes with 6 sgRNAs... 
INFO  @ Sat, 13 Mar 2021 21:05:59:   Permuting genes with 10 sgRNAs... 
INFO  @ Sat, 13 Mar 2021 21:05:59:   Number of genes under FDR adjustment: 10 
INFO  @ Sat, 13 Mar 2021 21:05:59:   Saving to output file... 
INFO  @ Sat, 13 Mar 2021 21:05:59:   RRA completed. 
INFO  @ Sat, 13 Mar 2021 21:05:59:    
INFO  @ Sat, 13 Mar 2021 21:05:59: End command message. 
INFO  @ Sat, 13 Mar 2021 21:05:59: Running command: RRA -i S4A_c0_t3.phigh.txt -o S4A_c0_t3.gene.high.txt -p 0.19736842105263158 --skip-gene NA --skip-gene na  
INFO  @ Sat, 13 Mar 2021 21:05:59: Command message: 
INFO  @ Sat, 13 Mar 2021 21:05:59:   Welcome to RRA v 0.5.9. 
INFO  @ Sat, 13 Mar 2021 21:05:59:   Skipping gene NA for permutation ... 
INFO  @ Sat, 13 Mar 2021 21:05:59:   Skipping gene na for permutation ... 
INFO  @ Sat, 13 Mar 2021 21:05:59:   Reading input file... 
INFO  @ Sat, 13 Mar 2021 21:05:59:   Summary: 76 sgRNAs, 10 genes, 1 lists; skipped sgRNAs:0 
INFO  @ Sat, 13 Mar 2021 21:05:59:   Computing lo-values for each group... 
INFO  @ Sat, 13 Mar 2021 21:05:59:   Computing false discovery rate... 
INFO  @ Sat, 13 Mar 2021 21:05:59:   Increase the number of permutations to 10001 to get precise p values. To avoid this, use the --permutation option. 
INFO  @ Sat, 13 Mar 2021 21:05:59:   Permuting genes with 6 sgRNAs... 
INFO  @ Sat, 13 Mar 2021 21:05:59:   Permuting genes with 10 sgRNAs... 
INFO  @ Sat, 13 Mar 2021 21:05:59:   Number of genes under FDR adjustment: 10 
INFO  @ Sat, 13 Mar 2021 21:05:59:   Saving to output file... 
INFO  @ Sat, 13 Mar 2021 21:05:59:   RRA completed. 
INFO  @ Sat, 13 Mar 2021 21:05:59:    
INFO  @ Sat, 13 Mar 2021 21:05:59: End command message. 
DEBUG @ Sat, 13 Mar 2021 21:05:59: Sorting the merged items by positive selection... 
INFO  @ Sat, 13 Mar 2021 21:05:59: Loading top 10 genes from S4A_c0_t3.gene.low.txt: SOX9,ROSA26,CCR5,AAVS1,LRIG1,PROM1,CTRL,mKate2,EGFP,KRT20 
DEBUG @ Sat, 13 Mar 2021 21:05:59: Column index:3 
INFO  @ Sat, 13 Mar 2021 21:05:59: Loading top 10 genes from S4A_c0_t3.gene.high.txt: KRT20,EGFP,mKate2,PROM1,SOX9,CCR5,AAVS1,LRIG1,CTRL,ROSA26 
DEBUG @ Sat, 13 Mar 2021 21:05:59: Column index:9 
INFO  @ Sat, 13 Mar 2021 21:05:59: Running command: rm S4A_c0_t3.plow.txt 
INFO  @ Sat, 13 Mar 2021 21:05:59: Running command: rm S4A_c0_t3.phigh.txt 
INFO  @ Sat, 13 Mar 2021 21:05:59: Running command: rm S4A_c0_t3.gene.low.txt 
INFO  @ Sat, 13 Mar 2021 21:05:59: Running command: rm S4A_c0_t3.gene.high.txt 
