INFO  @ Sat, 13 Mar 2021 21:06:16: Parameters: /opt/anaconda3/bin/mageck test -k S4B.txt -t 2 -c 0 -n S4B_c0_t2 --norm-method total --sort-criteria pos 
INFO  @ Sat, 13 Mar 2021 21:06:16: Welcome to MAGeCK v0.5.9.4. Command: test 
INFO  @ Sat, 13 Mar 2021 21:06:16: Loading count table from S4B.txt  
INFO  @ Sat, 13 Mar 2021 21:06:16: Processing 1 lines.. 
DEBUG @ Sat, 13 Mar 2021 21:06:16: Parsing error in line 1 (usually the header line). Skip this line. 
INFO  @ Sat, 13 Mar 2021 21:06:16: Loaded 76 records. 
INFO  @ Sat, 13 Mar 2021 21:06:16: Loading Rnw template file: /opt/anaconda3/lib/python3.8/site-packages/mageck/test_report.Rmd. 
DEBUG @ Sat, 13 Mar 2021 21:06:16: Setting up the visualization module... 
INFO  @ Sat, 13 Mar 2021 21:06:16: Loading R template file: /opt/anaconda3/lib/python3.8/site-packages/mageck/plot_template.RTemplate. 
INFO  @ Sat, 13 Mar 2021 21:06:16: Loading R template file: /opt/anaconda3/lib/python3.8/site-packages/mageck/plot_template_indvgene.RTemplate. 
INFO  @ Sat, 13 Mar 2021 21:06:16: Loading Rnw template file: /opt/anaconda3/lib/python3.8/site-packages/mageck/plot_template.Rnw. 
DEBUG @ Sat, 13 Mar 2021 21:06:16: Setting up the visualization module... 
DEBUG @ Sat, 13 Mar 2021 21:06:16: Given sample labels: 2 
DEBUG @ Sat, 13 Mar 2021 21:06:16: Converted index: 2 
INFO  @ Sat, 13 Mar 2021 21:06:16: Treatment samples:2 
INFO  @ Sat, 13 Mar 2021 21:06:16: Treatment sample index:2 
DEBUG @ Sat, 13 Mar 2021 21:06:16: Given sample labels: 0 
DEBUG @ Sat, 13 Mar 2021 21:06:16: Converted index: 0 
INFO  @ Sat, 13 Mar 2021 21:06:16: Control samples:0 
INFO  @ Sat, 13 Mar 2021 21:06:16: Control sample index:0 
DEBUG @ Sat, 13 Mar 2021 21:06:16: Initial (total) size factor: 1.0898104684126826 0.9238649759350801 
INFO  @ Sat, 13 Mar 2021 21:06:16: Final size factor: 1.0898104684126826 0.9238649759350801 
INFO  @ Sat, 13 Mar 2021 21:06:16: Detecting outliers from variance estimation.. Avg read count:[1582.243512543911], Var: [995486.1230775529] 
DEBUG @ Sat, 13 Mar 2021 21:06:16: Adjusted model: 1	9.375989541519814 
INFO  @ Sat, 13 Mar 2021 21:06:16: Before RRA, 0 sgRNAs are removed with zero counts in both group(s). 
INFO  @ Sat, 13 Mar 2021 21:06:16: Use qnorm to reversely calculate sgRNA scores ... 
DEBUG @ Sat, 13 Mar 2021 21:06:16: lower test FDR cutoff: 0.06578947368421052 
DEBUG @ Sat, 13 Mar 2021 21:06:16: higher test FDR cutoff: 0.14473684210526316 
INFO  @ Sat, 13 Mar 2021 21:06:16: Running command: RRA -i S4B_c0_t2.plow.txt -o S4B_c0_t2.gene.low.txt -p 0.06578947368421052 --skip-gene NA --skip-gene na  
INFO  @ Sat, 13 Mar 2021 21:06:16: Command message: 
INFO  @ Sat, 13 Mar 2021 21:06:16:   Welcome to RRA v 0.5.9. 
INFO  @ Sat, 13 Mar 2021 21:06:16:   Skipping gene NA for permutation ... 
INFO  @ Sat, 13 Mar 2021 21:06:16:   Skipping gene na for permutation ... 
INFO  @ Sat, 13 Mar 2021 21:06:16:   Reading input file... 
INFO  @ Sat, 13 Mar 2021 21:06:16:   Summary: 76 sgRNAs, 10 genes, 1 lists; skipped sgRNAs:0 
INFO  @ Sat, 13 Mar 2021 21:06:16:   Computing lo-values for each group... 
INFO  @ Sat, 13 Mar 2021 21:06:16:   Computing false discovery rate... 
INFO  @ Sat, 13 Mar 2021 21:06:16:   Increase the number of permutations to 10001 to get precise p values. To avoid this, use the --permutation option. 
INFO  @ Sat, 13 Mar 2021 21:06:16:   Permuting genes with 6 sgRNAs... 
INFO  @ Sat, 13 Mar 2021 21:06:16:   Permuting genes with 10 sgRNAs... 
INFO  @ Sat, 13 Mar 2021 21:06:16:   Number of genes under FDR adjustment: 10 
INFO  @ Sat, 13 Mar 2021 21:06:16:   Saving to output file... 
INFO  @ Sat, 13 Mar 2021 21:06:16:   RRA completed. 
INFO  @ Sat, 13 Mar 2021 21:06:16:    
INFO  @ Sat, 13 Mar 2021 21:06:16: End command message. 
INFO  @ Sat, 13 Mar 2021 21:06:16: Running command: RRA -i S4B_c0_t2.phigh.txt -o S4B_c0_t2.gene.high.txt -p 0.14473684210526316 --skip-gene NA --skip-gene na  
INFO  @ Sat, 13 Mar 2021 21:06:16: Command message: 
INFO  @ Sat, 13 Mar 2021 21:06:16:   Welcome to RRA v 0.5.9. 
INFO  @ Sat, 13 Mar 2021 21:06:16:   Skipping gene NA for permutation ... 
INFO  @ Sat, 13 Mar 2021 21:06:16:   Skipping gene na for permutation ... 
INFO  @ Sat, 13 Mar 2021 21:06:16:   Reading input file... 
INFO  @ Sat, 13 Mar 2021 21:06:16:   Summary: 76 sgRNAs, 10 genes, 1 lists; skipped sgRNAs:0 
INFO  @ Sat, 13 Mar 2021 21:06:16:   Computing lo-values for each group... 
INFO  @ Sat, 13 Mar 2021 21:06:16:   Computing false discovery rate... 
INFO  @ Sat, 13 Mar 2021 21:06:16:   Increase the number of permutations to 10001 to get precise p values. To avoid this, use the --permutation option. 
INFO  @ Sat, 13 Mar 2021 21:06:16:   Permuting genes with 6 sgRNAs... 
INFO  @ Sat, 13 Mar 2021 21:06:16:   Permuting genes with 10 sgRNAs... 
INFO  @ Sat, 13 Mar 2021 21:06:16:   Number of genes under FDR adjustment: 10 
INFO  @ Sat, 13 Mar 2021 21:06:16:   Saving to output file... 
INFO  @ Sat, 13 Mar 2021 21:06:16:   RRA completed. 
INFO  @ Sat, 13 Mar 2021 21:06:16:    
INFO  @ Sat, 13 Mar 2021 21:06:16: End command message. 
DEBUG @ Sat, 13 Mar 2021 21:06:16: Sorting the merged items by positive selection... 
INFO  @ Sat, 13 Mar 2021 21:06:16: Loading top 10 genes from S4B_c0_t2.gene.low.txt: SOX9,LRIG1,AAVS1,ROSA26,CCR5,CTRL,PROM1,mKate2,EGFP,KRT20 
DEBUG @ Sat, 13 Mar 2021 21:06:16: Column index:3 
INFO  @ Sat, 13 Mar 2021 21:06:16: Loading top 10 genes from S4B_c0_t2.gene.high.txt: KRT20,EGFP,mKate2,ROSA26,CTRL,PROM1,LRIG1,CCR5,AAVS1,SOX9 
DEBUG @ Sat, 13 Mar 2021 21:06:16: Column index:9 
INFO  @ Sat, 13 Mar 2021 21:06:16: Running command: rm S4B_c0_t2.plow.txt 
INFO  @ Sat, 13 Mar 2021 21:06:16: Running command: rm S4B_c0_t2.phigh.txt 
INFO  @ Sat, 13 Mar 2021 21:06:16: Running command: rm S4B_c0_t2.gene.low.txt 
INFO  @ Sat, 13 Mar 2021 21:06:16: Running command: rm S4B_c0_t2.gene.high.txt 
