INFO  @ Sat, 13 Mar 2021 21:06:24: Parameters: /opt/anaconda3/bin/mageck test -k S4B.txt -t 2 -c 1 -n S4B_c1_t2 --norm-method total --sort-criteria pos 
INFO  @ Sat, 13 Mar 2021 21:06:24: Welcome to MAGeCK v0.5.9.4. Command: test 
INFO  @ Sat, 13 Mar 2021 21:06:24: Loading count table from S4B.txt  
INFO  @ Sat, 13 Mar 2021 21:06:24: Processing 1 lines.. 
DEBUG @ Sat, 13 Mar 2021 21:06:24: Parsing error in line 1 (usually the header line). Skip this line. 
INFO  @ Sat, 13 Mar 2021 21:06:24: Loaded 76 records. 
INFO  @ Sat, 13 Mar 2021 21:06:24: Loading Rnw template file: /opt/anaconda3/lib/python3.8/site-packages/mageck/test_report.Rmd. 
DEBUG @ Sat, 13 Mar 2021 21:06:24: Setting up the visualization module... 
INFO  @ Sat, 13 Mar 2021 21:06:24: Loading R template file: /opt/anaconda3/lib/python3.8/site-packages/mageck/plot_template.RTemplate. 
INFO  @ Sat, 13 Mar 2021 21:06:24: Loading R template file: /opt/anaconda3/lib/python3.8/site-packages/mageck/plot_template_indvgene.RTemplate. 
INFO  @ Sat, 13 Mar 2021 21:06:24: Loading Rnw template file: /opt/anaconda3/lib/python3.8/site-packages/mageck/plot_template.Rnw. 
DEBUG @ Sat, 13 Mar 2021 21:06:24: Setting up the visualization module... 
DEBUG @ Sat, 13 Mar 2021 21:06:24: Given sample labels: 2 
DEBUG @ Sat, 13 Mar 2021 21:06:24: Converted index: 2 
INFO  @ Sat, 13 Mar 2021 21:06:24: Treatment samples:2 
INFO  @ Sat, 13 Mar 2021 21:06:24: Treatment sample index:2 
DEBUG @ Sat, 13 Mar 2021 21:06:24: Given sample labels: 1 
DEBUG @ Sat, 13 Mar 2021 21:06:24: Converted index: 1 
INFO  @ Sat, 13 Mar 2021 21:06:24: Control samples:1 
INFO  @ Sat, 13 Mar 2021 21:06:24: Control sample index:1 
DEBUG @ Sat, 13 Mar 2021 21:06:24: Initial (total) size factor: 0.9278632335729811 1.084298860905414 
INFO  @ Sat, 13 Mar 2021 21:06:24: Final size factor: 0.9278632335729811 1.084298860905414 
INFO  @ Sat, 13 Mar 2021 21:06:24: Detecting outliers from variance estimation.. Avg read count:[1992.9503527432748], Var: [1043673.8562568075] 
INFO  @ Sat, 13 Mar 2021 21:06:24: Skipping 1 sgRNAs from variance calculation because of their extreme high counts (> 4* STD (mean counts) ). 
DEBUG @ Sat, 13 Mar 2021 21:06:24: Adjusted model: 2.2205532036280244	0 
INFO  @ Sat, 13 Mar 2021 21:06:24: Before RRA, 0 sgRNAs are removed with zero counts in both group(s). 
INFO  @ Sat, 13 Mar 2021 21:06:24: Use qnorm to reversely calculate sgRNA scores ... 
DEBUG @ Sat, 13 Mar 2021 21:06:24: lower test FDR cutoff: 0.8289473684210527 
DEBUG @ Sat, 13 Mar 2021 21:06:24: higher test FDR cutoff: 0.06578947368421052 
INFO  @ Sat, 13 Mar 2021 21:06:24: Running command: RRA -i S4B_c1_t2.plow.txt -o S4B_c1_t2.gene.low.txt -p 0.5 --skip-gene NA --skip-gene na  
INFO  @ Sat, 13 Mar 2021 21:06:24: Command message: 
INFO  @ Sat, 13 Mar 2021 21:06:24:   Welcome to RRA v 0.5.9. 
INFO  @ Sat, 13 Mar 2021 21:06:24:   Skipping gene NA for permutation ... 
INFO  @ Sat, 13 Mar 2021 21:06:24:   Skipping gene na for permutation ... 
INFO  @ Sat, 13 Mar 2021 21:06:24:   Reading input file... 
INFO  @ Sat, 13 Mar 2021 21:06:24:   Summary: 76 sgRNAs, 10 genes, 1 lists; skipped sgRNAs:0 
INFO  @ Sat, 13 Mar 2021 21:06:24:   Computing lo-values for each group... 
INFO  @ Sat, 13 Mar 2021 21:06:24:   Computing false discovery rate... 
INFO  @ Sat, 13 Mar 2021 21:06:24:   Increase the number of permutations to 10001 to get precise p values. To avoid this, use the --permutation option. 
INFO  @ Sat, 13 Mar 2021 21:06:24:   Permuting genes with 6 sgRNAs... 
INFO  @ Sat, 13 Mar 2021 21:06:24:   Permuting genes with 10 sgRNAs... 
INFO  @ Sat, 13 Mar 2021 21:06:24:   Number of genes under FDR adjustment: 10 
INFO  @ Sat, 13 Mar 2021 21:06:24:   Saving to output file... 
INFO  @ Sat, 13 Mar 2021 21:06:24:   RRA completed. 
INFO  @ Sat, 13 Mar 2021 21:06:24:    
INFO  @ Sat, 13 Mar 2021 21:06:24: End command message. 
INFO  @ Sat, 13 Mar 2021 21:06:24: Running command: RRA -i S4B_c1_t2.phigh.txt -o S4B_c1_t2.gene.high.txt -p 0.06578947368421052 --skip-gene NA --skip-gene na  
INFO  @ Sat, 13 Mar 2021 21:06:24: Command message: 
INFO  @ Sat, 13 Mar 2021 21:06:24:   Welcome to RRA v 0.5.9. 
INFO  @ Sat, 13 Mar 2021 21:06:24:   Skipping gene NA for permutation ... 
INFO  @ Sat, 13 Mar 2021 21:06:24:   Skipping gene na for permutation ... 
INFO  @ Sat, 13 Mar 2021 21:06:24:   Reading input file... 
INFO  @ Sat, 13 Mar 2021 21:06:24:   Summary: 76 sgRNAs, 10 genes, 1 lists; skipped sgRNAs:0 
INFO  @ Sat, 13 Mar 2021 21:06:24:   Computing lo-values for each group... 
INFO  @ Sat, 13 Mar 2021 21:06:24:   Computing false discovery rate... 
INFO  @ Sat, 13 Mar 2021 21:06:24:   Increase the number of permutations to 10001 to get precise p values. To avoid this, use the --permutation option. 
INFO  @ Sat, 13 Mar 2021 21:06:24:   Permuting genes with 6 sgRNAs... 
INFO  @ Sat, 13 Mar 2021 21:06:24:   Permuting genes with 10 sgRNAs... 
INFO  @ Sat, 13 Mar 2021 21:06:24:   Number of genes under FDR adjustment: 10 
INFO  @ Sat, 13 Mar 2021 21:06:24:   Saving to output file... 
INFO  @ Sat, 13 Mar 2021 21:06:24:   RRA completed. 
INFO  @ Sat, 13 Mar 2021 21:06:24:    
INFO  @ Sat, 13 Mar 2021 21:06:24: End command message. 
DEBUG @ Sat, 13 Mar 2021 21:06:24: Sorting the merged items by positive selection... 
INFO  @ Sat, 13 Mar 2021 21:06:24: Loading top 10 genes from S4B_c1_t2.gene.low.txt: PROM1,ROSA26,AAVS1,LRIG1,CTRL,CCR5,EGFP,KRT20,SOX9,mKate2 
DEBUG @ Sat, 13 Mar 2021 21:06:24: Column index:3 
INFO  @ Sat, 13 Mar 2021 21:06:24: Loading top 10 genes from S4B_c1_t2.gene.high.txt: mKate2,SOX9,KRT20,EGFP,CCR5,AAVS1,ROSA26,LRIG1,CTRL,PROM1 
DEBUG @ Sat, 13 Mar 2021 21:06:24: Column index:9 
INFO  @ Sat, 13 Mar 2021 21:06:24: Running command: rm S4B_c1_t2.plow.txt 
INFO  @ Sat, 13 Mar 2021 21:06:24: Running command: rm S4B_c1_t2.phigh.txt 
INFO  @ Sat, 13 Mar 2021 21:06:24: Running command: rm S4B_c1_t2.gene.low.txt 
INFO  @ Sat, 13 Mar 2021 21:06:24: Running command: rm S4B_c1_t2.gene.high.txt 
