INFO  @ Sat, 13 Mar 2021 21:06:10: Parameters: /opt/anaconda3/bin/mageck test -k S4B.txt -t 1 -c 0 -n S4B_c0_t1 --norm-method total --sort-criteria pos 
INFO  @ Sat, 13 Mar 2021 21:06:10: Welcome to MAGeCK v0.5.9.4. Command: test 
INFO  @ Sat, 13 Mar 2021 21:06:10: Loading count table from S4B.txt  
INFO  @ Sat, 13 Mar 2021 21:06:10: Processing 1 lines.. 
DEBUG @ Sat, 13 Mar 2021 21:06:10: Parsing error in line 1 (usually the header line). Skip this line. 
INFO  @ Sat, 13 Mar 2021 21:06:10: Loaded 76 records. 
INFO  @ Sat, 13 Mar 2021 21:06:10: Loading Rnw template file: /opt/anaconda3/lib/python3.8/site-packages/mageck/test_report.Rmd. 
DEBUG @ Sat, 13 Mar 2021 21:06:10: Setting up the visualization module... 
INFO  @ Sat, 13 Mar 2021 21:06:10: Loading R template file: /opt/anaconda3/lib/python3.8/site-packages/mageck/plot_template.RTemplate. 
INFO  @ Sat, 13 Mar 2021 21:06:10: Loading R template file: /opt/anaconda3/lib/python3.8/site-packages/mageck/plot_template_indvgene.RTemplate. 
INFO  @ Sat, 13 Mar 2021 21:06:10: Loading Rnw template file: /opt/anaconda3/lib/python3.8/site-packages/mageck/plot_template.Rnw. 
DEBUG @ Sat, 13 Mar 2021 21:06:10: Setting up the visualization module... 
DEBUG @ Sat, 13 Mar 2021 21:06:10: Given sample labels: 1 
DEBUG @ Sat, 13 Mar 2021 21:06:10: Converted index: 1 
INFO  @ Sat, 13 Mar 2021 21:06:10: Treatment samples:1 
INFO  @ Sat, 13 Mar 2021 21:06:10: Treatment sample index:1 
DEBUG @ Sat, 13 Mar 2021 21:06:10: Given sample labels: 0 
DEBUG @ Sat, 13 Mar 2021 21:06:10: Converted index: 0 
INFO  @ Sat, 13 Mar 2021 21:06:10: Control samples:0 
INFO  @ Sat, 13 Mar 2021 21:06:10: Control sample index:0 
DEBUG @ Sat, 13 Mar 2021 21:06:10: Initial (total) size factor: 1.1892511696872383 0.8627124784038344 
INFO  @ Sat, 13 Mar 2021 21:06:10: Final size factor: 1.1892511696872383 0.8627124784038344 
INFO  @ Sat, 13 Mar 2021 21:06:10: Detecting outliers from variance estimation.. Avg read count:[1803.6451654453217], Var: [970796.167504433] 
INFO  @ Sat, 13 Mar 2021 21:06:10: Skipping 1 sgRNAs from variance calculation because of their extreme high counts (> 4* STD (mean counts) ). 
DEBUG @ Sat, 13 Mar 2021 21:06:10: Adjusted model: 1.4414342087471326	0.06524226022086732 
INFO  @ Sat, 13 Mar 2021 21:06:10: Before RRA, 0 sgRNAs are removed with zero counts in both group(s). 
INFO  @ Sat, 13 Mar 2021 21:06:10: Use qnorm to reversely calculate sgRNA scores ... 
DEBUG @ Sat, 13 Mar 2021 21:06:10: lower test FDR cutoff: 0.15789473684210525 
DEBUG @ Sat, 13 Mar 2021 21:06:10: higher test FDR cutoff: 0.47368421052631576 
INFO  @ Sat, 13 Mar 2021 21:06:10: Running command: RRA -i S4B_c0_t1.plow.txt -o S4B_c0_t1.gene.low.txt -p 0.15789473684210525 --skip-gene NA --skip-gene na  
INFO  @ Sat, 13 Mar 2021 21:06:10: Command message: 
INFO  @ Sat, 13 Mar 2021 21:06:10:   Welcome to RRA v 0.5.9. 
INFO  @ Sat, 13 Mar 2021 21:06:10:   Skipping gene NA for permutation ... 
INFO  @ Sat, 13 Mar 2021 21:06:10:   Skipping gene na for permutation ... 
INFO  @ Sat, 13 Mar 2021 21:06:10:   Reading input file... 
INFO  @ Sat, 13 Mar 2021 21:06:10:   Summary: 76 sgRNAs, 10 genes, 1 lists; skipped sgRNAs:0 
INFO  @ Sat, 13 Mar 2021 21:06:10:   Computing lo-values for each group... 
INFO  @ Sat, 13 Mar 2021 21:06:10:   Computing false discovery rate... 
INFO  @ Sat, 13 Mar 2021 21:06:10:   Increase the number of permutations to 10001 to get precise p values. To avoid this, use the --permutation option. 
INFO  @ Sat, 13 Mar 2021 21:06:10:   Permuting genes with 6 sgRNAs... 
INFO  @ Sat, 13 Mar 2021 21:06:10:   Permuting genes with 10 sgRNAs... 
INFO  @ Sat, 13 Mar 2021 21:06:10:   Number of genes under FDR adjustment: 10 
INFO  @ Sat, 13 Mar 2021 21:06:10:   Saving to output file... 
INFO  @ Sat, 13 Mar 2021 21:06:10:   RRA completed. 
INFO  @ Sat, 13 Mar 2021 21:06:10:    
INFO  @ Sat, 13 Mar 2021 21:06:10: End command message. 
INFO  @ Sat, 13 Mar 2021 21:06:10: Running command: RRA -i S4B_c0_t1.phigh.txt -o S4B_c0_t1.gene.high.txt -p 0.47368421052631576 --skip-gene NA --skip-gene na  
INFO  @ Sat, 13 Mar 2021 21:06:10: Command message: 
INFO  @ Sat, 13 Mar 2021 21:06:10:   Welcome to RRA v 0.5.9. 
INFO  @ Sat, 13 Mar 2021 21:06:10:   Skipping gene NA for permutation ... 
INFO  @ Sat, 13 Mar 2021 21:06:10:   Skipping gene na for permutation ... 
INFO  @ Sat, 13 Mar 2021 21:06:10:   Reading input file... 
INFO  @ Sat, 13 Mar 2021 21:06:10:   Summary: 76 sgRNAs, 10 genes, 1 lists; skipped sgRNAs:0 
INFO  @ Sat, 13 Mar 2021 21:06:10:   Computing lo-values for each group... 
INFO  @ Sat, 13 Mar 2021 21:06:10:   Computing false discovery rate... 
INFO  @ Sat, 13 Mar 2021 21:06:10:   Increase the number of permutations to 10001 to get precise p values. To avoid this, use the --permutation option. 
INFO  @ Sat, 13 Mar 2021 21:06:10:   Permuting genes with 6 sgRNAs... 
INFO  @ Sat, 13 Mar 2021 21:06:10:   Permuting genes with 10 sgRNAs... 
INFO  @ Sat, 13 Mar 2021 21:06:10:   Number of genes under FDR adjustment: 10 
INFO  @ Sat, 13 Mar 2021 21:06:10:   Saving to output file... 
INFO  @ Sat, 13 Mar 2021 21:06:10:   RRA completed. 
INFO  @ Sat, 13 Mar 2021 21:06:10:    
INFO  @ Sat, 13 Mar 2021 21:06:10: End command message. 
DEBUG @ Sat, 13 Mar 2021 21:06:10: Sorting the merged items by positive selection... 
INFO  @ Sat, 13 Mar 2021 21:06:10: Loading top 10 genes from S4B_c0_t1.gene.low.txt: mKate2,SOX9,AAVS1,ROSA26,LRIG1,CTRL,CCR5,PROM1,EGFP,KRT20 
DEBUG @ Sat, 13 Mar 2021 21:06:10: Column index:3 
INFO  @ Sat, 13 Mar 2021 21:06:10: Loading top 10 genes from S4B_c0_t1.gene.high.txt: KRT20,EGFP,ROSA26,PROM1,AAVS1,CCR5,CTRL,LRIG1,SOX9,mKate2 
DEBUG @ Sat, 13 Mar 2021 21:06:10: Column index:9 
INFO  @ Sat, 13 Mar 2021 21:06:10: Running command: rm S4B_c0_t1.plow.txt 
INFO  @ Sat, 13 Mar 2021 21:06:10: Running command: rm S4B_c0_t1.phigh.txt 
INFO  @ Sat, 13 Mar 2021 21:06:10: Running command: rm S4B_c0_t1.gene.low.txt 
INFO  @ Sat, 13 Mar 2021 21:06:10: Running command: rm S4B_c0_t1.gene.high.txt 
