INFO  @ Sat, 13 Mar 2021 21:06:27: Parameters: /opt/anaconda3/bin/mageck test -k S4B.txt -t 3 -c 1 -n S4B_c1_t3 --norm-method total --sort-criteria pos 
INFO  @ Sat, 13 Mar 2021 21:06:27: Welcome to MAGeCK v0.5.9.4. Command: test 
INFO  @ Sat, 13 Mar 2021 21:06:27: Loading count table from S4B.txt  
INFO  @ Sat, 13 Mar 2021 21:06:27: Processing 1 lines.. 
DEBUG @ Sat, 13 Mar 2021 21:06:27: Parsing error in line 1 (usually the header line). Skip this line. 
INFO  @ Sat, 13 Mar 2021 21:06:27: Loaded 76 records. 
INFO  @ Sat, 13 Mar 2021 21:06:27: Loading Rnw template file: /opt/anaconda3/lib/python3.8/site-packages/mageck/test_report.Rmd. 
DEBUG @ Sat, 13 Mar 2021 21:06:27: Setting up the visualization module... 
INFO  @ Sat, 13 Mar 2021 21:06:27: Loading R template file: /opt/anaconda3/lib/python3.8/site-packages/mageck/plot_template.RTemplate. 
INFO  @ Sat, 13 Mar 2021 21:06:27: Loading R template file: /opt/anaconda3/lib/python3.8/site-packages/mageck/plot_template_indvgene.RTemplate. 
INFO  @ Sat, 13 Mar 2021 21:06:27: Loading Rnw template file: /opt/anaconda3/lib/python3.8/site-packages/mageck/plot_template.Rnw. 
DEBUG @ Sat, 13 Mar 2021 21:06:27: Setting up the visualization module... 
DEBUG @ Sat, 13 Mar 2021 21:06:27: Given sample labels: 3 
DEBUG @ Sat, 13 Mar 2021 21:06:27: Converted index: 3 
INFO  @ Sat, 13 Mar 2021 21:06:27: Treatment samples:3 
INFO  @ Sat, 13 Mar 2021 21:06:27: Treatment sample index:3 
DEBUG @ Sat, 13 Mar 2021 21:06:27: Given sample labels: 1 
DEBUG @ Sat, 13 Mar 2021 21:06:27: Converted index: 1 
INFO  @ Sat, 13 Mar 2021 21:06:27: Control samples:1 
INFO  @ Sat, 13 Mar 2021 21:06:27: Control sample index:1 
DEBUG @ Sat, 13 Mar 2021 21:06:27: Initial (total) size factor: 0.8404252354678705 1.2343756395039496 
INFO  @ Sat, 13 Mar 2021 21:06:27: Final size factor: 0.8404252354678705 1.2343756395039496 
INFO  @ Sat, 13 Mar 2021 21:06:27: Detecting outliers from variance estimation.. Avg read count:[1738.282346391475], Var: [964882.8485450281] 
DEBUG @ Sat, 13 Mar 2021 21:06:27: Adjusted model: 3.0588202867808296	0 
INFO  @ Sat, 13 Mar 2021 21:06:27: Before RRA, 0 sgRNAs are removed with zero counts in both group(s). 
INFO  @ Sat, 13 Mar 2021 21:06:27: Use qnorm to reversely calculate sgRNA scores ... 
DEBUG @ Sat, 13 Mar 2021 21:06:27: lower test FDR cutoff: 1.0 
DEBUG @ Sat, 13 Mar 2021 21:06:27: higher test FDR cutoff: 0.01 
INFO  @ Sat, 13 Mar 2021 21:06:27: Running command: RRA -i S4B_c1_t3.plow.txt -o S4B_c1_t3.gene.low.txt -p 0.5 --skip-gene NA --skip-gene na  
INFO  @ Sat, 13 Mar 2021 21:06:27: Command message: 
INFO  @ Sat, 13 Mar 2021 21:06:27:   Welcome to RRA v 0.5.9. 
INFO  @ Sat, 13 Mar 2021 21:06:27:   Skipping gene NA for permutation ... 
INFO  @ Sat, 13 Mar 2021 21:06:27:   Skipping gene na for permutation ... 
INFO  @ Sat, 13 Mar 2021 21:06:27:   Reading input file... 
INFO  @ Sat, 13 Mar 2021 21:06:27:   Summary: 76 sgRNAs, 10 genes, 1 lists; skipped sgRNAs:0 
INFO  @ Sat, 13 Mar 2021 21:06:27:   Computing lo-values for each group... 
INFO  @ Sat, 13 Mar 2021 21:06:27:   Computing false discovery rate... 
INFO  @ Sat, 13 Mar 2021 21:06:27:   Increase the number of permutations to 10001 to get precise p values. To avoid this, use the --permutation option. 
INFO  @ Sat, 13 Mar 2021 21:06:27:   Permuting genes with 6 sgRNAs... 
INFO  @ Sat, 13 Mar 2021 21:06:27:   Permuting genes with 10 sgRNAs... 
INFO  @ Sat, 13 Mar 2021 21:06:27:   Number of genes under FDR adjustment: 10 
INFO  @ Sat, 13 Mar 2021 21:06:27:   Saving to output file... 
INFO  @ Sat, 13 Mar 2021 21:06:27:   RRA completed. 
INFO  @ Sat, 13 Mar 2021 21:06:27:    
INFO  @ Sat, 13 Mar 2021 21:06:27: End command message. 
INFO  @ Sat, 13 Mar 2021 21:06:27: Running command: RRA -i S4B_c1_t3.phigh.txt -o S4B_c1_t3.gene.high.txt -p 0.01 --skip-gene NA --skip-gene na  
INFO  @ Sat, 13 Mar 2021 21:06:27: Command message: 
INFO  @ Sat, 13 Mar 2021 21:06:27:   Welcome to RRA v 0.5.9. 
INFO  @ Sat, 13 Mar 2021 21:06:27:   Skipping gene NA for permutation ... 
INFO  @ Sat, 13 Mar 2021 21:06:27:   Skipping gene na for permutation ... 
INFO  @ Sat, 13 Mar 2021 21:06:27:   Reading input file... 
INFO  @ Sat, 13 Mar 2021 21:06:27:   Summary: 76 sgRNAs, 10 genes, 1 lists; skipped sgRNAs:0 
INFO  @ Sat, 13 Mar 2021 21:06:27:   Computing lo-values for each group... 
INFO  @ Sat, 13 Mar 2021 21:06:27:   Computing false discovery rate... 
INFO  @ Sat, 13 Mar 2021 21:06:27:   Increase the number of permutations to 10001 to get precise p values. To avoid this, use the --permutation option. 
INFO  @ Sat, 13 Mar 2021 21:06:27:   Permuting genes with 6 sgRNAs... 
INFO  @ Sat, 13 Mar 2021 21:06:27:   Permuting genes with 10 sgRNAs... 
INFO  @ Sat, 13 Mar 2021 21:06:27:   Number of genes under FDR adjustment: 10 
INFO  @ Sat, 13 Mar 2021 21:06:27:   Saving to output file... 
INFO  @ Sat, 13 Mar 2021 21:06:27:   RRA completed. 
INFO  @ Sat, 13 Mar 2021 21:06:27:    
INFO  @ Sat, 13 Mar 2021 21:06:27: End command message. 
DEBUG @ Sat, 13 Mar 2021 21:06:27: Sorting the merged items by positive selection... 
INFO  @ Sat, 13 Mar 2021 21:06:27: Loading top 10 genes from S4B_c1_t3.gene.low.txt: ROSA26,PROM1,LRIG1,CTRL,EGFP,CCR5,AAVS1,KRT20,SOX9,mKate2 
DEBUG @ Sat, 13 Mar 2021 21:06:27: Column index:3 
INFO  @ Sat, 13 Mar 2021 21:06:27: Loading top 10 genes from S4B_c1_t3.gene.high.txt: mKate2,KRT20,SOX9,EGFP,AAVS1,ROSA26,LRIG1,CTRL,CCR5,PROM1 
DEBUG @ Sat, 13 Mar 2021 21:06:27: Column index:9 
INFO  @ Sat, 13 Mar 2021 21:06:27: Running command: rm S4B_c1_t3.plow.txt 
INFO  @ Sat, 13 Mar 2021 21:06:27: Running command: rm S4B_c1_t3.phigh.txt 
INFO  @ Sat, 13 Mar 2021 21:06:27: Running command: rm S4B_c1_t3.gene.low.txt 
INFO  @ Sat, 13 Mar 2021 21:06:27: Running command: rm S4B_c1_t3.gene.high.txt 
