INFO  @ Sat, 13 Mar 2021 21:08:44: Parameters: /opt/anaconda3/bin/mageck test -k S5A.txt -t 2 -c 0 -n S5A_c0_t2 --norm-method total --sort-criteria pos 
INFO  @ Sat, 13 Mar 2021 21:08:44: Welcome to MAGeCK v0.5.9.4. Command: test 
INFO  @ Sat, 13 Mar 2021 21:08:44: Loading count table from S5A.txt  
INFO  @ Sat, 13 Mar 2021 21:08:44: Processing 1 lines.. 
DEBUG @ Sat, 13 Mar 2021 21:08:44: Parsing error in line 1 (usually the header line). Skip this line. 
INFO  @ Sat, 13 Mar 2021 21:08:44: Loaded 76 records. 
INFO  @ Sat, 13 Mar 2021 21:08:44: Loading Rnw template file: /opt/anaconda3/lib/python3.8/site-packages/mageck/test_report.Rmd. 
DEBUG @ Sat, 13 Mar 2021 21:08:44: Setting up the visualization module... 
INFO  @ Sat, 13 Mar 2021 21:08:44: Loading R template file: /opt/anaconda3/lib/python3.8/site-packages/mageck/plot_template.RTemplate. 
INFO  @ Sat, 13 Mar 2021 21:08:44: Loading R template file: /opt/anaconda3/lib/python3.8/site-packages/mageck/plot_template_indvgene.RTemplate. 
INFO  @ Sat, 13 Mar 2021 21:08:44: Loading Rnw template file: /opt/anaconda3/lib/python3.8/site-packages/mageck/plot_template.Rnw. 
DEBUG @ Sat, 13 Mar 2021 21:08:44: Setting up the visualization module... 
DEBUG @ Sat, 13 Mar 2021 21:08:44: Given sample labels: 2 
DEBUG @ Sat, 13 Mar 2021 21:08:44: Converted index: 2 
INFO  @ Sat, 13 Mar 2021 21:08:44: Treatment samples:2 
INFO  @ Sat, 13 Mar 2021 21:08:44: Treatment sample index:2 
DEBUG @ Sat, 13 Mar 2021 21:08:44: Given sample labels: 0 
DEBUG @ Sat, 13 Mar 2021 21:08:44: Converted index: 0 
INFO  @ Sat, 13 Mar 2021 21:08:44: Control samples:0 
INFO  @ Sat, 13 Mar 2021 21:08:44: Control sample index:0 
DEBUG @ Sat, 13 Mar 2021 21:08:44: Initial (total) size factor: 0.9402199904351984 1.0678978815860944 
INFO  @ Sat, 13 Mar 2021 21:08:44: Final size factor: 0.9402199904351984 1.0678978815860944 
INFO  @ Sat, 13 Mar 2021 21:08:44: Detecting outliers from variance estimation.. Avg read count:[1236.5741650086725], Var: [917429.5123930047] 
DEBUG @ Sat, 13 Mar 2021 21:08:44: Adjusted model: 1	5.250160422580974 
INFO  @ Sat, 13 Mar 2021 21:08:44: Before RRA, 0 sgRNAs are removed with zero counts in both group(s). 
INFO  @ Sat, 13 Mar 2021 21:08:44: Use qnorm to reversely calculate sgRNA scores ... 
DEBUG @ Sat, 13 Mar 2021 21:08:44: lower test FDR cutoff: 0.13157894736842105 
DEBUG @ Sat, 13 Mar 2021 21:08:44: higher test FDR cutoff: 0.11842105263157894 
INFO  @ Sat, 13 Mar 2021 21:08:44: Running command: RRA -i S5A_c0_t2.plow.txt -o S5A_c0_t2.gene.low.txt -p 0.13157894736842105 --skip-gene NA --skip-gene na  
INFO  @ Sat, 13 Mar 2021 21:08:44: Command message: 
INFO  @ Sat, 13 Mar 2021 21:08:44:   Welcome to RRA v 0.5.9. 
INFO  @ Sat, 13 Mar 2021 21:08:44:   Skipping gene NA for permutation ... 
INFO  @ Sat, 13 Mar 2021 21:08:44:   Skipping gene na for permutation ... 
INFO  @ Sat, 13 Mar 2021 21:08:44:   Reading input file... 
INFO  @ Sat, 13 Mar 2021 21:08:44:   Summary: 76 sgRNAs, 10 genes, 1 lists; skipped sgRNAs:0 
INFO  @ Sat, 13 Mar 2021 21:08:44:   Computing lo-values for each group... 
INFO  @ Sat, 13 Mar 2021 21:08:44:   Computing false discovery rate... 
INFO  @ Sat, 13 Mar 2021 21:08:44:   Increase the number of permutations to 10001 to get precise p values. To avoid this, use the --permutation option. 
INFO  @ Sat, 13 Mar 2021 21:08:44:   Permuting genes with 6 sgRNAs... 
INFO  @ Sat, 13 Mar 2021 21:08:44:   Permuting genes with 10 sgRNAs... 
INFO  @ Sat, 13 Mar 2021 21:08:44:   Number of genes under FDR adjustment: 10 
INFO  @ Sat, 13 Mar 2021 21:08:44:   Saving to output file... 
INFO  @ Sat, 13 Mar 2021 21:08:44:   RRA completed. 
INFO  @ Sat, 13 Mar 2021 21:08:44:    
INFO  @ Sat, 13 Mar 2021 21:08:44: End command message. 
INFO  @ Sat, 13 Mar 2021 21:08:44: Running command: RRA -i S5A_c0_t2.phigh.txt -o S5A_c0_t2.gene.high.txt -p 0.11842105263157894 --skip-gene NA --skip-gene na  
INFO  @ Sat, 13 Mar 2021 21:08:44: Command message: 
INFO  @ Sat, 13 Mar 2021 21:08:44:   Welcome to RRA v 0.5.9. 
INFO  @ Sat, 13 Mar 2021 21:08:44:   Skipping gene NA for permutation ... 
INFO  @ Sat, 13 Mar 2021 21:08:44:   Skipping gene na for permutation ... 
INFO  @ Sat, 13 Mar 2021 21:08:44:   Reading input file... 
INFO  @ Sat, 13 Mar 2021 21:08:44:   Summary: 76 sgRNAs, 10 genes, 1 lists; skipped sgRNAs:0 
INFO  @ Sat, 13 Mar 2021 21:08:44:   Computing lo-values for each group... 
INFO  @ Sat, 13 Mar 2021 21:08:44:   Computing false discovery rate... 
INFO  @ Sat, 13 Mar 2021 21:08:44:   Increase the number of permutations to 10001 to get precise p values. To avoid this, use the --permutation option. 
INFO  @ Sat, 13 Mar 2021 21:08:44:   Permuting genes with 6 sgRNAs... 
INFO  @ Sat, 13 Mar 2021 21:08:44:   Permuting genes with 10 sgRNAs... 
INFO  @ Sat, 13 Mar 2021 21:08:44:   Number of genes under FDR adjustment: 10 
INFO  @ Sat, 13 Mar 2021 21:08:44:   Saving to output file... 
INFO  @ Sat, 13 Mar 2021 21:08:44:   RRA completed. 
INFO  @ Sat, 13 Mar 2021 21:08:44:    
INFO  @ Sat, 13 Mar 2021 21:08:44: End command message. 
DEBUG @ Sat, 13 Mar 2021 21:08:44: Sorting the merged items by positive selection... 
INFO  @ Sat, 13 Mar 2021 21:08:44: Loading top 10 genes from S5A_c0_t2.gene.low.txt: SOX9,CCR5,LRIG1,CTRL,KRT20,AAVS1,mKate2,ROSA26,PROM1,EGFP 
DEBUG @ Sat, 13 Mar 2021 21:08:44: Column index:3 
INFO  @ Sat, 13 Mar 2021 21:08:44: Loading top 10 genes from S5A_c0_t2.gene.high.txt: EGFP,LRIG1,CTRL,PROM1,CCR5,KRT20,ROSA26,mKate2,AAVS1,SOX9 
DEBUG @ Sat, 13 Mar 2021 21:08:44: Column index:9 
INFO  @ Sat, 13 Mar 2021 21:08:44: Running command: rm S5A_c0_t2.plow.txt 
INFO  @ Sat, 13 Mar 2021 21:08:44: Running command: rm S5A_c0_t2.phigh.txt 
INFO  @ Sat, 13 Mar 2021 21:08:44: Running command: rm S5A_c0_t2.gene.low.txt 
INFO  @ Sat, 13 Mar 2021 21:08:44: Running command: rm S5A_c0_t2.gene.high.txt 
