INFO  @ Sat, 13 Mar 2021 21:08:50: Parameters: /opt/anaconda3/bin/mageck test -k S5A.txt -t 2 -c 1 -n S5A_c1_t2 --norm-method total --sort-criteria pos 
INFO  @ Sat, 13 Mar 2021 21:08:50: Welcome to MAGeCK v0.5.9.4. Command: test 
INFO  @ Sat, 13 Mar 2021 21:08:50: Loading count table from S5A.txt  
INFO  @ Sat, 13 Mar 2021 21:08:50: Processing 1 lines.. 
DEBUG @ Sat, 13 Mar 2021 21:08:50: Parsing error in line 1 (usually the header line). Skip this line. 
INFO  @ Sat, 13 Mar 2021 21:08:50: Loaded 76 records. 
INFO  @ Sat, 13 Mar 2021 21:08:50: Loading Rnw template file: /opt/anaconda3/lib/python3.8/site-packages/mageck/test_report.Rmd. 
DEBUG @ Sat, 13 Mar 2021 21:08:50: Setting up the visualization module... 
INFO  @ Sat, 13 Mar 2021 21:08:50: Loading R template file: /opt/anaconda3/lib/python3.8/site-packages/mageck/plot_template.RTemplate. 
INFO  @ Sat, 13 Mar 2021 21:08:50: Loading R template file: /opt/anaconda3/lib/python3.8/site-packages/mageck/plot_template_indvgene.RTemplate. 
INFO  @ Sat, 13 Mar 2021 21:08:50: Loading Rnw template file: /opt/anaconda3/lib/python3.8/site-packages/mageck/plot_template.Rnw. 
DEBUG @ Sat, 13 Mar 2021 21:08:50: Setting up the visualization module... 
DEBUG @ Sat, 13 Mar 2021 21:08:50: Given sample labels: 2 
DEBUG @ Sat, 13 Mar 2021 21:08:50: Converted index: 2 
INFO  @ Sat, 13 Mar 2021 21:08:50: Treatment samples:2 
INFO  @ Sat, 13 Mar 2021 21:08:50: Treatment sample index:2 
DEBUG @ Sat, 13 Mar 2021 21:08:50: Given sample labels: 1 
DEBUG @ Sat, 13 Mar 2021 21:08:50: Converted index: 1 
INFO  @ Sat, 13 Mar 2021 21:08:50: Control samples:1 
INFO  @ Sat, 13 Mar 2021 21:08:50: Control sample index:1 
DEBUG @ Sat, 13 Mar 2021 21:08:50: Initial (total) size factor: 0.9716495293014208 1.0300545945000414 
INFO  @ Sat, 13 Mar 2021 21:08:50: Final size factor: 0.9716495293014208 1.0300545945000414 
INFO  @ Sat, 13 Mar 2021 21:08:50: Detecting outliers from variance estimation.. Avg read count:[1314.3059258742842], Var: [491039.13160903257] 
DEBUG @ Sat, 13 Mar 2021 21:08:50: Adjusted model: 2.2664546768517497	0 
INFO  @ Sat, 13 Mar 2021 21:08:50: Before RRA, 0 sgRNAs are removed with zero counts in both group(s). 
INFO  @ Sat, 13 Mar 2021 21:08:50: Use qnorm to reversely calculate sgRNA scores ... 
DEBUG @ Sat, 13 Mar 2021 21:08:50: lower test FDR cutoff: 0.8421052631578947 
DEBUG @ Sat, 13 Mar 2021 21:08:50: higher test FDR cutoff: 0.01 
INFO  @ Sat, 13 Mar 2021 21:08:50: Running command: RRA -i S5A_c1_t2.plow.txt -o S5A_c1_t2.gene.low.txt -p 0.5 --skip-gene NA --skip-gene na  
INFO  @ Sat, 13 Mar 2021 21:08:51: Command message: 
INFO  @ Sat, 13 Mar 2021 21:08:51:   Welcome to RRA v 0.5.9. 
INFO  @ Sat, 13 Mar 2021 21:08:51:   Skipping gene NA for permutation ... 
INFO  @ Sat, 13 Mar 2021 21:08:51:   Skipping gene na for permutation ... 
INFO  @ Sat, 13 Mar 2021 21:08:51:   Reading input file... 
INFO  @ Sat, 13 Mar 2021 21:08:51:   Summary: 76 sgRNAs, 10 genes, 1 lists; skipped sgRNAs:0 
INFO  @ Sat, 13 Mar 2021 21:08:51:   Computing lo-values for each group... 
INFO  @ Sat, 13 Mar 2021 21:08:51:   Computing false discovery rate... 
INFO  @ Sat, 13 Mar 2021 21:08:51:   Increase the number of permutations to 10001 to get precise p values. To avoid this, use the --permutation option. 
INFO  @ Sat, 13 Mar 2021 21:08:51:   Permuting genes with 6 sgRNAs... 
INFO  @ Sat, 13 Mar 2021 21:08:51:   Permuting genes with 10 sgRNAs... 
INFO  @ Sat, 13 Mar 2021 21:08:51:   Number of genes under FDR adjustment: 10 
INFO  @ Sat, 13 Mar 2021 21:08:51:   Saving to output file... 
INFO  @ Sat, 13 Mar 2021 21:08:51:   RRA completed. 
INFO  @ Sat, 13 Mar 2021 21:08:51:    
INFO  @ Sat, 13 Mar 2021 21:08:51: End command message. 
INFO  @ Sat, 13 Mar 2021 21:08:51: Running command: RRA -i S5A_c1_t2.phigh.txt -o S5A_c1_t2.gene.high.txt -p 0.01 --skip-gene NA --skip-gene na  
INFO  @ Sat, 13 Mar 2021 21:08:51: Command message: 
INFO  @ Sat, 13 Mar 2021 21:08:51:   Welcome to RRA v 0.5.9. 
INFO  @ Sat, 13 Mar 2021 21:08:51:   Skipping gene NA for permutation ... 
INFO  @ Sat, 13 Mar 2021 21:08:51:   Skipping gene na for permutation ... 
INFO  @ Sat, 13 Mar 2021 21:08:51:   Reading input file... 
INFO  @ Sat, 13 Mar 2021 21:08:51:   Summary: 76 sgRNAs, 10 genes, 1 lists; skipped sgRNAs:0 
INFO  @ Sat, 13 Mar 2021 21:08:51:   Computing lo-values for each group... 
INFO  @ Sat, 13 Mar 2021 21:08:51:   Computing false discovery rate... 
INFO  @ Sat, 13 Mar 2021 21:08:51:   Increase the number of permutations to 10001 to get precise p values. To avoid this, use the --permutation option. 
INFO  @ Sat, 13 Mar 2021 21:08:51:   Permuting genes with 6 sgRNAs... 
INFO  @ Sat, 13 Mar 2021 21:08:51:   Permuting genes with 10 sgRNAs... 
INFO  @ Sat, 13 Mar 2021 21:08:51:   Number of genes under FDR adjustment: 10 
INFO  @ Sat, 13 Mar 2021 21:08:51:   Saving to output file... 
INFO  @ Sat, 13 Mar 2021 21:08:51:   RRA completed. 
INFO  @ Sat, 13 Mar 2021 21:08:51:    
INFO  @ Sat, 13 Mar 2021 21:08:51: End command message. 
DEBUG @ Sat, 13 Mar 2021 21:08:51: Sorting the merged items by positive selection... 
INFO  @ Sat, 13 Mar 2021 21:08:51: Loading top 10 genes from S5A_c1_t2.gene.low.txt: SOX9,CCR5,LRIG1,AAVS1,ROSA26,CTRL,EGFP,PROM1,mKate2,KRT20 
DEBUG @ Sat, 13 Mar 2021 21:08:51: Column index:3 
INFO  @ Sat, 13 Mar 2021 21:08:51: Loading top 10 genes from S5A_c1_t2.gene.high.txt: mKate2,KRT20,EGFP,LRIG1,CTRL,AAVS1,ROSA26,PROM1,CCR5,SOX9 
DEBUG @ Sat, 13 Mar 2021 21:08:51: Column index:9 
INFO  @ Sat, 13 Mar 2021 21:08:51: Running command: rm S5A_c1_t2.plow.txt 
INFO  @ Sat, 13 Mar 2021 21:08:51: Running command: rm S5A_c1_t2.phigh.txt 
INFO  @ Sat, 13 Mar 2021 21:08:51: Running command: rm S5A_c1_t2.gene.low.txt 
INFO  @ Sat, 13 Mar 2021 21:08:51: Running command: rm S5A_c1_t2.gene.high.txt 
