INFO  @ Sat, 13 Mar 2021 21:08:38: Parameters: /opt/anaconda3/bin/mageck test -k S5A.txt -t 1 -c 0 -n S5A_c0_t1 --norm-method total --sort-criteria pos 
INFO  @ Sat, 13 Mar 2021 21:08:38: Welcome to MAGeCK v0.5.9.4. Command: test 
INFO  @ Sat, 13 Mar 2021 21:08:38: Loading count table from S5A.txt  
INFO  @ Sat, 13 Mar 2021 21:08:38: Processing 1 lines.. 
DEBUG @ Sat, 13 Mar 2021 21:08:38: Parsing error in line 1 (usually the header line). Skip this line. 
INFO  @ Sat, 13 Mar 2021 21:08:38: Loaded 76 records. 
INFO  @ Sat, 13 Mar 2021 21:08:38: Loading Rnw template file: /opt/anaconda3/lib/python3.8/site-packages/mageck/test_report.Rmd. 
DEBUG @ Sat, 13 Mar 2021 21:08:38: Setting up the visualization module... 
INFO  @ Sat, 13 Mar 2021 21:08:38: Loading R template file: /opt/anaconda3/lib/python3.8/site-packages/mageck/plot_template.RTemplate. 
INFO  @ Sat, 13 Mar 2021 21:08:38: Loading R template file: /opt/anaconda3/lib/python3.8/site-packages/mageck/plot_template_indvgene.RTemplate. 
INFO  @ Sat, 13 Mar 2021 21:08:38: Loading Rnw template file: /opt/anaconda3/lib/python3.8/site-packages/mageck/plot_template.Rnw. 
DEBUG @ Sat, 13 Mar 2021 21:08:38: Setting up the visualization module... 
DEBUG @ Sat, 13 Mar 2021 21:08:38: Given sample labels: 1 
DEBUG @ Sat, 13 Mar 2021 21:08:38: Converted index: 1 
INFO  @ Sat, 13 Mar 2021 21:08:38: Treatment samples:1 
INFO  @ Sat, 13 Mar 2021 21:08:38: Treatment sample index:1 
DEBUG @ Sat, 13 Mar 2021 21:08:38: Given sample labels: 0 
DEBUG @ Sat, 13 Mar 2021 21:08:38: Converted index: 0 
INFO  @ Sat, 13 Mar 2021 21:08:38: Control samples:0 
INFO  @ Sat, 13 Mar 2021 21:08:38: Control sample index:0 
DEBUG @ Sat, 13 Mar 2021 21:08:38: Initial (total) size factor: 0.9666812570418825 1.0356975370827108 
INFO  @ Sat, 13 Mar 2021 21:08:38: Final size factor: 0.9666812570418825 1.0356975370827108 
INFO  @ Sat, 13 Mar 2021 21:08:38: Detecting outliers from variance estimation.. Avg read count:[1396.105605318049], Var: [553034.2412118304] 
DEBUG @ Sat, 13 Mar 2021 21:08:38: Adjusted model: 2.6423389905177377	0 
INFO  @ Sat, 13 Mar 2021 21:08:38: Before RRA, 0 sgRNAs are removed with zero counts in both group(s). 
INFO  @ Sat, 13 Mar 2021 21:08:38: Use qnorm to reversely calculate sgRNA scores ... 
DEBUG @ Sat, 13 Mar 2021 21:08:38: lower test FDR cutoff: 1.0 
DEBUG @ Sat, 13 Mar 2021 21:08:38: higher test FDR cutoff: 0.01 
INFO  @ Sat, 13 Mar 2021 21:08:38: Running command: RRA -i S5A_c0_t1.plow.txt -o S5A_c0_t1.gene.low.txt -p 0.5 --skip-gene NA --skip-gene na  
INFO  @ Sat, 13 Mar 2021 21:08:38: Command message: 
INFO  @ Sat, 13 Mar 2021 21:08:38:   Welcome to RRA v 0.5.9. 
INFO  @ Sat, 13 Mar 2021 21:08:38:   Skipping gene NA for permutation ... 
INFO  @ Sat, 13 Mar 2021 21:08:38:   Skipping gene na for permutation ... 
INFO  @ Sat, 13 Mar 2021 21:08:38:   Reading input file... 
INFO  @ Sat, 13 Mar 2021 21:08:38:   Summary: 76 sgRNAs, 10 genes, 1 lists; skipped sgRNAs:0 
INFO  @ Sat, 13 Mar 2021 21:08:38:   Computing lo-values for each group... 
INFO  @ Sat, 13 Mar 2021 21:08:38:   Computing false discovery rate... 
INFO  @ Sat, 13 Mar 2021 21:08:38:   Increase the number of permutations to 10001 to get precise p values. To avoid this, use the --permutation option. 
INFO  @ Sat, 13 Mar 2021 21:08:38:   Permuting genes with 6 sgRNAs... 
INFO  @ Sat, 13 Mar 2021 21:08:38:   Permuting genes with 10 sgRNAs... 
INFO  @ Sat, 13 Mar 2021 21:08:38:   Number of genes under FDR adjustment: 10 
INFO  @ Sat, 13 Mar 2021 21:08:38:   Saving to output file... 
INFO  @ Sat, 13 Mar 2021 21:08:38:   RRA completed. 
INFO  @ Sat, 13 Mar 2021 21:08:38:    
INFO  @ Sat, 13 Mar 2021 21:08:38: End command message. 
INFO  @ Sat, 13 Mar 2021 21:08:38: Running command: RRA -i S5A_c0_t1.phigh.txt -o S5A_c0_t1.gene.high.txt -p 0.01 --skip-gene NA --skip-gene na  
INFO  @ Sat, 13 Mar 2021 21:08:38: Command message: 
INFO  @ Sat, 13 Mar 2021 21:08:38:   Welcome to RRA v 0.5.9. 
INFO  @ Sat, 13 Mar 2021 21:08:38:   Skipping gene NA for permutation ... 
INFO  @ Sat, 13 Mar 2021 21:08:38:   Skipping gene na for permutation ... 
INFO  @ Sat, 13 Mar 2021 21:08:38:   Reading input file... 
INFO  @ Sat, 13 Mar 2021 21:08:38:   Summary: 76 sgRNAs, 10 genes, 1 lists; skipped sgRNAs:0 
INFO  @ Sat, 13 Mar 2021 21:08:38:   Computing lo-values for each group... 
INFO  @ Sat, 13 Mar 2021 21:08:38:   Computing false discovery rate... 
INFO  @ Sat, 13 Mar 2021 21:08:38:   Increase the number of permutations to 10001 to get precise p values. To avoid this, use the --permutation option. 
INFO  @ Sat, 13 Mar 2021 21:08:38:   Permuting genes with 6 sgRNAs... 
INFO  @ Sat, 13 Mar 2021 21:08:38:   Permuting genes with 10 sgRNAs... 
INFO  @ Sat, 13 Mar 2021 21:08:38:   Number of genes under FDR adjustment: 10 
INFO  @ Sat, 13 Mar 2021 21:08:38:   Saving to output file... 
INFO  @ Sat, 13 Mar 2021 21:08:38:   RRA completed. 
INFO  @ Sat, 13 Mar 2021 21:08:38:    
INFO  @ Sat, 13 Mar 2021 21:08:38: End command message. 
DEBUG @ Sat, 13 Mar 2021 21:08:38: Sorting the merged items by positive selection... 
INFO  @ Sat, 13 Mar 2021 21:08:38: Loading top 10 genes from S5A_c0_t1.gene.low.txt: KRT20,mKate2,PROM1,CTRL,LRIG1,ROSA26,AAVS1,CCR5,EGFP,SOX9 
DEBUG @ Sat, 13 Mar 2021 21:08:38: Column index:3 
INFO  @ Sat, 13 Mar 2021 21:08:38: Loading top 10 genes from S5A_c0_t1.gene.high.txt: SOX9,EGFP,AAVS1,CTRL,CCR5,ROSA26,LRIG1,PROM1,mKate2,KRT20 
DEBUG @ Sat, 13 Mar 2021 21:08:38: Column index:9 
INFO  @ Sat, 13 Mar 2021 21:08:38: Running command: rm S5A_c0_t1.plow.txt 
INFO  @ Sat, 13 Mar 2021 21:08:38: Running command: rm S5A_c0_t1.phigh.txt 
INFO  @ Sat, 13 Mar 2021 21:08:38: Running command: rm S5A_c0_t1.gene.low.txt 
INFO  @ Sat, 13 Mar 2021 21:08:38: Running command: rm S5A_c0_t1.gene.high.txt 
