INFO  @ Sat, 13 Mar 2021 21:09:12: Parameters: /opt/anaconda3/bin/mageck test -k S5B.txt -t 2 -c 1 -n S5B_c1_t2 --norm-method total --sort-criteria pos 
INFO  @ Sat, 13 Mar 2021 21:09:12: Welcome to MAGeCK v0.5.9.4. Command: test 
INFO  @ Sat, 13 Mar 2021 21:09:12: Loading count table from S5B.txt  
INFO  @ Sat, 13 Mar 2021 21:09:12: Processing 1 lines.. 
DEBUG @ Sat, 13 Mar 2021 21:09:12: Parsing error in line 1 (usually the header line). Skip this line. 
INFO  @ Sat, 13 Mar 2021 21:09:12: Loaded 76 records. 
INFO  @ Sat, 13 Mar 2021 21:09:12: Loading Rnw template file: /opt/anaconda3/lib/python3.8/site-packages/mageck/test_report.Rmd. 
DEBUG @ Sat, 13 Mar 2021 21:09:12: Setting up the visualization module... 
INFO  @ Sat, 13 Mar 2021 21:09:12: Loading R template file: /opt/anaconda3/lib/python3.8/site-packages/mageck/plot_template.RTemplate. 
INFO  @ Sat, 13 Mar 2021 21:09:12: Loading R template file: /opt/anaconda3/lib/python3.8/site-packages/mageck/plot_template_indvgene.RTemplate. 
INFO  @ Sat, 13 Mar 2021 21:09:12: Loading Rnw template file: /opt/anaconda3/lib/python3.8/site-packages/mageck/plot_template.Rnw. 
DEBUG @ Sat, 13 Mar 2021 21:09:12: Setting up the visualization module... 
DEBUG @ Sat, 13 Mar 2021 21:09:12: Given sample labels: 2 
DEBUG @ Sat, 13 Mar 2021 21:09:12: Converted index: 2 
INFO  @ Sat, 13 Mar 2021 21:09:12: Treatment samples:2 
INFO  @ Sat, 13 Mar 2021 21:09:12: Treatment sample index:2 
DEBUG @ Sat, 13 Mar 2021 21:09:12: Given sample labels: 1 
DEBUG @ Sat, 13 Mar 2021 21:09:12: Converted index: 1 
INFO  @ Sat, 13 Mar 2021 21:09:12: Control samples:1 
INFO  @ Sat, 13 Mar 2021 21:09:12: Control sample index:1 
DEBUG @ Sat, 13 Mar 2021 21:09:12: Initial (total) size factor: 0.9232167486207724 1.0907138619034547 
INFO  @ Sat, 13 Mar 2021 21:09:12: Final size factor: 0.9232167486207724 1.0907138619034547 
INFO  @ Sat, 13 Mar 2021 21:09:12: Detecting outliers from variance estimation.. Avg read count:[1474.6527652041525], Var: [587834.1909316783] 
DEBUG @ Sat, 13 Mar 2021 21:09:12: Adjusted model: 2.1762402379792243	0 
INFO  @ Sat, 13 Mar 2021 21:09:12: Before RRA, 0 sgRNAs are removed with zero counts in both group(s). 
INFO  @ Sat, 13 Mar 2021 21:09:12: Use qnorm to reversely calculate sgRNA scores ... 
DEBUG @ Sat, 13 Mar 2021 21:09:12: lower test FDR cutoff: 0.6578947368421053 
DEBUG @ Sat, 13 Mar 2021 21:09:12: higher test FDR cutoff: 0.14473684210526316 
INFO  @ Sat, 13 Mar 2021 21:09:12: Running command: RRA -i S5B_c1_t2.plow.txt -o S5B_c1_t2.gene.low.txt -p 0.5 --skip-gene NA --skip-gene na  
INFO  @ Sat, 13 Mar 2021 21:09:12: Command message: 
INFO  @ Sat, 13 Mar 2021 21:09:12:   Welcome to RRA v 0.5.9. 
INFO  @ Sat, 13 Mar 2021 21:09:12:   Skipping gene NA for permutation ... 
INFO  @ Sat, 13 Mar 2021 21:09:12:   Skipping gene na for permutation ... 
INFO  @ Sat, 13 Mar 2021 21:09:12:   Reading input file... 
INFO  @ Sat, 13 Mar 2021 21:09:12:   Summary: 76 sgRNAs, 10 genes, 1 lists; skipped sgRNAs:0 
INFO  @ Sat, 13 Mar 2021 21:09:12:   Computing lo-values for each group... 
INFO  @ Sat, 13 Mar 2021 21:09:12:   Computing false discovery rate... 
INFO  @ Sat, 13 Mar 2021 21:09:12:   Increase the number of permutations to 10001 to get precise p values. To avoid this, use the --permutation option. 
INFO  @ Sat, 13 Mar 2021 21:09:12:   Permuting genes with 6 sgRNAs... 
INFO  @ Sat, 13 Mar 2021 21:09:12:   Permuting genes with 10 sgRNAs... 
INFO  @ Sat, 13 Mar 2021 21:09:12:   Number of genes under FDR adjustment: 10 
INFO  @ Sat, 13 Mar 2021 21:09:12:   Saving to output file... 
INFO  @ Sat, 13 Mar 2021 21:09:12:   RRA completed. 
INFO  @ Sat, 13 Mar 2021 21:09:12:    
INFO  @ Sat, 13 Mar 2021 21:09:12: End command message. 
INFO  @ Sat, 13 Mar 2021 21:09:12: Running command: RRA -i S5B_c1_t2.phigh.txt -o S5B_c1_t2.gene.high.txt -p 0.14473684210526316 --skip-gene NA --skip-gene na  
INFO  @ Sat, 13 Mar 2021 21:09:12: Command message: 
INFO  @ Sat, 13 Mar 2021 21:09:12:   Welcome to RRA v 0.5.9. 
INFO  @ Sat, 13 Mar 2021 21:09:12:   Skipping gene NA for permutation ... 
INFO  @ Sat, 13 Mar 2021 21:09:12:   Skipping gene na for permutation ... 
INFO  @ Sat, 13 Mar 2021 21:09:12:   Reading input file... 
INFO  @ Sat, 13 Mar 2021 21:09:12:   Summary: 76 sgRNAs, 10 genes, 1 lists; skipped sgRNAs:0 
INFO  @ Sat, 13 Mar 2021 21:09:12:   Computing lo-values for each group... 
INFO  @ Sat, 13 Mar 2021 21:09:12:   Computing false discovery rate... 
INFO  @ Sat, 13 Mar 2021 21:09:12:   Increase the number of permutations to 10001 to get precise p values. To avoid this, use the --permutation option. 
INFO  @ Sat, 13 Mar 2021 21:09:12:   Permuting genes with 6 sgRNAs... 
INFO  @ Sat, 13 Mar 2021 21:09:12:   Permuting genes with 10 sgRNAs... 
INFO  @ Sat, 13 Mar 2021 21:09:12:   Number of genes under FDR adjustment: 10 
INFO  @ Sat, 13 Mar 2021 21:09:12:   Saving to output file... 
INFO  @ Sat, 13 Mar 2021 21:09:12:   RRA completed. 
INFO  @ Sat, 13 Mar 2021 21:09:12:    
INFO  @ Sat, 13 Mar 2021 21:09:12: End command message. 
DEBUG @ Sat, 13 Mar 2021 21:09:12: Sorting the merged items by positive selection... 
INFO  @ Sat, 13 Mar 2021 21:09:12: Loading top 10 genes from S5B_c1_t2.gene.low.txt: SOX9,AAVS1,CCR5,ROSA26,EGFP,LRIG1,PROM1,CTRL,mKate2,KRT20 
DEBUG @ Sat, 13 Mar 2021 21:09:12: Column index:3 
INFO  @ Sat, 13 Mar 2021 21:09:12: Loading top 10 genes from S5B_c1_t2.gene.high.txt: mKate2,KRT20,EGFP,PROM1,AAVS1,CTRL,LRIG1,ROSA26,CCR5,SOX9 
DEBUG @ Sat, 13 Mar 2021 21:09:12: Column index:9 
INFO  @ Sat, 13 Mar 2021 21:09:12: Running command: rm S5B_c1_t2.plow.txt 
INFO  @ Sat, 13 Mar 2021 21:09:12: Running command: rm S5B_c1_t2.phigh.txt 
INFO  @ Sat, 13 Mar 2021 21:09:12: Running command: rm S5B_c1_t2.gene.low.txt 
INFO  @ Sat, 13 Mar 2021 21:09:12: Running command: rm S5B_c1_t2.gene.high.txt 
