INFO  @ Sat, 13 Mar 2021 21:09:01: Parameters: /opt/anaconda3/bin/mageck test -k S5B.txt -t 0 -c 1 -n S5B_c1_t0 --norm-method total --sort-criteria pos 
INFO  @ Sat, 13 Mar 2021 21:09:01: Welcome to MAGeCK v0.5.9.4. Command: test 
INFO  @ Sat, 13 Mar 2021 21:09:01: Loading count table from S5B.txt  
INFO  @ Sat, 13 Mar 2021 21:09:01: Processing 1 lines.. 
DEBUG @ Sat, 13 Mar 2021 21:09:01: Parsing error in line 1 (usually the header line). Skip this line. 
INFO  @ Sat, 13 Mar 2021 21:09:01: Loaded 76 records. 
INFO  @ Sat, 13 Mar 2021 21:09:01: Loading Rnw template file: /opt/anaconda3/lib/python3.8/site-packages/mageck/test_report.Rmd. 
DEBUG @ Sat, 13 Mar 2021 21:09:01: Setting up the visualization module... 
INFO  @ Sat, 13 Mar 2021 21:09:01: Loading R template file: /opt/anaconda3/lib/python3.8/site-packages/mageck/plot_template.RTemplate. 
INFO  @ Sat, 13 Mar 2021 21:09:01: Loading R template file: /opt/anaconda3/lib/python3.8/site-packages/mageck/plot_template_indvgene.RTemplate. 
INFO  @ Sat, 13 Mar 2021 21:09:01: Loading Rnw template file: /opt/anaconda3/lib/python3.8/site-packages/mageck/plot_template.Rnw. 
DEBUG @ Sat, 13 Mar 2021 21:09:01: Setting up the visualization module... 
DEBUG @ Sat, 13 Mar 2021 21:09:01: Given sample labels: 0 
DEBUG @ Sat, 13 Mar 2021 21:09:01: Converted index: 0 
INFO  @ Sat, 13 Mar 2021 21:09:01: Treatment samples:0 
INFO  @ Sat, 13 Mar 2021 21:09:01: Treatment sample index:0 
DEBUG @ Sat, 13 Mar 2021 21:09:01: Given sample labels: 1 
DEBUG @ Sat, 13 Mar 2021 21:09:01: Converted index: 1 
INFO  @ Sat, 13 Mar 2021 21:09:01: Control samples:1 
INFO  @ Sat, 13 Mar 2021 21:09:01: Control sample index:1 
DEBUG @ Sat, 13 Mar 2021 21:09:01: Initial (total) size factor: 0.9202184276804989 1.0949286931083384 
INFO  @ Sat, 13 Mar 2021 21:09:01: Final size factor: 0.9202184276804989 1.0949286931083384 
INFO  @ Sat, 13 Mar 2021 21:09:01: Detecting outliers from variance estimation.. Avg read count:[1463.764992763851], Var: [546572.7043597515] 
DEBUG @ Sat, 13 Mar 2021 21:09:01: Adjusted model: 2.3977924738524408	0 
INFO  @ Sat, 13 Mar 2021 21:09:01: Before RRA, 0 sgRNAs are removed with zero counts in both group(s). 
INFO  @ Sat, 13 Mar 2021 21:09:01: Use qnorm to reversely calculate sgRNA scores ... 
DEBUG @ Sat, 13 Mar 2021 21:09:01: lower test FDR cutoff: 0.8421052631578947 
DEBUG @ Sat, 13 Mar 2021 21:09:01: higher test FDR cutoff: 0.01 
INFO  @ Sat, 13 Mar 2021 21:09:01: Running command: RRA -i S5B_c1_t0.plow.txt -o S5B_c1_t0.gene.low.txt -p 0.5 --skip-gene NA --skip-gene na  
INFO  @ Sat, 13 Mar 2021 21:09:01: Command message: 
INFO  @ Sat, 13 Mar 2021 21:09:01:   Welcome to RRA v 0.5.9. 
INFO  @ Sat, 13 Mar 2021 21:09:01:   Skipping gene NA for permutation ... 
INFO  @ Sat, 13 Mar 2021 21:09:01:   Skipping gene na for permutation ... 
INFO  @ Sat, 13 Mar 2021 21:09:01:   Reading input file... 
INFO  @ Sat, 13 Mar 2021 21:09:01:   Summary: 76 sgRNAs, 10 genes, 1 lists; skipped sgRNAs:0 
INFO  @ Sat, 13 Mar 2021 21:09:01:   Computing lo-values for each group... 
INFO  @ Sat, 13 Mar 2021 21:09:01:   Computing false discovery rate... 
INFO  @ Sat, 13 Mar 2021 21:09:01:   Increase the number of permutations to 10001 to get precise p values. To avoid this, use the --permutation option. 
INFO  @ Sat, 13 Mar 2021 21:09:01:   Permuting genes with 6 sgRNAs... 
INFO  @ Sat, 13 Mar 2021 21:09:01:   Permuting genes with 10 sgRNAs... 
INFO  @ Sat, 13 Mar 2021 21:09:01:   Number of genes under FDR adjustment: 10 
INFO  @ Sat, 13 Mar 2021 21:09:01:   Saving to output file... 
INFO  @ Sat, 13 Mar 2021 21:09:01:   RRA completed. 
INFO  @ Sat, 13 Mar 2021 21:09:01:    
INFO  @ Sat, 13 Mar 2021 21:09:01: End command message. 
INFO  @ Sat, 13 Mar 2021 21:09:01: Running command: RRA -i S5B_c1_t0.phigh.txt -o S5B_c1_t0.gene.high.txt -p 0.01 --skip-gene NA --skip-gene na  
INFO  @ Sat, 13 Mar 2021 21:09:02: Command message: 
INFO  @ Sat, 13 Mar 2021 21:09:02:   Welcome to RRA v 0.5.9. 
INFO  @ Sat, 13 Mar 2021 21:09:02:   Skipping gene NA for permutation ... 
INFO  @ Sat, 13 Mar 2021 21:09:02:   Skipping gene na for permutation ... 
INFO  @ Sat, 13 Mar 2021 21:09:02:   Reading input file... 
INFO  @ Sat, 13 Mar 2021 21:09:02:   Summary: 76 sgRNAs, 10 genes, 1 lists; skipped sgRNAs:0 
INFO  @ Sat, 13 Mar 2021 21:09:02:   Computing lo-values for each group... 
INFO  @ Sat, 13 Mar 2021 21:09:02:   Computing false discovery rate... 
INFO  @ Sat, 13 Mar 2021 21:09:02:   Increase the number of permutations to 10001 to get precise p values. To avoid this, use the --permutation option. 
INFO  @ Sat, 13 Mar 2021 21:09:02:   Permuting genes with 6 sgRNAs... 
INFO  @ Sat, 13 Mar 2021 21:09:02:   Permuting genes with 10 sgRNAs... 
INFO  @ Sat, 13 Mar 2021 21:09:02:   Number of genes under FDR adjustment: 10 
INFO  @ Sat, 13 Mar 2021 21:09:02:   Saving to output file... 
INFO  @ Sat, 13 Mar 2021 21:09:02:   RRA completed. 
INFO  @ Sat, 13 Mar 2021 21:09:02:    
INFO  @ Sat, 13 Mar 2021 21:09:02: End command message. 
DEBUG @ Sat, 13 Mar 2021 21:09:02: Sorting the merged items by positive selection... 
INFO  @ Sat, 13 Mar 2021 21:09:02: Loading top 10 genes from S5B_c1_t0.gene.low.txt: SOX9,EGFP,ROSA26,CCR5,AAVS1,LRIG1,CTRL,PROM1,mKate2,KRT20 
DEBUG @ Sat, 13 Mar 2021 21:09:02: Column index:3 
INFO  @ Sat, 13 Mar 2021 21:09:02: Loading top 10 genes from S5B_c1_t0.gene.high.txt: mKate2,KRT20,LRIG1,AAVS1,PROM1,CTRL,ROSA26,CCR5,EGFP,SOX9 
DEBUG @ Sat, 13 Mar 2021 21:09:02: Column index:9 
INFO  @ Sat, 13 Mar 2021 21:09:02: Running command: rm S5B_c1_t0.plow.txt 
INFO  @ Sat, 13 Mar 2021 21:09:02: Running command: rm S5B_c1_t0.phigh.txt 
INFO  @ Sat, 13 Mar 2021 21:09:02: Running command: rm S5B_c1_t0.gene.low.txt 
INFO  @ Sat, 13 Mar 2021 21:09:02: Running command: rm S5B_c1_t0.gene.high.txt 
