INFO  @ Sat, 13 Mar 2021 21:09:08: Parameters: /opt/anaconda3/bin/mageck test -k S5B.txt -t 3 -c 0 -n S5B_c0_t3 --norm-method total --sort-criteria pos 
INFO  @ Sat, 13 Mar 2021 21:09:08: Welcome to MAGeCK v0.5.9.4. Command: test 
INFO  @ Sat, 13 Mar 2021 21:09:08: Loading count table from S5B.txt  
INFO  @ Sat, 13 Mar 2021 21:09:08: Processing 1 lines.. 
DEBUG @ Sat, 13 Mar 2021 21:09:08: Parsing error in line 1 (usually the header line). Skip this line. 
INFO  @ Sat, 13 Mar 2021 21:09:08: Loaded 76 records. 
INFO  @ Sat, 13 Mar 2021 21:09:08: Loading Rnw template file: /opt/anaconda3/lib/python3.8/site-packages/mageck/test_report.Rmd. 
DEBUG @ Sat, 13 Mar 2021 21:09:08: Setting up the visualization module... 
INFO  @ Sat, 13 Mar 2021 21:09:08: Loading R template file: /opt/anaconda3/lib/python3.8/site-packages/mageck/plot_template.RTemplate. 
INFO  @ Sat, 13 Mar 2021 21:09:08: Loading R template file: /opt/anaconda3/lib/python3.8/site-packages/mageck/plot_template_indvgene.RTemplate. 
INFO  @ Sat, 13 Mar 2021 21:09:08: Loading Rnw template file: /opt/anaconda3/lib/python3.8/site-packages/mageck/plot_template.Rnw. 
DEBUG @ Sat, 13 Mar 2021 21:09:08: Setting up the visualization module... 
DEBUG @ Sat, 13 Mar 2021 21:09:08: Given sample labels: 3 
DEBUG @ Sat, 13 Mar 2021 21:09:08: Converted index: 3 
INFO  @ Sat, 13 Mar 2021 21:09:08: Treatment samples:3 
INFO  @ Sat, 13 Mar 2021 21:09:08: Treatment sample index:3 
DEBUG @ Sat, 13 Mar 2021 21:09:08: Given sample labels: 0 
DEBUG @ Sat, 13 Mar 2021 21:09:08: Converted index: 0 
INFO  @ Sat, 13 Mar 2021 21:09:08: Control samples:0 
INFO  @ Sat, 13 Mar 2021 21:09:08: Control sample index:0 
DEBUG @ Sat, 13 Mar 2021 21:09:08: Initial (total) size factor: 1.0843463757904406 0.9278284427824627 
INFO  @ Sat, 13 Mar 2021 21:09:08: Final size factor: 1.0843463757904406 0.9278284427824627 
INFO  @ Sat, 13 Mar 2021 21:09:08: Detecting outliers from variance estimation.. Avg read count:[1237.6997320113167], Var: [1220839.1787430667] 
DEBUG @ Sat, 13 Mar 2021 21:09:08: Adjusted model: 2.2035675095433183	0 
INFO  @ Sat, 13 Mar 2021 21:09:08: Before RRA, 0 sgRNAs are removed with zero counts in both group(s). 
INFO  @ Sat, 13 Mar 2021 21:09:08: Use qnorm to reversely calculate sgRNA scores ... 
DEBUG @ Sat, 13 Mar 2021 21:09:08: lower test FDR cutoff: 0.4868421052631579 
DEBUG @ Sat, 13 Mar 2021 21:09:08: higher test FDR cutoff: 0.01 
INFO  @ Sat, 13 Mar 2021 21:09:08: Running command: RRA -i S5B_c0_t3.plow.txt -o S5B_c0_t3.gene.low.txt -p 0.4868421052631579 --skip-gene NA --skip-gene na  
INFO  @ Sat, 13 Mar 2021 21:09:09: Command message: 
INFO  @ Sat, 13 Mar 2021 21:09:09:   Welcome to RRA v 0.5.9. 
INFO  @ Sat, 13 Mar 2021 21:09:09:   Skipping gene NA for permutation ... 
INFO  @ Sat, 13 Mar 2021 21:09:09:   Skipping gene na for permutation ... 
INFO  @ Sat, 13 Mar 2021 21:09:09:   Reading input file... 
INFO  @ Sat, 13 Mar 2021 21:09:09:   Summary: 76 sgRNAs, 10 genes, 1 lists; skipped sgRNAs:0 
INFO  @ Sat, 13 Mar 2021 21:09:09:   Computing lo-values for each group... 
INFO  @ Sat, 13 Mar 2021 21:09:09:   Computing false discovery rate... 
INFO  @ Sat, 13 Mar 2021 21:09:09:   Increase the number of permutations to 10001 to get precise p values. To avoid this, use the --permutation option. 
INFO  @ Sat, 13 Mar 2021 21:09:09:   Permuting genes with 6 sgRNAs... 
INFO  @ Sat, 13 Mar 2021 21:09:09:   Permuting genes with 10 sgRNAs... 
INFO  @ Sat, 13 Mar 2021 21:09:09:   Number of genes under FDR adjustment: 10 
INFO  @ Sat, 13 Mar 2021 21:09:09:   Saving to output file... 
INFO  @ Sat, 13 Mar 2021 21:09:09:   RRA completed. 
INFO  @ Sat, 13 Mar 2021 21:09:09:    
INFO  @ Sat, 13 Mar 2021 21:09:09: End command message. 
INFO  @ Sat, 13 Mar 2021 21:09:09: Running command: RRA -i S5B_c0_t3.phigh.txt -o S5B_c0_t3.gene.high.txt -p 0.01 --skip-gene NA --skip-gene na  
INFO  @ Sat, 13 Mar 2021 21:09:09: Command message: 
INFO  @ Sat, 13 Mar 2021 21:09:09:   Welcome to RRA v 0.5.9. 
INFO  @ Sat, 13 Mar 2021 21:09:09:   Skipping gene NA for permutation ... 
INFO  @ Sat, 13 Mar 2021 21:09:09:   Skipping gene na for permutation ... 
INFO  @ Sat, 13 Mar 2021 21:09:09:   Reading input file... 
INFO  @ Sat, 13 Mar 2021 21:09:09:   Summary: 76 sgRNAs, 10 genes, 1 lists; skipped sgRNAs:0 
INFO  @ Sat, 13 Mar 2021 21:09:09:   Computing lo-values for each group... 
INFO  @ Sat, 13 Mar 2021 21:09:09:   Computing false discovery rate... 
INFO  @ Sat, 13 Mar 2021 21:09:09:   Increase the number of permutations to 10001 to get precise p values. To avoid this, use the --permutation option. 
INFO  @ Sat, 13 Mar 2021 21:09:09:   Permuting genes with 6 sgRNAs... 
INFO  @ Sat, 13 Mar 2021 21:09:09:   Permuting genes with 10 sgRNAs... 
INFO  @ Sat, 13 Mar 2021 21:09:09:   Number of genes under FDR adjustment: 10 
INFO  @ Sat, 13 Mar 2021 21:09:09:   Saving to output file... 
INFO  @ Sat, 13 Mar 2021 21:09:09:   RRA completed. 
INFO  @ Sat, 13 Mar 2021 21:09:09:    
INFO  @ Sat, 13 Mar 2021 21:09:09: End command message. 
DEBUG @ Sat, 13 Mar 2021 21:09:09: Sorting the merged items by positive selection... 
INFO  @ Sat, 13 Mar 2021 21:09:09: Loading top 10 genes from S5B_c0_t3.gene.low.txt: SOX9,LRIG1,AAVS1,CCR5,ROSA26,PROM1,CTRL,EGFP,KRT20,mKate2 
DEBUG @ Sat, 13 Mar 2021 21:09:09: Column index:3 
INFO  @ Sat, 13 Mar 2021 21:09:09: Loading top 10 genes from S5B_c0_t3.gene.high.txt: EGFP,mKate2,KRT20,AAVS1,CCR5,ROSA26,PROM1,CTRL,LRIG1,SOX9 
DEBUG @ Sat, 13 Mar 2021 21:09:09: Column index:9 
INFO  @ Sat, 13 Mar 2021 21:09:09: Running command: rm S5B_c0_t3.plow.txt 
INFO  @ Sat, 13 Mar 2021 21:09:09: Running command: rm S5B_c0_t3.phigh.txt 
INFO  @ Sat, 13 Mar 2021 21:09:09: Running command: rm S5B_c0_t3.gene.low.txt 
INFO  @ Sat, 13 Mar 2021 21:09:09: Running command: rm S5B_c0_t3.gene.high.txt 
