INFO  @ Sat, 13 Mar 2021 21:09:42: Parameters: /opt/anaconda3/bin/mageck test -k S6A.txt -t 1 -c 0 -n S6A_c0_t1 --norm-method total --sort-criteria pos 
INFO  @ Sat, 13 Mar 2021 21:09:42: Welcome to MAGeCK v0.5.9.4. Command: test 
INFO  @ Sat, 13 Mar 2021 21:09:42: Loading count table from S6A.txt  
INFO  @ Sat, 13 Mar 2021 21:09:42: Processing 1 lines.. 
DEBUG @ Sat, 13 Mar 2021 21:09:42: Parsing error in line 1 (usually the header line). Skip this line. 
INFO  @ Sat, 13 Mar 2021 21:09:42: Loaded 76 records. 
INFO  @ Sat, 13 Mar 2021 21:09:42: Loading Rnw template file: /opt/anaconda3/lib/python3.8/site-packages/mageck/test_report.Rmd. 
DEBUG @ Sat, 13 Mar 2021 21:09:42: Setting up the visualization module... 
INFO  @ Sat, 13 Mar 2021 21:09:42: Loading R template file: /opt/anaconda3/lib/python3.8/site-packages/mageck/plot_template.RTemplate. 
INFO  @ Sat, 13 Mar 2021 21:09:42: Loading R template file: /opt/anaconda3/lib/python3.8/site-packages/mageck/plot_template_indvgene.RTemplate. 
INFO  @ Sat, 13 Mar 2021 21:09:42: Loading Rnw template file: /opt/anaconda3/lib/python3.8/site-packages/mageck/plot_template.Rnw. 
DEBUG @ Sat, 13 Mar 2021 21:09:42: Setting up the visualization module... 
DEBUG @ Sat, 13 Mar 2021 21:09:42: Given sample labels: 1 
DEBUG @ Sat, 13 Mar 2021 21:09:42: Converted index: 1 
INFO  @ Sat, 13 Mar 2021 21:09:42: Treatment samples:1 
INFO  @ Sat, 13 Mar 2021 21:09:42: Treatment sample index:1 
DEBUG @ Sat, 13 Mar 2021 21:09:42: Given sample labels: 0 
DEBUG @ Sat, 13 Mar 2021 21:09:42: Converted index: 0 
INFO  @ Sat, 13 Mar 2021 21:09:42: Control samples:0 
INFO  @ Sat, 13 Mar 2021 21:09:42: Control sample index:0 
DEBUG @ Sat, 13 Mar 2021 21:09:42: Initial (total) size factor: 1.6090877365524023 0.7254104808489945 
INFO  @ Sat, 13 Mar 2021 21:09:42: Final size factor: 1.6090877365524023 0.7254104808489945 
INFO  @ Sat, 13 Mar 2021 21:09:42: Detecting outliers from variance estimation.. Avg read count:[1204.8719483445043], Var: [432261.45504589746] 
DEBUG @ Sat, 13 Mar 2021 21:09:42: Adjusted model: 1.7132833817077089	0 
INFO  @ Sat, 13 Mar 2021 21:09:42: Before RRA, 0 sgRNAs are removed with zero counts in both group(s). 
INFO  @ Sat, 13 Mar 2021 21:09:42: Use qnorm to reversely calculate sgRNA scores ... 
DEBUG @ Sat, 13 Mar 2021 21:09:42: lower test FDR cutoff: 0.2894736842105263 
DEBUG @ Sat, 13 Mar 2021 21:09:42: higher test FDR cutoff: 0.15789473684210525 
INFO  @ Sat, 13 Mar 2021 21:09:42: Running command: RRA -i S6A_c0_t1.plow.txt -o S6A_c0_t1.gene.low.txt -p 0.2894736842105263 --skip-gene NA --skip-gene na  
INFO  @ Sat, 13 Mar 2021 21:09:42: Command message: 
INFO  @ Sat, 13 Mar 2021 21:09:42:   Welcome to RRA v 0.5.9. 
INFO  @ Sat, 13 Mar 2021 21:09:42:   Skipping gene NA for permutation ... 
INFO  @ Sat, 13 Mar 2021 21:09:42:   Skipping gene na for permutation ... 
INFO  @ Sat, 13 Mar 2021 21:09:42:   Reading input file... 
INFO  @ Sat, 13 Mar 2021 21:09:42:   Summary: 76 sgRNAs, 10 genes, 1 lists; skipped sgRNAs:0 
INFO  @ Sat, 13 Mar 2021 21:09:42:   Computing lo-values for each group... 
INFO  @ Sat, 13 Mar 2021 21:09:42:   Computing false discovery rate... 
INFO  @ Sat, 13 Mar 2021 21:09:42:   Increase the number of permutations to 10001 to get precise p values. To avoid this, use the --permutation option. 
INFO  @ Sat, 13 Mar 2021 21:09:42:   Permuting genes with 6 sgRNAs... 
INFO  @ Sat, 13 Mar 2021 21:09:42:   Permuting genes with 10 sgRNAs... 
INFO  @ Sat, 13 Mar 2021 21:09:42:   Number of genes under FDR adjustment: 10 
INFO  @ Sat, 13 Mar 2021 21:09:42:   Saving to output file... 
INFO  @ Sat, 13 Mar 2021 21:09:42:   RRA completed. 
INFO  @ Sat, 13 Mar 2021 21:09:42:    
INFO  @ Sat, 13 Mar 2021 21:09:42: End command message. 
INFO  @ Sat, 13 Mar 2021 21:09:42: Running command: RRA -i S6A_c0_t1.phigh.txt -o S6A_c0_t1.gene.high.txt -p 0.15789473684210525 --skip-gene NA --skip-gene na  
INFO  @ Sat, 13 Mar 2021 21:09:43: Command message: 
INFO  @ Sat, 13 Mar 2021 21:09:43:   Welcome to RRA v 0.5.9. 
INFO  @ Sat, 13 Mar 2021 21:09:43:   Skipping gene NA for permutation ... 
INFO  @ Sat, 13 Mar 2021 21:09:43:   Skipping gene na for permutation ... 
INFO  @ Sat, 13 Mar 2021 21:09:43:   Reading input file... 
INFO  @ Sat, 13 Mar 2021 21:09:43:   Summary: 76 sgRNAs, 10 genes, 1 lists; skipped sgRNAs:0 
INFO  @ Sat, 13 Mar 2021 21:09:43:   Computing lo-values for each group... 
INFO  @ Sat, 13 Mar 2021 21:09:43:   Computing false discovery rate... 
INFO  @ Sat, 13 Mar 2021 21:09:43:   Increase the number of permutations to 10001 to get precise p values. To avoid this, use the --permutation option. 
INFO  @ Sat, 13 Mar 2021 21:09:43:   Permuting genes with 6 sgRNAs... 
INFO  @ Sat, 13 Mar 2021 21:09:43:   Permuting genes with 10 sgRNAs... 
INFO  @ Sat, 13 Mar 2021 21:09:43:   Number of genes under FDR adjustment: 10 
INFO  @ Sat, 13 Mar 2021 21:09:43:   Saving to output file... 
INFO  @ Sat, 13 Mar 2021 21:09:43:   RRA completed. 
INFO  @ Sat, 13 Mar 2021 21:09:43:    
INFO  @ Sat, 13 Mar 2021 21:09:43: End command message. 
DEBUG @ Sat, 13 Mar 2021 21:09:43: Sorting the merged items by positive selection... 
INFO  @ Sat, 13 Mar 2021 21:09:43: Loading top 10 genes from S6A_c0_t1.gene.low.txt: mKate2,SOX9,PROM1,AAVS1,ROSA26,CCR5,LRIG1,CTRL,KRT20,EGFP 
DEBUG @ Sat, 13 Mar 2021 21:09:43: Column index:3 
INFO  @ Sat, 13 Mar 2021 21:09:43: Loading top 10 genes from S6A_c0_t1.gene.high.txt: EGFP,KRT20,PROM1,CTRL,LRIG1,AAVS1,ROSA26,SOX9,CCR5,mKate2 
DEBUG @ Sat, 13 Mar 2021 21:09:43: Column index:9 
INFO  @ Sat, 13 Mar 2021 21:09:43: Running command: rm S6A_c0_t1.plow.txt 
INFO  @ Sat, 13 Mar 2021 21:09:43: Running command: rm S6A_c0_t1.phigh.txt 
INFO  @ Sat, 13 Mar 2021 21:09:43: Running command: rm S6A_c0_t1.gene.low.txt 
INFO  @ Sat, 13 Mar 2021 21:09:43: Running command: rm S6A_c0_t1.gene.high.txt 
