INFO  @ Sat, 13 Mar 2021 21:09:49: Parameters: /opt/anaconda3/bin/mageck test -k S6A.txt -t 2 -c 0 -n S6A_c0_t2 --norm-method total --sort-criteria pos 
INFO  @ Sat, 13 Mar 2021 21:09:49: Welcome to MAGeCK v0.5.9.4. Command: test 
INFO  @ Sat, 13 Mar 2021 21:09:49: Loading count table from S6A.txt  
INFO  @ Sat, 13 Mar 2021 21:09:49: Processing 1 lines.. 
DEBUG @ Sat, 13 Mar 2021 21:09:49: Parsing error in line 1 (usually the header line). Skip this line. 
INFO  @ Sat, 13 Mar 2021 21:09:49: Loaded 76 records. 
INFO  @ Sat, 13 Mar 2021 21:09:49: Loading Rnw template file: /opt/anaconda3/lib/python3.8/site-packages/mageck/test_report.Rmd. 
DEBUG @ Sat, 13 Mar 2021 21:09:49: Setting up the visualization module... 
INFO  @ Sat, 13 Mar 2021 21:09:49: Loading R template file: /opt/anaconda3/lib/python3.8/site-packages/mageck/plot_template.RTemplate. 
INFO  @ Sat, 13 Mar 2021 21:09:49: Loading R template file: /opt/anaconda3/lib/python3.8/site-packages/mageck/plot_template_indvgene.RTemplate. 
INFO  @ Sat, 13 Mar 2021 21:09:49: Loading Rnw template file: /opt/anaconda3/lib/python3.8/site-packages/mageck/plot_template.Rnw. 
DEBUG @ Sat, 13 Mar 2021 21:09:49: Setting up the visualization module... 
DEBUG @ Sat, 13 Mar 2021 21:09:49: Given sample labels: 2 
DEBUG @ Sat, 13 Mar 2021 21:09:49: Converted index: 2 
INFO  @ Sat, 13 Mar 2021 21:09:49: Treatment samples:2 
INFO  @ Sat, 13 Mar 2021 21:09:49: Treatment sample index:2 
DEBUG @ Sat, 13 Mar 2021 21:09:49: Given sample labels: 0 
DEBUG @ Sat, 13 Mar 2021 21:09:49: Converted index: 0 
INFO  @ Sat, 13 Mar 2021 21:09:49: Control samples:0 
INFO  @ Sat, 13 Mar 2021 21:09:49: Control sample index:0 
DEBUG @ Sat, 13 Mar 2021 21:09:49: Initial (total) size factor: 1.33749464634127 0.7985093708863277 
INFO  @ Sat, 13 Mar 2021 21:09:49: Final size factor: 1.33749464634127 0.7985093708863277 
INFO  @ Sat, 13 Mar 2021 21:09:49: Detecting outliers from variance estimation.. Avg read count:[998.6483835574923], Var: [300924.88696019683] 
INFO  @ Sat, 13 Mar 2021 21:09:49: Skipping 1 sgRNAs from variance calculation because of their extreme high counts (> 4* STD (mean counts) ). 
DEBUG @ Sat, 13 Mar 2021 21:09:49: Adjusted model: 1	12.64396576501875 
INFO  @ Sat, 13 Mar 2021 21:09:49: Before RRA, 0 sgRNAs are removed with zero counts in both group(s). 
INFO  @ Sat, 13 Mar 2021 21:09:49: Use qnorm to reversely calculate sgRNA scores ... 
DEBUG @ Sat, 13 Mar 2021 21:09:49: lower test FDR cutoff: 0.7236842105263158 
DEBUG @ Sat, 13 Mar 2021 21:09:49: higher test FDR cutoff: 0.01 
INFO  @ Sat, 13 Mar 2021 21:09:49: Running command: RRA -i S6A_c0_t2.plow.txt -o S6A_c0_t2.gene.low.txt -p 0.5 --skip-gene NA --skip-gene na  
INFO  @ Sat, 13 Mar 2021 21:09:49: Command message: 
INFO  @ Sat, 13 Mar 2021 21:09:49:   Welcome to RRA v 0.5.9. 
INFO  @ Sat, 13 Mar 2021 21:09:49:   Skipping gene NA for permutation ... 
INFO  @ Sat, 13 Mar 2021 21:09:49:   Skipping gene na for permutation ... 
INFO  @ Sat, 13 Mar 2021 21:09:49:   Reading input file... 
INFO  @ Sat, 13 Mar 2021 21:09:49:   Summary: 76 sgRNAs, 10 genes, 1 lists; skipped sgRNAs:0 
INFO  @ Sat, 13 Mar 2021 21:09:49:   Computing lo-values for each group... 
INFO  @ Sat, 13 Mar 2021 21:09:49:   Computing false discovery rate... 
INFO  @ Sat, 13 Mar 2021 21:09:49:   Increase the number of permutations to 10001 to get precise p values. To avoid this, use the --permutation option. 
INFO  @ Sat, 13 Mar 2021 21:09:49:   Permuting genes with 6 sgRNAs... 
INFO  @ Sat, 13 Mar 2021 21:09:49:   Permuting genes with 10 sgRNAs... 
INFO  @ Sat, 13 Mar 2021 21:09:49:   Number of genes under FDR adjustment: 10 
INFO  @ Sat, 13 Mar 2021 21:09:49:   Saving to output file... 
INFO  @ Sat, 13 Mar 2021 21:09:49:   RRA completed. 
INFO  @ Sat, 13 Mar 2021 21:09:49:    
INFO  @ Sat, 13 Mar 2021 21:09:49: End command message. 
INFO  @ Sat, 13 Mar 2021 21:09:49: Running command: RRA -i S6A_c0_t2.phigh.txt -o S6A_c0_t2.gene.high.txt -p 0.01 --skip-gene NA --skip-gene na  
INFO  @ Sat, 13 Mar 2021 21:09:49: Command message: 
INFO  @ Sat, 13 Mar 2021 21:09:49:   Welcome to RRA v 0.5.9. 
INFO  @ Sat, 13 Mar 2021 21:09:49:   Skipping gene NA for permutation ... 
INFO  @ Sat, 13 Mar 2021 21:09:49:   Skipping gene na for permutation ... 
INFO  @ Sat, 13 Mar 2021 21:09:49:   Reading input file... 
INFO  @ Sat, 13 Mar 2021 21:09:49:   Summary: 76 sgRNAs, 10 genes, 1 lists; skipped sgRNAs:0 
INFO  @ Sat, 13 Mar 2021 21:09:49:   Computing lo-values for each group... 
INFO  @ Sat, 13 Mar 2021 21:09:49:   Computing false discovery rate... 
INFO  @ Sat, 13 Mar 2021 21:09:49:   Increase the number of permutations to 10001 to get precise p values. To avoid this, use the --permutation option. 
INFO  @ Sat, 13 Mar 2021 21:09:49:   Permuting genes with 6 sgRNAs... 
INFO  @ Sat, 13 Mar 2021 21:09:49:   Permuting genes with 10 sgRNAs... 
INFO  @ Sat, 13 Mar 2021 21:09:49:   Number of genes under FDR adjustment: 10 
INFO  @ Sat, 13 Mar 2021 21:09:49:   Saving to output file... 
INFO  @ Sat, 13 Mar 2021 21:09:49:   RRA completed. 
INFO  @ Sat, 13 Mar 2021 21:09:49:    
INFO  @ Sat, 13 Mar 2021 21:09:49: End command message. 
DEBUG @ Sat, 13 Mar 2021 21:09:49: Sorting the merged items by positive selection... 
INFO  @ Sat, 13 Mar 2021 21:09:49: Loading top 10 genes from S6A_c0_t2.gene.low.txt: CCR5,AAVS1,SOX9,LRIG1,ROSA26,PROM1,CTRL,mKate2,KRT20,EGFP 
DEBUG @ Sat, 13 Mar 2021 21:09:49: Column index:3 
INFO  @ Sat, 13 Mar 2021 21:09:49: Loading top 10 genes from S6A_c0_t2.gene.high.txt: EGFP,KRT20,mKate2,PROM1,AAVS1,CTRL,ROSA26,LRIG1,SOX9,CCR5 
DEBUG @ Sat, 13 Mar 2021 21:09:49: Column index:9 
INFO  @ Sat, 13 Mar 2021 21:09:49: Running command: rm S6A_c0_t2.plow.txt 
INFO  @ Sat, 13 Mar 2021 21:09:49: Running command: rm S6A_c0_t2.phigh.txt 
INFO  @ Sat, 13 Mar 2021 21:09:49: Running command: rm S6A_c0_t2.gene.low.txt 
INFO  @ Sat, 13 Mar 2021 21:09:49: Running command: rm S6A_c0_t2.gene.high.txt 
