INFO  @ Sat, 13 Mar 2021 21:09:53: Parameters: /opt/anaconda3/bin/mageck test -k S6A.txt -t 3 -c 0 -n S6A_c0_t3 --norm-method total --sort-criteria pos 
INFO  @ Sat, 13 Mar 2021 21:09:53: Welcome to MAGeCK v0.5.9.4. Command: test 
INFO  @ Sat, 13 Mar 2021 21:09:53: Loading count table from S6A.txt  
INFO  @ Sat, 13 Mar 2021 21:09:53: Processing 1 lines.. 
DEBUG @ Sat, 13 Mar 2021 21:09:53: Parsing error in line 1 (usually the header line). Skip this line. 
INFO  @ Sat, 13 Mar 2021 21:09:53: Loaded 76 records. 
INFO  @ Sat, 13 Mar 2021 21:09:53: Loading Rnw template file: /opt/anaconda3/lib/python3.8/site-packages/mageck/test_report.Rmd. 
DEBUG @ Sat, 13 Mar 2021 21:09:53: Setting up the visualization module... 
INFO  @ Sat, 13 Mar 2021 21:09:53: Loading R template file: /opt/anaconda3/lib/python3.8/site-packages/mageck/plot_template.RTemplate. 
INFO  @ Sat, 13 Mar 2021 21:09:53: Loading R template file: /opt/anaconda3/lib/python3.8/site-packages/mageck/plot_template_indvgene.RTemplate. 
INFO  @ Sat, 13 Mar 2021 21:09:53: Loading Rnw template file: /opt/anaconda3/lib/python3.8/site-packages/mageck/plot_template.Rnw. 
DEBUG @ Sat, 13 Mar 2021 21:09:53: Setting up the visualization module... 
DEBUG @ Sat, 13 Mar 2021 21:09:53: Given sample labels: 3 
DEBUG @ Sat, 13 Mar 2021 21:09:53: Converted index: 3 
INFO  @ Sat, 13 Mar 2021 21:09:53: Treatment samples:3 
INFO  @ Sat, 13 Mar 2021 21:09:53: Treatment sample index:3 
DEBUG @ Sat, 13 Mar 2021 21:09:53: Given sample labels: 0 
DEBUG @ Sat, 13 Mar 2021 21:09:53: Converted index: 0 
INFO  @ Sat, 13 Mar 2021 21:09:53: Control samples:0 
INFO  @ Sat, 13 Mar 2021 21:09:53: Control sample index:0 
DEBUG @ Sat, 13 Mar 2021 21:09:53: Initial (total) size factor: 1.1071604194095905 0.9117527954854217 
INFO  @ Sat, 13 Mar 2021 21:09:53: Final size factor: 1.1071604194095905 0.9117527954854217 
INFO  @ Sat, 13 Mar 2021 21:09:53: Detecting outliers from variance estimation.. Avg read count:[813.9804223627116], Var: [207678.84038325283] 
INFO  @ Sat, 13 Mar 2021 21:09:53: Skipping 1 sgRNAs from variance calculation because of their extreme high counts (> 4* STD (mean counts) ). 
DEBUG @ Sat, 13 Mar 2021 21:09:53: Adjusted model: 1	6.3256585265551175 
INFO  @ Sat, 13 Mar 2021 21:09:53: Before RRA, 0 sgRNAs are removed with zero counts in both group(s). 
INFO  @ Sat, 13 Mar 2021 21:09:53: Use qnorm to reversely calculate sgRNA scores ... 
DEBUG @ Sat, 13 Mar 2021 21:09:53: lower test FDR cutoff: 0.25 
DEBUG @ Sat, 13 Mar 2021 21:09:53: higher test FDR cutoff: 0.15789473684210525 
INFO  @ Sat, 13 Mar 2021 21:09:53: Running command: RRA -i S6A_c0_t3.plow.txt -o S6A_c0_t3.gene.low.txt -p 0.25 --skip-gene NA --skip-gene na  
INFO  @ Sat, 13 Mar 2021 21:09:53: Command message: 
INFO  @ Sat, 13 Mar 2021 21:09:53:   Welcome to RRA v 0.5.9. 
INFO  @ Sat, 13 Mar 2021 21:09:53:   Skipping gene NA for permutation ... 
INFO  @ Sat, 13 Mar 2021 21:09:53:   Skipping gene na for permutation ... 
INFO  @ Sat, 13 Mar 2021 21:09:53:   Reading input file... 
INFO  @ Sat, 13 Mar 2021 21:09:53:   Summary: 76 sgRNAs, 10 genes, 1 lists; skipped sgRNAs:0 
INFO  @ Sat, 13 Mar 2021 21:09:53:   Computing lo-values for each group... 
INFO  @ Sat, 13 Mar 2021 21:09:53:   Computing false discovery rate... 
INFO  @ Sat, 13 Mar 2021 21:09:53:   Increase the number of permutations to 10001 to get precise p values. To avoid this, use the --permutation option. 
INFO  @ Sat, 13 Mar 2021 21:09:53:   Permuting genes with 6 sgRNAs... 
INFO  @ Sat, 13 Mar 2021 21:09:53:   Permuting genes with 10 sgRNAs... 
INFO  @ Sat, 13 Mar 2021 21:09:53:   Number of genes under FDR adjustment: 10 
INFO  @ Sat, 13 Mar 2021 21:09:53:   Saving to output file... 
INFO  @ Sat, 13 Mar 2021 21:09:53:   RRA completed. 
INFO  @ Sat, 13 Mar 2021 21:09:53:    
INFO  @ Sat, 13 Mar 2021 21:09:53: End command message. 
INFO  @ Sat, 13 Mar 2021 21:09:53: Running command: RRA -i S6A_c0_t3.phigh.txt -o S6A_c0_t3.gene.high.txt -p 0.15789473684210525 --skip-gene NA --skip-gene na  
INFO  @ Sat, 13 Mar 2021 21:09:53: Command message: 
INFO  @ Sat, 13 Mar 2021 21:09:53:   Welcome to RRA v 0.5.9. 
INFO  @ Sat, 13 Mar 2021 21:09:53:   Skipping gene NA for permutation ... 
INFO  @ Sat, 13 Mar 2021 21:09:53:   Skipping gene na for permutation ... 
INFO  @ Sat, 13 Mar 2021 21:09:53:   Reading input file... 
INFO  @ Sat, 13 Mar 2021 21:09:53:   Summary: 76 sgRNAs, 10 genes, 1 lists; skipped sgRNAs:0 
INFO  @ Sat, 13 Mar 2021 21:09:53:   Computing lo-values for each group... 
INFO  @ Sat, 13 Mar 2021 21:09:53:   Computing false discovery rate... 
INFO  @ Sat, 13 Mar 2021 21:09:53:   Increase the number of permutations to 10001 to get precise p values. To avoid this, use the --permutation option. 
INFO  @ Sat, 13 Mar 2021 21:09:53:   Permuting genes with 6 sgRNAs... 
INFO  @ Sat, 13 Mar 2021 21:09:53:   Permuting genes with 10 sgRNAs... 
INFO  @ Sat, 13 Mar 2021 21:09:53:   Number of genes under FDR adjustment: 10 
INFO  @ Sat, 13 Mar 2021 21:09:53:   Saving to output file... 
INFO  @ Sat, 13 Mar 2021 21:09:53:   RRA completed. 
INFO  @ Sat, 13 Mar 2021 21:09:53:    
INFO  @ Sat, 13 Mar 2021 21:09:53: End command message. 
DEBUG @ Sat, 13 Mar 2021 21:09:53: Sorting the merged items by positive selection... 
INFO  @ Sat, 13 Mar 2021 21:09:53: Loading top 10 genes from S6A_c0_t3.gene.low.txt: SOX9,CCR5,PROM1,ROSA26,LRIG1,AAVS1,mKate2,CTRL,KRT20,EGFP 
DEBUG @ Sat, 13 Mar 2021 21:09:53: Column index:3 
INFO  @ Sat, 13 Mar 2021 21:09:53: Loading top 10 genes from S6A_c0_t3.gene.high.txt: EGFP,KRT20,CTRL,mKate2,AAVS1,PROM1,CCR5,LRIG1,ROSA26,SOX9 
DEBUG @ Sat, 13 Mar 2021 21:09:53: Column index:9 
INFO  @ Sat, 13 Mar 2021 21:09:53: Running command: rm S6A_c0_t3.plow.txt 
INFO  @ Sat, 13 Mar 2021 21:09:53: Running command: rm S6A_c0_t3.phigh.txt 
INFO  @ Sat, 13 Mar 2021 21:09:53: Running command: rm S6A_c0_t3.gene.low.txt 
INFO  @ Sat, 13 Mar 2021 21:09:53: Running command: rm S6A_c0_t3.gene.high.txt 
