INFO  @ Sat, 13 Mar 2021 21:09:57: Parameters: /opt/anaconda3/bin/mageck test -k S6A.txt -t 2 -c 1 -n S6A_c1_t2 --norm-method total --sort-criteria pos 
INFO  @ Sat, 13 Mar 2021 21:09:57: Welcome to MAGeCK v0.5.9.4. Command: test 
INFO  @ Sat, 13 Mar 2021 21:09:57: Loading count table from S6A.txt  
INFO  @ Sat, 13 Mar 2021 21:09:57: Processing 1 lines.. 
DEBUG @ Sat, 13 Mar 2021 21:09:57: Parsing error in line 1 (usually the header line). Skip this line. 
INFO  @ Sat, 13 Mar 2021 21:09:57: Loaded 76 records. 
INFO  @ Sat, 13 Mar 2021 21:09:57: Loading Rnw template file: /opt/anaconda3/lib/python3.8/site-packages/mageck/test_report.Rmd. 
DEBUG @ Sat, 13 Mar 2021 21:09:57: Setting up the visualization module... 
INFO  @ Sat, 13 Mar 2021 21:09:57: Loading R template file: /opt/anaconda3/lib/python3.8/site-packages/mageck/plot_template.RTemplate. 
INFO  @ Sat, 13 Mar 2021 21:09:57: Loading R template file: /opt/anaconda3/lib/python3.8/site-packages/mageck/plot_template_indvgene.RTemplate. 
INFO  @ Sat, 13 Mar 2021 21:09:57: Loading Rnw template file: /opt/anaconda3/lib/python3.8/site-packages/mageck/plot_template.Rnw. 
DEBUG @ Sat, 13 Mar 2021 21:09:57: Setting up the visualization module... 
DEBUG @ Sat, 13 Mar 2021 21:09:57: Given sample labels: 2 
DEBUG @ Sat, 13 Mar 2021 21:09:57: Converted index: 2 
INFO  @ Sat, 13 Mar 2021 21:09:57: Treatment samples:2 
INFO  @ Sat, 13 Mar 2021 21:09:57: Treatment sample index:2 
DEBUG @ Sat, 13 Mar 2021 21:09:57: Given sample labels: 1 
DEBUG @ Sat, 13 Mar 2021 21:09:57: Converted index: 1 
INFO  @ Sat, 13 Mar 2021 21:09:57: Control samples:1 
INFO  @ Sat, 13 Mar 2021 21:09:57: Control sample index:1 
DEBUG @ Sat, 13 Mar 2021 21:09:57: Initial (total) size factor: 0.8775601418804886 1.1621461649919975 
INFO  @ Sat, 13 Mar 2021 21:09:57: Final size factor: 0.8775601418804886 1.1621461649919975 
INFO  @ Sat, 13 Mar 2021 21:09:57: Detecting outliers from variance estimation.. Avg read count:[1401.1481005579753], Var: [727984.350655346] 
DEBUG @ Sat, 13 Mar 2021 21:09:57: Adjusted model: 2.6968138019928953	0 
INFO  @ Sat, 13 Mar 2021 21:09:57: Before RRA, 0 sgRNAs are removed with zero counts in both group(s). 
INFO  @ Sat, 13 Mar 2021 21:09:57: Use qnorm to reversely calculate sgRNA scores ... 
DEBUG @ Sat, 13 Mar 2021 21:09:57: lower test FDR cutoff: 1.0 
DEBUG @ Sat, 13 Mar 2021 21:09:57: higher test FDR cutoff: 0.01 
INFO  @ Sat, 13 Mar 2021 21:09:57: Running command: RRA -i S6A_c1_t2.plow.txt -o S6A_c1_t2.gene.low.txt -p 0.5 --skip-gene NA --skip-gene na  
INFO  @ Sat, 13 Mar 2021 21:09:57: Command message: 
INFO  @ Sat, 13 Mar 2021 21:09:57:   Welcome to RRA v 0.5.9. 
INFO  @ Sat, 13 Mar 2021 21:09:57:   Skipping gene NA for permutation ... 
INFO  @ Sat, 13 Mar 2021 21:09:57:   Skipping gene na for permutation ... 
INFO  @ Sat, 13 Mar 2021 21:09:57:   Reading input file... 
INFO  @ Sat, 13 Mar 2021 21:09:57:   Summary: 76 sgRNAs, 10 genes, 1 lists; skipped sgRNAs:0 
INFO  @ Sat, 13 Mar 2021 21:09:57:   Computing lo-values for each group... 
INFO  @ Sat, 13 Mar 2021 21:09:57:   Computing false discovery rate... 
INFO  @ Sat, 13 Mar 2021 21:09:57:   Increase the number of permutations to 10001 to get precise p values. To avoid this, use the --permutation option. 
INFO  @ Sat, 13 Mar 2021 21:09:57:   Permuting genes with 6 sgRNAs... 
INFO  @ Sat, 13 Mar 2021 21:09:57:   Permuting genes with 10 sgRNAs... 
INFO  @ Sat, 13 Mar 2021 21:09:57:   Number of genes under FDR adjustment: 10 
INFO  @ Sat, 13 Mar 2021 21:09:57:   Saving to output file... 
INFO  @ Sat, 13 Mar 2021 21:09:57:   RRA completed. 
INFO  @ Sat, 13 Mar 2021 21:09:57:    
INFO  @ Sat, 13 Mar 2021 21:09:57: End command message. 
INFO  @ Sat, 13 Mar 2021 21:09:57: Running command: RRA -i S6A_c1_t2.phigh.txt -o S6A_c1_t2.gene.high.txt -p 0.01 --skip-gene NA --skip-gene na  
INFO  @ Sat, 13 Mar 2021 21:09:57: Command message: 
INFO  @ Sat, 13 Mar 2021 21:09:57:   Welcome to RRA v 0.5.9. 
INFO  @ Sat, 13 Mar 2021 21:09:57:   Skipping gene NA for permutation ... 
INFO  @ Sat, 13 Mar 2021 21:09:57:   Skipping gene na for permutation ... 
INFO  @ Sat, 13 Mar 2021 21:09:57:   Reading input file... 
INFO  @ Sat, 13 Mar 2021 21:09:57:   Summary: 76 sgRNAs, 10 genes, 1 lists; skipped sgRNAs:0 
INFO  @ Sat, 13 Mar 2021 21:09:57:   Computing lo-values for each group... 
INFO  @ Sat, 13 Mar 2021 21:09:57:   Computing false discovery rate... 
INFO  @ Sat, 13 Mar 2021 21:09:57:   Increase the number of permutations to 10001 to get precise p values. To avoid this, use the --permutation option. 
INFO  @ Sat, 13 Mar 2021 21:09:57:   Permuting genes with 6 sgRNAs... 
INFO  @ Sat, 13 Mar 2021 21:09:57:   Permuting genes with 10 sgRNAs... 
INFO  @ Sat, 13 Mar 2021 21:09:57:   Number of genes under FDR adjustment: 10 
INFO  @ Sat, 13 Mar 2021 21:09:57:   Saving to output file... 
INFO  @ Sat, 13 Mar 2021 21:09:57:   RRA completed. 
INFO  @ Sat, 13 Mar 2021 21:09:57:    
INFO  @ Sat, 13 Mar 2021 21:09:57: End command message. 
DEBUG @ Sat, 13 Mar 2021 21:09:57: Sorting the merged items by positive selection... 
INFO  @ Sat, 13 Mar 2021 21:09:57: Loading top 10 genes from S6A_c1_t2.gene.low.txt: EGFP,CTRL,LRIG1,CCR5,SOX9,PROM1,ROSA26,AAVS1,KRT20,mKate2 
DEBUG @ Sat, 13 Mar 2021 21:09:57: Column index:3 
INFO  @ Sat, 13 Mar 2021 21:09:57: Loading top 10 genes from S6A_c1_t2.gene.high.txt: mKate2,KRT20,SOX9,AAVS1,CCR5,PROM1,LRIG1,ROSA26,CTRL,EGFP 
DEBUG @ Sat, 13 Mar 2021 21:09:57: Column index:9 
INFO  @ Sat, 13 Mar 2021 21:09:57: Running command: rm S6A_c1_t2.plow.txt 
INFO  @ Sat, 13 Mar 2021 21:09:57: Running command: rm S6A_c1_t2.phigh.txt 
INFO  @ Sat, 13 Mar 2021 21:09:57: Running command: rm S6A_c1_t2.gene.low.txt 
INFO  @ Sat, 13 Mar 2021 21:09:57: Running command: rm S6A_c1_t2.gene.high.txt 
