INFO  @ Sat, 13 Mar 2021 21:10:14: Parameters: /opt/anaconda3/bin/mageck test -k S6B.txt -t 3 -c 0 -n S6B_c0_t3 --norm-method total --sort-criteria pos 
INFO  @ Sat, 13 Mar 2021 21:10:14: Welcome to MAGeCK v0.5.9.4. Command: test 
INFO  @ Sat, 13 Mar 2021 21:10:14: Loading count table from S6B.txt  
INFO  @ Sat, 13 Mar 2021 21:10:14: Processing 1 lines.. 
DEBUG @ Sat, 13 Mar 2021 21:10:14: Parsing error in line 1 (usually the header line). Skip this line. 
INFO  @ Sat, 13 Mar 2021 21:10:14: Loaded 76 records. 
INFO  @ Sat, 13 Mar 2021 21:10:14: Loading Rnw template file: /opt/anaconda3/lib/python3.8/site-packages/mageck/test_report.Rmd. 
DEBUG @ Sat, 13 Mar 2021 21:10:14: Setting up the visualization module... 
INFO  @ Sat, 13 Mar 2021 21:10:14: Loading R template file: /opt/anaconda3/lib/python3.8/site-packages/mageck/plot_template.RTemplate. 
INFO  @ Sat, 13 Mar 2021 21:10:14: Loading R template file: /opt/anaconda3/lib/python3.8/site-packages/mageck/plot_template_indvgene.RTemplate. 
INFO  @ Sat, 13 Mar 2021 21:10:14: Loading Rnw template file: /opt/anaconda3/lib/python3.8/site-packages/mageck/plot_template.Rnw. 
DEBUG @ Sat, 13 Mar 2021 21:10:14: Setting up the visualization module... 
DEBUG @ Sat, 13 Mar 2021 21:10:14: Given sample labels: 3 
DEBUG @ Sat, 13 Mar 2021 21:10:14: Converted index: 3 
INFO  @ Sat, 13 Mar 2021 21:10:14: Treatment samples:3 
INFO  @ Sat, 13 Mar 2021 21:10:14: Treatment sample index:3 
DEBUG @ Sat, 13 Mar 2021 21:10:14: Given sample labels: 0 
DEBUG @ Sat, 13 Mar 2021 21:10:14: Converted index: 0 
INFO  @ Sat, 13 Mar 2021 21:10:14: Control samples:0 
INFO  @ Sat, 13 Mar 2021 21:10:14: Control sample index:0 
DEBUG @ Sat, 13 Mar 2021 21:10:14: Initial (total) size factor: 1.2373263099203262 0.8390629042208115 
INFO  @ Sat, 13 Mar 2021 21:10:14: Final size factor: 1.2373263099203262 0.8390629042208115 
INFO  @ Sat, 13 Mar 2021 21:10:14: Detecting outliers from variance estimation.. Avg read count:[981.869242471163], Var: [308139.34423118917] 
DEBUG @ Sat, 13 Mar 2021 21:10:14: Adjusted model: 1	6.209381440036718 
INFO  @ Sat, 13 Mar 2021 21:10:14: Before RRA, 0 sgRNAs are removed with zero counts in both group(s). 
INFO  @ Sat, 13 Mar 2021 21:10:14: Use qnorm to reversely calculate sgRNA scores ... 
DEBUG @ Sat, 13 Mar 2021 21:10:14: lower test FDR cutoff: 0.3026315789473684 
DEBUG @ Sat, 13 Mar 2021 21:10:14: higher test FDR cutoff: 0.15789473684210525 
INFO  @ Sat, 13 Mar 2021 21:10:14: Running command: RRA -i S6B_c0_t3.plow.txt -o S6B_c0_t3.gene.low.txt -p 0.3026315789473684 --skip-gene NA --skip-gene na  
INFO  @ Sat, 13 Mar 2021 21:10:14: Command message: 
INFO  @ Sat, 13 Mar 2021 21:10:14:   Welcome to RRA v 0.5.9. 
INFO  @ Sat, 13 Mar 2021 21:10:14:   Skipping gene NA for permutation ... 
INFO  @ Sat, 13 Mar 2021 21:10:14:   Skipping gene na for permutation ... 
INFO  @ Sat, 13 Mar 2021 21:10:14:   Reading input file... 
INFO  @ Sat, 13 Mar 2021 21:10:14:   Summary: 76 sgRNAs, 10 genes, 1 lists; skipped sgRNAs:0 
INFO  @ Sat, 13 Mar 2021 21:10:14:   Computing lo-values for each group... 
INFO  @ Sat, 13 Mar 2021 21:10:14:   Computing false discovery rate... 
INFO  @ Sat, 13 Mar 2021 21:10:14:   Increase the number of permutations to 10001 to get precise p values. To avoid this, use the --permutation option. 
INFO  @ Sat, 13 Mar 2021 21:10:14:   Permuting genes with 6 sgRNAs... 
INFO  @ Sat, 13 Mar 2021 21:10:14:   Permuting genes with 10 sgRNAs... 
INFO  @ Sat, 13 Mar 2021 21:10:14:   Number of genes under FDR adjustment: 10 
INFO  @ Sat, 13 Mar 2021 21:10:14:   Saving to output file... 
INFO  @ Sat, 13 Mar 2021 21:10:14:   RRA completed. 
INFO  @ Sat, 13 Mar 2021 21:10:14:    
INFO  @ Sat, 13 Mar 2021 21:10:14: End command message. 
INFO  @ Sat, 13 Mar 2021 21:10:14: Running command: RRA -i S6B_c0_t3.phigh.txt -o S6B_c0_t3.gene.high.txt -p 0.15789473684210525 --skip-gene NA --skip-gene na  
INFO  @ Sat, 13 Mar 2021 21:10:15: Command message: 
INFO  @ Sat, 13 Mar 2021 21:10:15:   Welcome to RRA v 0.5.9. 
INFO  @ Sat, 13 Mar 2021 21:10:15:   Skipping gene NA for permutation ... 
INFO  @ Sat, 13 Mar 2021 21:10:15:   Skipping gene na for permutation ... 
INFO  @ Sat, 13 Mar 2021 21:10:15:   Reading input file... 
INFO  @ Sat, 13 Mar 2021 21:10:15:   Summary: 76 sgRNAs, 10 genes, 1 lists; skipped sgRNAs:0 
INFO  @ Sat, 13 Mar 2021 21:10:15:   Computing lo-values for each group... 
INFO  @ Sat, 13 Mar 2021 21:10:15:   Computing false discovery rate... 
INFO  @ Sat, 13 Mar 2021 21:10:15:   Increase the number of permutations to 10001 to get precise p values. To avoid this, use the --permutation option. 
INFO  @ Sat, 13 Mar 2021 21:10:15:   Permuting genes with 6 sgRNAs... 
INFO  @ Sat, 13 Mar 2021 21:10:15:   Permuting genes with 10 sgRNAs... 
INFO  @ Sat, 13 Mar 2021 21:10:15:   Number of genes under FDR adjustment: 10 
INFO  @ Sat, 13 Mar 2021 21:10:15:   Saving to output file... 
INFO  @ Sat, 13 Mar 2021 21:10:15:   RRA completed. 
INFO  @ Sat, 13 Mar 2021 21:10:15:    
INFO  @ Sat, 13 Mar 2021 21:10:15: End command message. 
DEBUG @ Sat, 13 Mar 2021 21:10:15: Sorting the merged items by positive selection... 
INFO  @ Sat, 13 Mar 2021 21:10:15: Loading top 10 genes from S6B_c0_t3.gene.low.txt: SOX9,PROM1,AAVS1,CCR5,ROSA26,CTRL,LRIG1,mKate2,KRT20,EGFP 
DEBUG @ Sat, 13 Mar 2021 21:10:15: Column index:3 
INFO  @ Sat, 13 Mar 2021 21:10:15: Loading top 10 genes from S6B_c0_t3.gene.high.txt: EGFP,KRT20,mKate2,ROSA26,LRIG1,CTRL,AAVS1,CCR5,PROM1,SOX9 
DEBUG @ Sat, 13 Mar 2021 21:10:15: Column index:9 
INFO  @ Sat, 13 Mar 2021 21:10:15: Running command: rm S6B_c0_t3.plow.txt 
INFO  @ Sat, 13 Mar 2021 21:10:15: Running command: rm S6B_c0_t3.phigh.txt 
INFO  @ Sat, 13 Mar 2021 21:10:15: Running command: rm S6B_c0_t3.gene.low.txt 
INFO  @ Sat, 13 Mar 2021 21:10:15: Running command: rm S6B_c0_t3.gene.high.txt 
