INFO  @ Sat, 13 Mar 2021 21:10:07: Parameters: /opt/anaconda3/bin/mageck test -k S6B.txt -t 0 -c 1 -n S6B_c1_t0 --norm-method total --sort-criteria pos 
INFO  @ Sat, 13 Mar 2021 21:10:07: Welcome to MAGeCK v0.5.9.4. Command: test 
INFO  @ Sat, 13 Mar 2021 21:10:07: Loading count table from S6B.txt  
INFO  @ Sat, 13 Mar 2021 21:10:07: Processing 1 lines.. 
DEBUG @ Sat, 13 Mar 2021 21:10:07: Parsing error in line 1 (usually the header line). Skip this line. 
INFO  @ Sat, 13 Mar 2021 21:10:07: Loaded 76 records. 
INFO  @ Sat, 13 Mar 2021 21:10:07: Loading Rnw template file: /opt/anaconda3/lib/python3.8/site-packages/mageck/test_report.Rmd. 
DEBUG @ Sat, 13 Mar 2021 21:10:07: Setting up the visualization module... 
INFO  @ Sat, 13 Mar 2021 21:10:07: Loading R template file: /opt/anaconda3/lib/python3.8/site-packages/mageck/plot_template.RTemplate. 
INFO  @ Sat, 13 Mar 2021 21:10:07: Loading R template file: /opt/anaconda3/lib/python3.8/site-packages/mageck/plot_template_indvgene.RTemplate. 
INFO  @ Sat, 13 Mar 2021 21:10:07: Loading Rnw template file: /opt/anaconda3/lib/python3.8/site-packages/mageck/plot_template.Rnw. 
DEBUG @ Sat, 13 Mar 2021 21:10:07: Setting up the visualization module... 
DEBUG @ Sat, 13 Mar 2021 21:10:07: Given sample labels: 0 
DEBUG @ Sat, 13 Mar 2021 21:10:07: Converted index: 0 
INFO  @ Sat, 13 Mar 2021 21:10:07: Treatment samples:0 
INFO  @ Sat, 13 Mar 2021 21:10:07: Treatment sample index:0 
DEBUG @ Sat, 13 Mar 2021 21:10:07: Given sample labels: 1 
DEBUG @ Sat, 13 Mar 2021 21:10:07: Converted index: 1 
INFO  @ Sat, 13 Mar 2021 21:10:07: Control samples:1 
INFO  @ Sat, 13 Mar 2021 21:10:07: Control sample index:1 
DEBUG @ Sat, 13 Mar 2021 21:10:07: Initial (total) size factor: 1.0908263402455094 0.9231361788916115 
INFO  @ Sat, 13 Mar 2021 21:10:07: Final size factor: 1.0908263402455094 0.9231361788916115 
INFO  @ Sat, 13 Mar 2021 21:10:07: Detecting outliers from variance estimation.. Avg read count:[747.6787995698064], Var: [180993.13556710695] 
INFO  @ Sat, 13 Mar 2021 21:10:07: Skipping 1 sgRNAs from variance calculation because of their extreme high counts (> 4* STD (mean counts) ). 
DEBUG @ Sat, 13 Mar 2021 21:10:07: Adjusted model: 1	24.495671835181348 
INFO  @ Sat, 13 Mar 2021 21:10:07: Before RRA, 0 sgRNAs are removed with zero counts in both group(s). 
INFO  @ Sat, 13 Mar 2021 21:10:07: Use qnorm to reversely calculate sgRNA scores ... 
DEBUG @ Sat, 13 Mar 2021 21:10:07: lower test FDR cutoff: 1.0 
DEBUG @ Sat, 13 Mar 2021 21:10:07: higher test FDR cutoff: 0.01 
INFO  @ Sat, 13 Mar 2021 21:10:07: Running command: RRA -i S6B_c1_t0.plow.txt -o S6B_c1_t0.gene.low.txt -p 0.5 --skip-gene NA --skip-gene na  
INFO  @ Sat, 13 Mar 2021 21:10:08: Command message: 
INFO  @ Sat, 13 Mar 2021 21:10:08:   Welcome to RRA v 0.5.9. 
INFO  @ Sat, 13 Mar 2021 21:10:08:   Skipping gene NA for permutation ... 
INFO  @ Sat, 13 Mar 2021 21:10:08:   Skipping gene na for permutation ... 
INFO  @ Sat, 13 Mar 2021 21:10:08:   Reading input file... 
INFO  @ Sat, 13 Mar 2021 21:10:08:   Summary: 76 sgRNAs, 10 genes, 1 lists; skipped sgRNAs:0 
INFO  @ Sat, 13 Mar 2021 21:10:08:   Computing lo-values for each group... 
INFO  @ Sat, 13 Mar 2021 21:10:08:   Computing false discovery rate... 
INFO  @ Sat, 13 Mar 2021 21:10:08:   Increase the number of permutations to 10001 to get precise p values. To avoid this, use the --permutation option. 
INFO  @ Sat, 13 Mar 2021 21:10:08:   Permuting genes with 6 sgRNAs... 
INFO  @ Sat, 13 Mar 2021 21:10:08:   Permuting genes with 10 sgRNAs... 
INFO  @ Sat, 13 Mar 2021 21:10:08:   Number of genes under FDR adjustment: 10 
INFO  @ Sat, 13 Mar 2021 21:10:08:   Saving to output file... 
INFO  @ Sat, 13 Mar 2021 21:10:08:   RRA completed. 
INFO  @ Sat, 13 Mar 2021 21:10:08:    
INFO  @ Sat, 13 Mar 2021 21:10:08: End command message. 
INFO  @ Sat, 13 Mar 2021 21:10:08: Running command: RRA -i S6B_c1_t0.phigh.txt -o S6B_c1_t0.gene.high.txt -p 0.01 --skip-gene NA --skip-gene na  
INFO  @ Sat, 13 Mar 2021 21:10:08: Command message: 
INFO  @ Sat, 13 Mar 2021 21:10:08:   Welcome to RRA v 0.5.9. 
INFO  @ Sat, 13 Mar 2021 21:10:08:   Skipping gene NA for permutation ... 
INFO  @ Sat, 13 Mar 2021 21:10:08:   Skipping gene na for permutation ... 
INFO  @ Sat, 13 Mar 2021 21:10:08:   Reading input file... 
INFO  @ Sat, 13 Mar 2021 21:10:08:   Summary: 76 sgRNAs, 10 genes, 1 lists; skipped sgRNAs:0 
INFO  @ Sat, 13 Mar 2021 21:10:08:   Computing lo-values for each group... 
INFO  @ Sat, 13 Mar 2021 21:10:08:   Computing false discovery rate... 
INFO  @ Sat, 13 Mar 2021 21:10:08:   Increase the number of permutations to 10001 to get precise p values. To avoid this, use the --permutation option. 
INFO  @ Sat, 13 Mar 2021 21:10:08:   Permuting genes with 6 sgRNAs... 
INFO  @ Sat, 13 Mar 2021 21:10:08:   Permuting genes with 10 sgRNAs... 
INFO  @ Sat, 13 Mar 2021 21:10:08:   Number of genes under FDR adjustment: 10 
INFO  @ Sat, 13 Mar 2021 21:10:08:   Saving to output file... 
INFO  @ Sat, 13 Mar 2021 21:10:08:   RRA completed. 
INFO  @ Sat, 13 Mar 2021 21:10:08:    
INFO  @ Sat, 13 Mar 2021 21:10:08: End command message. 
DEBUG @ Sat, 13 Mar 2021 21:10:08: Sorting the merged items by positive selection... 
INFO  @ Sat, 13 Mar 2021 21:10:08: Loading top 10 genes from S6B_c1_t0.gene.low.txt: EGFP,KRT20,CTRL,LRIG1,ROSA26,AAVS1,PROM1,CCR5,SOX9,mKate2 
DEBUG @ Sat, 13 Mar 2021 21:10:08: Column index:3 
INFO  @ Sat, 13 Mar 2021 21:10:08: Loading top 10 genes from S6B_c1_t0.gene.high.txt: mKate2,SOX9,PROM1,CCR5,LRIG1,AAVS1,CTRL,ROSA26,KRT20,EGFP 
DEBUG @ Sat, 13 Mar 2021 21:10:08: Column index:9 
INFO  @ Sat, 13 Mar 2021 21:10:08: Running command: rm S6B_c1_t0.plow.txt 
INFO  @ Sat, 13 Mar 2021 21:10:08: Running command: rm S6B_c1_t0.phigh.txt 
INFO  @ Sat, 13 Mar 2021 21:10:08: Running command: rm S6B_c1_t0.gene.low.txt 
INFO  @ Sat, 13 Mar 2021 21:10:08: Running command: rm S6B_c1_t0.gene.high.txt 
