INFO  @ Sat, 13 Mar 2021 21:10:03: Parameters: /opt/anaconda3/bin/mageck test -k S6B.txt -t 1 -c 0 -n S6B_c0_t1 --norm-method total --sort-criteria pos 
INFO  @ Sat, 13 Mar 2021 21:10:03: Welcome to MAGeCK v0.5.9.4. Command: test 
INFO  @ Sat, 13 Mar 2021 21:10:03: Loading count table from S6B.txt  
INFO  @ Sat, 13 Mar 2021 21:10:03: Processing 1 lines.. 
DEBUG @ Sat, 13 Mar 2021 21:10:03: Parsing error in line 1 (usually the header line). Skip this line. 
INFO  @ Sat, 13 Mar 2021 21:10:03: Loaded 76 records. 
INFO  @ Sat, 13 Mar 2021 21:10:03: Loading Rnw template file: /opt/anaconda3/lib/python3.8/site-packages/mageck/test_report.Rmd. 
DEBUG @ Sat, 13 Mar 2021 21:10:03: Setting up the visualization module... 
INFO  @ Sat, 13 Mar 2021 21:10:03: Loading R template file: /opt/anaconda3/lib/python3.8/site-packages/mageck/plot_template.RTemplate. 
INFO  @ Sat, 13 Mar 2021 21:10:03: Loading R template file: /opt/anaconda3/lib/python3.8/site-packages/mageck/plot_template_indvgene.RTemplate. 
INFO  @ Sat, 13 Mar 2021 21:10:03: Loading Rnw template file: /opt/anaconda3/lib/python3.8/site-packages/mageck/plot_template.Rnw. 
DEBUG @ Sat, 13 Mar 2021 21:10:03: Setting up the visualization module... 
DEBUG @ Sat, 13 Mar 2021 21:10:03: Given sample labels: 1 
DEBUG @ Sat, 13 Mar 2021 21:10:03: Converted index: 1 
INFO  @ Sat, 13 Mar 2021 21:10:03: Treatment samples:1 
INFO  @ Sat, 13 Mar 2021 21:10:03: Treatment sample index:1 
DEBUG @ Sat, 13 Mar 2021 21:10:03: Given sample labels: 0 
DEBUG @ Sat, 13 Mar 2021 21:10:03: Converted index: 0 
INFO  @ Sat, 13 Mar 2021 21:10:03: Control samples:0 
INFO  @ Sat, 13 Mar 2021 21:10:03: Control sample index:0 
DEBUG @ Sat, 13 Mar 2021 21:10:03: Initial (total) size factor: 0.9231361788916115 1.0908263402455094 
INFO  @ Sat, 13 Mar 2021 21:10:03: Final size factor: 0.9231361788916115 1.0908263402455094 
INFO  @ Sat, 13 Mar 2021 21:10:03: Detecting outliers from variance estimation.. Avg read count:[747.6787995698064], Var: [180993.13556710695] 
INFO  @ Sat, 13 Mar 2021 21:10:03: Skipping 1 sgRNAs from variance calculation because of their extreme high counts (> 4* STD (mean counts) ). 
DEBUG @ Sat, 13 Mar 2021 21:10:03: Adjusted model: 1	24.495671835181348 
INFO  @ Sat, 13 Mar 2021 21:10:03: Before RRA, 0 sgRNAs are removed with zero counts in both group(s). 
INFO  @ Sat, 13 Mar 2021 21:10:03: Use qnorm to reversely calculate sgRNA scores ... 
DEBUG @ Sat, 13 Mar 2021 21:10:03: lower test FDR cutoff: 1.0 
DEBUG @ Sat, 13 Mar 2021 21:10:03: higher test FDR cutoff: 0.01 
INFO  @ Sat, 13 Mar 2021 21:10:03: Running command: RRA -i S6B_c0_t1.plow.txt -o S6B_c0_t1.gene.low.txt -p 0.5 --skip-gene NA --skip-gene na  
INFO  @ Sat, 13 Mar 2021 21:10:04: Command message: 
INFO  @ Sat, 13 Mar 2021 21:10:04:   Welcome to RRA v 0.5.9. 
INFO  @ Sat, 13 Mar 2021 21:10:04:   Skipping gene NA for permutation ... 
INFO  @ Sat, 13 Mar 2021 21:10:04:   Skipping gene na for permutation ... 
INFO  @ Sat, 13 Mar 2021 21:10:04:   Reading input file... 
INFO  @ Sat, 13 Mar 2021 21:10:04:   Summary: 76 sgRNAs, 10 genes, 1 lists; skipped sgRNAs:0 
INFO  @ Sat, 13 Mar 2021 21:10:04:   Computing lo-values for each group... 
INFO  @ Sat, 13 Mar 2021 21:10:04:   Computing false discovery rate... 
INFO  @ Sat, 13 Mar 2021 21:10:04:   Increase the number of permutations to 10001 to get precise p values. To avoid this, use the --permutation option. 
INFO  @ Sat, 13 Mar 2021 21:10:04:   Permuting genes with 6 sgRNAs... 
INFO  @ Sat, 13 Mar 2021 21:10:04:   Permuting genes with 10 sgRNAs... 
INFO  @ Sat, 13 Mar 2021 21:10:04:   Number of genes under FDR adjustment: 10 
INFO  @ Sat, 13 Mar 2021 21:10:04:   Saving to output file... 
INFO  @ Sat, 13 Mar 2021 21:10:04:   RRA completed. 
INFO  @ Sat, 13 Mar 2021 21:10:04:    
INFO  @ Sat, 13 Mar 2021 21:10:04: End command message. 
INFO  @ Sat, 13 Mar 2021 21:10:04: Running command: RRA -i S6B_c0_t1.phigh.txt -o S6B_c0_t1.gene.high.txt -p 0.01 --skip-gene NA --skip-gene na  
INFO  @ Sat, 13 Mar 2021 21:10:04: Command message: 
INFO  @ Sat, 13 Mar 2021 21:10:04:   Welcome to RRA v 0.5.9. 
INFO  @ Sat, 13 Mar 2021 21:10:04:   Skipping gene NA for permutation ... 
INFO  @ Sat, 13 Mar 2021 21:10:04:   Skipping gene na for permutation ... 
INFO  @ Sat, 13 Mar 2021 21:10:04:   Reading input file... 
INFO  @ Sat, 13 Mar 2021 21:10:04:   Summary: 76 sgRNAs, 10 genes, 1 lists; skipped sgRNAs:0 
INFO  @ Sat, 13 Mar 2021 21:10:04:   Computing lo-values for each group... 
INFO  @ Sat, 13 Mar 2021 21:10:04:   Computing false discovery rate... 
INFO  @ Sat, 13 Mar 2021 21:10:04:   Increase the number of permutations to 10001 to get precise p values. To avoid this, use the --permutation option. 
INFO  @ Sat, 13 Mar 2021 21:10:04:   Permuting genes with 6 sgRNAs... 
INFO  @ Sat, 13 Mar 2021 21:10:04:   Permuting genes with 10 sgRNAs... 
INFO  @ Sat, 13 Mar 2021 21:10:04:   Number of genes under FDR adjustment: 10 
INFO  @ Sat, 13 Mar 2021 21:10:04:   Saving to output file... 
INFO  @ Sat, 13 Mar 2021 21:10:04:   RRA completed. 
INFO  @ Sat, 13 Mar 2021 21:10:04:    
INFO  @ Sat, 13 Mar 2021 21:10:04: End command message. 
DEBUG @ Sat, 13 Mar 2021 21:10:04: Sorting the merged items by positive selection... 
INFO  @ Sat, 13 Mar 2021 21:10:04: Loading top 10 genes from S6B_c0_t1.gene.low.txt: mKate2,SOX9,CCR5,AAVS1,ROSA26,PROM1,LRIG1,CTRL,KRT20,EGFP 
DEBUG @ Sat, 13 Mar 2021 21:10:04: Column index:3 
INFO  @ Sat, 13 Mar 2021 21:10:04: Loading top 10 genes from S6B_c0_t1.gene.high.txt: EGFP,KRT20,LRIG1,ROSA26,PROM1,AAVS1,CTRL,CCR5,SOX9,mKate2 
DEBUG @ Sat, 13 Mar 2021 21:10:04: Column index:9 
INFO  @ Sat, 13 Mar 2021 21:10:04: Running command: rm S6B_c0_t1.plow.txt 
INFO  @ Sat, 13 Mar 2021 21:10:04: Running command: rm S6B_c0_t1.phigh.txt 
INFO  @ Sat, 13 Mar 2021 21:10:04: Running command: rm S6B_c0_t1.gene.low.txt 
INFO  @ Sat, 13 Mar 2021 21:10:04: Running command: rm S6B_c0_t1.gene.high.txt 
