INFO  @ Sat, 13 Mar 2021 21:10:18: Parameters: /opt/anaconda3/bin/mageck test -k S6B.txt -t 2 -c 1 -n S6B_c1_t2 --norm-method total --sort-criteria pos 
INFO  @ Sat, 13 Mar 2021 21:10:18: Welcome to MAGeCK v0.5.9.4. Command: test 
INFO  @ Sat, 13 Mar 2021 21:10:18: Loading count table from S6B.txt  
INFO  @ Sat, 13 Mar 2021 21:10:18: Processing 1 lines.. 
DEBUG @ Sat, 13 Mar 2021 21:10:18: Parsing error in line 1 (usually the header line). Skip this line. 
INFO  @ Sat, 13 Mar 2021 21:10:18: Loaded 76 records. 
INFO  @ Sat, 13 Mar 2021 21:10:18: Loading Rnw template file: /opt/anaconda3/lib/python3.8/site-packages/mageck/test_report.Rmd. 
DEBUG @ Sat, 13 Mar 2021 21:10:18: Setting up the visualization module... 
INFO  @ Sat, 13 Mar 2021 21:10:18: Loading R template file: /opt/anaconda3/lib/python3.8/site-packages/mageck/plot_template.RTemplate. 
INFO  @ Sat, 13 Mar 2021 21:10:18: Loading R template file: /opt/anaconda3/lib/python3.8/site-packages/mageck/plot_template_indvgene.RTemplate. 
INFO  @ Sat, 13 Mar 2021 21:10:18: Loading Rnw template file: /opt/anaconda3/lib/python3.8/site-packages/mageck/plot_template.Rnw. 
DEBUG @ Sat, 13 Mar 2021 21:10:18: Setting up the visualization module... 
DEBUG @ Sat, 13 Mar 2021 21:10:18: Given sample labels: 2 
DEBUG @ Sat, 13 Mar 2021 21:10:18: Converted index: 2 
INFO  @ Sat, 13 Mar 2021 21:10:18: Treatment samples:2 
INFO  @ Sat, 13 Mar 2021 21:10:18: Treatment sample index:2 
DEBUG @ Sat, 13 Mar 2021 21:10:18: Given sample labels: 1 
DEBUG @ Sat, 13 Mar 2021 21:10:18: Converted index: 1 
INFO  @ Sat, 13 Mar 2021 21:10:18: Control samples:1 
INFO  @ Sat, 13 Mar 2021 21:10:18: Control sample index:1 
DEBUG @ Sat, 13 Mar 2021 21:10:18: Initial (total) size factor: 1.516046535820792 0.7460517222255403 
INFO  @ Sat, 13 Mar 2021 21:10:18: Final size factor: 1.516046535820792 0.7460517222255403 
INFO  @ Sat, 13 Mar 2021 21:10:18: Detecting outliers from variance estimation.. Avg read count:[980.1193899234488], Var: [340909.9724782089] 
INFO  @ Sat, 13 Mar 2021 21:10:18: Skipping 1 sgRNAs from variance calculation because of their extreme high counts (> 4* STD (mean counts) ). 
DEBUG @ Sat, 13 Mar 2021 21:10:18: Adjusted model: 1.9089522919714748	0 
INFO  @ Sat, 13 Mar 2021 21:10:18: Before RRA, 0 sgRNAs are removed with zero counts in both group(s). 
INFO  @ Sat, 13 Mar 2021 21:10:18: Use qnorm to reversely calculate sgRNA scores ... 
DEBUG @ Sat, 13 Mar 2021 21:10:18: lower test FDR cutoff: 0.0 
DEBUG @ Sat, 13 Mar 2021 21:10:18: higher test FDR cutoff: 0.06578947368421052 
INFO  @ Sat, 13 Mar 2021 21:10:18: Running command: RRA -i S6B_c1_t2.plow.txt -o S6B_c1_t2.gene.low.txt -p 0.05 --skip-gene NA --skip-gene na  
INFO  @ Sat, 13 Mar 2021 21:10:18: Command message: 
INFO  @ Sat, 13 Mar 2021 21:10:18:   Welcome to RRA v 0.5.9. 
INFO  @ Sat, 13 Mar 2021 21:10:18:   Skipping gene NA for permutation ... 
INFO  @ Sat, 13 Mar 2021 21:10:18:   Skipping gene na for permutation ... 
INFO  @ Sat, 13 Mar 2021 21:10:18:   Reading input file... 
INFO  @ Sat, 13 Mar 2021 21:10:18:   Summary: 76 sgRNAs, 10 genes, 1 lists; skipped sgRNAs:0 
INFO  @ Sat, 13 Mar 2021 21:10:18:   Computing lo-values for each group... 
INFO  @ Sat, 13 Mar 2021 21:10:18:   Computing false discovery rate... 
INFO  @ Sat, 13 Mar 2021 21:10:18:   Increase the number of permutations to 10001 to get precise p values. To avoid this, use the --permutation option. 
INFO  @ Sat, 13 Mar 2021 21:10:18:   Permuting genes with 6 sgRNAs... 
INFO  @ Sat, 13 Mar 2021 21:10:18:   Permuting genes with 10 sgRNAs... 
INFO  @ Sat, 13 Mar 2021 21:10:18:   Number of genes under FDR adjustment: 10 
INFO  @ Sat, 13 Mar 2021 21:10:18:   Saving to output file... 
INFO  @ Sat, 13 Mar 2021 21:10:18:   RRA completed. 
INFO  @ Sat, 13 Mar 2021 21:10:18:    
INFO  @ Sat, 13 Mar 2021 21:10:18: End command message. 
INFO  @ Sat, 13 Mar 2021 21:10:18: Running command: RRA -i S6B_c1_t2.phigh.txt -o S6B_c1_t2.gene.high.txt -p 0.06578947368421052 --skip-gene NA --skip-gene na  
INFO  @ Sat, 13 Mar 2021 21:10:18: Command message: 
INFO  @ Sat, 13 Mar 2021 21:10:18:   Welcome to RRA v 0.5.9. 
INFO  @ Sat, 13 Mar 2021 21:10:18:   Skipping gene NA for permutation ... 
INFO  @ Sat, 13 Mar 2021 21:10:18:   Skipping gene na for permutation ... 
INFO  @ Sat, 13 Mar 2021 21:10:18:   Reading input file... 
INFO  @ Sat, 13 Mar 2021 21:10:18:   Summary: 76 sgRNAs, 10 genes, 1 lists; skipped sgRNAs:0 
INFO  @ Sat, 13 Mar 2021 21:10:18:   Computing lo-values for each group... 
INFO  @ Sat, 13 Mar 2021 21:10:18:   Computing false discovery rate... 
INFO  @ Sat, 13 Mar 2021 21:10:18:   Increase the number of permutations to 10001 to get precise p values. To avoid this, use the --permutation option. 
INFO  @ Sat, 13 Mar 2021 21:10:18:   Permuting genes with 6 sgRNAs... 
INFO  @ Sat, 13 Mar 2021 21:10:18:   Permuting genes with 10 sgRNAs... 
INFO  @ Sat, 13 Mar 2021 21:10:18:   Number of genes under FDR adjustment: 10 
INFO  @ Sat, 13 Mar 2021 21:10:18:   Saving to output file... 
INFO  @ Sat, 13 Mar 2021 21:10:18:   RRA completed. 
INFO  @ Sat, 13 Mar 2021 21:10:18:    
INFO  @ Sat, 13 Mar 2021 21:10:18: End command message. 
DEBUG @ Sat, 13 Mar 2021 21:10:18: Sorting the merged items by positive selection... 
INFO  @ Sat, 13 Mar 2021 21:10:18: Loading top 10 genes from S6B_c1_t2.gene.low.txt: CTRL,PROM1,LRIG1,CCR5,AAVS1,ROSA26,EGFP,KRT20,SOX9,mKate2 
DEBUG @ Sat, 13 Mar 2021 21:10:18: Column index:3 
INFO  @ Sat, 13 Mar 2021 21:10:18: Loading top 10 genes from S6B_c1_t2.gene.high.txt: mKate2,SOX9,KRT20,EGFP,PROM1,CCR5,LRIG1,ROSA26,AAVS1,CTRL 
DEBUG @ Sat, 13 Mar 2021 21:10:18: Column index:9 
INFO  @ Sat, 13 Mar 2021 21:10:18: Running command: rm S6B_c1_t2.plow.txt 
INFO  @ Sat, 13 Mar 2021 21:10:18: Running command: rm S6B_c1_t2.phigh.txt 
INFO  @ Sat, 13 Mar 2021 21:10:18: Running command: rm S6B_c1_t2.gene.low.txt 
INFO  @ Sat, 13 Mar 2021 21:10:18: Running command: rm S6B_c1_t2.gene.high.txt 
