INFO  @ Sat, 13 Mar 2021 21:11:01: Parameters: /opt/anaconda3/bin/mageck test -k S7A.txt -t 3 -c 0 -n S7A_c0_t3 --norm-method total --sort-criteria pos 
INFO  @ Sat, 13 Mar 2021 21:11:01: Welcome to MAGeCK v0.5.9.4. Command: test 
INFO  @ Sat, 13 Mar 2021 21:11:01: Loading count table from S7A.txt  
INFO  @ Sat, 13 Mar 2021 21:11:01: Processing 1 lines.. 
DEBUG @ Sat, 13 Mar 2021 21:11:01: Parsing error in line 1 (usually the header line). Skip this line. 
INFO  @ Sat, 13 Mar 2021 21:11:01: Loaded 76 records. 
INFO  @ Sat, 13 Mar 2021 21:11:01: Loading Rnw template file: /opt/anaconda3/lib/python3.8/site-packages/mageck/test_report.Rmd. 
DEBUG @ Sat, 13 Mar 2021 21:11:01: Setting up the visualization module... 
INFO  @ Sat, 13 Mar 2021 21:11:01: Loading R template file: /opt/anaconda3/lib/python3.8/site-packages/mageck/plot_template.RTemplate. 
INFO  @ Sat, 13 Mar 2021 21:11:01: Loading R template file: /opt/anaconda3/lib/python3.8/site-packages/mageck/plot_template_indvgene.RTemplate. 
INFO  @ Sat, 13 Mar 2021 21:11:01: Loading Rnw template file: /opt/anaconda3/lib/python3.8/site-packages/mageck/plot_template.Rnw. 
DEBUG @ Sat, 13 Mar 2021 21:11:01: Setting up the visualization module... 
DEBUG @ Sat, 13 Mar 2021 21:11:01: Given sample labels: 3 
DEBUG @ Sat, 13 Mar 2021 21:11:01: Converted index: 3 
INFO  @ Sat, 13 Mar 2021 21:11:01: Treatment samples:3 
INFO  @ Sat, 13 Mar 2021 21:11:01: Treatment sample index:3 
DEBUG @ Sat, 13 Mar 2021 21:11:01: Given sample labels: 0 
DEBUG @ Sat, 13 Mar 2021 21:11:01: Converted index: 0 
INFO  @ Sat, 13 Mar 2021 21:11:01: Control samples:0 
INFO  @ Sat, 13 Mar 2021 21:11:01: Control sample index:0 
DEBUG @ Sat, 13 Mar 2021 21:11:01: Initial (total) size factor: 0.9463683893413151 1.060075502588598 
INFO  @ Sat, 13 Mar 2021 21:11:01: Final size factor: 0.9463683893413151 1.060075502588598 
INFO  @ Sat, 13 Mar 2021 21:11:01: Detecting outliers from variance estimation.. Avg read count:[2894.3499805940455], Var: [2407750.901914069] 
INFO  @ Sat, 13 Mar 2021 21:11:01: Skipping 1 sgRNAs from variance calculation because of their extreme high counts (> 4* STD (mean counts) ). 
DEBUG @ Sat, 13 Mar 2021 21:11:01: Adjusted model: 1.570362596298363	0 
INFO  @ Sat, 13 Mar 2021 21:11:01: Before RRA, 0 sgRNAs are removed with zero counts in both group(s). 
INFO  @ Sat, 13 Mar 2021 21:11:01: Use qnorm to reversely calculate sgRNA scores ... 
DEBUG @ Sat, 13 Mar 2021 21:11:01: lower test FDR cutoff: 0.7236842105263158 
DEBUG @ Sat, 13 Mar 2021 21:11:01: higher test FDR cutoff: 0.15789473684210525 
INFO  @ Sat, 13 Mar 2021 21:11:01: Running command: RRA -i S7A_c0_t3.plow.txt -o S7A_c0_t3.gene.low.txt -p 0.5 --skip-gene NA --skip-gene na  
INFO  @ Sat, 13 Mar 2021 21:11:01: Command message: 
INFO  @ Sat, 13 Mar 2021 21:11:01:   Welcome to RRA v 0.5.9. 
INFO  @ Sat, 13 Mar 2021 21:11:01:   Skipping gene NA for permutation ... 
INFO  @ Sat, 13 Mar 2021 21:11:01:   Skipping gene na for permutation ... 
INFO  @ Sat, 13 Mar 2021 21:11:01:   Reading input file... 
INFO  @ Sat, 13 Mar 2021 21:11:01:   Summary: 76 sgRNAs, 10 genes, 1 lists; skipped sgRNAs:0 
INFO  @ Sat, 13 Mar 2021 21:11:01:   Computing lo-values for each group... 
INFO  @ Sat, 13 Mar 2021 21:11:01:   Computing false discovery rate... 
INFO  @ Sat, 13 Mar 2021 21:11:01:   Increase the number of permutations to 10001 to get precise p values. To avoid this, use the --permutation option. 
INFO  @ Sat, 13 Mar 2021 21:11:01:   Permuting genes with 6 sgRNAs... 
INFO  @ Sat, 13 Mar 2021 21:11:01:   Permuting genes with 10 sgRNAs... 
INFO  @ Sat, 13 Mar 2021 21:11:01:   Number of genes under FDR adjustment: 10 
INFO  @ Sat, 13 Mar 2021 21:11:01:   Saving to output file... 
INFO  @ Sat, 13 Mar 2021 21:11:01:   RRA completed. 
INFO  @ Sat, 13 Mar 2021 21:11:01:    
INFO  @ Sat, 13 Mar 2021 21:11:01: End command message. 
INFO  @ Sat, 13 Mar 2021 21:11:01: Running command: RRA -i S7A_c0_t3.phigh.txt -o S7A_c0_t3.gene.high.txt -p 0.15789473684210525 --skip-gene NA --skip-gene na  
INFO  @ Sat, 13 Mar 2021 21:11:01: Command message: 
INFO  @ Sat, 13 Mar 2021 21:11:01:   Welcome to RRA v 0.5.9. 
INFO  @ Sat, 13 Mar 2021 21:11:01:   Skipping gene NA for permutation ... 
INFO  @ Sat, 13 Mar 2021 21:11:01:   Skipping gene na for permutation ... 
INFO  @ Sat, 13 Mar 2021 21:11:01:   Reading input file... 
INFO  @ Sat, 13 Mar 2021 21:11:01:   Summary: 76 sgRNAs, 10 genes, 1 lists; skipped sgRNAs:0 
INFO  @ Sat, 13 Mar 2021 21:11:01:   Computing lo-values for each group... 
INFO  @ Sat, 13 Mar 2021 21:11:01:   Computing false discovery rate... 
INFO  @ Sat, 13 Mar 2021 21:11:01:   Increase the number of permutations to 10001 to get precise p values. To avoid this, use the --permutation option. 
INFO  @ Sat, 13 Mar 2021 21:11:01:   Permuting genes with 6 sgRNAs... 
INFO  @ Sat, 13 Mar 2021 21:11:01:   Permuting genes with 10 sgRNAs... 
INFO  @ Sat, 13 Mar 2021 21:11:01:   Number of genes under FDR adjustment: 10 
INFO  @ Sat, 13 Mar 2021 21:11:01:   Saving to output file... 
INFO  @ Sat, 13 Mar 2021 21:11:01:   RRA completed. 
INFO  @ Sat, 13 Mar 2021 21:11:01:    
INFO  @ Sat, 13 Mar 2021 21:11:01: End command message. 
DEBUG @ Sat, 13 Mar 2021 21:11:01: Sorting the merged items by positive selection... 
INFO  @ Sat, 13 Mar 2021 21:11:01: Loading top 10 genes from S7A_c0_t3.gene.low.txt: AAVS1,mKate2,CCR5,LRIG1,CTRL,ROSA26,KRT20,PROM1,SOX9,EGFP 
DEBUG @ Sat, 13 Mar 2021 21:11:01: Column index:3 
INFO  @ Sat, 13 Mar 2021 21:11:01: Loading top 10 genes from S7A_c0_t3.gene.high.txt: EGFP,SOX9,PROM1,KRT20,mKate2,LRIG1,AAVS1,ROSA26,CCR5,CTRL 
DEBUG @ Sat, 13 Mar 2021 21:11:01: Column index:9 
INFO  @ Sat, 13 Mar 2021 21:11:01: Running command: rm S7A_c0_t3.plow.txt 
INFO  @ Sat, 13 Mar 2021 21:11:01: Running command: rm S7A_c0_t3.phigh.txt 
INFO  @ Sat, 13 Mar 2021 21:11:01: Running command: rm S7A_c0_t3.gene.low.txt 
INFO  @ Sat, 13 Mar 2021 21:11:01: Running command: rm S7A_c0_t3.gene.high.txt 
