INFO  @ Sat, 13 Mar 2021 21:11:04: Parameters: /opt/anaconda3/bin/mageck test -k S7A.txt -t 2 -c 1 -n S7A_c1_t2 --norm-method total --sort-criteria pos 
INFO  @ Sat, 13 Mar 2021 21:11:04: Welcome to MAGeCK v0.5.9.4. Command: test 
INFO  @ Sat, 13 Mar 2021 21:11:04: Loading count table from S7A.txt  
INFO  @ Sat, 13 Mar 2021 21:11:04: Processing 1 lines.. 
DEBUG @ Sat, 13 Mar 2021 21:11:04: Parsing error in line 1 (usually the header line). Skip this line. 
INFO  @ Sat, 13 Mar 2021 21:11:04: Loaded 76 records. 
INFO  @ Sat, 13 Mar 2021 21:11:04: Loading Rnw template file: /opt/anaconda3/lib/python3.8/site-packages/mageck/test_report.Rmd. 
DEBUG @ Sat, 13 Mar 2021 21:11:04: Setting up the visualization module... 
INFO  @ Sat, 13 Mar 2021 21:11:04: Loading R template file: /opt/anaconda3/lib/python3.8/site-packages/mageck/plot_template.RTemplate. 
INFO  @ Sat, 13 Mar 2021 21:11:04: Loading R template file: /opt/anaconda3/lib/python3.8/site-packages/mageck/plot_template_indvgene.RTemplate. 
INFO  @ Sat, 13 Mar 2021 21:11:04: Loading Rnw template file: /opt/anaconda3/lib/python3.8/site-packages/mageck/plot_template.Rnw. 
DEBUG @ Sat, 13 Mar 2021 21:11:04: Setting up the visualization module... 
DEBUG @ Sat, 13 Mar 2021 21:11:04: Given sample labels: 2 
DEBUG @ Sat, 13 Mar 2021 21:11:04: Converted index: 2 
INFO  @ Sat, 13 Mar 2021 21:11:04: Treatment samples:2 
INFO  @ Sat, 13 Mar 2021 21:11:04: Treatment sample index:2 
DEBUG @ Sat, 13 Mar 2021 21:11:04: Given sample labels: 1 
DEBUG @ Sat, 13 Mar 2021 21:11:04: Converted index: 1 
INFO  @ Sat, 13 Mar 2021 21:11:04: Control samples:1 
INFO  @ Sat, 13 Mar 2021 21:11:04: Control sample index:1 
DEBUG @ Sat, 13 Mar 2021 21:11:04: Initial (total) size factor: 0.8720037974071208 1.1720361505514423 
INFO  @ Sat, 13 Mar 2021 21:11:04: Final size factor: 0.8720037974071208 1.1720361505514423 
INFO  @ Sat, 13 Mar 2021 21:11:04: Detecting outliers from variance estimation.. Avg read count:[3348.7318439570927], Var: [3764066.0623193868] 
INFO  @ Sat, 13 Mar 2021 21:11:04: Skipping 1 sgRNAs from variance calculation because of their extreme high counts (> 4* STD (mean counts) ). 
DEBUG @ Sat, 13 Mar 2021 21:11:04: Adjusted model: 1.8183479249121501	0 
INFO  @ Sat, 13 Mar 2021 21:11:04: Before RRA, 0 sgRNAs are removed with zero counts in both group(s). 
INFO  @ Sat, 13 Mar 2021 21:11:04: Use qnorm to reversely calculate sgRNA scores ... 
DEBUG @ Sat, 13 Mar 2021 21:11:04: lower test FDR cutoff: 0.0 
DEBUG @ Sat, 13 Mar 2021 21:11:04: higher test FDR cutoff: 0.17105263157894737 
INFO  @ Sat, 13 Mar 2021 21:11:04: Running command: RRA -i S7A_c1_t2.plow.txt -o S7A_c1_t2.gene.low.txt -p 0.05 --skip-gene NA --skip-gene na  
INFO  @ Sat, 13 Mar 2021 21:11:04: Command message: 
INFO  @ Sat, 13 Mar 2021 21:11:04:   Welcome to RRA v 0.5.9. 
INFO  @ Sat, 13 Mar 2021 21:11:04:   Skipping gene NA for permutation ... 
INFO  @ Sat, 13 Mar 2021 21:11:04:   Skipping gene na for permutation ... 
INFO  @ Sat, 13 Mar 2021 21:11:04:   Reading input file... 
INFO  @ Sat, 13 Mar 2021 21:11:04:   Summary: 76 sgRNAs, 10 genes, 1 lists; skipped sgRNAs:0 
INFO  @ Sat, 13 Mar 2021 21:11:04:   Computing lo-values for each group... 
INFO  @ Sat, 13 Mar 2021 21:11:04:   Computing false discovery rate... 
INFO  @ Sat, 13 Mar 2021 21:11:04:   Increase the number of permutations to 10001 to get precise p values. To avoid this, use the --permutation option. 
INFO  @ Sat, 13 Mar 2021 21:11:04:   Permuting genes with 6 sgRNAs... 
INFO  @ Sat, 13 Mar 2021 21:11:04:   Permuting genes with 10 sgRNAs... 
INFO  @ Sat, 13 Mar 2021 21:11:04:   Number of genes under FDR adjustment: 10 
INFO  @ Sat, 13 Mar 2021 21:11:04:   Saving to output file... 
INFO  @ Sat, 13 Mar 2021 21:11:04:   RRA completed. 
INFO  @ Sat, 13 Mar 2021 21:11:04:    
INFO  @ Sat, 13 Mar 2021 21:11:04: End command message. 
INFO  @ Sat, 13 Mar 2021 21:11:04: Running command: RRA -i S7A_c1_t2.phigh.txt -o S7A_c1_t2.gene.high.txt -p 0.17105263157894737 --skip-gene NA --skip-gene na  
INFO  @ Sat, 13 Mar 2021 21:11:04: Command message: 
INFO  @ Sat, 13 Mar 2021 21:11:04:   Welcome to RRA v 0.5.9. 
INFO  @ Sat, 13 Mar 2021 21:11:04:   Skipping gene NA for permutation ... 
INFO  @ Sat, 13 Mar 2021 21:11:04:   Skipping gene na for permutation ... 
INFO  @ Sat, 13 Mar 2021 21:11:04:   Reading input file... 
INFO  @ Sat, 13 Mar 2021 21:11:04:   Summary: 76 sgRNAs, 10 genes, 1 lists; skipped sgRNAs:0 
INFO  @ Sat, 13 Mar 2021 21:11:04:   Computing lo-values for each group... 
INFO  @ Sat, 13 Mar 2021 21:11:04:   Computing false discovery rate... 
INFO  @ Sat, 13 Mar 2021 21:11:04:   Increase the number of permutations to 10001 to get precise p values. To avoid this, use the --permutation option. 
INFO  @ Sat, 13 Mar 2021 21:11:04:   Permuting genes with 6 sgRNAs... 
INFO  @ Sat, 13 Mar 2021 21:11:04:   Permuting genes with 10 sgRNAs... 
INFO  @ Sat, 13 Mar 2021 21:11:04:   Number of genes under FDR adjustment: 10 
INFO  @ Sat, 13 Mar 2021 21:11:04:   Saving to output file... 
INFO  @ Sat, 13 Mar 2021 21:11:04:   RRA completed. 
INFO  @ Sat, 13 Mar 2021 21:11:04:    
INFO  @ Sat, 13 Mar 2021 21:11:04: End command message. 
DEBUG @ Sat, 13 Mar 2021 21:11:04: Sorting the merged items by positive selection... 
INFO  @ Sat, 13 Mar 2021 21:11:04: Loading top 10 genes from S7A_c1_t2.gene.low.txt: ROSA26,SOX9,LRIG1,CCR5,PROM1,AAVS1,CTRL,EGFP,mKate2,KRT20 
DEBUG @ Sat, 13 Mar 2021 21:11:04: Column index:3 
INFO  @ Sat, 13 Mar 2021 21:11:04: Loading top 10 genes from S7A_c1_t2.gene.high.txt: KRT20,mKate2,EGFP,SOX9,LRIG1,ROSA26,AAVS1,PROM1,CTRL,CCR5 
DEBUG @ Sat, 13 Mar 2021 21:11:04: Column index:9 
INFO  @ Sat, 13 Mar 2021 21:11:04: Running command: rm S7A_c1_t2.plow.txt 
INFO  @ Sat, 13 Mar 2021 21:11:04: Running command: rm S7A_c1_t2.phigh.txt 
INFO  @ Sat, 13 Mar 2021 21:11:04: Running command: rm S7A_c1_t2.gene.low.txt 
INFO  @ Sat, 13 Mar 2021 21:11:04: Running command: rm S7A_c1_t2.gene.high.txt 
