INFO  @ Sat, 13 Mar 2021 21:10:57: Parameters: /opt/anaconda3/bin/mageck test -k S7A.txt -t 2 -c 0 -n S7A_c0_t2 --norm-method total --sort-criteria pos 
INFO  @ Sat, 13 Mar 2021 21:10:57: Welcome to MAGeCK v0.5.9.4. Command: test 
INFO  @ Sat, 13 Mar 2021 21:10:57: Loading count table from S7A.txt  
INFO  @ Sat, 13 Mar 2021 21:10:57: Processing 1 lines.. 
DEBUG @ Sat, 13 Mar 2021 21:10:57: Parsing error in line 1 (usually the header line). Skip this line. 
INFO  @ Sat, 13 Mar 2021 21:10:57: Loaded 76 records. 
INFO  @ Sat, 13 Mar 2021 21:10:57: Loading Rnw template file: /opt/anaconda3/lib/python3.8/site-packages/mageck/test_report.Rmd. 
DEBUG @ Sat, 13 Mar 2021 21:10:57: Setting up the visualization module... 
INFO  @ Sat, 13 Mar 2021 21:10:57: Loading R template file: /opt/anaconda3/lib/python3.8/site-packages/mageck/plot_template.RTemplate. 
INFO  @ Sat, 13 Mar 2021 21:10:57: Loading R template file: /opt/anaconda3/lib/python3.8/site-packages/mageck/plot_template_indvgene.RTemplate. 
INFO  @ Sat, 13 Mar 2021 21:10:57: Loading Rnw template file: /opt/anaconda3/lib/python3.8/site-packages/mageck/plot_template.Rnw. 
DEBUG @ Sat, 13 Mar 2021 21:10:57: Setting up the visualization module... 
DEBUG @ Sat, 13 Mar 2021 21:10:57: Given sample labels: 2 
DEBUG @ Sat, 13 Mar 2021 21:10:57: Converted index: 2 
INFO  @ Sat, 13 Mar 2021 21:10:57: Treatment samples:2 
INFO  @ Sat, 13 Mar 2021 21:10:57: Treatment sample index:2 
DEBUG @ Sat, 13 Mar 2021 21:10:57: Given sample labels: 0 
DEBUG @ Sat, 13 Mar 2021 21:10:57: Converted index: 0 
INFO  @ Sat, 13 Mar 2021 21:10:57: Control samples:0 
INFO  @ Sat, 13 Mar 2021 21:10:57: Control sample index:0 
DEBUG @ Sat, 13 Mar 2021 21:10:57: Initial (total) size factor: 0.9782841927270607 1.0227017823327185 
INFO  @ Sat, 13 Mar 2021 21:10:57: Final size factor: 0.9782841927270607 1.0227017823327185 
INFO  @ Sat, 13 Mar 2021 21:10:57: Detecting outliers from variance estimation.. Avg read count:[2966.4360753837364], Var: [2638901.667354191] 
INFO  @ Sat, 13 Mar 2021 21:10:57: Skipping 1 sgRNAs from variance calculation because of their extreme high counts (> 4* STD (mean counts) ). 
DEBUG @ Sat, 13 Mar 2021 21:10:57: Adjusted model: 1.4243684123308855	1.2421657561849946 
INFO  @ Sat, 13 Mar 2021 21:10:57: Before RRA, 0 sgRNAs are removed with zero counts in both group(s). 
INFO  @ Sat, 13 Mar 2021 21:10:57: Use qnorm to reversely calculate sgRNA scores ... 
DEBUG @ Sat, 13 Mar 2021 21:10:57: lower test FDR cutoff: 0.7236842105263158 
DEBUG @ Sat, 13 Mar 2021 21:10:57: higher test FDR cutoff: 0.15789473684210525 
INFO  @ Sat, 13 Mar 2021 21:10:57: Running command: RRA -i S7A_c0_t2.plow.txt -o S7A_c0_t2.gene.low.txt -p 0.5 --skip-gene NA --skip-gene na  
INFO  @ Sat, 13 Mar 2021 21:10:57: Command message: 
INFO  @ Sat, 13 Mar 2021 21:10:57:   Welcome to RRA v 0.5.9. 
INFO  @ Sat, 13 Mar 2021 21:10:57:   Skipping gene NA for permutation ... 
INFO  @ Sat, 13 Mar 2021 21:10:57:   Skipping gene na for permutation ... 
INFO  @ Sat, 13 Mar 2021 21:10:57:   Reading input file... 
INFO  @ Sat, 13 Mar 2021 21:10:57:   Summary: 76 sgRNAs, 10 genes, 1 lists; skipped sgRNAs:0 
INFO  @ Sat, 13 Mar 2021 21:10:57:   Computing lo-values for each group... 
INFO  @ Sat, 13 Mar 2021 21:10:57:   Computing false discovery rate... 
INFO  @ Sat, 13 Mar 2021 21:10:57:   Increase the number of permutations to 10001 to get precise p values. To avoid this, use the --permutation option. 
INFO  @ Sat, 13 Mar 2021 21:10:57:   Permuting genes with 6 sgRNAs... 
INFO  @ Sat, 13 Mar 2021 21:10:57:   Permuting genes with 10 sgRNAs... 
INFO  @ Sat, 13 Mar 2021 21:10:57:   Number of genes under FDR adjustment: 10 
INFO  @ Sat, 13 Mar 2021 21:10:57:   Saving to output file... 
INFO  @ Sat, 13 Mar 2021 21:10:57:   RRA completed. 
INFO  @ Sat, 13 Mar 2021 21:10:57:    
INFO  @ Sat, 13 Mar 2021 21:10:57: End command message. 
INFO  @ Sat, 13 Mar 2021 21:10:57: Running command: RRA -i S7A_c0_t2.phigh.txt -o S7A_c0_t2.gene.high.txt -p 0.15789473684210525 --skip-gene NA --skip-gene na  
INFO  @ Sat, 13 Mar 2021 21:10:57: Command message: 
INFO  @ Sat, 13 Mar 2021 21:10:57:   Welcome to RRA v 0.5.9. 
INFO  @ Sat, 13 Mar 2021 21:10:57:   Skipping gene NA for permutation ... 
INFO  @ Sat, 13 Mar 2021 21:10:57:   Skipping gene na for permutation ... 
INFO  @ Sat, 13 Mar 2021 21:10:57:   Reading input file... 
INFO  @ Sat, 13 Mar 2021 21:10:57:   Summary: 76 sgRNAs, 10 genes, 1 lists; skipped sgRNAs:0 
INFO  @ Sat, 13 Mar 2021 21:10:57:   Computing lo-values for each group... 
INFO  @ Sat, 13 Mar 2021 21:10:57:   Computing false discovery rate... 
INFO  @ Sat, 13 Mar 2021 21:10:57:   Increase the number of permutations to 10001 to get precise p values. To avoid this, use the --permutation option. 
INFO  @ Sat, 13 Mar 2021 21:10:57:   Permuting genes with 6 sgRNAs... 
INFO  @ Sat, 13 Mar 2021 21:10:57:   Permuting genes with 10 sgRNAs... 
INFO  @ Sat, 13 Mar 2021 21:10:57:   Number of genes under FDR adjustment: 10 
INFO  @ Sat, 13 Mar 2021 21:10:57:   Saving to output file... 
INFO  @ Sat, 13 Mar 2021 21:10:57:   RRA completed. 
INFO  @ Sat, 13 Mar 2021 21:10:57:    
INFO  @ Sat, 13 Mar 2021 21:10:57: End command message. 
DEBUG @ Sat, 13 Mar 2021 21:10:57: Sorting the merged items by positive selection... 
INFO  @ Sat, 13 Mar 2021 21:10:57: Loading top 10 genes from S7A_c0_t2.gene.low.txt: mKate2,ROSA26,CTRL,KRT20,AAVS1,LRIG1,CCR5,PROM1,SOX9,EGFP 
DEBUG @ Sat, 13 Mar 2021 21:10:57: Column index:3 
INFO  @ Sat, 13 Mar 2021 21:10:57: Loading top 10 genes from S7A_c0_t2.gene.high.txt: EGFP,SOX9,LRIG1,PROM1,ROSA26,KRT20,CCR5,CTRL,AAVS1,mKate2 
DEBUG @ Sat, 13 Mar 2021 21:10:57: Column index:9 
INFO  @ Sat, 13 Mar 2021 21:10:57: Running command: rm S7A_c0_t2.plow.txt 
INFO  @ Sat, 13 Mar 2021 21:10:57: Running command: rm S7A_c0_t2.phigh.txt 
INFO  @ Sat, 13 Mar 2021 21:10:57: Running command: rm S7A_c0_t2.gene.low.txt 
INFO  @ Sat, 13 Mar 2021 21:10:57: Running command: rm S7A_c0_t2.gene.high.txt 
