INFO  @ Sat, 13 Mar 2021 21:11:27: Parameters: /opt/anaconda3/bin/mageck test -k S7B.txt -t 2 -c 1 -n S7B_c1_t2 --norm-method total --sort-criteria pos 
INFO  @ Sat, 13 Mar 2021 21:11:27: Welcome to MAGeCK v0.5.9.4. Command: test 
INFO  @ Sat, 13 Mar 2021 21:11:27: Loading count table from S7B.txt  
INFO  @ Sat, 13 Mar 2021 21:11:27: Processing 1 lines.. 
DEBUG @ Sat, 13 Mar 2021 21:11:27: Parsing error in line 1 (usually the header line). Skip this line. 
INFO  @ Sat, 13 Mar 2021 21:11:27: Loaded 76 records. 
INFO  @ Sat, 13 Mar 2021 21:11:27: Loading Rnw template file: /opt/anaconda3/lib/python3.8/site-packages/mageck/test_report.Rmd. 
DEBUG @ Sat, 13 Mar 2021 21:11:27: Setting up the visualization module... 
INFO  @ Sat, 13 Mar 2021 21:11:27: Loading R template file: /opt/anaconda3/lib/python3.8/site-packages/mageck/plot_template.RTemplate. 
INFO  @ Sat, 13 Mar 2021 21:11:27: Loading R template file: /opt/anaconda3/lib/python3.8/site-packages/mageck/plot_template_indvgene.RTemplate. 
INFO  @ Sat, 13 Mar 2021 21:11:27: Loading Rnw template file: /opt/anaconda3/lib/python3.8/site-packages/mageck/plot_template.Rnw. 
DEBUG @ Sat, 13 Mar 2021 21:11:27: Setting up the visualization module... 
DEBUG @ Sat, 13 Mar 2021 21:11:27: Given sample labels: 2 
DEBUG @ Sat, 13 Mar 2021 21:11:27: Converted index: 2 
INFO  @ Sat, 13 Mar 2021 21:11:27: Treatment samples:2 
INFO  @ Sat, 13 Mar 2021 21:11:27: Treatment sample index:2 
DEBUG @ Sat, 13 Mar 2021 21:11:27: Given sample labels: 1 
DEBUG @ Sat, 13 Mar 2021 21:11:27: Converted index: 1 
INFO  @ Sat, 13 Mar 2021 21:11:27: Control samples:1 
INFO  @ Sat, 13 Mar 2021 21:11:27: Control sample index:1 
DEBUG @ Sat, 13 Mar 2021 21:11:27: Initial (total) size factor: 1.119446860845307 0.9035858695915353 
INFO  @ Sat, 13 Mar 2021 21:11:27: Final size factor: 1.119446860845307 0.9035858695915353 
INFO  @ Sat, 13 Mar 2021 21:11:27: Detecting outliers from variance estimation.. Avg read count:[1257.1427142386024], Var: [564170.0997958574] 
INFO  @ Sat, 13 Mar 2021 21:11:27: Skipping 1 sgRNAs from variance calculation because of their extreme high counts (> 4* STD (mean counts) ). 
DEBUG @ Sat, 13 Mar 2021 21:11:27: Adjusted model: 1.8360254626630221	0 
INFO  @ Sat, 13 Mar 2021 21:11:27: Before RRA, 0 sgRNAs are removed with zero counts in both group(s). 
INFO  @ Sat, 13 Mar 2021 21:11:27: Use qnorm to reversely calculate sgRNA scores ... 
DEBUG @ Sat, 13 Mar 2021 21:11:27: lower test FDR cutoff: 0.0 
DEBUG @ Sat, 13 Mar 2021 21:11:27: higher test FDR cutoff: 0.14473684210526316 
INFO  @ Sat, 13 Mar 2021 21:11:27: Running command: RRA -i S7B_c1_t2.plow.txt -o S7B_c1_t2.gene.low.txt -p 0.05 --skip-gene NA --skip-gene na  
INFO  @ Sat, 13 Mar 2021 21:11:27: Command message: 
INFO  @ Sat, 13 Mar 2021 21:11:27:   Welcome to RRA v 0.5.9. 
INFO  @ Sat, 13 Mar 2021 21:11:27:   Skipping gene NA for permutation ... 
INFO  @ Sat, 13 Mar 2021 21:11:27:   Skipping gene na for permutation ... 
INFO  @ Sat, 13 Mar 2021 21:11:27:   Reading input file... 
INFO  @ Sat, 13 Mar 2021 21:11:27:   Summary: 76 sgRNAs, 10 genes, 1 lists; skipped sgRNAs:0 
INFO  @ Sat, 13 Mar 2021 21:11:27:   Computing lo-values for each group... 
INFO  @ Sat, 13 Mar 2021 21:11:27:   Computing false discovery rate... 
INFO  @ Sat, 13 Mar 2021 21:11:27:   Increase the number of permutations to 10001 to get precise p values. To avoid this, use the --permutation option. 
INFO  @ Sat, 13 Mar 2021 21:11:27:   Permuting genes with 6 sgRNAs... 
INFO  @ Sat, 13 Mar 2021 21:11:27:   Permuting genes with 10 sgRNAs... 
INFO  @ Sat, 13 Mar 2021 21:11:27:   Number of genes under FDR adjustment: 10 
INFO  @ Sat, 13 Mar 2021 21:11:27:   Saving to output file... 
INFO  @ Sat, 13 Mar 2021 21:11:27:   RRA completed. 
INFO  @ Sat, 13 Mar 2021 21:11:27:    
INFO  @ Sat, 13 Mar 2021 21:11:27: End command message. 
INFO  @ Sat, 13 Mar 2021 21:11:27: Running command: RRA -i S7B_c1_t2.phigh.txt -o S7B_c1_t2.gene.high.txt -p 0.14473684210526316 --skip-gene NA --skip-gene na  
INFO  @ Sat, 13 Mar 2021 21:11:27: Command message: 
INFO  @ Sat, 13 Mar 2021 21:11:27:   Welcome to RRA v 0.5.9. 
INFO  @ Sat, 13 Mar 2021 21:11:27:   Skipping gene NA for permutation ... 
INFO  @ Sat, 13 Mar 2021 21:11:27:   Skipping gene na for permutation ... 
INFO  @ Sat, 13 Mar 2021 21:11:27:   Reading input file... 
INFO  @ Sat, 13 Mar 2021 21:11:27:   Summary: 76 sgRNAs, 10 genes, 1 lists; skipped sgRNAs:0 
INFO  @ Sat, 13 Mar 2021 21:11:27:   Computing lo-values for each group... 
INFO  @ Sat, 13 Mar 2021 21:11:27:   Computing false discovery rate... 
INFO  @ Sat, 13 Mar 2021 21:11:27:   Increase the number of permutations to 10001 to get precise p values. To avoid this, use the --permutation option. 
INFO  @ Sat, 13 Mar 2021 21:11:27:   Permuting genes with 6 sgRNAs... 
INFO  @ Sat, 13 Mar 2021 21:11:27:   Permuting genes with 10 sgRNAs... 
INFO  @ Sat, 13 Mar 2021 21:11:27:   Number of genes under FDR adjustment: 10 
INFO  @ Sat, 13 Mar 2021 21:11:27:   Saving to output file... 
INFO  @ Sat, 13 Mar 2021 21:11:27:   RRA completed. 
INFO  @ Sat, 13 Mar 2021 21:11:27:    
INFO  @ Sat, 13 Mar 2021 21:11:27: End command message. 
DEBUG @ Sat, 13 Mar 2021 21:11:27: Sorting the merged items by positive selection... 
INFO  @ Sat, 13 Mar 2021 21:11:27: Loading top 10 genes from S7B_c1_t2.gene.low.txt: SOX9,CCR5,AAVS1,ROSA26,LRIG1,PROM1,CTRL,EGFP,KRT20,mKate2 
DEBUG @ Sat, 13 Mar 2021 21:11:27: Column index:3 
INFO  @ Sat, 13 Mar 2021 21:11:27: Loading top 10 genes from S7B_c1_t2.gene.high.txt: mKate2,KRT20,EGFP,PROM1,SOX9,CTRL,LRIG1,CCR5,ROSA26,AAVS1 
DEBUG @ Sat, 13 Mar 2021 21:11:27: Column index:9 
INFO  @ Sat, 13 Mar 2021 21:11:27: Running command: rm S7B_c1_t2.plow.txt 
INFO  @ Sat, 13 Mar 2021 21:11:27: Running command: rm S7B_c1_t2.phigh.txt 
INFO  @ Sat, 13 Mar 2021 21:11:27: Running command: rm S7B_c1_t2.gene.low.txt 
INFO  @ Sat, 13 Mar 2021 21:11:27: Running command: rm S7B_c1_t2.gene.high.txt 
