INFO  @ Sat, 13 Mar 2021 21:23:04: Parameters: /opt/anaconda3/bin/mageck test -k S8A.txt -t 3 -c 1 -n S8A_c1_t3 --norm-method total --sort-criteria pos 
INFO  @ Sat, 13 Mar 2021 21:23:04: Welcome to MAGeCK v0.5.9.4. Command: test 
INFO  @ Sat, 13 Mar 2021 21:23:04: Loading count table from S8A.txt  
INFO  @ Sat, 13 Mar 2021 21:23:04: Processing 1 lines.. 
DEBUG @ Sat, 13 Mar 2021 21:23:04: Parsing error in line 1 (usually the header line). Skip this line. 
INFO  @ Sat, 13 Mar 2021 21:23:04: Loaded 76 records. 
INFO  @ Sat, 13 Mar 2021 21:23:04: Loading Rnw template file: /opt/anaconda3/lib/python3.8/site-packages/mageck/test_report.Rmd. 
DEBUG @ Sat, 13 Mar 2021 21:23:04: Setting up the visualization module... 
INFO  @ Sat, 13 Mar 2021 21:23:04: Loading R template file: /opt/anaconda3/lib/python3.8/site-packages/mageck/plot_template.RTemplate. 
INFO  @ Sat, 13 Mar 2021 21:23:04: Loading R template file: /opt/anaconda3/lib/python3.8/site-packages/mageck/plot_template_indvgene.RTemplate. 
INFO  @ Sat, 13 Mar 2021 21:23:04: Loading Rnw template file: /opt/anaconda3/lib/python3.8/site-packages/mageck/plot_template.Rnw. 
DEBUG @ Sat, 13 Mar 2021 21:23:04: Setting up the visualization module... 
DEBUG @ Sat, 13 Mar 2021 21:23:04: Given sample labels: 3 
DEBUG @ Sat, 13 Mar 2021 21:23:04: Converted index: 3 
INFO  @ Sat, 13 Mar 2021 21:23:04: Treatment samples:3 
INFO  @ Sat, 13 Mar 2021 21:23:04: Treatment sample index:3 
DEBUG @ Sat, 13 Mar 2021 21:23:04: Given sample labels: 1 
DEBUG @ Sat, 13 Mar 2021 21:23:04: Converted index: 1 
INFO  @ Sat, 13 Mar 2021 21:23:04: Control samples:1 
INFO  @ Sat, 13 Mar 2021 21:23:04: Control sample index:1 
DEBUG @ Sat, 13 Mar 2021 21:23:04: Initial (total) size factor: 0.9097825992547749 1.1100795896522855 
INFO  @ Sat, 13 Mar 2021 21:23:04: Final size factor: 0.9097825992547749 1.1100795896522855 
INFO  @ Sat, 13 Mar 2021 21:23:04: Detecting outliers from variance estimation.. Avg read count:[1318.7063614765605], Var: [521478.2657737666] 
INFO  @ Sat, 13 Mar 2021 21:23:04: Skipping 1 sgRNAs from variance calculation because of their extreme high counts (> 4* STD (mean counts) ). 
DEBUG @ Sat, 13 Mar 2021 21:23:04: Adjusted model: 2.483279993539418	0 
INFO  @ Sat, 13 Mar 2021 21:23:04: Before RRA, 0 sgRNAs are removed with zero counts in both group(s). 
INFO  @ Sat, 13 Mar 2021 21:23:04: Use qnorm to reversely calculate sgRNA scores ... 
DEBUG @ Sat, 13 Mar 2021 21:23:04: lower test FDR cutoff: 0.8421052631578947 
DEBUG @ Sat, 13 Mar 2021 21:23:04: higher test FDR cutoff: 0.11842105263157894 
INFO  @ Sat, 13 Mar 2021 21:23:04: Running command: RRA -i S8A_c1_t3.plow.txt -o S8A_c1_t3.gene.low.txt -p 0.5 --skip-gene NA --skip-gene na  
INFO  @ Sat, 13 Mar 2021 21:23:04: Command message: 
INFO  @ Sat, 13 Mar 2021 21:23:04:   Welcome to RRA v 0.5.9. 
INFO  @ Sat, 13 Mar 2021 21:23:04:   Skipping gene NA for permutation ... 
INFO  @ Sat, 13 Mar 2021 21:23:04:   Skipping gene na for permutation ... 
INFO  @ Sat, 13 Mar 2021 21:23:04:   Reading input file... 
INFO  @ Sat, 13 Mar 2021 21:23:04:   Summary: 76 sgRNAs, 10 genes, 1 lists; skipped sgRNAs:0 
INFO  @ Sat, 13 Mar 2021 21:23:04:   Computing lo-values for each group... 
INFO  @ Sat, 13 Mar 2021 21:23:04:   Computing false discovery rate... 
INFO  @ Sat, 13 Mar 2021 21:23:04:   Increase the number of permutations to 10001 to get precise p values. To avoid this, use the --permutation option. 
INFO  @ Sat, 13 Mar 2021 21:23:04:   Permuting genes with 6 sgRNAs... 
INFO  @ Sat, 13 Mar 2021 21:23:04:   Permuting genes with 10 sgRNAs... 
INFO  @ Sat, 13 Mar 2021 21:23:04:   Number of genes under FDR adjustment: 10 
INFO  @ Sat, 13 Mar 2021 21:23:04:   Saving to output file... 
INFO  @ Sat, 13 Mar 2021 21:23:04:   RRA completed. 
INFO  @ Sat, 13 Mar 2021 21:23:04:    
INFO  @ Sat, 13 Mar 2021 21:23:04: End command message. 
INFO  @ Sat, 13 Mar 2021 21:23:04: Running command: RRA -i S8A_c1_t3.phigh.txt -o S8A_c1_t3.gene.high.txt -p 0.11842105263157894 --skip-gene NA --skip-gene na  
INFO  @ Sat, 13 Mar 2021 21:23:04: Command message: 
INFO  @ Sat, 13 Mar 2021 21:23:04:   Welcome to RRA v 0.5.9. 
INFO  @ Sat, 13 Mar 2021 21:23:04:   Skipping gene NA for permutation ... 
INFO  @ Sat, 13 Mar 2021 21:23:04:   Skipping gene na for permutation ... 
INFO  @ Sat, 13 Mar 2021 21:23:04:   Reading input file... 
INFO  @ Sat, 13 Mar 2021 21:23:04:   Summary: 76 sgRNAs, 10 genes, 1 lists; skipped sgRNAs:0 
INFO  @ Sat, 13 Mar 2021 21:23:04:   Computing lo-values for each group... 
INFO  @ Sat, 13 Mar 2021 21:23:04:   Computing false discovery rate... 
INFO  @ Sat, 13 Mar 2021 21:23:04:   Increase the number of permutations to 10001 to get precise p values. To avoid this, use the --permutation option. 
INFO  @ Sat, 13 Mar 2021 21:23:04:   Permuting genes with 6 sgRNAs... 
INFO  @ Sat, 13 Mar 2021 21:23:04:   Permuting genes with 10 sgRNAs... 
INFO  @ Sat, 13 Mar 2021 21:23:04:   Number of genes under FDR adjustment: 10 
INFO  @ Sat, 13 Mar 2021 21:23:04:   Saving to output file... 
INFO  @ Sat, 13 Mar 2021 21:23:04:   RRA completed. 
INFO  @ Sat, 13 Mar 2021 21:23:04:    
INFO  @ Sat, 13 Mar 2021 21:23:04: End command message. 
DEBUG @ Sat, 13 Mar 2021 21:23:04: Sorting the merged items by positive selection... 
INFO  @ Sat, 13 Mar 2021 21:23:04: Loading top 10 genes from S8A_c1_t3.gene.low.txt: PROM1,ROSA26,LRIG1,CCR5,CTRL,SOX9,AAVS1,mKate2,EGFP,KRT20 
DEBUG @ Sat, 13 Mar 2021 21:23:04: Column index:3 
INFO  @ Sat, 13 Mar 2021 21:23:04: Loading top 10 genes from S8A_c1_t3.gene.high.txt: EGFP,KRT20,mKate2,SOX9,AAVS1,ROSA26,LRIG1,CCR5,CTRL,PROM1 
DEBUG @ Sat, 13 Mar 2021 21:23:04: Column index:9 
INFO  @ Sat, 13 Mar 2021 21:23:04: Running command: rm S8A_c1_t3.plow.txt 
INFO  @ Sat, 13 Mar 2021 21:23:04: Running command: rm S8A_c1_t3.phigh.txt 
INFO  @ Sat, 13 Mar 2021 21:23:04: Running command: rm S8A_c1_t3.gene.low.txt 
INFO  @ Sat, 13 Mar 2021 21:23:04: Running command: rm S8A_c1_t3.gene.high.txt 
