INFO  @ Sat, 13 Mar 2021 21:23:00: Parameters: /opt/anaconda3/bin/mageck test -k S8A.txt -t 2 -c 1 -n S8A_c1_t2 --norm-method total --sort-criteria pos 
INFO  @ Sat, 13 Mar 2021 21:23:00: Welcome to MAGeCK v0.5.9.4. Command: test 
INFO  @ Sat, 13 Mar 2021 21:23:00: Loading count table from S8A.txt  
INFO  @ Sat, 13 Mar 2021 21:23:00: Processing 1 lines.. 
DEBUG @ Sat, 13 Mar 2021 21:23:00: Parsing error in line 1 (usually the header line). Skip this line. 
INFO  @ Sat, 13 Mar 2021 21:23:00: Loaded 76 records. 
INFO  @ Sat, 13 Mar 2021 21:23:00: Loading Rnw template file: /opt/anaconda3/lib/python3.8/site-packages/mageck/test_report.Rmd. 
DEBUG @ Sat, 13 Mar 2021 21:23:00: Setting up the visualization module... 
INFO  @ Sat, 13 Mar 2021 21:23:00: Loading R template file: /opt/anaconda3/lib/python3.8/site-packages/mageck/plot_template.RTemplate. 
INFO  @ Sat, 13 Mar 2021 21:23:00: Loading R template file: /opt/anaconda3/lib/python3.8/site-packages/mageck/plot_template_indvgene.RTemplate. 
INFO  @ Sat, 13 Mar 2021 21:23:00: Loading Rnw template file: /opt/anaconda3/lib/python3.8/site-packages/mageck/plot_template.Rnw. 
DEBUG @ Sat, 13 Mar 2021 21:23:00: Setting up the visualization module... 
DEBUG @ Sat, 13 Mar 2021 21:23:00: Given sample labels: 2 
DEBUG @ Sat, 13 Mar 2021 21:23:00: Converted index: 2 
INFO  @ Sat, 13 Mar 2021 21:23:00: Treatment samples:2 
INFO  @ Sat, 13 Mar 2021 21:23:00: Treatment sample index:2 
DEBUG @ Sat, 13 Mar 2021 21:23:00: Given sample labels: 1 
DEBUG @ Sat, 13 Mar 2021 21:23:00: Converted index: 1 
INFO  @ Sat, 13 Mar 2021 21:23:00: Control samples:1 
INFO  @ Sat, 13 Mar 2021 21:23:00: Control sample index:1 
DEBUG @ Sat, 13 Mar 2021 21:23:00: Initial (total) size factor: 1.052843233477804 0.952207759561983 
INFO  @ Sat, 13 Mar 2021 21:23:00: Final size factor: 1.052843233477804 0.952207759561983 
INFO  @ Sat, 13 Mar 2021 21:23:00: Detecting outliers from variance estimation.. Avg read count:[1497.71854163413], Var: [718119.676343554] 
INFO  @ Sat, 13 Mar 2021 21:23:00: Skipping 1 sgRNAs from variance calculation because of their extreme high counts (> 4* STD (mean counts) ). 
DEBUG @ Sat, 13 Mar 2021 21:23:00: Adjusted model: 2.299476234807681	0 
INFO  @ Sat, 13 Mar 2021 21:23:00: Before RRA, 0 sgRNAs are removed with zero counts in both group(s). 
INFO  @ Sat, 13 Mar 2021 21:23:00: Use qnorm to reversely calculate sgRNA scores ... 
DEBUG @ Sat, 13 Mar 2021 21:23:00: lower test FDR cutoff: 0.8421052631578947 
DEBUG @ Sat, 13 Mar 2021 21:23:00: higher test FDR cutoff: 0.15789473684210525 
INFO  @ Sat, 13 Mar 2021 21:23:00: Running command: RRA -i S8A_c1_t2.plow.txt -o S8A_c1_t2.gene.low.txt -p 0.5 --skip-gene NA --skip-gene na  
INFO  @ Sat, 13 Mar 2021 21:23:00: Command message: 
INFO  @ Sat, 13 Mar 2021 21:23:00:   Welcome to RRA v 0.5.9. 
INFO  @ Sat, 13 Mar 2021 21:23:00:   Skipping gene NA for permutation ... 
INFO  @ Sat, 13 Mar 2021 21:23:00:   Skipping gene na for permutation ... 
INFO  @ Sat, 13 Mar 2021 21:23:00:   Reading input file... 
INFO  @ Sat, 13 Mar 2021 21:23:00:   Summary: 76 sgRNAs, 10 genes, 1 lists; skipped sgRNAs:0 
INFO  @ Sat, 13 Mar 2021 21:23:00:   Computing lo-values for each group... 
INFO  @ Sat, 13 Mar 2021 21:23:00:   Computing false discovery rate... 
INFO  @ Sat, 13 Mar 2021 21:23:00:   Increase the number of permutations to 10001 to get precise p values. To avoid this, use the --permutation option. 
INFO  @ Sat, 13 Mar 2021 21:23:00:   Permuting genes with 6 sgRNAs... 
INFO  @ Sat, 13 Mar 2021 21:23:00:   Permuting genes with 10 sgRNAs... 
INFO  @ Sat, 13 Mar 2021 21:23:00:   Number of genes under FDR adjustment: 10 
INFO  @ Sat, 13 Mar 2021 21:23:00:   Saving to output file... 
INFO  @ Sat, 13 Mar 2021 21:23:00:   RRA completed. 
INFO  @ Sat, 13 Mar 2021 21:23:00:    
INFO  @ Sat, 13 Mar 2021 21:23:00: End command message. 
INFO  @ Sat, 13 Mar 2021 21:23:00: Running command: RRA -i S8A_c1_t2.phigh.txt -o S8A_c1_t2.gene.high.txt -p 0.15789473684210525 --skip-gene NA --skip-gene na  
INFO  @ Sat, 13 Mar 2021 21:23:00: Command message: 
INFO  @ Sat, 13 Mar 2021 21:23:00:   Welcome to RRA v 0.5.9. 
INFO  @ Sat, 13 Mar 2021 21:23:00:   Skipping gene NA for permutation ... 
INFO  @ Sat, 13 Mar 2021 21:23:00:   Skipping gene na for permutation ... 
INFO  @ Sat, 13 Mar 2021 21:23:00:   Reading input file... 
INFO  @ Sat, 13 Mar 2021 21:23:00:   Summary: 76 sgRNAs, 10 genes, 1 lists; skipped sgRNAs:0 
INFO  @ Sat, 13 Mar 2021 21:23:00:   Computing lo-values for each group... 
INFO  @ Sat, 13 Mar 2021 21:23:00:   Computing false discovery rate... 
INFO  @ Sat, 13 Mar 2021 21:23:00:   Increase the number of permutations to 10001 to get precise p values. To avoid this, use the --permutation option. 
INFO  @ Sat, 13 Mar 2021 21:23:00:   Permuting genes with 6 sgRNAs... 
INFO  @ Sat, 13 Mar 2021 21:23:00:   Permuting genes with 10 sgRNAs... 
INFO  @ Sat, 13 Mar 2021 21:23:00:   Number of genes under FDR adjustment: 10 
INFO  @ Sat, 13 Mar 2021 21:23:00:   Saving to output file... 
INFO  @ Sat, 13 Mar 2021 21:23:00:   RRA completed. 
INFO  @ Sat, 13 Mar 2021 21:23:00:    
INFO  @ Sat, 13 Mar 2021 21:23:00: End command message. 
DEBUG @ Sat, 13 Mar 2021 21:23:00: Sorting the merged items by positive selection... 
INFO  @ Sat, 13 Mar 2021 21:23:00: Loading top 10 genes from S8A_c1_t2.gene.low.txt: ROSA26,CCR5,LRIG1,CTRL,PROM1,AAVS1,SOX9,mKate2,EGFP,KRT20 
DEBUG @ Sat, 13 Mar 2021 21:23:00: Column index:3 
INFO  @ Sat, 13 Mar 2021 21:23:00: Loading top 10 genes from S8A_c1_t2.gene.high.txt: EGFP,KRT20,mKate2,SOX9,AAVS1,PROM1,LRIG1,ROSA26,CTRL,CCR5 
DEBUG @ Sat, 13 Mar 2021 21:23:00: Column index:9 
INFO  @ Sat, 13 Mar 2021 21:23:00: Running command: rm S8A_c1_t2.plow.txt 
INFO  @ Sat, 13 Mar 2021 21:23:00: Running command: rm S8A_c1_t2.phigh.txt 
INFO  @ Sat, 13 Mar 2021 21:23:00: Running command: rm S8A_c1_t2.gene.low.txt 
INFO  @ Sat, 13 Mar 2021 21:23:00: Running command: rm S8A_c1_t2.gene.high.txt 
