INFO  @ Sat, 13 Mar 2021 21:23:22: Parameters: /opt/anaconda3/bin/mageck test -k S8B.txt -t 2 -c 1 -n S8B_c1_t2 --norm-method total --sort-criteria pos 
INFO  @ Sat, 13 Mar 2021 21:23:22: Welcome to MAGeCK v0.5.9.4. Command: test 
INFO  @ Sat, 13 Mar 2021 21:23:22: Loading count table from S8B.txt  
INFO  @ Sat, 13 Mar 2021 21:23:22: Processing 1 lines.. 
DEBUG @ Sat, 13 Mar 2021 21:23:22: Parsing error in line 1 (usually the header line). Skip this line. 
INFO  @ Sat, 13 Mar 2021 21:23:22: Loaded 76 records. 
INFO  @ Sat, 13 Mar 2021 21:23:22: Loading Rnw template file: /opt/anaconda3/lib/python3.8/site-packages/mageck/test_report.Rmd. 
DEBUG @ Sat, 13 Mar 2021 21:23:22: Setting up the visualization module... 
INFO  @ Sat, 13 Mar 2021 21:23:22: Loading R template file: /opt/anaconda3/lib/python3.8/site-packages/mageck/plot_template.RTemplate. 
INFO  @ Sat, 13 Mar 2021 21:23:22: Loading R template file: /opt/anaconda3/lib/python3.8/site-packages/mageck/plot_template_indvgene.RTemplate. 
INFO  @ Sat, 13 Mar 2021 21:23:22: Loading Rnw template file: /opt/anaconda3/lib/python3.8/site-packages/mageck/plot_template.Rnw. 
DEBUG @ Sat, 13 Mar 2021 21:23:22: Setting up the visualization module... 
DEBUG @ Sat, 13 Mar 2021 21:23:22: Given sample labels: 2 
DEBUG @ Sat, 13 Mar 2021 21:23:22: Converted index: 2 
INFO  @ Sat, 13 Mar 2021 21:23:22: Treatment samples:2 
INFO  @ Sat, 13 Mar 2021 21:23:22: Treatment sample index:2 
DEBUG @ Sat, 13 Mar 2021 21:23:22: Given sample labels: 1 
DEBUG @ Sat, 13 Mar 2021 21:23:22: Converted index: 1 
INFO  @ Sat, 13 Mar 2021 21:23:22: Control samples:1 
INFO  @ Sat, 13 Mar 2021 21:23:22: Control sample index:1 
DEBUG @ Sat, 13 Mar 2021 21:23:22: Initial (total) size factor: 1.0191964884063798 0.9815132721088874 
INFO  @ Sat, 13 Mar 2021 21:23:22: Final size factor: 1.0191964884063798 0.9815132721088874 
INFO  @ Sat, 13 Mar 2021 21:23:22: Detecting outliers from variance estimation.. Avg read count:[1785.0975854019343], Var: [1038632.8508209052] 
INFO  @ Sat, 13 Mar 2021 21:23:22: Skipping 1 sgRNAs from variance calculation because of their extreme high counts (> 4* STD (mean counts) ). 
DEBUG @ Sat, 13 Mar 2021 21:23:22: Adjusted model: 2.4869561004921388	0 
INFO  @ Sat, 13 Mar 2021 21:23:22: Before RRA, 0 sgRNAs are removed with zero counts in both group(s). 
INFO  @ Sat, 13 Mar 2021 21:23:22: Use qnorm to reversely calculate sgRNA scores ... 
DEBUG @ Sat, 13 Mar 2021 21:23:22: lower test FDR cutoff: 0.8552631578947368 
DEBUG @ Sat, 13 Mar 2021 21:23:22: higher test FDR cutoff: 0.07894736842105263 
INFO  @ Sat, 13 Mar 2021 21:23:22: Running command: RRA -i S8B_c1_t2.plow.txt -o S8B_c1_t2.gene.low.txt -p 0.5 --skip-gene NA --skip-gene na  
INFO  @ Sat, 13 Mar 2021 21:23:22: Command message: 
INFO  @ Sat, 13 Mar 2021 21:23:22:   Welcome to RRA v 0.5.9. 
INFO  @ Sat, 13 Mar 2021 21:23:22:   Skipping gene NA for permutation ... 
INFO  @ Sat, 13 Mar 2021 21:23:22:   Skipping gene na for permutation ... 
INFO  @ Sat, 13 Mar 2021 21:23:22:   Reading input file... 
INFO  @ Sat, 13 Mar 2021 21:23:22:   Summary: 76 sgRNAs, 10 genes, 1 lists; skipped sgRNAs:0 
INFO  @ Sat, 13 Mar 2021 21:23:22:   Computing lo-values for each group... 
INFO  @ Sat, 13 Mar 2021 21:23:22:   Computing false discovery rate... 
INFO  @ Sat, 13 Mar 2021 21:23:22:   Increase the number of permutations to 10001 to get precise p values. To avoid this, use the --permutation option. 
INFO  @ Sat, 13 Mar 2021 21:23:22:   Permuting genes with 6 sgRNAs... 
INFO  @ Sat, 13 Mar 2021 21:23:22:   Permuting genes with 10 sgRNAs... 
INFO  @ Sat, 13 Mar 2021 21:23:22:   Number of genes under FDR adjustment: 10 
INFO  @ Sat, 13 Mar 2021 21:23:22:   Saving to output file... 
INFO  @ Sat, 13 Mar 2021 21:23:22:   RRA completed. 
INFO  @ Sat, 13 Mar 2021 21:23:22:    
INFO  @ Sat, 13 Mar 2021 21:23:22: End command message. 
INFO  @ Sat, 13 Mar 2021 21:23:22: Running command: RRA -i S8B_c1_t2.phigh.txt -o S8B_c1_t2.gene.high.txt -p 0.07894736842105263 --skip-gene NA --skip-gene na  
INFO  @ Sat, 13 Mar 2021 21:23:22: Command message: 
INFO  @ Sat, 13 Mar 2021 21:23:22:   Welcome to RRA v 0.5.9. 
INFO  @ Sat, 13 Mar 2021 21:23:22:   Skipping gene NA for permutation ... 
INFO  @ Sat, 13 Mar 2021 21:23:22:   Skipping gene na for permutation ... 
INFO  @ Sat, 13 Mar 2021 21:23:22:   Reading input file... 
INFO  @ Sat, 13 Mar 2021 21:23:22:   Summary: 76 sgRNAs, 10 genes, 1 lists; skipped sgRNAs:0 
INFO  @ Sat, 13 Mar 2021 21:23:22:   Computing lo-values for each group... 
INFO  @ Sat, 13 Mar 2021 21:23:22:   Computing false discovery rate... 
INFO  @ Sat, 13 Mar 2021 21:23:22:   Increase the number of permutations to 10001 to get precise p values. To avoid this, use the --permutation option. 
INFO  @ Sat, 13 Mar 2021 21:23:22:   Permuting genes with 6 sgRNAs... 
INFO  @ Sat, 13 Mar 2021 21:23:22:   Permuting genes with 10 sgRNAs... 
INFO  @ Sat, 13 Mar 2021 21:23:22:   Number of genes under FDR adjustment: 10 
INFO  @ Sat, 13 Mar 2021 21:23:22:   Saving to output file... 
INFO  @ Sat, 13 Mar 2021 21:23:22:   RRA completed. 
INFO  @ Sat, 13 Mar 2021 21:23:22:    
INFO  @ Sat, 13 Mar 2021 21:23:22: End command message. 
DEBUG @ Sat, 13 Mar 2021 21:23:22: Sorting the merged items by positive selection... 
INFO  @ Sat, 13 Mar 2021 21:23:22: Loading top 10 genes from S8B_c1_t2.gene.low.txt: PROM1,EGFP,ROSA26,LRIG1,CTRL,AAVS1,KRT20,CCR5,SOX9,mKate2 
DEBUG @ Sat, 13 Mar 2021 21:23:22: Column index:3 
INFO  @ Sat, 13 Mar 2021 21:23:22: Loading top 10 genes from S8B_c1_t2.gene.high.txt: mKate2,SOX9,KRT20,LRIG1,CCR5,ROSA26,AAVS1,CTRL,PROM1,EGFP 
DEBUG @ Sat, 13 Mar 2021 21:23:22: Column index:9 
INFO  @ Sat, 13 Mar 2021 21:23:22: Running command: rm S8B_c1_t2.plow.txt 
INFO  @ Sat, 13 Mar 2021 21:23:22: Running command: rm S8B_c1_t2.phigh.txt 
INFO  @ Sat, 13 Mar 2021 21:23:22: Running command: rm S8B_c1_t2.gene.low.txt 
INFO  @ Sat, 13 Mar 2021 21:23:22: Running command: rm S8B_c1_t2.gene.high.txt 
