INFO  @ Sat, 13 Mar 2021 21:23:25: Parameters: /opt/anaconda3/bin/mageck test -k S8B.txt -t 3 -c 1 -n S8B_c1_t3 --norm-method total --sort-criteria pos 
INFO  @ Sat, 13 Mar 2021 21:23:25: Welcome to MAGeCK v0.5.9.4. Command: test 
INFO  @ Sat, 13 Mar 2021 21:23:25: Loading count table from S8B.txt  
INFO  @ Sat, 13 Mar 2021 21:23:25: Processing 1 lines.. 
DEBUG @ Sat, 13 Mar 2021 21:23:25: Parsing error in line 1 (usually the header line). Skip this line. 
INFO  @ Sat, 13 Mar 2021 21:23:25: Loaded 76 records. 
INFO  @ Sat, 13 Mar 2021 21:23:25: Loading Rnw template file: /opt/anaconda3/lib/python3.8/site-packages/mageck/test_report.Rmd. 
DEBUG @ Sat, 13 Mar 2021 21:23:25: Setting up the visualization module... 
INFO  @ Sat, 13 Mar 2021 21:23:25: Loading R template file: /opt/anaconda3/lib/python3.8/site-packages/mageck/plot_template.RTemplate. 
INFO  @ Sat, 13 Mar 2021 21:23:25: Loading R template file: /opt/anaconda3/lib/python3.8/site-packages/mageck/plot_template_indvgene.RTemplate. 
INFO  @ Sat, 13 Mar 2021 21:23:25: Loading Rnw template file: /opt/anaconda3/lib/python3.8/site-packages/mageck/plot_template.Rnw. 
DEBUG @ Sat, 13 Mar 2021 21:23:25: Setting up the visualization module... 
DEBUG @ Sat, 13 Mar 2021 21:23:25: Given sample labels: 3 
DEBUG @ Sat, 13 Mar 2021 21:23:25: Converted index: 3 
INFO  @ Sat, 13 Mar 2021 21:23:25: Treatment samples:3 
INFO  @ Sat, 13 Mar 2021 21:23:25: Treatment sample index:3 
DEBUG @ Sat, 13 Mar 2021 21:23:25: Given sample labels: 1 
DEBUG @ Sat, 13 Mar 2021 21:23:25: Converted index: 1 
INFO  @ Sat, 13 Mar 2021 21:23:25: Control samples:1 
INFO  @ Sat, 13 Mar 2021 21:23:25: Control sample index:1 
DEBUG @ Sat, 13 Mar 2021 21:23:25: Initial (total) size factor: 0.9460327033909663 1.060497017593942 
INFO  @ Sat, 13 Mar 2021 21:23:25: Final size factor: 0.9460327033909663 1.060497017593942 
INFO  @ Sat, 13 Mar 2021 21:23:25: Detecting outliers from variance estimation.. Avg read count:[1722.1264203871751], Var: [871451.5255395778] 
INFO  @ Sat, 13 Mar 2021 21:23:25: Skipping 1 sgRNAs from variance calculation because of their extreme high counts (> 4* STD (mean counts) ). 
DEBUG @ Sat, 13 Mar 2021 21:23:25: Adjusted model: 2.3641721175502557	0 
INFO  @ Sat, 13 Mar 2021 21:23:25: Before RRA, 0 sgRNAs are removed with zero counts in both group(s). 
INFO  @ Sat, 13 Mar 2021 21:23:25: Use qnorm to reversely calculate sgRNA scores ... 
DEBUG @ Sat, 13 Mar 2021 21:23:25: lower test FDR cutoff: 0.8552631578947368 
DEBUG @ Sat, 13 Mar 2021 21:23:25: higher test FDR cutoff: 0.07894736842105263 
INFO  @ Sat, 13 Mar 2021 21:23:25: Running command: RRA -i S8B_c1_t3.plow.txt -o S8B_c1_t3.gene.low.txt -p 0.5 --skip-gene NA --skip-gene na  
INFO  @ Sat, 13 Mar 2021 21:23:25: Command message: 
INFO  @ Sat, 13 Mar 2021 21:23:25:   Welcome to RRA v 0.5.9. 
INFO  @ Sat, 13 Mar 2021 21:23:25:   Skipping gene NA for permutation ... 
INFO  @ Sat, 13 Mar 2021 21:23:25:   Skipping gene na for permutation ... 
INFO  @ Sat, 13 Mar 2021 21:23:25:   Reading input file... 
INFO  @ Sat, 13 Mar 2021 21:23:25:   Summary: 76 sgRNAs, 10 genes, 1 lists; skipped sgRNAs:0 
INFO  @ Sat, 13 Mar 2021 21:23:25:   Computing lo-values for each group... 
INFO  @ Sat, 13 Mar 2021 21:23:25:   Computing false discovery rate... 
INFO  @ Sat, 13 Mar 2021 21:23:25:   Increase the number of permutations to 10001 to get precise p values. To avoid this, use the --permutation option. 
INFO  @ Sat, 13 Mar 2021 21:23:25:   Permuting genes with 6 sgRNAs... 
INFO  @ Sat, 13 Mar 2021 21:23:25:   Permuting genes with 10 sgRNAs... 
INFO  @ Sat, 13 Mar 2021 21:23:25:   Number of genes under FDR adjustment: 10 
INFO  @ Sat, 13 Mar 2021 21:23:25:   Saving to output file... 
INFO  @ Sat, 13 Mar 2021 21:23:25:   RRA completed. 
INFO  @ Sat, 13 Mar 2021 21:23:25:    
INFO  @ Sat, 13 Mar 2021 21:23:25: End command message. 
INFO  @ Sat, 13 Mar 2021 21:23:25: Running command: RRA -i S8B_c1_t3.phigh.txt -o S8B_c1_t3.gene.high.txt -p 0.07894736842105263 --skip-gene NA --skip-gene na  
INFO  @ Sat, 13 Mar 2021 21:23:25: Command message: 
INFO  @ Sat, 13 Mar 2021 21:23:25:   Welcome to RRA v 0.5.9. 
INFO  @ Sat, 13 Mar 2021 21:23:25:   Skipping gene NA for permutation ... 
INFO  @ Sat, 13 Mar 2021 21:23:25:   Skipping gene na for permutation ... 
INFO  @ Sat, 13 Mar 2021 21:23:25:   Reading input file... 
INFO  @ Sat, 13 Mar 2021 21:23:25:   Summary: 76 sgRNAs, 10 genes, 1 lists; skipped sgRNAs:0 
INFO  @ Sat, 13 Mar 2021 21:23:25:   Computing lo-values for each group... 
INFO  @ Sat, 13 Mar 2021 21:23:25:   Computing false discovery rate... 
INFO  @ Sat, 13 Mar 2021 21:23:25:   Increase the number of permutations to 10001 to get precise p values. To avoid this, use the --permutation option. 
INFO  @ Sat, 13 Mar 2021 21:23:25:   Permuting genes with 6 sgRNAs... 
INFO  @ Sat, 13 Mar 2021 21:23:25:   Permuting genes with 10 sgRNAs... 
INFO  @ Sat, 13 Mar 2021 21:23:25:   Number of genes under FDR adjustment: 10 
INFO  @ Sat, 13 Mar 2021 21:23:25:   Saving to output file... 
INFO  @ Sat, 13 Mar 2021 21:23:25:   RRA completed. 
INFO  @ Sat, 13 Mar 2021 21:23:25:    
INFO  @ Sat, 13 Mar 2021 21:23:25: End command message. 
DEBUG @ Sat, 13 Mar 2021 21:23:25: Sorting the merged items by positive selection... 
INFO  @ Sat, 13 Mar 2021 21:23:25: Loading top 10 genes from S8B_c1_t3.gene.low.txt: EGFP,CTRL,ROSA26,PROM1,LRIG1,CCR5,AAVS1,KRT20,SOX9,mKate2 
DEBUG @ Sat, 13 Mar 2021 21:23:25: Column index:3 
INFO  @ Sat, 13 Mar 2021 21:23:25: Loading top 10 genes from S8B_c1_t3.gene.high.txt: mKate2,SOX9,EGFP,KRT20,LRIG1,CCR5,ROSA26,AAVS1,PROM1,CTRL 
DEBUG @ Sat, 13 Mar 2021 21:23:25: Column index:9 
INFO  @ Sat, 13 Mar 2021 21:23:25: Running command: rm S8B_c1_t3.plow.txt 
INFO  @ Sat, 13 Mar 2021 21:23:25: Running command: rm S8B_c1_t3.phigh.txt 
INFO  @ Sat, 13 Mar 2021 21:23:25: Running command: rm S8B_c1_t3.gene.low.txt 
INFO  @ Sat, 13 Mar 2021 21:23:25: Running command: rm S8B_c1_t3.gene.high.txt 
