INFO  @ Sat, 13 Mar 2021 21:23:17: Parameters: /opt/anaconda3/bin/mageck test -k S8B.txt -t 3 -c 0 -n S8B_c0_t3 --norm-method total --sort-criteria pos 
INFO  @ Sat, 13 Mar 2021 21:23:17: Welcome to MAGeCK v0.5.9.4. Command: test 
INFO  @ Sat, 13 Mar 2021 21:23:17: Loading count table from S8B.txt  
INFO  @ Sat, 13 Mar 2021 21:23:17: Processing 1 lines.. 
DEBUG @ Sat, 13 Mar 2021 21:23:17: Parsing error in line 1 (usually the header line). Skip this line. 
INFO  @ Sat, 13 Mar 2021 21:23:17: Loaded 76 records. 
INFO  @ Sat, 13 Mar 2021 21:23:17: Loading Rnw template file: /opt/anaconda3/lib/python3.8/site-packages/mageck/test_report.Rmd. 
DEBUG @ Sat, 13 Mar 2021 21:23:17: Setting up the visualization module... 
INFO  @ Sat, 13 Mar 2021 21:23:17: Loading R template file: /opt/anaconda3/lib/python3.8/site-packages/mageck/plot_template.RTemplate. 
INFO  @ Sat, 13 Mar 2021 21:23:17: Loading R template file: /opt/anaconda3/lib/python3.8/site-packages/mageck/plot_template_indvgene.RTemplate. 
INFO  @ Sat, 13 Mar 2021 21:23:17: Loading Rnw template file: /opt/anaconda3/lib/python3.8/site-packages/mageck/plot_template.Rnw. 
DEBUG @ Sat, 13 Mar 2021 21:23:17: Setting up the visualization module... 
DEBUG @ Sat, 13 Mar 2021 21:23:17: Given sample labels: 3 
DEBUG @ Sat, 13 Mar 2021 21:23:17: Converted index: 3 
INFO  @ Sat, 13 Mar 2021 21:23:17: Treatment samples:3 
INFO  @ Sat, 13 Mar 2021 21:23:17: Treatment sample index:3 
DEBUG @ Sat, 13 Mar 2021 21:23:17: Given sample labels: 0 
DEBUG @ Sat, 13 Mar 2021 21:23:17: Converted index: 0 
INFO  @ Sat, 13 Mar 2021 21:23:17: Control samples:0 
INFO  @ Sat, 13 Mar 2021 21:23:17: Control sample index:0 
DEBUG @ Sat, 13 Mar 2021 21:23:17: Initial (total) size factor: 0.9091786548629042 1.110980062202323 
INFO  @ Sat, 13 Mar 2021 21:23:17: Final size factor: 0.9091786548629042 1.110980062202323 
INFO  @ Sat, 13 Mar 2021 21:23:17: Detecting outliers from variance estimation.. Avg read count:[1762.052534869025], Var: [920436.0682830501] 
INFO  @ Sat, 13 Mar 2021 21:23:17: Skipping 1 sgRNAs from variance calculation because of their extreme high counts (> 4* STD (mean counts) ). 
DEBUG @ Sat, 13 Mar 2021 21:23:17: Adjusted model: 2.3411453384557777	0 
INFO  @ Sat, 13 Mar 2021 21:23:17: Before RRA, 0 sgRNAs are removed with zero counts in both group(s). 
INFO  @ Sat, 13 Mar 2021 21:23:17: Use qnorm to reversely calculate sgRNA scores ... 
DEBUG @ Sat, 13 Mar 2021 21:23:17: lower test FDR cutoff: 0.8552631578947368 
DEBUG @ Sat, 13 Mar 2021 21:23:17: higher test FDR cutoff: 0.06578947368421052 
INFO  @ Sat, 13 Mar 2021 21:23:17: Running command: RRA -i S8B_c0_t3.plow.txt -o S8B_c0_t3.gene.low.txt -p 0.5 --skip-gene NA --skip-gene na  
INFO  @ Sat, 13 Mar 2021 21:23:18: Command message: 
INFO  @ Sat, 13 Mar 2021 21:23:18:   Welcome to RRA v 0.5.9. 
INFO  @ Sat, 13 Mar 2021 21:23:18:   Skipping gene NA for permutation ... 
INFO  @ Sat, 13 Mar 2021 21:23:18:   Skipping gene na for permutation ... 
INFO  @ Sat, 13 Mar 2021 21:23:18:   Reading input file... 
INFO  @ Sat, 13 Mar 2021 21:23:18:   Summary: 76 sgRNAs, 10 genes, 1 lists; skipped sgRNAs:0 
INFO  @ Sat, 13 Mar 2021 21:23:18:   Computing lo-values for each group... 
INFO  @ Sat, 13 Mar 2021 21:23:18:   Computing false discovery rate... 
INFO  @ Sat, 13 Mar 2021 21:23:18:   Increase the number of permutations to 10001 to get precise p values. To avoid this, use the --permutation option. 
INFO  @ Sat, 13 Mar 2021 21:23:18:   Permuting genes with 6 sgRNAs... 
INFO  @ Sat, 13 Mar 2021 21:23:18:   Permuting genes with 10 sgRNAs... 
INFO  @ Sat, 13 Mar 2021 21:23:18:   Number of genes under FDR adjustment: 10 
INFO  @ Sat, 13 Mar 2021 21:23:18:   Saving to output file... 
INFO  @ Sat, 13 Mar 2021 21:23:18:   RRA completed. 
INFO  @ Sat, 13 Mar 2021 21:23:18:    
INFO  @ Sat, 13 Mar 2021 21:23:18: End command message. 
INFO  @ Sat, 13 Mar 2021 21:23:18: Running command: RRA -i S8B_c0_t3.phigh.txt -o S8B_c0_t3.gene.high.txt -p 0.06578947368421052 --skip-gene NA --skip-gene na  
INFO  @ Sat, 13 Mar 2021 21:23:18: Command message: 
INFO  @ Sat, 13 Mar 2021 21:23:18:   Welcome to RRA v 0.5.9. 
INFO  @ Sat, 13 Mar 2021 21:23:18:   Skipping gene NA for permutation ... 
INFO  @ Sat, 13 Mar 2021 21:23:18:   Skipping gene na for permutation ... 
INFO  @ Sat, 13 Mar 2021 21:23:18:   Reading input file... 
INFO  @ Sat, 13 Mar 2021 21:23:18:   Summary: 76 sgRNAs, 10 genes, 1 lists; skipped sgRNAs:0 
INFO  @ Sat, 13 Mar 2021 21:23:18:   Computing lo-values for each group... 
INFO  @ Sat, 13 Mar 2021 21:23:18:   Computing false discovery rate... 
INFO  @ Sat, 13 Mar 2021 21:23:18:   Increase the number of permutations to 10001 to get precise p values. To avoid this, use the --permutation option. 
INFO  @ Sat, 13 Mar 2021 21:23:18:   Permuting genes with 6 sgRNAs... 
INFO  @ Sat, 13 Mar 2021 21:23:18:   Permuting genes with 10 sgRNAs... 
INFO  @ Sat, 13 Mar 2021 21:23:18:   Number of genes under FDR adjustment: 10 
INFO  @ Sat, 13 Mar 2021 21:23:18:   Saving to output file... 
INFO  @ Sat, 13 Mar 2021 21:23:18:   RRA completed. 
INFO  @ Sat, 13 Mar 2021 21:23:18:    
INFO  @ Sat, 13 Mar 2021 21:23:18: End command message. 
DEBUG @ Sat, 13 Mar 2021 21:23:18: Sorting the merged items by positive selection... 
INFO  @ Sat, 13 Mar 2021 21:23:18: Loading top 10 genes from S8B_c0_t3.gene.low.txt: LRIG1,ROSA26,EGFP,PROM1,CTRL,CCR5,AAVS1,KRT20,SOX9,mKate2 
DEBUG @ Sat, 13 Mar 2021 21:23:18: Column index:3 
INFO  @ Sat, 13 Mar 2021 21:23:18: Loading top 10 genes from S8B_c0_t3.gene.high.txt: mKate2,SOX9,EGFP,PROM1,ROSA26,CCR5,LRIG1,AAVS1,KRT20,CTRL 
DEBUG @ Sat, 13 Mar 2021 21:23:18: Column index:9 
INFO  @ Sat, 13 Mar 2021 21:23:18: Running command: rm S8B_c0_t3.plow.txt 
INFO  @ Sat, 13 Mar 2021 21:23:18: Running command: rm S8B_c0_t3.phigh.txt 
INFO  @ Sat, 13 Mar 2021 21:23:18: Running command: rm S8B_c0_t3.gene.low.txt 
INFO  @ Sat, 13 Mar 2021 21:23:18: Running command: rm S8B_c0_t3.gene.high.txt 
