INFO  @ Sat, 13 Mar 2021 21:23:14: Parameters: /opt/anaconda3/bin/mageck test -k S8B.txt -t 2 -c 0 -n S8B_c0_t2 --norm-method total --sort-criteria pos 
INFO  @ Sat, 13 Mar 2021 21:23:14: Welcome to MAGeCK v0.5.9.4. Command: test 
INFO  @ Sat, 13 Mar 2021 21:23:14: Loading count table from S8B.txt  
INFO  @ Sat, 13 Mar 2021 21:23:14: Processing 1 lines.. 
DEBUG @ Sat, 13 Mar 2021 21:23:14: Parsing error in line 1 (usually the header line). Skip this line. 
INFO  @ Sat, 13 Mar 2021 21:23:14: Loaded 76 records. 
INFO  @ Sat, 13 Mar 2021 21:23:14: Loading Rnw template file: /opt/anaconda3/lib/python3.8/site-packages/mageck/test_report.Rmd. 
DEBUG @ Sat, 13 Mar 2021 21:23:14: Setting up the visualization module... 
INFO  @ Sat, 13 Mar 2021 21:23:14: Loading R template file: /opt/anaconda3/lib/python3.8/site-packages/mageck/plot_template.RTemplate. 
INFO  @ Sat, 13 Mar 2021 21:23:14: Loading R template file: /opt/anaconda3/lib/python3.8/site-packages/mageck/plot_template_indvgene.RTemplate. 
INFO  @ Sat, 13 Mar 2021 21:23:14: Loading Rnw template file: /opt/anaconda3/lib/python3.8/site-packages/mageck/plot_template.Rnw. 
DEBUG @ Sat, 13 Mar 2021 21:23:14: Setting up the visualization module... 
DEBUG @ Sat, 13 Mar 2021 21:23:14: Given sample labels: 2 
DEBUG @ Sat, 13 Mar 2021 21:23:14: Converted index: 2 
INFO  @ Sat, 13 Mar 2021 21:23:14: Treatment samples:2 
INFO  @ Sat, 13 Mar 2021 21:23:14: Treatment sample index:2 
DEBUG @ Sat, 13 Mar 2021 21:23:14: Given sample labels: 0 
DEBUG @ Sat, 13 Mar 2021 21:23:14: Converted index: 0 
INFO  @ Sat, 13 Mar 2021 21:23:14: Control samples:0 
INFO  @ Sat, 13 Mar 2021 21:23:14: Control sample index:0 
DEBUG @ Sat, 13 Mar 2021 21:23:14: Initial (total) size factor: 0.9762971843108325 1.0248823806542797 
INFO  @ Sat, 13 Mar 2021 21:23:14: Final size factor: 0.9762971843108325 1.0248823806542797 
INFO  @ Sat, 13 Mar 2021 21:23:14: Detecting outliers from variance estimation.. Avg read count:[1921.3426215563263], Var: [1055711.8864255717] 
INFO  @ Sat, 13 Mar 2021 21:23:14: Skipping 1 sgRNAs from variance calculation because of their extreme high counts (> 4* STD (mean counts) ). 
DEBUG @ Sat, 13 Mar 2021 21:23:14: Adjusted model: 2.477584465478278	0 
INFO  @ Sat, 13 Mar 2021 21:23:14: Before RRA, 0 sgRNAs are removed with zero counts in both group(s). 
INFO  @ Sat, 13 Mar 2021 21:23:14: Use qnorm to reversely calculate sgRNA scores ... 
DEBUG @ Sat, 13 Mar 2021 21:23:14: lower test FDR cutoff: 0.868421052631579 
DEBUG @ Sat, 13 Mar 2021 21:23:14: higher test FDR cutoff: 0.06578947368421052 
INFO  @ Sat, 13 Mar 2021 21:23:14: Running command: RRA -i S8B_c0_t2.plow.txt -o S8B_c0_t2.gene.low.txt -p 0.5 --skip-gene NA --skip-gene na  
INFO  @ Sat, 13 Mar 2021 21:23:14: Command message: 
INFO  @ Sat, 13 Mar 2021 21:23:14:   Welcome to RRA v 0.5.9. 
INFO  @ Sat, 13 Mar 2021 21:23:14:   Skipping gene NA for permutation ... 
INFO  @ Sat, 13 Mar 2021 21:23:14:   Skipping gene na for permutation ... 
INFO  @ Sat, 13 Mar 2021 21:23:14:   Reading input file... 
INFO  @ Sat, 13 Mar 2021 21:23:14:   Summary: 76 sgRNAs, 10 genes, 1 lists; skipped sgRNAs:0 
INFO  @ Sat, 13 Mar 2021 21:23:14:   Computing lo-values for each group... 
INFO  @ Sat, 13 Mar 2021 21:23:14:   Computing false discovery rate... 
INFO  @ Sat, 13 Mar 2021 21:23:14:   Increase the number of permutations to 10001 to get precise p values. To avoid this, use the --permutation option. 
INFO  @ Sat, 13 Mar 2021 21:23:14:   Permuting genes with 6 sgRNAs... 
INFO  @ Sat, 13 Mar 2021 21:23:14:   Permuting genes with 10 sgRNAs... 
INFO  @ Sat, 13 Mar 2021 21:23:14:   Number of genes under FDR adjustment: 10 
INFO  @ Sat, 13 Mar 2021 21:23:14:   Saving to output file... 
INFO  @ Sat, 13 Mar 2021 21:23:14:   RRA completed. 
INFO  @ Sat, 13 Mar 2021 21:23:14:    
INFO  @ Sat, 13 Mar 2021 21:23:14: End command message. 
INFO  @ Sat, 13 Mar 2021 21:23:14: Running command: RRA -i S8B_c0_t2.phigh.txt -o S8B_c0_t2.gene.high.txt -p 0.06578947368421052 --skip-gene NA --skip-gene na  
INFO  @ Sat, 13 Mar 2021 21:23:14: Command message: 
INFO  @ Sat, 13 Mar 2021 21:23:14:   Welcome to RRA v 0.5.9. 
INFO  @ Sat, 13 Mar 2021 21:23:14:   Skipping gene NA for permutation ... 
INFO  @ Sat, 13 Mar 2021 21:23:14:   Skipping gene na for permutation ... 
INFO  @ Sat, 13 Mar 2021 21:23:14:   Reading input file... 
INFO  @ Sat, 13 Mar 2021 21:23:14:   Summary: 76 sgRNAs, 10 genes, 1 lists; skipped sgRNAs:0 
INFO  @ Sat, 13 Mar 2021 21:23:14:   Computing lo-values for each group... 
INFO  @ Sat, 13 Mar 2021 21:23:14:   Computing false discovery rate... 
INFO  @ Sat, 13 Mar 2021 21:23:14:   Increase the number of permutations to 10001 to get precise p values. To avoid this, use the --permutation option. 
INFO  @ Sat, 13 Mar 2021 21:23:14:   Permuting genes with 6 sgRNAs... 
INFO  @ Sat, 13 Mar 2021 21:23:14:   Permuting genes with 10 sgRNAs... 
INFO  @ Sat, 13 Mar 2021 21:23:14:   Number of genes under FDR adjustment: 10 
INFO  @ Sat, 13 Mar 2021 21:23:14:   Saving to output file... 
INFO  @ Sat, 13 Mar 2021 21:23:14:   RRA completed. 
INFO  @ Sat, 13 Mar 2021 21:23:14:    
INFO  @ Sat, 13 Mar 2021 21:23:14: End command message. 
DEBUG @ Sat, 13 Mar 2021 21:23:14: Sorting the merged items by positive selection... 
INFO  @ Sat, 13 Mar 2021 21:23:14: Loading top 10 genes from S8B_c0_t2.gene.low.txt: ROSA26,LRIG1,PROM1,EGFP,CTRL,AAVS1,CCR5,KRT20,SOX9,mKate2 
DEBUG @ Sat, 13 Mar 2021 21:23:14: Column index:3 
INFO  @ Sat, 13 Mar 2021 21:23:14: Loading top 10 genes from S8B_c0_t2.gene.high.txt: mKate2,SOX9,KRT20,ROSA26,CCR5,AAVS1,PROM1,CTRL,LRIG1,EGFP 
DEBUG @ Sat, 13 Mar 2021 21:23:14: Column index:9 
INFO  @ Sat, 13 Mar 2021 21:23:14: Running command: rm S8B_c0_t2.plow.txt 
INFO  @ Sat, 13 Mar 2021 21:23:14: Running command: rm S8B_c0_t2.phigh.txt 
INFO  @ Sat, 13 Mar 2021 21:23:14: Running command: rm S8B_c0_t2.gene.low.txt 
INFO  @ Sat, 13 Mar 2021 21:23:14: Running command: rm S8B_c0_t2.gene.high.txt 
