INFO  @ Sat, 13 Mar 2021 21:24:02: Parameters: /opt/anaconda3/bin/mageck test -k S9A.txt -t 2 -c 1 -n S9A_c1_t2 --norm-method total --sort-criteria pos 
INFO  @ Sat, 13 Mar 2021 21:24:02: Welcome to MAGeCK v0.5.9.4. Command: test 
INFO  @ Sat, 13 Mar 2021 21:24:02: Loading count table from S9A.txt  
INFO  @ Sat, 13 Mar 2021 21:24:02: Processing 1 lines.. 
DEBUG @ Sat, 13 Mar 2021 21:24:02: Parsing error in line 1 (usually the header line). Skip this line. 
INFO  @ Sat, 13 Mar 2021 21:24:02: Loaded 76 records. 
INFO  @ Sat, 13 Mar 2021 21:24:02: Loading Rnw template file: /opt/anaconda3/lib/python3.8/site-packages/mageck/test_report.Rmd. 
DEBUG @ Sat, 13 Mar 2021 21:24:02: Setting up the visualization module... 
INFO  @ Sat, 13 Mar 2021 21:24:02: Loading R template file: /opt/anaconda3/lib/python3.8/site-packages/mageck/plot_template.RTemplate. 
INFO  @ Sat, 13 Mar 2021 21:24:02: Loading R template file: /opt/anaconda3/lib/python3.8/site-packages/mageck/plot_template_indvgene.RTemplate. 
INFO  @ Sat, 13 Mar 2021 21:24:02: Loading Rnw template file: /opt/anaconda3/lib/python3.8/site-packages/mageck/plot_template.Rnw. 
DEBUG @ Sat, 13 Mar 2021 21:24:02: Setting up the visualization module... 
DEBUG @ Sat, 13 Mar 2021 21:24:02: Given sample labels: 2 
DEBUG @ Sat, 13 Mar 2021 21:24:02: Converted index: 2 
INFO  @ Sat, 13 Mar 2021 21:24:02: Treatment samples:2 
INFO  @ Sat, 13 Mar 2021 21:24:02: Treatment sample index:2 
DEBUG @ Sat, 13 Mar 2021 21:24:02: Given sample labels: 1 
DEBUG @ Sat, 13 Mar 2021 21:24:02: Converted index: 1 
INFO  @ Sat, 13 Mar 2021 21:24:02: Control samples:1 
INFO  @ Sat, 13 Mar 2021 21:24:02: Control sample index:1 
DEBUG @ Sat, 13 Mar 2021 21:24:02: Initial (total) size factor: 1.0737088917595135 0.935761069055898 
INFO  @ Sat, 13 Mar 2021 21:24:02: Final size factor: 1.0737088917595135 0.935761069055898 
INFO  @ Sat, 13 Mar 2021 21:24:02: Detecting outliers from variance estimation.. Avg read count:[1961.309461572163], Var: [1180134.5137341376] 
DEBUG @ Sat, 13 Mar 2021 21:24:02: Adjusted model: 1	13.21777656041988 
INFO  @ Sat, 13 Mar 2021 21:24:02: Before RRA, 0 sgRNAs are removed with zero counts in both group(s). 
INFO  @ Sat, 13 Mar 2021 21:24:02: Use qnorm to reversely calculate sgRNA scores ... 
DEBUG @ Sat, 13 Mar 2021 21:24:02: lower test FDR cutoff: 0.42105263157894735 
DEBUG @ Sat, 13 Mar 2021 21:24:02: higher test FDR cutoff: 0.01 
INFO  @ Sat, 13 Mar 2021 21:24:02: Running command: RRA -i S9A_c1_t2.plow.txt -o S9A_c1_t2.gene.low.txt -p 0.42105263157894735 --skip-gene NA --skip-gene na  
INFO  @ Sat, 13 Mar 2021 21:24:02: Command message: 
INFO  @ Sat, 13 Mar 2021 21:24:02:   Welcome to RRA v 0.5.9. 
INFO  @ Sat, 13 Mar 2021 21:24:02:   Skipping gene NA for permutation ... 
INFO  @ Sat, 13 Mar 2021 21:24:02:   Skipping gene na for permutation ... 
INFO  @ Sat, 13 Mar 2021 21:24:02:   Reading input file... 
INFO  @ Sat, 13 Mar 2021 21:24:02:   Summary: 76 sgRNAs, 10 genes, 1 lists; skipped sgRNAs:0 
INFO  @ Sat, 13 Mar 2021 21:24:02:   Computing lo-values for each group... 
INFO  @ Sat, 13 Mar 2021 21:24:02:   Computing false discovery rate... 
INFO  @ Sat, 13 Mar 2021 21:24:02:   Increase the number of permutations to 10001 to get precise p values. To avoid this, use the --permutation option. 
INFO  @ Sat, 13 Mar 2021 21:24:02:   Permuting genes with 6 sgRNAs... 
INFO  @ Sat, 13 Mar 2021 21:24:02:   Permuting genes with 10 sgRNAs... 
INFO  @ Sat, 13 Mar 2021 21:24:02:   Number of genes under FDR adjustment: 10 
INFO  @ Sat, 13 Mar 2021 21:24:02:   Saving to output file... 
INFO  @ Sat, 13 Mar 2021 21:24:02:   RRA completed. 
INFO  @ Sat, 13 Mar 2021 21:24:02:    
INFO  @ Sat, 13 Mar 2021 21:24:02: End command message. 
INFO  @ Sat, 13 Mar 2021 21:24:02: Running command: RRA -i S9A_c1_t2.phigh.txt -o S9A_c1_t2.gene.high.txt -p 0.01 --skip-gene NA --skip-gene na  
INFO  @ Sat, 13 Mar 2021 21:24:02: Command message: 
INFO  @ Sat, 13 Mar 2021 21:24:02:   Welcome to RRA v 0.5.9. 
INFO  @ Sat, 13 Mar 2021 21:24:02:   Skipping gene NA for permutation ... 
INFO  @ Sat, 13 Mar 2021 21:24:02:   Skipping gene na for permutation ... 
INFO  @ Sat, 13 Mar 2021 21:24:02:   Reading input file... 
INFO  @ Sat, 13 Mar 2021 21:24:02:   Summary: 76 sgRNAs, 10 genes, 1 lists; skipped sgRNAs:0 
INFO  @ Sat, 13 Mar 2021 21:24:02:   Computing lo-values for each group... 
INFO  @ Sat, 13 Mar 2021 21:24:02:   Computing false discovery rate... 
INFO  @ Sat, 13 Mar 2021 21:24:02:   Increase the number of permutations to 10001 to get precise p values. To avoid this, use the --permutation option. 
INFO  @ Sat, 13 Mar 2021 21:24:02:   Permuting genes with 6 sgRNAs... 
INFO  @ Sat, 13 Mar 2021 21:24:02:   Permuting genes with 10 sgRNAs... 
INFO  @ Sat, 13 Mar 2021 21:24:02:   Number of genes under FDR adjustment: 10 
INFO  @ Sat, 13 Mar 2021 21:24:02:   Saving to output file... 
INFO  @ Sat, 13 Mar 2021 21:24:02:   RRA completed. 
INFO  @ Sat, 13 Mar 2021 21:24:02:    
INFO  @ Sat, 13 Mar 2021 21:24:02: End command message. 
DEBUG @ Sat, 13 Mar 2021 21:24:02: Sorting the merged items by positive selection... 
INFO  @ Sat, 13 Mar 2021 21:24:02: Loading top 10 genes from S9A_c1_t2.gene.low.txt: SOX9,AAVS1,CCR5,LRIG1,PROM1,KRT20,CTRL,ROSA26,EGFP,mKate2 
DEBUG @ Sat, 13 Mar 2021 21:24:02: Column index:3 
INFO  @ Sat, 13 Mar 2021 21:24:02: Loading top 10 genes from S9A_c1_t2.gene.high.txt: mKate2,EGFP,KRT20,LRIG1,CTRL,ROSA26,PROM1,CCR5,AAVS1,SOX9 
DEBUG @ Sat, 13 Mar 2021 21:24:02: Column index:9 
INFO  @ Sat, 13 Mar 2021 21:24:02: Running command: rm S9A_c1_t2.plow.txt 
INFO  @ Sat, 13 Mar 2021 21:24:02: Running command: rm S9A_c1_t2.phigh.txt 
INFO  @ Sat, 13 Mar 2021 21:24:02: Running command: rm S9A_c1_t2.gene.low.txt 
INFO  @ Sat, 13 Mar 2021 21:24:02: Running command: rm S9A_c1_t2.gene.high.txt 
