INFO  @ Sat, 13 Mar 2021 21:23:56: Parameters: /opt/anaconda3/bin/mageck test -k S9A.txt -t 2 -c 0 -n S9A_c0_t2 --norm-method total --sort-criteria pos 
INFO  @ Sat, 13 Mar 2021 21:23:56: Welcome to MAGeCK v0.5.9.4. Command: test 
INFO  @ Sat, 13 Mar 2021 21:23:56: Loading count table from S9A.txt  
INFO  @ Sat, 13 Mar 2021 21:23:56: Processing 1 lines.. 
DEBUG @ Sat, 13 Mar 2021 21:23:56: Parsing error in line 1 (usually the header line). Skip this line. 
INFO  @ Sat, 13 Mar 2021 21:23:56: Loaded 76 records. 
INFO  @ Sat, 13 Mar 2021 21:23:56: Loading Rnw template file: /opt/anaconda3/lib/python3.8/site-packages/mageck/test_report.Rmd. 
DEBUG @ Sat, 13 Mar 2021 21:23:56: Setting up the visualization module... 
INFO  @ Sat, 13 Mar 2021 21:23:56: Loading R template file: /opt/anaconda3/lib/python3.8/site-packages/mageck/plot_template.RTemplate. 
INFO  @ Sat, 13 Mar 2021 21:23:56: Loading R template file: /opt/anaconda3/lib/python3.8/site-packages/mageck/plot_template_indvgene.RTemplate. 
INFO  @ Sat, 13 Mar 2021 21:23:56: Loading Rnw template file: /opt/anaconda3/lib/python3.8/site-packages/mageck/plot_template.Rnw. 
DEBUG @ Sat, 13 Mar 2021 21:23:56: Setting up the visualization module... 
DEBUG @ Sat, 13 Mar 2021 21:23:56: Given sample labels: 2 
DEBUG @ Sat, 13 Mar 2021 21:23:56: Converted index: 2 
INFO  @ Sat, 13 Mar 2021 21:23:56: Treatment samples:2 
INFO  @ Sat, 13 Mar 2021 21:23:56: Treatment sample index:2 
DEBUG @ Sat, 13 Mar 2021 21:23:56: Given sample labels: 0 
DEBUG @ Sat, 13 Mar 2021 21:23:56: Converted index: 0 
INFO  @ Sat, 13 Mar 2021 21:23:56: Control samples:0 
INFO  @ Sat, 13 Mar 2021 21:23:56: Control sample index:0 
DEBUG @ Sat, 13 Mar 2021 21:23:56: Initial (total) size factor: 0.992699485757208 1.0074086887178013 
INFO  @ Sat, 13 Mar 2021 21:23:56: Final size factor: 0.992699485757208 1.0074086887178013 
INFO  @ Sat, 13 Mar 2021 21:23:56: Detecting outliers from variance estimation.. Avg read count:[2112.2444759222403], Var: [1460166.7162631052] 
DEBUG @ Sat, 13 Mar 2021 21:23:56: Adjusted model: 1	8.039457114599948 
INFO  @ Sat, 13 Mar 2021 21:23:56: Before RRA, 0 sgRNAs are removed with zero counts in both group(s). 
INFO  @ Sat, 13 Mar 2021 21:23:56: Use qnorm to reversely calculate sgRNA scores ... 
DEBUG @ Sat, 13 Mar 2021 21:23:56: lower test FDR cutoff: 0.06578947368421052 
DEBUG @ Sat, 13 Mar 2021 21:23:56: higher test FDR cutoff: 0.18421052631578946 
INFO  @ Sat, 13 Mar 2021 21:23:56: Running command: RRA -i S9A_c0_t2.plow.txt -o S9A_c0_t2.gene.low.txt -p 0.06578947368421052 --skip-gene NA --skip-gene na  
INFO  @ Sat, 13 Mar 2021 21:23:56: Command message: 
INFO  @ Sat, 13 Mar 2021 21:23:56:   Welcome to RRA v 0.5.9. 
INFO  @ Sat, 13 Mar 2021 21:23:56:   Skipping gene NA for permutation ... 
INFO  @ Sat, 13 Mar 2021 21:23:56:   Skipping gene na for permutation ... 
INFO  @ Sat, 13 Mar 2021 21:23:56:   Reading input file... 
INFO  @ Sat, 13 Mar 2021 21:23:56:   Summary: 76 sgRNAs, 10 genes, 1 lists; skipped sgRNAs:0 
INFO  @ Sat, 13 Mar 2021 21:23:56:   Computing lo-values for each group... 
INFO  @ Sat, 13 Mar 2021 21:23:56:   Computing false discovery rate... 
INFO  @ Sat, 13 Mar 2021 21:23:56:   Increase the number of permutations to 10001 to get precise p values. To avoid this, use the --permutation option. 
INFO  @ Sat, 13 Mar 2021 21:23:56:   Permuting genes with 6 sgRNAs... 
INFO  @ Sat, 13 Mar 2021 21:23:56:   Permuting genes with 10 sgRNAs... 
INFO  @ Sat, 13 Mar 2021 21:23:56:   Number of genes under FDR adjustment: 10 
INFO  @ Sat, 13 Mar 2021 21:23:56:   Saving to output file... 
INFO  @ Sat, 13 Mar 2021 21:23:56:   RRA completed. 
INFO  @ Sat, 13 Mar 2021 21:23:56:    
INFO  @ Sat, 13 Mar 2021 21:23:56: End command message. 
INFO  @ Sat, 13 Mar 2021 21:23:56: Running command: RRA -i S9A_c0_t2.phigh.txt -o S9A_c0_t2.gene.high.txt -p 0.18421052631578946 --skip-gene NA --skip-gene na  
INFO  @ Sat, 13 Mar 2021 21:23:56: Command message: 
INFO  @ Sat, 13 Mar 2021 21:23:56:   Welcome to RRA v 0.5.9. 
INFO  @ Sat, 13 Mar 2021 21:23:56:   Skipping gene NA for permutation ... 
INFO  @ Sat, 13 Mar 2021 21:23:56:   Skipping gene na for permutation ... 
INFO  @ Sat, 13 Mar 2021 21:23:56:   Reading input file... 
INFO  @ Sat, 13 Mar 2021 21:23:56:   Summary: 76 sgRNAs, 10 genes, 1 lists; skipped sgRNAs:0 
INFO  @ Sat, 13 Mar 2021 21:23:56:   Computing lo-values for each group... 
INFO  @ Sat, 13 Mar 2021 21:23:56:   Computing false discovery rate... 
INFO  @ Sat, 13 Mar 2021 21:23:56:   Increase the number of permutations to 10001 to get precise p values. To avoid this, use the --permutation option. 
INFO  @ Sat, 13 Mar 2021 21:23:56:   Permuting genes with 6 sgRNAs... 
INFO  @ Sat, 13 Mar 2021 21:23:56:   Permuting genes with 10 sgRNAs... 
INFO  @ Sat, 13 Mar 2021 21:23:56:   Number of genes under FDR adjustment: 10 
INFO  @ Sat, 13 Mar 2021 21:23:56:   Saving to output file... 
INFO  @ Sat, 13 Mar 2021 21:23:56:   RRA completed. 
INFO  @ Sat, 13 Mar 2021 21:23:56:    
INFO  @ Sat, 13 Mar 2021 21:23:56: End command message. 
DEBUG @ Sat, 13 Mar 2021 21:23:56: Sorting the merged items by positive selection... 
INFO  @ Sat, 13 Mar 2021 21:23:56: Loading top 10 genes from S9A_c0_t2.gene.low.txt: ROSA26,CCR5,PROM1,LRIG1,SOX9,AAVS1,CTRL,mKate2,KRT20,EGFP 
DEBUG @ Sat, 13 Mar 2021 21:23:56: Column index:3 
INFO  @ Sat, 13 Mar 2021 21:23:56: Loading top 10 genes from S9A_c0_t2.gene.high.txt: EGFP,KRT20,mKate2,LRIG1,CTRL,PROM1,ROSA26,CCR5,AAVS1,SOX9 
DEBUG @ Sat, 13 Mar 2021 21:23:56: Column index:9 
INFO  @ Sat, 13 Mar 2021 21:23:56: Running command: rm S9A_c0_t2.plow.txt 
INFO  @ Sat, 13 Mar 2021 21:23:56: Running command: rm S9A_c0_t2.phigh.txt 
INFO  @ Sat, 13 Mar 2021 21:23:56: Running command: rm S9A_c0_t2.gene.low.txt 
INFO  @ Sat, 13 Mar 2021 21:23:56: Running command: rm S9A_c0_t2.gene.high.txt 
