INFO  @ Mon, 11 Jan 2021 15:35:23: Parameters: /opt/anaconda3/bin/mageck test -k P3.txt -t 3 -c 0 -n P3_03_day3 --norm-method total --sort-criteria pos 
INFO  @ Mon, 11 Jan 2021 15:35:23: Welcome to MAGeCK v0.5.9.4. Command: test 
INFO  @ Mon, 11 Jan 2021 15:35:23: Loading count table from P3.txt  
INFO  @ Mon, 11 Jan 2021 15:35:23: Processing 1 lines.. 
DEBUG @ Mon, 11 Jan 2021 15:35:23: Parsing error in line 1 (usually the header line). Skip this line. 
INFO  @ Mon, 11 Jan 2021 15:35:23: Loaded 76 records. 
INFO  @ Mon, 11 Jan 2021 15:35:23: Loading Rnw template file: /opt/anaconda3/lib/python3.8/site-packages/mageck/test_report.Rmd. 
DEBUG @ Mon, 11 Jan 2021 15:35:23: Setting up the visualization module... 
INFO  @ Mon, 11 Jan 2021 15:35:23: Loading R template file: /opt/anaconda3/lib/python3.8/site-packages/mageck/plot_template.RTemplate. 
INFO  @ Mon, 11 Jan 2021 15:35:23: Loading R template file: /opt/anaconda3/lib/python3.8/site-packages/mageck/plot_template_indvgene.RTemplate. 
INFO  @ Mon, 11 Jan 2021 15:35:23: Loading Rnw template file: /opt/anaconda3/lib/python3.8/site-packages/mageck/plot_template.Rnw. 
DEBUG @ Mon, 11 Jan 2021 15:35:23: Setting up the visualization module... 
DEBUG @ Mon, 11 Jan 2021 15:35:23: Given sample labels: 3 
DEBUG @ Mon, 11 Jan 2021 15:35:23: Converted index: 3 
INFO  @ Mon, 11 Jan 2021 15:35:23: Treatment samples:3 
INFO  @ Mon, 11 Jan 2021 15:35:23: Treatment sample index:3 
DEBUG @ Mon, 11 Jan 2021 15:35:23: Given sample labels: 0 
DEBUG @ Mon, 11 Jan 2021 15:35:23: Converted index: 0 
INFO  @ Mon, 11 Jan 2021 15:35:23: Control samples:0 
INFO  @ Mon, 11 Jan 2021 15:35:23: Control sample index:0 
DEBUG @ Mon, 11 Jan 2021 15:35:23: Initial (total) size factor: 0.8521234896542461 1.2099781961307885 
INFO  @ Mon, 11 Jan 2021 15:35:23: Final size factor: 0.8521234896542461 1.2099781961307885 
INFO  @ Mon, 11 Jan 2021 15:35:23: Detecting outliers from variance estimation.. Avg read count:[10174.382434663334], Var: [25911649.07794259] 
DEBUG @ Mon, 11 Jan 2021 15:35:23: Adjusted model: 2.300743173981442	0 
INFO  @ Mon, 11 Jan 2021 15:35:23: Before RRA, 0 sgRNAs are removed with zero counts in both group(s). 
INFO  @ Mon, 11 Jan 2021 15:35:23: Use qnorm to reversely calculate sgRNA scores ... 
DEBUG @ Mon, 11 Jan 2021 15:35:23: lower test FDR cutoff: 0.9868421052631579 
DEBUG @ Mon, 11 Jan 2021 15:35:23: higher test FDR cutoff: 0.01 
INFO  @ Mon, 11 Jan 2021 15:35:23: Running command: RRA -i P3_03_day3.plow.txt -o P3_03_day3.gene.low.txt -p 0.5 --skip-gene NA --skip-gene na  
INFO  @ Mon, 11 Jan 2021 15:35:23: Command message: 
INFO  @ Mon, 11 Jan 2021 15:35:23:   Welcome to RRA v 0.5.9. 
INFO  @ Mon, 11 Jan 2021 15:35:23:   Skipping gene NA for permutation ... 
INFO  @ Mon, 11 Jan 2021 15:35:23:   Skipping gene na for permutation ... 
INFO  @ Mon, 11 Jan 2021 15:35:23:   Reading input file... 
INFO  @ Mon, 11 Jan 2021 15:35:23:   Summary: 76 sgRNAs, 10 genes, 1 lists; skipped sgRNAs:0 
INFO  @ Mon, 11 Jan 2021 15:35:23:   Computing lo-values for each group... 
INFO  @ Mon, 11 Jan 2021 15:35:23:   Computing false discovery rate... 
INFO  @ Mon, 11 Jan 2021 15:35:23:   Increase the number of permutations to 10001 to get precise p values. To avoid this, use the --permutation option. 
INFO  @ Mon, 11 Jan 2021 15:35:23:   Permuting genes with 6 sgRNAs... 
INFO  @ Mon, 11 Jan 2021 15:35:23:   Permuting genes with 10 sgRNAs... 
INFO  @ Mon, 11 Jan 2021 15:35:23:   Number of genes under FDR adjustment: 10 
INFO  @ Mon, 11 Jan 2021 15:35:23:   Saving to output file... 
INFO  @ Mon, 11 Jan 2021 15:35:23:   RRA completed. 
INFO  @ Mon, 11 Jan 2021 15:35:23:    
INFO  @ Mon, 11 Jan 2021 15:35:23: End command message. 
INFO  @ Mon, 11 Jan 2021 15:35:23: Running command: RRA -i P3_03_day3.phigh.txt -o P3_03_day3.gene.high.txt -p 0.01 --skip-gene NA --skip-gene na  
INFO  @ Mon, 11 Jan 2021 15:35:24: Command message: 
INFO  @ Mon, 11 Jan 2021 15:35:24:   Welcome to RRA v 0.5.9. 
INFO  @ Mon, 11 Jan 2021 15:35:24:   Skipping gene NA for permutation ... 
INFO  @ Mon, 11 Jan 2021 15:35:24:   Skipping gene na for permutation ... 
INFO  @ Mon, 11 Jan 2021 15:35:24:   Reading input file... 
INFO  @ Mon, 11 Jan 2021 15:35:24:   Summary: 76 sgRNAs, 10 genes, 1 lists; skipped sgRNAs:0 
INFO  @ Mon, 11 Jan 2021 15:35:24:   Computing lo-values for each group... 
INFO  @ Mon, 11 Jan 2021 15:35:24:   Computing false discovery rate... 
INFO  @ Mon, 11 Jan 2021 15:35:24:   Increase the number of permutations to 10001 to get precise p values. To avoid this, use the --permutation option. 
INFO  @ Mon, 11 Jan 2021 15:35:24:   Permuting genes with 6 sgRNAs... 
INFO  @ Mon, 11 Jan 2021 15:35:24:   Permuting genes with 10 sgRNAs... 
INFO  @ Mon, 11 Jan 2021 15:35:24:   Number of genes under FDR adjustment: 10 
INFO  @ Mon, 11 Jan 2021 15:35:24:   Saving to output file... 
INFO  @ Mon, 11 Jan 2021 15:35:24:   RRA completed. 
INFO  @ Mon, 11 Jan 2021 15:35:24:    
INFO  @ Mon, 11 Jan 2021 15:35:24: End command message. 
DEBUG @ Mon, 11 Jan 2021 15:35:24: Sorting the merged items by positive selection... 
INFO  @ Mon, 11 Jan 2021 15:35:24: Loading top 10 genes from P3_03_day3.gene.low.txt: ROSA26,KRT20,CCR5,CTRL,PROM1,AAVS1,LRIG1,mKate2,EGFP,SOX9 
DEBUG @ Mon, 11 Jan 2021 15:35:24: Column index:3 
INFO  @ Mon, 11 Jan 2021 15:35:24: Loading top 10 genes from P3_03_day3.gene.high.txt: EGFP,SOX9,mKate2,LRIG1,PROM1,AAVS1,ROSA26,KRT20,CCR5,CTRL 
DEBUG @ Mon, 11 Jan 2021 15:35:24: Column index:9 
INFO  @ Mon, 11 Jan 2021 15:35:24: Running command: rm P3_03_day3.plow.txt 
INFO  @ Mon, 11 Jan 2021 15:35:24: Running command: rm P3_03_day3.phigh.txt 
INFO  @ Mon, 11 Jan 2021 15:35:24: Running command: rm P3_03_day3.gene.low.txt 
INFO  @ Mon, 11 Jan 2021 15:35:24: Running command: rm P3_03_day3.gene.high.txt 
