INFO  @ Sun, 17 Jan 2021 16:29:21: Parameters: /opt/anaconda3/bin/mageck test -k P2.txt -t 3 -c 0 -n P2_03_day3 --norm-method total --sort-criteria pos 
INFO  @ Sun, 17 Jan 2021 16:29:21: Welcome to MAGeCK v0.5.9.4. Command: test 
INFO  @ Sun, 17 Jan 2021 16:29:21: Loading count table from P2.txt  
INFO  @ Sun, 17 Jan 2021 16:29:21: Processing 1 lines.. 
DEBUG @ Sun, 17 Jan 2021 16:29:21: Parsing error in line 1 (usually the header line). Skip this line. 
INFO  @ Sun, 17 Jan 2021 16:29:21: Loaded 161 records. 
INFO  @ Sun, 17 Jan 2021 16:29:21: Loading Rnw template file: /opt/anaconda3/lib/python3.8/site-packages/mageck/test_report.Rmd. 
DEBUG @ Sun, 17 Jan 2021 16:29:21: Setting up the visualization module... 
INFO  @ Sun, 17 Jan 2021 16:29:21: Loading R template file: /opt/anaconda3/lib/python3.8/site-packages/mageck/plot_template.RTemplate. 
INFO  @ Sun, 17 Jan 2021 16:29:21: Loading R template file: /opt/anaconda3/lib/python3.8/site-packages/mageck/plot_template_indvgene.RTemplate. 
INFO  @ Sun, 17 Jan 2021 16:29:21: Loading Rnw template file: /opt/anaconda3/lib/python3.8/site-packages/mageck/plot_template.Rnw. 
DEBUG @ Sun, 17 Jan 2021 16:29:21: Setting up the visualization module... 
DEBUG @ Sun, 17 Jan 2021 16:29:21: Given sample labels: 3 
DEBUG @ Sun, 17 Jan 2021 16:29:21: Converted index: 3 
INFO  @ Sun, 17 Jan 2021 16:29:21: Treatment samples:3 
INFO  @ Sun, 17 Jan 2021 16:29:21: Treatment sample index:3 
DEBUG @ Sun, 17 Jan 2021 16:29:21: Given sample labels: 0 
DEBUG @ Sun, 17 Jan 2021 16:29:21: Converted index: 0 
INFO  @ Sun, 17 Jan 2021 16:29:21: Control samples:0 
INFO  @ Sun, 17 Jan 2021 16:29:21: Control sample index:0 
DEBUG @ Sun, 17 Jan 2021 16:29:21: Initial (total) size factor: 0.5005512282804074 454.0326086956522 
INFO  @ Sun, 17 Jan 2021 16:29:21: Final size factor: 0.5005512282804074 454.0326086956522 
WARNING @ Sun, 17 Jan 2021 16:29:21: Some samples have unusually small or large normalization factors (<0.2 or >5). Please double-check with the normalization process. 
INFO  @ Sun, 17 Jan 2021 16:29:21: Detecting outliers from variance estimation.. Avg read count:[249.29083400630424], Var: [855969.4269823667] 
INFO  @ Sun, 17 Jan 2021 16:29:21: Skipping 3 sgRNAs from variance calculation because of their extreme high counts (> 4* STD (mean counts) ). 
DEBUG @ Sun, 17 Jan 2021 16:29:21: Adjusted model: 1.906558106159267	0.531634980398795 
INFO  @ Sun, 17 Jan 2021 16:29:21: Before RRA, 9 sgRNAs are removed with zero counts in both group(s). 
INFO  @ Sun, 17 Jan 2021 16:29:21: Use qnorm to reversely calculate sgRNA scores ... 
DEBUG @ Sun, 17 Jan 2021 16:29:22: lower test FDR cutoff: 0.09868421052631579 
DEBUG @ Sun, 17 Jan 2021 16:29:22: higher test FDR cutoff: 0.7894736842105263 
INFO  @ Sun, 17 Jan 2021 16:29:22: Running command: RRA -i P2_03_day3.plow.txt -o P2_03_day3.gene.low.txt -p 0.09868421052631579 --skip-gene NA --skip-gene na  
INFO  @ Sun, 17 Jan 2021 16:29:22: Command message: 
INFO  @ Sun, 17 Jan 2021 16:29:22:   Welcome to RRA v 0.5.9. 
INFO  @ Sun, 17 Jan 2021 16:29:22:   Skipping gene NA for permutation ... 
INFO  @ Sun, 17 Jan 2021 16:29:22:   Skipping gene na for permutation ... 
INFO  @ Sun, 17 Jan 2021 16:29:22:   Reading input file... 
INFO  @ Sun, 17 Jan 2021 16:29:22:   Summary: 152 sgRNAs, 25 genes, 1 lists; skipped sgRNAs:0 
INFO  @ Sun, 17 Jan 2021 16:29:22:   Computing lo-values for each group... 
INFO  @ Sun, 17 Jan 2021 16:29:22:   Computing false discovery rate... 
INFO  @ Sun, 17 Jan 2021 16:29:22:   Increase the number of permutations to 4001 to get precise p values. To avoid this, use the --permutation option. 
INFO  @ Sun, 17 Jan 2021 16:29:22:   Permuting genes with 1 sgRNAs... 
INFO  @ Sun, 17 Jan 2021 16:29:22:   Permuting genes with 2 sgRNAs... 
INFO  @ Sun, 17 Jan 2021 16:29:22:   Permuting genes with 3 sgRNAs... 
INFO  @ Sun, 17 Jan 2021 16:29:22:   Permuting genes with 4 sgRNAs... 
INFO  @ Sun, 17 Jan 2021 16:29:22:   Permuting genes with 5 sgRNAs... 
INFO  @ Sun, 17 Jan 2021 16:29:22:   Permuting genes with 9 sgRNAs... 
INFO  @ Sun, 17 Jan 2021 16:29:22:   Permuting genes with 10 sgRNAs... 
INFO  @ Sun, 17 Jan 2021 16:29:22:   Number of genes under FDR adjustment: 25 
INFO  @ Sun, 17 Jan 2021 16:29:22:   Saving to output file... 
INFO  @ Sun, 17 Jan 2021 16:29:22:   RRA completed. 
INFO  @ Sun, 17 Jan 2021 16:29:22:    
INFO  @ Sun, 17 Jan 2021 16:29:22: End command message. 
INFO  @ Sun, 17 Jan 2021 16:29:22: Running command: RRA -i P2_03_day3.phigh.txt -o P2_03_day3.gene.high.txt -p 0.7894736842105263 --skip-gene NA --skip-gene na  
INFO  @ Sun, 17 Jan 2021 16:29:24: Command message: 
INFO  @ Sun, 17 Jan 2021 16:29:24:   Welcome to RRA v 0.5.9. 
INFO  @ Sun, 17 Jan 2021 16:29:24:   Skipping gene NA for permutation ... 
INFO  @ Sun, 17 Jan 2021 16:29:24:   Skipping gene na for permutation ... 
INFO  @ Sun, 17 Jan 2021 16:29:24:   Reading input file... 
INFO  @ Sun, 17 Jan 2021 16:29:24:   Summary: 152 sgRNAs, 25 genes, 1 lists; skipped sgRNAs:0 
INFO  @ Sun, 17 Jan 2021 16:29:24:   Computing lo-values for each group... 
INFO  @ Sun, 17 Jan 2021 16:29:24:   Computing false discovery rate... 
INFO  @ Sun, 17 Jan 2021 16:29:24:   Increase the number of permutations to 4001 to get precise p values. To avoid this, use the --permutation option. 
INFO  @ Sun, 17 Jan 2021 16:29:24:   Permuting genes with 1 sgRNAs... 
INFO  @ Sun, 17 Jan 2021 16:29:24:   Permuting genes with 2 sgRNAs... 
INFO  @ Sun, 17 Jan 2021 16:29:24:   Permuting genes with 3 sgRNAs... 
INFO  @ Sun, 17 Jan 2021 16:29:24:   Permuting genes with 4 sgRNAs... 
INFO  @ Sun, 17 Jan 2021 16:29:24:   Permuting genes with 5 sgRNAs... 
INFO  @ Sun, 17 Jan 2021 16:29:24:   Permuting genes with 9 sgRNAs... 
INFO  @ Sun, 17 Jan 2021 16:29:24:   Permuting genes with 10 sgRNAs... 
INFO  @ Sun, 17 Jan 2021 16:29:24:   Number of genes under FDR adjustment: 25 
INFO  @ Sun, 17 Jan 2021 16:29:24:   Saving to output file... 
INFO  @ Sun, 17 Jan 2021 16:29:24:   RRA completed. 
INFO  @ Sun, 17 Jan 2021 16:29:24:    
INFO  @ Sun, 17 Jan 2021 16:29:24: End command message. 
DEBUG @ Sun, 17 Jan 2021 16:29:24: Sorting the merged items by positive selection... 
INFO  @ Sun, 17 Jan 2021 16:29:24: Loading top 10 genes from P2_03_day3.gene.low.txt: SOX9,KRT20scrm,KRT20,SOX9scrm,hAPC,hSMARCC2,TCF20,hSMARCD1,hSMARCB1,MYCscrm 
DEBUG @ Sun, 17 Jan 2021 16:29:24: Column index:3 
INFO  @ Sun, 17 Jan 2021 16:29:24: Loading top 10 genes from P2_03_day3.gene.high.txt: GFP,hSATB1,GFPscrm,mKatescrm,KRT20,hSMARCC1,LGR5,hSMARCA4,MYC,hSATB2 
DEBUG @ Sun, 17 Jan 2021 16:29:24: Column index:9 
INFO  @ Sun, 17 Jan 2021 16:29:24: Running command: rm P2_03_day3.plow.txt 
INFO  @ Sun, 17 Jan 2021 16:29:24: Running command: rm P2_03_day3.phigh.txt 
INFO  @ Sun, 17 Jan 2021 16:29:24: Running command: rm P2_03_day3.gene.low.txt 
INFO  @ Sun, 17 Jan 2021 16:29:24: Running command: rm P2_03_day3.gene.high.txt 
WARNING @ Sun, 17 Jan 2021 16:29:24: Warning messages generated during normalization. Please double check with the log file to make sure the normalization process is proper. 
