INFO  @ Fri, 15 Jan 2021 11:24:35: Parameters: /opt/anaconda3/bin/mageck test -k P5.txt -t 3 -c 0 -n P5_03_day3 --norm-method total --sort-criteria pos 
INFO  @ Fri, 15 Jan 2021 11:24:35: Welcome to MAGeCK v0.5.9.4. Command: test 
INFO  @ Fri, 15 Jan 2021 11:24:35: Loading count table from P5.txt  
INFO  @ Fri, 15 Jan 2021 11:24:35: Processing 1 lines.. 
DEBUG @ Fri, 15 Jan 2021 11:24:35: Parsing error in line 1 (usually the header line). Skip this line. 
INFO  @ Fri, 15 Jan 2021 11:24:35: Loaded 76 records. 
INFO  @ Fri, 15 Jan 2021 11:24:35: Loading Rnw template file: /opt/anaconda3/lib/python3.8/site-packages/mageck/test_report.Rmd. 
DEBUG @ Fri, 15 Jan 2021 11:24:35: Setting up the visualization module... 
INFO  @ Fri, 15 Jan 2021 11:24:35: Loading R template file: /opt/anaconda3/lib/python3.8/site-packages/mageck/plot_template.RTemplate. 
INFO  @ Fri, 15 Jan 2021 11:24:35: Loading R template file: /opt/anaconda3/lib/python3.8/site-packages/mageck/plot_template_indvgene.RTemplate. 
INFO  @ Fri, 15 Jan 2021 11:24:35: Loading Rnw template file: /opt/anaconda3/lib/python3.8/site-packages/mageck/plot_template.Rnw. 
DEBUG @ Fri, 15 Jan 2021 11:24:35: Setting up the visualization module... 
DEBUG @ Fri, 15 Jan 2021 11:24:35: Given sample labels: 3 
DEBUG @ Fri, 15 Jan 2021 11:24:35: Converted index: 3 
INFO  @ Fri, 15 Jan 2021 11:24:35: Treatment samples:3 
INFO  @ Fri, 15 Jan 2021 11:24:35: Treatment sample index:3 
DEBUG @ Fri, 15 Jan 2021 11:24:35: Given sample labels: 0 
DEBUG @ Fri, 15 Jan 2021 11:24:35: Converted index: 0 
INFO  @ Fri, 15 Jan 2021 11:24:35: Control samples:0 
INFO  @ Fri, 15 Jan 2021 11:24:35: Control sample index:0 
DEBUG @ Fri, 15 Jan 2021 11:24:35: Initial (total) size factor: 0.9182142377719216 1.0977797440180426 
INFO  @ Fri, 15 Jan 2021 11:24:35: Final size factor: 0.9182142377719216 1.0977797440180426 
INFO  @ Fri, 15 Jan 2021 11:24:35: Detecting outliers from variance estimation.. Avg read count:[6074.013607146982], Var: [9883478.48082241] 
DEBUG @ Fri, 15 Jan 2021 11:24:35: Adjusted model: 1	9.044501884242505 
INFO  @ Fri, 15 Jan 2021 11:24:35: Before RRA, 0 sgRNAs are removed with zero counts in both group(s). 
INFO  @ Fri, 15 Jan 2021 11:24:35: Use qnorm to reversely calculate sgRNA scores ... 
DEBUG @ Fri, 15 Jan 2021 11:24:35: lower test FDR cutoff: 0.013157894736842105 
DEBUG @ Fri, 15 Jan 2021 11:24:35: higher test FDR cutoff: 0.10526315789473684 
INFO  @ Fri, 15 Jan 2021 11:24:35: Running command: RRA -i P5_03_day3.plow.txt -o P5_03_day3.gene.low.txt -p 0.05 --skip-gene NA --skip-gene na  
INFO  @ Fri, 15 Jan 2021 11:24:35: Command message: 
INFO  @ Fri, 15 Jan 2021 11:24:35:   Welcome to RRA v 0.5.9. 
INFO  @ Fri, 15 Jan 2021 11:24:35:   Skipping gene NA for permutation ... 
INFO  @ Fri, 15 Jan 2021 11:24:35:   Skipping gene na for permutation ... 
INFO  @ Fri, 15 Jan 2021 11:24:35:   Reading input file... 
INFO  @ Fri, 15 Jan 2021 11:24:35:   Summary: 76 sgRNAs, 10 genes, 1 lists; skipped sgRNAs:0 
INFO  @ Fri, 15 Jan 2021 11:24:35:   Computing lo-values for each group... 
INFO  @ Fri, 15 Jan 2021 11:24:35:   Computing false discovery rate... 
INFO  @ Fri, 15 Jan 2021 11:24:35:   Increase the number of permutations to 10001 to get precise p values. To avoid this, use the --permutation option. 
INFO  @ Fri, 15 Jan 2021 11:24:35:   Permuting genes with 6 sgRNAs... 
INFO  @ Fri, 15 Jan 2021 11:24:35:   Permuting genes with 10 sgRNAs... 
INFO  @ Fri, 15 Jan 2021 11:24:35:   Number of genes under FDR adjustment: 10 
INFO  @ Fri, 15 Jan 2021 11:24:35:   Saving to output file... 
INFO  @ Fri, 15 Jan 2021 11:24:35:   RRA completed. 
INFO  @ Fri, 15 Jan 2021 11:24:35:    
INFO  @ Fri, 15 Jan 2021 11:24:35: End command message. 
INFO  @ Fri, 15 Jan 2021 11:24:35: Running command: RRA -i P5_03_day3.phigh.txt -o P5_03_day3.gene.high.txt -p 0.10526315789473684 --skip-gene NA --skip-gene na  
INFO  @ Fri, 15 Jan 2021 11:24:35: Command message: 
INFO  @ Fri, 15 Jan 2021 11:24:35:   Welcome to RRA v 0.5.9. 
INFO  @ Fri, 15 Jan 2021 11:24:35:   Skipping gene NA for permutation ... 
INFO  @ Fri, 15 Jan 2021 11:24:35:   Skipping gene na for permutation ... 
INFO  @ Fri, 15 Jan 2021 11:24:35:   Reading input file... 
INFO  @ Fri, 15 Jan 2021 11:24:35:   Summary: 76 sgRNAs, 10 genes, 1 lists; skipped sgRNAs:0 
INFO  @ Fri, 15 Jan 2021 11:24:35:   Computing lo-values for each group... 
INFO  @ Fri, 15 Jan 2021 11:24:35:   Computing false discovery rate... 
INFO  @ Fri, 15 Jan 2021 11:24:35:   Increase the number of permutations to 10001 to get precise p values. To avoid this, use the --permutation option. 
INFO  @ Fri, 15 Jan 2021 11:24:35:   Permuting genes with 6 sgRNAs... 
INFO  @ Fri, 15 Jan 2021 11:24:35:   Permuting genes with 10 sgRNAs... 
INFO  @ Fri, 15 Jan 2021 11:24:35:   Number of genes under FDR adjustment: 10 
INFO  @ Fri, 15 Jan 2021 11:24:35:   Saving to output file... 
INFO  @ Fri, 15 Jan 2021 11:24:35:   RRA completed. 
INFO  @ Fri, 15 Jan 2021 11:24:35:    
INFO  @ Fri, 15 Jan 2021 11:24:35: End command message. 
DEBUG @ Fri, 15 Jan 2021 11:24:35: Sorting the merged items by positive selection... 
INFO  @ Fri, 15 Jan 2021 11:24:35: Loading top 10 genes from P5_03_day3.gene.low.txt: mKate2,AAVS1,KRT20,LRIG1,PROM1,CTRL,CCR5,ROSA26,EGFP,SOX9 
DEBUG @ Fri, 15 Jan 2021 11:24:35: Column index:3 
INFO  @ Fri, 15 Jan 2021 11:24:35: Loading top 10 genes from P5_03_day3.gene.high.txt: EGFP,SOX9,mKate2,KRT20,ROSA26,LRIG1,CCR5,PROM1,AAVS1,CTRL 
DEBUG @ Fri, 15 Jan 2021 11:24:35: Column index:9 
INFO  @ Fri, 15 Jan 2021 11:24:35: Running command: rm P5_03_day3.plow.txt 
INFO  @ Fri, 15 Jan 2021 11:24:35: Running command: rm P5_03_day3.phigh.txt 
INFO  @ Fri, 15 Jan 2021 11:24:35: Running command: rm P5_03_day3.gene.low.txt 
INFO  @ Fri, 15 Jan 2021 11:24:35: Running command: rm P5_03_day3.gene.high.txt 
