INFO  @ Fri, 15 Jan 2021 11:24:15: Parameters: /opt/anaconda3/bin/mageck test -k P5.txt -t 2 -c 0 -n P5_02_day3 --norm-method total --sort-criteria pos 
INFO  @ Fri, 15 Jan 2021 11:24:15: Welcome to MAGeCK v0.5.9.4. Command: test 
INFO  @ Fri, 15 Jan 2021 11:24:15: Loading count table from P5.txt  
INFO  @ Fri, 15 Jan 2021 11:24:15: Processing 1 lines.. 
DEBUG @ Fri, 15 Jan 2021 11:24:15: Parsing error in line 1 (usually the header line). Skip this line. 
INFO  @ Fri, 15 Jan 2021 11:24:15: Loaded 76 records. 
INFO  @ Fri, 15 Jan 2021 11:24:15: Loading Rnw template file: /opt/anaconda3/lib/python3.8/site-packages/mageck/test_report.Rmd. 
DEBUG @ Fri, 15 Jan 2021 11:24:15: Setting up the visualization module... 
INFO  @ Fri, 15 Jan 2021 11:24:15: Loading R template file: /opt/anaconda3/lib/python3.8/site-packages/mageck/plot_template.RTemplate. 
INFO  @ Fri, 15 Jan 2021 11:24:15: Loading R template file: /opt/anaconda3/lib/python3.8/site-packages/mageck/plot_template_indvgene.RTemplate. 
INFO  @ Fri, 15 Jan 2021 11:24:15: Loading Rnw template file: /opt/anaconda3/lib/python3.8/site-packages/mageck/plot_template.Rnw. 
DEBUG @ Fri, 15 Jan 2021 11:24:15: Setting up the visualization module... 
DEBUG @ Fri, 15 Jan 2021 11:24:15: Given sample labels: 2 
DEBUG @ Fri, 15 Jan 2021 11:24:15: Converted index: 2 
INFO  @ Fri, 15 Jan 2021 11:24:15: Treatment samples:2 
INFO  @ Fri, 15 Jan 2021 11:24:15: Treatment sample index:2 
DEBUG @ Fri, 15 Jan 2021 11:24:15: Given sample labels: 0 
DEBUG @ Fri, 15 Jan 2021 11:24:15: Converted index: 0 
INFO  @ Fri, 15 Jan 2021 11:24:15: Control samples:0 
INFO  @ Fri, 15 Jan 2021 11:24:15: Control sample index:0 
DEBUG @ Fri, 15 Jan 2021 11:24:15: Initial (total) size factor: 0.8754574710857078 1.1658543756689053 
INFO  @ Fri, 15 Jan 2021 11:24:15: Final size factor: 0.8754574710857078 1.1658543756689053 
INFO  @ Fri, 15 Jan 2021 11:24:15: Detecting outliers from variance estimation.. Avg read count:[5912.822581484252], Var: [8532813.338122346] 
DEBUG @ Fri, 15 Jan 2021 11:24:15: Adjusted model: 1.5330934752271537	0 
INFO  @ Fri, 15 Jan 2021 11:24:15: Before RRA, 0 sgRNAs are removed with zero counts in both group(s). 
INFO  @ Fri, 15 Jan 2021 11:24:15: Use qnorm to reversely calculate sgRNA scores ... 
DEBUG @ Fri, 15 Jan 2021 11:24:15: lower test FDR cutoff: 0.32894736842105265 
DEBUG @ Fri, 15 Jan 2021 11:24:15: higher test FDR cutoff: 0.14473684210526316 
INFO  @ Fri, 15 Jan 2021 11:24:15: Running command: RRA -i P5_02_day3.plow.txt -o P5_02_day3.gene.low.txt -p 0.32894736842105265 --skip-gene NA --skip-gene na  
INFO  @ Fri, 15 Jan 2021 11:24:15: Command message: 
INFO  @ Fri, 15 Jan 2021 11:24:15:   Welcome to RRA v 0.5.9. 
INFO  @ Fri, 15 Jan 2021 11:24:15:   Skipping gene NA for permutation ... 
INFO  @ Fri, 15 Jan 2021 11:24:15:   Skipping gene na for permutation ... 
INFO  @ Fri, 15 Jan 2021 11:24:15:   Reading input file... 
INFO  @ Fri, 15 Jan 2021 11:24:15:   Summary: 76 sgRNAs, 10 genes, 1 lists; skipped sgRNAs:0 
INFO  @ Fri, 15 Jan 2021 11:24:15:   Computing lo-values for each group... 
INFO  @ Fri, 15 Jan 2021 11:24:15:   Computing false discovery rate... 
INFO  @ Fri, 15 Jan 2021 11:24:15:   Increase the number of permutations to 10001 to get precise p values. To avoid this, use the --permutation option. 
INFO  @ Fri, 15 Jan 2021 11:24:15:   Permuting genes with 6 sgRNAs... 
INFO  @ Fri, 15 Jan 2021 11:24:15:   Permuting genes with 10 sgRNAs... 
INFO  @ Fri, 15 Jan 2021 11:24:15:   Number of genes under FDR adjustment: 10 
INFO  @ Fri, 15 Jan 2021 11:24:15:   Saving to output file... 
INFO  @ Fri, 15 Jan 2021 11:24:15:   RRA completed. 
INFO  @ Fri, 15 Jan 2021 11:24:15:    
INFO  @ Fri, 15 Jan 2021 11:24:15: End command message. 
INFO  @ Fri, 15 Jan 2021 11:24:15: Running command: RRA -i P5_02_day3.phigh.txt -o P5_02_day3.gene.high.txt -p 0.14473684210526316 --skip-gene NA --skip-gene na  
INFO  @ Fri, 15 Jan 2021 11:24:15: Command message: 
INFO  @ Fri, 15 Jan 2021 11:24:15:   Welcome to RRA v 0.5.9. 
INFO  @ Fri, 15 Jan 2021 11:24:15:   Skipping gene NA for permutation ... 
INFO  @ Fri, 15 Jan 2021 11:24:15:   Skipping gene na for permutation ... 
INFO  @ Fri, 15 Jan 2021 11:24:15:   Reading input file... 
INFO  @ Fri, 15 Jan 2021 11:24:15:   Summary: 76 sgRNAs, 10 genes, 1 lists; skipped sgRNAs:0 
INFO  @ Fri, 15 Jan 2021 11:24:15:   Computing lo-values for each group... 
INFO  @ Fri, 15 Jan 2021 11:24:15:   Computing false discovery rate... 
INFO  @ Fri, 15 Jan 2021 11:24:15:   Increase the number of permutations to 10001 to get precise p values. To avoid this, use the --permutation option. 
INFO  @ Fri, 15 Jan 2021 11:24:15:   Permuting genes with 6 sgRNAs... 
INFO  @ Fri, 15 Jan 2021 11:24:15:   Permuting genes with 10 sgRNAs... 
INFO  @ Fri, 15 Jan 2021 11:24:15:   Number of genes under FDR adjustment: 10 
INFO  @ Fri, 15 Jan 2021 11:24:15:   Saving to output file... 
INFO  @ Fri, 15 Jan 2021 11:24:15:   RRA completed. 
INFO  @ Fri, 15 Jan 2021 11:24:15:    
INFO  @ Fri, 15 Jan 2021 11:24:15: End command message. 
DEBUG @ Fri, 15 Jan 2021 11:24:15: Sorting the merged items by positive selection... 
INFO  @ Fri, 15 Jan 2021 11:24:15: Loading top 10 genes from P5_02_day3.gene.low.txt: ROSA26,CTRL,KRT20,mKate2,LRIG1,AAVS1,PROM1,CCR5,EGFP,SOX9 
DEBUG @ Fri, 15 Jan 2021 11:24:15: Column index:3 
INFO  @ Fri, 15 Jan 2021 11:24:15: Loading top 10 genes from P5_02_day3.gene.high.txt: SOX9,EGFP,mKate2,LRIG1,KRT20,PROM1,ROSA26,CCR5,CTRL,AAVS1 
DEBUG @ Fri, 15 Jan 2021 11:24:15: Column index:9 
INFO  @ Fri, 15 Jan 2021 11:24:15: Running command: rm P5_02_day3.plow.txt 
INFO  @ Fri, 15 Jan 2021 11:24:15: Running command: rm P5_02_day3.phigh.txt 
INFO  @ Fri, 15 Jan 2021 11:24:15: Running command: rm P5_02_day3.gene.low.txt 
INFO  @ Fri, 15 Jan 2021 11:24:15: Running command: rm P5_02_day3.gene.high.txt 
