INFO  @ Fri, 15 Jan 2021 11:24:49: Parameters: /opt/anaconda3/bin/mageck test -k P5.txt -t 5 -c 4 -n P5_45_day7 --norm-method total --sort-criteria pos 
INFO  @ Fri, 15 Jan 2021 11:24:49: Welcome to MAGeCK v0.5.9.4. Command: test 
INFO  @ Fri, 15 Jan 2021 11:24:49: Loading count table from P5.txt  
INFO  @ Fri, 15 Jan 2021 11:24:49: Processing 1 lines.. 
DEBUG @ Fri, 15 Jan 2021 11:24:49: Parsing error in line 1 (usually the header line). Skip this line. 
INFO  @ Fri, 15 Jan 2021 11:24:49: Loaded 76 records. 
INFO  @ Fri, 15 Jan 2021 11:24:49: Loading Rnw template file: /opt/anaconda3/lib/python3.8/site-packages/mageck/test_report.Rmd. 
DEBUG @ Fri, 15 Jan 2021 11:24:49: Setting up the visualization module... 
INFO  @ Fri, 15 Jan 2021 11:24:49: Loading R template file: /opt/anaconda3/lib/python3.8/site-packages/mageck/plot_template.RTemplate. 
INFO  @ Fri, 15 Jan 2021 11:24:49: Loading R template file: /opt/anaconda3/lib/python3.8/site-packages/mageck/plot_template_indvgene.RTemplate. 
INFO  @ Fri, 15 Jan 2021 11:24:49: Loading Rnw template file: /opt/anaconda3/lib/python3.8/site-packages/mageck/plot_template.Rnw. 
DEBUG @ Fri, 15 Jan 2021 11:24:49: Setting up the visualization module... 
DEBUG @ Fri, 15 Jan 2021 11:24:49: Given sample labels: 5 
DEBUG @ Fri, 15 Jan 2021 11:24:49: Converted index: 5 
INFO  @ Fri, 15 Jan 2021 11:24:49: Treatment samples:5 
INFO  @ Fri, 15 Jan 2021 11:24:49: Treatment sample index:5 
DEBUG @ Fri, 15 Jan 2021 11:24:49: Given sample labels: 4 
DEBUG @ Fri, 15 Jan 2021 11:24:49: Converted index: 4 
INFO  @ Fri, 15 Jan 2021 11:24:49: Control samples:4 
INFO  @ Fri, 15 Jan 2021 11:24:49: Control sample index:4 
DEBUG @ Fri, 15 Jan 2021 11:24:49: Initial (total) size factor: 1.3125721239587924 0.8076649969014666 
INFO  @ Fri, 15 Jan 2021 11:24:49: Final size factor: 1.3125721239587924 0.8076649969014666 
INFO  @ Fri, 15 Jan 2021 11:24:49: Detecting outliers from variance estimation.. Avg read count:[3060.6100124707073], Var: [2993728.327593427] 
DEBUG @ Fri, 15 Jan 2021 11:24:49: Adjusted model: 1	7.325818723323911 
INFO  @ Fri, 15 Jan 2021 11:24:49: Before RRA, 0 sgRNAs are removed with zero counts in both group(s). 
INFO  @ Fri, 15 Jan 2021 11:24:49: Use qnorm to reversely calculate sgRNA scores ... 
DEBUG @ Fri, 15 Jan 2021 11:24:49: lower test FDR cutoff: 0.15789473684210525 
DEBUG @ Fri, 15 Jan 2021 11:24:49: higher test FDR cutoff: 0.18421052631578946 
INFO  @ Fri, 15 Jan 2021 11:24:49: Running command: RRA -i P5_45_day7.plow.txt -o P5_45_day7.gene.low.txt -p 0.15789473684210525 --skip-gene NA --skip-gene na  
INFO  @ Fri, 15 Jan 2021 11:24:49: Command message: 
INFO  @ Fri, 15 Jan 2021 11:24:49:   Welcome to RRA v 0.5.9. 
INFO  @ Fri, 15 Jan 2021 11:24:49:   Skipping gene NA for permutation ... 
INFO  @ Fri, 15 Jan 2021 11:24:49:   Skipping gene na for permutation ... 
INFO  @ Fri, 15 Jan 2021 11:24:49:   Reading input file... 
INFO  @ Fri, 15 Jan 2021 11:24:49:   Summary: 76 sgRNAs, 10 genes, 1 lists; skipped sgRNAs:0 
INFO  @ Fri, 15 Jan 2021 11:24:49:   Computing lo-values for each group... 
INFO  @ Fri, 15 Jan 2021 11:24:49:   Computing false discovery rate... 
INFO  @ Fri, 15 Jan 2021 11:24:49:   Increase the number of permutations to 10001 to get precise p values. To avoid this, use the --permutation option. 
INFO  @ Fri, 15 Jan 2021 11:24:49:   Permuting genes with 6 sgRNAs... 
INFO  @ Fri, 15 Jan 2021 11:24:49:   Permuting genes with 10 sgRNAs... 
INFO  @ Fri, 15 Jan 2021 11:24:49:   Number of genes under FDR adjustment: 10 
INFO  @ Fri, 15 Jan 2021 11:24:49:   Saving to output file... 
INFO  @ Fri, 15 Jan 2021 11:24:49:   RRA completed. 
INFO  @ Fri, 15 Jan 2021 11:24:49:    
INFO  @ Fri, 15 Jan 2021 11:24:49: End command message. 
INFO  @ Fri, 15 Jan 2021 11:24:49: Running command: RRA -i P5_45_day7.phigh.txt -o P5_45_day7.gene.high.txt -p 0.18421052631578946 --skip-gene NA --skip-gene na  
INFO  @ Fri, 15 Jan 2021 11:24:50: Command message: 
INFO  @ Fri, 15 Jan 2021 11:24:50:   Welcome to RRA v 0.5.9. 
INFO  @ Fri, 15 Jan 2021 11:24:50:   Skipping gene NA for permutation ... 
INFO  @ Fri, 15 Jan 2021 11:24:50:   Skipping gene na for permutation ... 
INFO  @ Fri, 15 Jan 2021 11:24:50:   Reading input file... 
INFO  @ Fri, 15 Jan 2021 11:24:50:   Summary: 76 sgRNAs, 10 genes, 1 lists; skipped sgRNAs:0 
INFO  @ Fri, 15 Jan 2021 11:24:50:   Computing lo-values for each group... 
INFO  @ Fri, 15 Jan 2021 11:24:50:   Computing false discovery rate... 
INFO  @ Fri, 15 Jan 2021 11:24:50:   Increase the number of permutations to 10001 to get precise p values. To avoid this, use the --permutation option. 
INFO  @ Fri, 15 Jan 2021 11:24:50:   Permuting genes with 6 sgRNAs... 
INFO  @ Fri, 15 Jan 2021 11:24:50:   Permuting genes with 10 sgRNAs... 
INFO  @ Fri, 15 Jan 2021 11:24:50:   Number of genes under FDR adjustment: 10 
INFO  @ Fri, 15 Jan 2021 11:24:50:   Saving to output file... 
INFO  @ Fri, 15 Jan 2021 11:24:50:   RRA completed. 
INFO  @ Fri, 15 Jan 2021 11:24:50:    
INFO  @ Fri, 15 Jan 2021 11:24:50: End command message. 
DEBUG @ Fri, 15 Jan 2021 11:24:50: Sorting the merged items by positive selection... 
INFO  @ Fri, 15 Jan 2021 11:24:50: Loading top 10 genes from P5_45_day7.gene.low.txt: LRIG1,mKate2,CTRL,ROSA26,AAVS1,PROM1,CCR5,KRT20,SOX9,EGFP 
DEBUG @ Fri, 15 Jan 2021 11:24:50: Column index:3 
INFO  @ Fri, 15 Jan 2021 11:24:50: Loading top 10 genes from P5_45_day7.gene.high.txt: ROSA26,AAVS1,SOX9,KRT20,EGFP,LRIG1,PROM1,mKate2,CCR5,CTRL 
DEBUG @ Fri, 15 Jan 2021 11:24:50: Column index:9 
INFO  @ Fri, 15 Jan 2021 11:24:50: Running command: rm P5_45_day7.plow.txt 
INFO  @ Fri, 15 Jan 2021 11:24:50: Running command: rm P5_45_day7.phigh.txt 
INFO  @ Fri, 15 Jan 2021 11:24:50: Running command: rm P5_45_day7.gene.low.txt 
INFO  @ Fri, 15 Jan 2021 11:24:50: Running command: rm P5_45_day7.gene.high.txt 
