INFO  @ Sun, 17 Jan 2021 16:28:45: Parameters: /opt/anaconda3/bin/mageck test -k P2.txt -t 2 -c 0 -n P2_02_day3 --norm-method total --sort-criteria pos 
INFO  @ Sun, 17 Jan 2021 16:28:45: Welcome to MAGeCK v0.5.9.4. Command: test 
INFO  @ Sun, 17 Jan 2021 16:28:45: Loading count table from P2.txt  
INFO  @ Sun, 17 Jan 2021 16:28:45: Processing 1 lines.. 
DEBUG @ Sun, 17 Jan 2021 16:28:45: Parsing error in line 1 (usually the header line). Skip this line. 
INFO  @ Sun, 17 Jan 2021 16:28:45: Loaded 161 records. 
INFO  @ Sun, 17 Jan 2021 16:28:45: Loading Rnw template file: /opt/anaconda3/lib/python3.8/site-packages/mageck/test_report.Rmd. 
DEBUG @ Sun, 17 Jan 2021 16:28:45: Setting up the visualization module... 
INFO  @ Sun, 17 Jan 2021 16:28:45: Loading R template file: /opt/anaconda3/lib/python3.8/site-packages/mageck/plot_template.RTemplate. 
INFO  @ Sun, 17 Jan 2021 16:28:45: Loading R template file: /opt/anaconda3/lib/python3.8/site-packages/mageck/plot_template_indvgene.RTemplate. 
INFO  @ Sun, 17 Jan 2021 16:28:45: Loading Rnw template file: /opt/anaconda3/lib/python3.8/site-packages/mageck/plot_template.Rnw. 
DEBUG @ Sun, 17 Jan 2021 16:28:45: Setting up the visualization module... 
DEBUG @ Sun, 17 Jan 2021 16:28:45: Given sample labels: 2 
DEBUG @ Sun, 17 Jan 2021 16:28:45: Converted index: 2 
INFO  @ Sun, 17 Jan 2021 16:28:45: Treatment samples:2 
INFO  @ Sun, 17 Jan 2021 16:28:45: Treatment sample index:2 
DEBUG @ Sun, 17 Jan 2021 16:28:45: Given sample labels: 0 
DEBUG @ Sun, 17 Jan 2021 16:28:45: Converted index: 0 
INFO  @ Sun, 17 Jan 2021 16:28:45: Control samples:0 
INFO  @ Sun, 17 Jan 2021 16:28:45: Control sample index:0 
DEBUG @ Sun, 17 Jan 2021 16:28:45: Initial (total) size factor: 0.5001467944877172 1703.561224489796 
INFO  @ Sun, 17 Jan 2021 16:28:45: Final size factor: 0.5001467944877172 1703.561224489796 
WARNING @ Sun, 17 Jan 2021 16:28:45: Some samples have unusually small or large normalization factors (<0.2 or >5). Please double-check with the normalization process. 
INFO  @ Sun, 17 Jan 2021 16:28:45: Detecting outliers from variance estimation.. Avg read count:[67.0196704613541], Var: [1231006.2182548994] 
INFO  @ Sun, 17 Jan 2021 16:28:45: Skipping 2 sgRNAs from variance calculation because of their extreme high counts (> 4* STD (mean counts) ). 
DEBUG @ Sun, 17 Jan 2021 16:28:45: Adjusted model: 1.655255214733832	3.763065621019837 
INFO  @ Sun, 17 Jan 2021 16:28:45: Before RRA, 9 sgRNAs are removed with zero counts in both group(s). 
INFO  @ Sun, 17 Jan 2021 16:28:45: Use qnorm to reversely calculate sgRNA scores ... 
DEBUG @ Sun, 17 Jan 2021 16:28:45: lower test FDR cutoff: 0.046052631578947366 
DEBUG @ Sun, 17 Jan 2021 16:28:45: higher test FDR cutoff: 0.8947368421052632 
INFO  @ Sun, 17 Jan 2021 16:28:45: Running command: RRA -i P2_02_day3.plow.txt -o P2_02_day3.gene.low.txt -p 0.05 --skip-gene NA --skip-gene na  
INFO  @ Sun, 17 Jan 2021 16:28:46: Command message: 
INFO  @ Sun, 17 Jan 2021 16:28:46:   Welcome to RRA v 0.5.9. 
INFO  @ Sun, 17 Jan 2021 16:28:46:   Skipping gene NA for permutation ... 
INFO  @ Sun, 17 Jan 2021 16:28:46:   Skipping gene na for permutation ... 
INFO  @ Sun, 17 Jan 2021 16:28:46:   Reading input file... 
INFO  @ Sun, 17 Jan 2021 16:28:46:   Summary: 152 sgRNAs, 25 genes, 1 lists; skipped sgRNAs:0 
INFO  @ Sun, 17 Jan 2021 16:28:46:   Computing lo-values for each group... 
INFO  @ Sun, 17 Jan 2021 16:28:46:   Computing false discovery rate... 
INFO  @ Sun, 17 Jan 2021 16:28:46:   Increase the number of permutations to 4001 to get precise p values. To avoid this, use the --permutation option. 
INFO  @ Sun, 17 Jan 2021 16:28:46:   Permuting genes with 1 sgRNAs... 
INFO  @ Sun, 17 Jan 2021 16:28:46:   Permuting genes with 2 sgRNAs... 
INFO  @ Sun, 17 Jan 2021 16:28:46:   Permuting genes with 3 sgRNAs... 
INFO  @ Sun, 17 Jan 2021 16:28:46:   Permuting genes with 4 sgRNAs... 
INFO  @ Sun, 17 Jan 2021 16:28:46:   Permuting genes with 5 sgRNAs... 
INFO  @ Sun, 17 Jan 2021 16:28:46:   Permuting genes with 9 sgRNAs... 
INFO  @ Sun, 17 Jan 2021 16:28:46:   Permuting genes with 10 sgRNAs... 
INFO  @ Sun, 17 Jan 2021 16:28:46:   Number of genes under FDR adjustment: 25 
INFO  @ Sun, 17 Jan 2021 16:28:46:   Saving to output file... 
INFO  @ Sun, 17 Jan 2021 16:28:46:   RRA completed. 
INFO  @ Sun, 17 Jan 2021 16:28:46:    
INFO  @ Sun, 17 Jan 2021 16:28:46: End command message. 
INFO  @ Sun, 17 Jan 2021 16:28:46: Running command: RRA -i P2_02_day3.phigh.txt -o P2_02_day3.gene.high.txt -p 0.8947368421052632 --skip-gene NA --skip-gene na  
INFO  @ Sun, 17 Jan 2021 16:28:48: Command message: 
INFO  @ Sun, 17 Jan 2021 16:28:48:   Welcome to RRA v 0.5.9. 
INFO  @ Sun, 17 Jan 2021 16:28:48:   Skipping gene NA for permutation ... 
INFO  @ Sun, 17 Jan 2021 16:28:48:   Skipping gene na for permutation ... 
INFO  @ Sun, 17 Jan 2021 16:28:48:   Reading input file... 
INFO  @ Sun, 17 Jan 2021 16:28:48:   Summary: 152 sgRNAs, 25 genes, 1 lists; skipped sgRNAs:0 
INFO  @ Sun, 17 Jan 2021 16:28:48:   Computing lo-values for each group... 
INFO  @ Sun, 17 Jan 2021 16:28:48:   Computing false discovery rate... 
INFO  @ Sun, 17 Jan 2021 16:28:48:   Increase the number of permutations to 4001 to get precise p values. To avoid this, use the --permutation option. 
INFO  @ Sun, 17 Jan 2021 16:28:48:   Permuting genes with 1 sgRNAs... 
INFO  @ Sun, 17 Jan 2021 16:28:48:   Permuting genes with 2 sgRNAs... 
INFO  @ Sun, 17 Jan 2021 16:28:48:   Permuting genes with 3 sgRNAs... 
INFO  @ Sun, 17 Jan 2021 16:28:48:   Permuting genes with 4 sgRNAs... 
INFO  @ Sun, 17 Jan 2021 16:28:48:   Permuting genes with 5 sgRNAs... 
INFO  @ Sun, 17 Jan 2021 16:28:48:   Permuting genes with 9 sgRNAs... 
INFO  @ Sun, 17 Jan 2021 16:28:48:   Permuting genes with 10 sgRNAs... 
INFO  @ Sun, 17 Jan 2021 16:28:48:   Number of genes under FDR adjustment: 25 
INFO  @ Sun, 17 Jan 2021 16:28:48:   Saving to output file... 
INFO  @ Sun, 17 Jan 2021 16:28:48:   RRA completed. 
INFO  @ Sun, 17 Jan 2021 16:28:48:    
INFO  @ Sun, 17 Jan 2021 16:28:48: End command message. 
DEBUG @ Sun, 17 Jan 2021 16:28:48: Sorting the merged items by positive selection... 
INFO  @ Sun, 17 Jan 2021 16:28:48: Loading top 10 genes from P2_02_day3.gene.low.txt: KRT20,SOX9scrm,CCR5,hSMARCC1,TCF20,hAPC,SOX9,MYC,hSMARCA4,mKatescrm 
DEBUG @ Sun, 17 Jan 2021 16:28:48: Column index:3 
INFO  @ Sun, 17 Jan 2021 16:28:48: Loading top 10 genes from P2_02_day3.gene.high.txt: GFP,hSMARCA4,mKate,hSMARCC2,mKatescrm,Prom1,hSATB2,TCF4,POLRD2,KRT20scrm 
DEBUG @ Sun, 17 Jan 2021 16:28:48: Column index:9 
INFO  @ Sun, 17 Jan 2021 16:28:48: Running command: rm P2_02_day3.plow.txt 
INFO  @ Sun, 17 Jan 2021 16:28:48: Running command: rm P2_02_day3.phigh.txt 
INFO  @ Sun, 17 Jan 2021 16:28:48: Running command: rm P2_02_day3.gene.low.txt 
INFO  @ Sun, 17 Jan 2021 16:28:48: Running command: rm P2_02_day3.gene.high.txt 
WARNING @ Sun, 17 Jan 2021 16:28:48: Warning messages generated during normalization. Please double check with the log file to make sure the normalization process is proper. 
