INFO  @ Sun, 10 Jan 2021 14:03:35: Parameters: /opt/anaconda3/bin/mageck test -k P1.txt -t 6 -c 4 -n P1_46_day7 --norm-method total --sort-criteria pos 
INFO  @ Sun, 10 Jan 2021 14:03:35: Welcome to MAGeCK v0.5.9.4. Command: test 
INFO  @ Sun, 10 Jan 2021 14:03:35: Loading count table from P1.txt  
INFO  @ Sun, 10 Jan 2021 14:03:35: Processing 1 lines.. 
DEBUG @ Sun, 10 Jan 2021 14:03:35: Parsing error in line 1 (usually the header line). Skip this line. 
INFO  @ Sun, 10 Jan 2021 14:03:35: Loaded 161 records. 
INFO  @ Sun, 10 Jan 2021 14:03:35: Loading Rnw template file: /opt/anaconda3/lib/python3.8/site-packages/mageck/test_report.Rmd. 
DEBUG @ Sun, 10 Jan 2021 14:03:35: Setting up the visualization module... 
INFO  @ Sun, 10 Jan 2021 14:03:35: Loading R template file: /opt/anaconda3/lib/python3.8/site-packages/mageck/plot_template.RTemplate. 
INFO  @ Sun, 10 Jan 2021 14:03:35: Loading R template file: /opt/anaconda3/lib/python3.8/site-packages/mageck/plot_template_indvgene.RTemplate. 
INFO  @ Sun, 10 Jan 2021 14:03:35: Loading Rnw template file: /opt/anaconda3/lib/python3.8/site-packages/mageck/plot_template.Rnw. 
DEBUG @ Sun, 10 Jan 2021 14:03:35: Setting up the visualization module... 
DEBUG @ Sun, 10 Jan 2021 14:03:35: Given sample labels: 6 
DEBUG @ Sun, 10 Jan 2021 14:03:35: Converted index: 6 
INFO  @ Sun, 10 Jan 2021 14:03:35: Treatment samples:6 
INFO  @ Sun, 10 Jan 2021 14:03:35: Treatment sample index:6 
DEBUG @ Sun, 10 Jan 2021 14:03:35: Given sample labels: 4 
DEBUG @ Sun, 10 Jan 2021 14:03:35: Converted index: 4 
INFO  @ Sun, 10 Jan 2021 14:03:35: Control samples:4 
INFO  @ Sun, 10 Jan 2021 14:03:35: Control sample index:4 
DEBUG @ Sun, 10 Jan 2021 14:03:35: Initial (total) size factor: 0.799265605875153 1.3353783231083844 
INFO  @ Sun, 10 Jan 2021 14:03:35: Final size factor: 0.799265605875153 1.3353783231083844 
INFO  @ Sun, 10 Jan 2021 14:03:35: Detecting outliers from variance estimation.. Avg read count:[80.00501610711041], Var: [2410712.0982798017] 
INFO  @ Sun, 10 Jan 2021 14:03:35: Skipping 2 sgRNAs from variance calculation because of their extreme high counts (> 4* STD (mean counts) ). 
DEBUG @ Sun, 10 Jan 2021 14:03:35: Adjusted model: 2.2188458449275776	0 
INFO  @ Sun, 10 Jan 2021 14:03:35: Before RRA, 9 sgRNAs are removed with zero counts in both group(s). 
INFO  @ Sun, 10 Jan 2021 14:03:35: Use qnorm to reversely calculate sgRNA scores ... 
DEBUG @ Sun, 10 Jan 2021 14:03:35: lower test FDR cutoff: 0.375 
DEBUG @ Sun, 10 Jan 2021 14:03:35: higher test FDR cutoff: 0.15789473684210525 
INFO  @ Sun, 10 Jan 2021 14:03:35: Running command: RRA -i P1_46_day7.plow.txt -o P1_46_day7.gene.low.txt -p 0.375 --skip-gene NA --skip-gene na  
INFO  @ Sun, 10 Jan 2021 14:03:36: Command message: 
INFO  @ Sun, 10 Jan 2021 14:03:36:   Welcome to RRA v 0.5.9. 
INFO  @ Sun, 10 Jan 2021 14:03:36:   Skipping gene NA for permutation ... 
INFO  @ Sun, 10 Jan 2021 14:03:36:   Skipping gene na for permutation ... 
INFO  @ Sun, 10 Jan 2021 14:03:36:   Reading input file... 
INFO  @ Sun, 10 Jan 2021 14:03:36:   Summary: 152 sgRNAs, 25 genes, 1 lists; skipped sgRNAs:0 
INFO  @ Sun, 10 Jan 2021 14:03:36:   Computing lo-values for each group... 
INFO  @ Sun, 10 Jan 2021 14:03:36:   Computing false discovery rate... 
INFO  @ Sun, 10 Jan 2021 14:03:36:   Increase the number of permutations to 4001 to get precise p values. To avoid this, use the --permutation option. 
INFO  @ Sun, 10 Jan 2021 14:03:36:   Permuting genes with 1 sgRNAs... 
INFO  @ Sun, 10 Jan 2021 14:03:36:   Permuting genes with 2 sgRNAs... 
INFO  @ Sun, 10 Jan 2021 14:03:36:   Permuting genes with 3 sgRNAs... 
INFO  @ Sun, 10 Jan 2021 14:03:36:   Permuting genes with 4 sgRNAs... 
INFO  @ Sun, 10 Jan 2021 14:03:36:   Permuting genes with 5 sgRNAs... 
INFO  @ Sun, 10 Jan 2021 14:03:36:   Permuting genes with 9 sgRNAs... 
INFO  @ Sun, 10 Jan 2021 14:03:36:   Permuting genes with 10 sgRNAs... 
INFO  @ Sun, 10 Jan 2021 14:03:36:   Number of genes under FDR adjustment: 25 
INFO  @ Sun, 10 Jan 2021 14:03:36:   Saving to output file... 
INFO  @ Sun, 10 Jan 2021 14:03:36:   RRA completed. 
INFO  @ Sun, 10 Jan 2021 14:03:36:    
INFO  @ Sun, 10 Jan 2021 14:03:36: End command message. 
INFO  @ Sun, 10 Jan 2021 14:03:36: Running command: RRA -i P1_46_day7.phigh.txt -o P1_46_day7.gene.high.txt -p 0.15789473684210525 --skip-gene NA --skip-gene na  
INFO  @ Sun, 10 Jan 2021 14:03:36: Command message: 
INFO  @ Sun, 10 Jan 2021 14:03:36:   Welcome to RRA v 0.5.9. 
INFO  @ Sun, 10 Jan 2021 14:03:36:   Skipping gene NA for permutation ... 
INFO  @ Sun, 10 Jan 2021 14:03:36:   Skipping gene na for permutation ... 
INFO  @ Sun, 10 Jan 2021 14:03:36:   Reading input file... 
INFO  @ Sun, 10 Jan 2021 14:03:36:   Summary: 152 sgRNAs, 25 genes, 1 lists; skipped sgRNAs:0 
INFO  @ Sun, 10 Jan 2021 14:03:36:   Computing lo-values for each group... 
INFO  @ Sun, 10 Jan 2021 14:03:36:   Computing false discovery rate... 
INFO  @ Sun, 10 Jan 2021 14:03:36:   Increase the number of permutations to 4001 to get precise p values. To avoid this, use the --permutation option. 
INFO  @ Sun, 10 Jan 2021 14:03:36:   Permuting genes with 1 sgRNAs... 
INFO  @ Sun, 10 Jan 2021 14:03:36:   Permuting genes with 2 sgRNAs... 
INFO  @ Sun, 10 Jan 2021 14:03:36:   Permuting genes with 3 sgRNAs... 
INFO  @ Sun, 10 Jan 2021 14:03:36:   Permuting genes with 4 sgRNAs... 
INFO  @ Sun, 10 Jan 2021 14:03:36:   Permuting genes with 5 sgRNAs... 
INFO  @ Sun, 10 Jan 2021 14:03:36:   Permuting genes with 9 sgRNAs... 
INFO  @ Sun, 10 Jan 2021 14:03:36:   Permuting genes with 10 sgRNAs... 
INFO  @ Sun, 10 Jan 2021 14:03:36:   Number of genes under FDR adjustment: 25 
INFO  @ Sun, 10 Jan 2021 14:03:36:   Saving to output file... 
INFO  @ Sun, 10 Jan 2021 14:03:36:   RRA completed. 
INFO  @ Sun, 10 Jan 2021 14:03:36:    
INFO  @ Sun, 10 Jan 2021 14:03:36: End command message. 
DEBUG @ Sun, 10 Jan 2021 14:03:36: Sorting the merged items by positive selection... 
INFO  @ Sun, 10 Jan 2021 14:03:36: Loading top 10 genes from P1_46_day7.gene.low.txt: KRT20,LGR5,hSMARCA4,SOX9scrm,mKate,mKatescrm,CCR5,MYC,POLRD2scrm,hSATB2 
DEBUG @ Sun, 10 Jan 2021 14:03:36: Column index:3 
INFO  @ Sun, 10 Jan 2021 14:03:36: Loading top 10 genes from P1_46_day7.gene.high.txt: SOX9,GFP,mKate,mKatescrm,POLRD2,TCF4,hSATB1,MYCscrm,KRT20scrm,hAPC 
DEBUG @ Sun, 10 Jan 2021 14:03:36: Column index:9 
INFO  @ Sun, 10 Jan 2021 14:03:36: Running command: rm P1_46_day7.plow.txt 
INFO  @ Sun, 10 Jan 2021 14:03:36: Running command: rm P1_46_day7.phigh.txt 
INFO  @ Sun, 10 Jan 2021 14:03:36: Running command: rm P1_46_day7.gene.low.txt 
INFO  @ Sun, 10 Jan 2021 14:03:36: Running command: rm P1_46_day7.gene.high.txt 
