INFO  @ Sun, 10 Jan 2021 14:02:54: Parameters: /opt/anaconda3/bin/mageck test -k P1.txt -t 2 -c 0 -n P1_02_day3 --norm-method total --sort-criteria pos 
INFO  @ Sun, 10 Jan 2021 14:02:54: Welcome to MAGeCK v0.5.9.4. Command: test 
INFO  @ Sun, 10 Jan 2021 14:02:54: Loading count table from P1.txt  
INFO  @ Sun, 10 Jan 2021 14:02:54: Processing 1 lines.. 
DEBUG @ Sun, 10 Jan 2021 14:02:54: Parsing error in line 1 (usually the header line). Skip this line. 
INFO  @ Sun, 10 Jan 2021 14:02:54: Loaded 161 records. 
INFO  @ Sun, 10 Jan 2021 14:02:54: Loading Rnw template file: /opt/anaconda3/lib/python3.8/site-packages/mageck/test_report.Rmd. 
DEBUG @ Sun, 10 Jan 2021 14:02:54: Setting up the visualization module... 
INFO  @ Sun, 10 Jan 2021 14:02:54: Loading R template file: /opt/anaconda3/lib/python3.8/site-packages/mageck/plot_template.RTemplate. 
INFO  @ Sun, 10 Jan 2021 14:02:54: Loading R template file: /opt/anaconda3/lib/python3.8/site-packages/mageck/plot_template_indvgene.RTemplate. 
INFO  @ Sun, 10 Jan 2021 14:02:54: Loading Rnw template file: /opt/anaconda3/lib/python3.8/site-packages/mageck/plot_template.Rnw. 
DEBUG @ Sun, 10 Jan 2021 14:02:54: Setting up the visualization module... 
DEBUG @ Sun, 10 Jan 2021 14:02:54: Given sample labels: 2 
DEBUG @ Sun, 10 Jan 2021 14:02:54: Converted index: 2 
INFO  @ Sun, 10 Jan 2021 14:02:54: Treatment samples:2 
INFO  @ Sun, 10 Jan 2021 14:02:54: Treatment sample index:2 
DEBUG @ Sun, 10 Jan 2021 14:02:54: Given sample labels: 0 
DEBUG @ Sun, 10 Jan 2021 14:02:54: Converted index: 0 
INFO  @ Sun, 10 Jan 2021 14:02:54: Control samples:0 
INFO  @ Sun, 10 Jan 2021 14:02:54: Control sample index:0 
DEBUG @ Sun, 10 Jan 2021 14:02:54: Initial (total) size factor: 0.9500187645425204 1.055532390419641 
INFO  @ Sun, 10 Jan 2021 14:02:54: Final size factor: 0.9500187645425204 1.055532390419641 
INFO  @ Sun, 10 Jan 2021 14:02:54: Detecting outliers from variance estimation.. Avg read count:[126.13869551086192], Var: [4258838.636185711] 
INFO  @ Sun, 10 Jan 2021 14:02:54: Skipping 4 sgRNAs from variance calculation because of their extreme high counts (> 4* STD (mean counts) ). 
DEBUG @ Sun, 10 Jan 2021 14:02:54: Adjusted model: 2.1747336097296457	0 
INFO  @ Sun, 10 Jan 2021 14:02:54: Before RRA, 9 sgRNAs are removed with zero counts in both group(s). 
INFO  @ Sun, 10 Jan 2021 14:02:54: Use qnorm to reversely calculate sgRNA scores ... 
DEBUG @ Sun, 10 Jan 2021 14:02:54: lower test FDR cutoff: 0.26973684210526316 
DEBUG @ Sun, 10 Jan 2021 14:02:54: higher test FDR cutoff: 0.03289473684210526 
INFO  @ Sun, 10 Jan 2021 14:02:54: Running command: RRA -i P1_02_day3.plow.txt -o P1_02_day3.gene.low.txt -p 0.26973684210526316 --skip-gene NA --skip-gene na  
INFO  @ Sun, 10 Jan 2021 14:02:54: Command message: 
INFO  @ Sun, 10 Jan 2021 14:02:54:   Welcome to RRA v 0.5.9. 
INFO  @ Sun, 10 Jan 2021 14:02:54:   Skipping gene NA for permutation ... 
INFO  @ Sun, 10 Jan 2021 14:02:54:   Skipping gene na for permutation ... 
INFO  @ Sun, 10 Jan 2021 14:02:54:   Reading input file... 
INFO  @ Sun, 10 Jan 2021 14:02:54:   Summary: 152 sgRNAs, 25 genes, 1 lists; skipped sgRNAs:0 
INFO  @ Sun, 10 Jan 2021 14:02:54:   Computing lo-values for each group... 
INFO  @ Sun, 10 Jan 2021 14:02:54:   Computing false discovery rate... 
INFO  @ Sun, 10 Jan 2021 14:02:54:   Increase the number of permutations to 4001 to get precise p values. To avoid this, use the --permutation option. 
INFO  @ Sun, 10 Jan 2021 14:02:54:   Permuting genes with 1 sgRNAs... 
INFO  @ Sun, 10 Jan 2021 14:02:54:   Permuting genes with 2 sgRNAs... 
INFO  @ Sun, 10 Jan 2021 14:02:54:   Permuting genes with 3 sgRNAs... 
INFO  @ Sun, 10 Jan 2021 14:02:54:   Permuting genes with 4 sgRNAs... 
INFO  @ Sun, 10 Jan 2021 14:02:54:   Permuting genes with 5 sgRNAs... 
INFO  @ Sun, 10 Jan 2021 14:02:54:   Permuting genes with 9 sgRNAs... 
INFO  @ Sun, 10 Jan 2021 14:02:54:   Permuting genes with 10 sgRNAs... 
INFO  @ Sun, 10 Jan 2021 14:02:54:   Number of genes under FDR adjustment: 25 
INFO  @ Sun, 10 Jan 2021 14:02:54:   Saving to output file... 
INFO  @ Sun, 10 Jan 2021 14:02:54:   RRA completed. 
INFO  @ Sun, 10 Jan 2021 14:02:54:    
INFO  @ Sun, 10 Jan 2021 14:02:54: End command message. 
INFO  @ Sun, 10 Jan 2021 14:02:54: Running command: RRA -i P1_02_day3.phigh.txt -o P1_02_day3.gene.high.txt -p 0.03289473684210526 --skip-gene NA --skip-gene na  
INFO  @ Sun, 10 Jan 2021 14:02:54: Command message: 
INFO  @ Sun, 10 Jan 2021 14:02:54:   Welcome to RRA v 0.5.9. 
INFO  @ Sun, 10 Jan 2021 14:02:54:   Skipping gene NA for permutation ... 
INFO  @ Sun, 10 Jan 2021 14:02:54:   Skipping gene na for permutation ... 
INFO  @ Sun, 10 Jan 2021 14:02:54:   Reading input file... 
INFO  @ Sun, 10 Jan 2021 14:02:54:   Summary: 152 sgRNAs, 25 genes, 1 lists; skipped sgRNAs:0 
INFO  @ Sun, 10 Jan 2021 14:02:54:   Computing lo-values for each group... 
INFO  @ Sun, 10 Jan 2021 14:02:54:   Computing false discovery rate... 
INFO  @ Sun, 10 Jan 2021 14:02:54:   Increase the number of permutations to 4001 to get precise p values. To avoid this, use the --permutation option. 
INFO  @ Sun, 10 Jan 2021 14:02:54:   Permuting genes with 1 sgRNAs... 
INFO  @ Sun, 10 Jan 2021 14:02:54:   Permuting genes with 2 sgRNAs... 
INFO  @ Sun, 10 Jan 2021 14:02:54:   Permuting genes with 3 sgRNAs... 
INFO  @ Sun, 10 Jan 2021 14:02:54:   Permuting genes with 4 sgRNAs... 
INFO  @ Sun, 10 Jan 2021 14:02:54:   Permuting genes with 5 sgRNAs... 
INFO  @ Sun, 10 Jan 2021 14:02:54:   Permuting genes with 9 sgRNAs... 
INFO  @ Sun, 10 Jan 2021 14:02:54:   Permuting genes with 10 sgRNAs... 
INFO  @ Sun, 10 Jan 2021 14:02:54:   Number of genes under FDR adjustment: 25 
INFO  @ Sun, 10 Jan 2021 14:02:54:   Saving to output file... 
INFO  @ Sun, 10 Jan 2021 14:02:54:   RRA completed. 
INFO  @ Sun, 10 Jan 2021 14:02:54:    
INFO  @ Sun, 10 Jan 2021 14:02:54: End command message. 
DEBUG @ Sun, 10 Jan 2021 14:02:54: Sorting the merged items by positive selection... 
INFO  @ Sun, 10 Jan 2021 14:02:54: Loading top 10 genes from P1_02_day3.gene.low.txt: CCR5,KRT20,SOX9scrm,TCF4,LGR5,MYC,mKatescrm,mKate,hSMARCC1,POLRD2 
DEBUG @ Sun, 10 Jan 2021 14:02:54: Column index:3 
INFO  @ Sun, 10 Jan 2021 14:02:54: Loading top 10 genes from P1_02_day3.gene.high.txt: SOX9,GFP,hSMARCC2,GFPscrm,hSMARCA4,hSMARCB1,TCF20,hSATB1,mKatescrm,hSMARCC1 
DEBUG @ Sun, 10 Jan 2021 14:02:54: Column index:9 
INFO  @ Sun, 10 Jan 2021 14:02:54: Running command: rm P1_02_day3.plow.txt 
INFO  @ Sun, 10 Jan 2021 14:02:54: Running command: rm P1_02_day3.phigh.txt 
INFO  @ Sun, 10 Jan 2021 14:02:54: Running command: rm P1_02_day3.gene.low.txt 
INFO  @ Sun, 10 Jan 2021 14:02:54: Running command: rm P1_02_day3.gene.high.txt 
