INFO  @ Mon, 11 Jan 2021 15:35:45: Parameters: /opt/anaconda3/bin/mageck test -k P3.txt -t 5 -c 4 -n P3_45_day7 --norm-method total --sort-criteria pos 
INFO  @ Mon, 11 Jan 2021 15:35:45: Welcome to MAGeCK v0.5.9.4. Command: test 
INFO  @ Mon, 11 Jan 2021 15:35:45: Loading count table from P3.txt  
INFO  @ Mon, 11 Jan 2021 15:35:45: Processing 1 lines.. 
DEBUG @ Mon, 11 Jan 2021 15:35:45: Parsing error in line 1 (usually the header line). Skip this line. 
INFO  @ Mon, 11 Jan 2021 15:35:45: Loaded 76 records. 
INFO  @ Mon, 11 Jan 2021 15:35:45: Loading Rnw template file: /opt/anaconda3/lib/python3.8/site-packages/mageck/test_report.Rmd. 
DEBUG @ Mon, 11 Jan 2021 15:35:45: Setting up the visualization module... 
INFO  @ Mon, 11 Jan 2021 15:35:45: Loading R template file: /opt/anaconda3/lib/python3.8/site-packages/mageck/plot_template.RTemplate. 
INFO  @ Mon, 11 Jan 2021 15:35:45: Loading R template file: /opt/anaconda3/lib/python3.8/site-packages/mageck/plot_template_indvgene.RTemplate. 
INFO  @ Mon, 11 Jan 2021 15:35:45: Loading Rnw template file: /opt/anaconda3/lib/python3.8/site-packages/mageck/plot_template.Rnw. 
DEBUG @ Mon, 11 Jan 2021 15:35:45: Setting up the visualization module... 
DEBUG @ Mon, 11 Jan 2021 15:35:45: Given sample labels: 5 
DEBUG @ Mon, 11 Jan 2021 15:35:45: Converted index: 5 
INFO  @ Mon, 11 Jan 2021 15:35:45: Treatment samples:5 
INFO  @ Mon, 11 Jan 2021 15:35:45: Treatment sample index:5 
DEBUG @ Mon, 11 Jan 2021 15:35:45: Given sample labels: 4 
DEBUG @ Mon, 11 Jan 2021 15:35:45: Converted index: 4 
INFO  @ Mon, 11 Jan 2021 15:35:45: Control samples:4 
INFO  @ Mon, 11 Jan 2021 15:35:45: Control sample index:4 
DEBUG @ Mon, 11 Jan 2021 15:35:45: Initial (total) size factor: 1.5146667971425776 0.7463863020885573 
INFO  @ Mon, 11 Jan 2021 15:35:45: Final size factor: 1.5146667971425776 0.7463863020885573 
INFO  @ Mon, 11 Jan 2021 15:35:45: Detecting outliers from variance estimation.. Avg read count:[3958.274440578071], Var: [39899808.39196123] 
INFO  @ Mon, 11 Jan 2021 15:35:45: Skipping 1 sgRNAs from variance calculation because of their extreme high counts (> 4* STD (mean counts) ). 
DEBUG @ Mon, 11 Jan 2021 15:35:45: Adjusted model: 2.8320420542865063	0 
INFO  @ Mon, 11 Jan 2021 15:35:45: Before RRA, 0 sgRNAs are removed with zero counts in both group(s). 
INFO  @ Mon, 11 Jan 2021 15:35:45: Use qnorm to reversely calculate sgRNA scores ... 
DEBUG @ Mon, 11 Jan 2021 15:35:45: lower test FDR cutoff: 0.9868421052631579 
DEBUG @ Mon, 11 Jan 2021 15:35:45: higher test FDR cutoff: 0.013157894736842105 
INFO  @ Mon, 11 Jan 2021 15:35:45: Running command: RRA -i P3_45_day7.plow.txt -o P3_45_day7.gene.low.txt -p 0.5 --skip-gene NA --skip-gene na  
INFO  @ Mon, 11 Jan 2021 15:35:45: Command message: 
INFO  @ Mon, 11 Jan 2021 15:35:45:   Welcome to RRA v 0.5.9. 
INFO  @ Mon, 11 Jan 2021 15:35:45:   Skipping gene NA for permutation ... 
INFO  @ Mon, 11 Jan 2021 15:35:45:   Skipping gene na for permutation ... 
INFO  @ Mon, 11 Jan 2021 15:35:45:   Reading input file... 
INFO  @ Mon, 11 Jan 2021 15:35:45:   Summary: 76 sgRNAs, 10 genes, 1 lists; skipped sgRNAs:0 
INFO  @ Mon, 11 Jan 2021 15:35:45:   Computing lo-values for each group... 
INFO  @ Mon, 11 Jan 2021 15:35:45:   Computing false discovery rate... 
INFO  @ Mon, 11 Jan 2021 15:35:45:   Increase the number of permutations to 10001 to get precise p values. To avoid this, use the --permutation option. 
INFO  @ Mon, 11 Jan 2021 15:35:45:   Permuting genes with 6 sgRNAs... 
INFO  @ Mon, 11 Jan 2021 15:35:45:   Permuting genes with 10 sgRNAs... 
INFO  @ Mon, 11 Jan 2021 15:35:45:   Number of genes under FDR adjustment: 10 
INFO  @ Mon, 11 Jan 2021 15:35:45:   Saving to output file... 
INFO  @ Mon, 11 Jan 2021 15:35:45:   RRA completed. 
INFO  @ Mon, 11 Jan 2021 15:35:45:    
INFO  @ Mon, 11 Jan 2021 15:35:45: End command message. 
INFO  @ Mon, 11 Jan 2021 15:35:45: Running command: RRA -i P3_45_day7.phigh.txt -o P3_45_day7.gene.high.txt -p 0.013157894736842105 --skip-gene NA --skip-gene na  
INFO  @ Mon, 11 Jan 2021 15:35:45: Command message: 
INFO  @ Mon, 11 Jan 2021 15:35:45:   Welcome to RRA v 0.5.9. 
INFO  @ Mon, 11 Jan 2021 15:35:45:   Skipping gene NA for permutation ... 
INFO  @ Mon, 11 Jan 2021 15:35:45:   Skipping gene na for permutation ... 
INFO  @ Mon, 11 Jan 2021 15:35:45:   Reading input file... 
INFO  @ Mon, 11 Jan 2021 15:35:45:   Summary: 76 sgRNAs, 10 genes, 1 lists; skipped sgRNAs:0 
INFO  @ Mon, 11 Jan 2021 15:35:45:   Computing lo-values for each group... 
INFO  @ Mon, 11 Jan 2021 15:35:45:   Computing false discovery rate... 
INFO  @ Mon, 11 Jan 2021 15:35:45:   Increase the number of permutations to 10001 to get precise p values. To avoid this, use the --permutation option. 
INFO  @ Mon, 11 Jan 2021 15:35:45:   Permuting genes with 6 sgRNAs... 
INFO  @ Mon, 11 Jan 2021 15:35:45:   Permuting genes with 10 sgRNAs... 
INFO  @ Mon, 11 Jan 2021 15:35:45:   Number of genes under FDR adjustment: 10 
INFO  @ Mon, 11 Jan 2021 15:35:45:   Saving to output file... 
INFO  @ Mon, 11 Jan 2021 15:35:45:   RRA completed. 
INFO  @ Mon, 11 Jan 2021 15:35:45:    
INFO  @ Mon, 11 Jan 2021 15:35:45: End command message. 
DEBUG @ Mon, 11 Jan 2021 15:35:45: Sorting the merged items by positive selection... 
INFO  @ Mon, 11 Jan 2021 15:35:45: Loading top 10 genes from P3_45_day7.gene.low.txt: PROM1,mKate2,ROSA26,LRIG1,KRT20,CTRL,AAVS1,CCR5,SOX9,EGFP 
DEBUG @ Mon, 11 Jan 2021 15:35:45: Column index:3 
INFO  @ Mon, 11 Jan 2021 15:35:45: Loading top 10 genes from P3_45_day7.gene.high.txt: EGFP,AAVS1,KRT20,CTRL,mKate2,SOX9,ROSA26,LRIG1,CCR5,PROM1 
DEBUG @ Mon, 11 Jan 2021 15:35:45: Column index:9 
INFO  @ Mon, 11 Jan 2021 15:35:45: Running command: rm P3_45_day7.plow.txt 
INFO  @ Mon, 11 Jan 2021 15:35:45: Running command: rm P3_45_day7.phigh.txt 
INFO  @ Mon, 11 Jan 2021 15:35:45: Running command: rm P3_45_day7.gene.low.txt 
INFO  @ Mon, 11 Jan 2021 15:35:45: Running command: rm P3_45_day7.gene.high.txt 
