INFO  @ Sun, 17 Jan 2021 16:28:22: Parameters: /opt/anaconda3/bin/mageck test -k P2.txt -t 1 -c 0 -n P2_01_day3 --norm-method total --sort-criteria pos 
INFO  @ Sun, 17 Jan 2021 16:28:22: Welcome to MAGeCK v0.5.9.4. Command: test 
INFO  @ Sun, 17 Jan 2021 16:28:22: Loading count table from P2.txt  
INFO  @ Sun, 17 Jan 2021 16:28:22: Processing 1 lines.. 
DEBUG @ Sun, 17 Jan 2021 16:28:22: Parsing error in line 1 (usually the header line). Skip this line. 
INFO  @ Sun, 17 Jan 2021 16:28:22: Loaded 161 records. 
INFO  @ Sun, 17 Jan 2021 16:28:22: Loading Rnw template file: /opt/anaconda3/lib/python3.8/site-packages/mageck/test_report.Rmd. 
DEBUG @ Sun, 17 Jan 2021 16:28:22: Setting up the visualization module... 
INFO  @ Sun, 17 Jan 2021 16:28:22: Loading R template file: /opt/anaconda3/lib/python3.8/site-packages/mageck/plot_template.RTemplate. 
INFO  @ Sun, 17 Jan 2021 16:28:22: Loading R template file: /opt/anaconda3/lib/python3.8/site-packages/mageck/plot_template_indvgene.RTemplate. 
INFO  @ Sun, 17 Jan 2021 16:28:22: Loading Rnw template file: /opt/anaconda3/lib/python3.8/site-packages/mageck/plot_template.Rnw. 
DEBUG @ Sun, 17 Jan 2021 16:28:22: Setting up the visualization module... 
DEBUG @ Sun, 17 Jan 2021 16:28:22: Given sample labels: 1 
DEBUG @ Sun, 17 Jan 2021 16:28:22: Converted index: 1 
INFO  @ Sun, 17 Jan 2021 16:28:23: Treatment samples:1 
INFO  @ Sun, 17 Jan 2021 16:28:23: Treatment sample index:1 
DEBUG @ Sun, 17 Jan 2021 16:28:23: Given sample labels: 0 
DEBUG @ Sun, 17 Jan 2021 16:28:23: Converted index: 0 
INFO  @ Sun, 17 Jan 2021 16:28:23: Control samples:0 
INFO  @ Sun, 17 Jan 2021 16:28:23: Control sample index:0 
DEBUG @ Sun, 17 Jan 2021 16:28:23: Initial (total) size factor: 0.500814859197124 307.3014705882353 
INFO  @ Sun, 17 Jan 2021 16:28:23: Final size factor: 0.500814859197124 307.3014705882353 
WARNING @ Sun, 17 Jan 2021 16:28:23: Some samples have unusually small or large normalization factors (<0.2 or >5). Please double-check with the normalization process. 
INFO  @ Sun, 17 Jan 2021 16:28:23: Detecting outliers from variance estimation.. Avg read count:[302.49217495506286], Var: [691653.1295695582] 
INFO  @ Sun, 17 Jan 2021 16:28:23: Skipping 3 sgRNAs from variance calculation because of their extreme high counts (> 4* STD (mean counts) ). 
DEBUG @ Sun, 17 Jan 2021 16:28:23: Adjusted model: 1.8777637448667868	0.8436993417319053 
INFO  @ Sun, 17 Jan 2021 16:28:23: Before RRA, 9 sgRNAs are removed with zero counts in both group(s). 
INFO  @ Sun, 17 Jan 2021 16:28:23: Use qnorm to reversely calculate sgRNA scores ... 
DEBUG @ Sun, 17 Jan 2021 16:28:23: lower test FDR cutoff: 0.1513157894736842 
DEBUG @ Sun, 17 Jan 2021 16:28:23: higher test FDR cutoff: 0.7171052631578947 
INFO  @ Sun, 17 Jan 2021 16:28:23: Running command: RRA -i P2_01_day3.plow.txt -o P2_01_day3.gene.low.txt -p 0.1513157894736842 --skip-gene NA --skip-gene na  
INFO  @ Sun, 17 Jan 2021 16:28:23: Command message: 
INFO  @ Sun, 17 Jan 2021 16:28:23:   Welcome to RRA v 0.5.9. 
INFO  @ Sun, 17 Jan 2021 16:28:23:   Skipping gene NA for permutation ... 
INFO  @ Sun, 17 Jan 2021 16:28:23:   Skipping gene na for permutation ... 
INFO  @ Sun, 17 Jan 2021 16:28:23:   Reading input file... 
INFO  @ Sun, 17 Jan 2021 16:28:23:   Summary: 152 sgRNAs, 25 genes, 1 lists; skipped sgRNAs:0 
INFO  @ Sun, 17 Jan 2021 16:28:23:   Computing lo-values for each group... 
INFO  @ Sun, 17 Jan 2021 16:28:23:   Computing false discovery rate... 
INFO  @ Sun, 17 Jan 2021 16:28:23:   Increase the number of permutations to 4001 to get precise p values. To avoid this, use the --permutation option. 
INFO  @ Sun, 17 Jan 2021 16:28:23:   Permuting genes with 1 sgRNAs... 
INFO  @ Sun, 17 Jan 2021 16:28:23:   Permuting genes with 2 sgRNAs... 
INFO  @ Sun, 17 Jan 2021 16:28:23:   Permuting genes with 3 sgRNAs... 
INFO  @ Sun, 17 Jan 2021 16:28:23:   Permuting genes with 4 sgRNAs... 
INFO  @ Sun, 17 Jan 2021 16:28:23:   Permuting genes with 5 sgRNAs... 
INFO  @ Sun, 17 Jan 2021 16:28:23:   Permuting genes with 9 sgRNAs... 
INFO  @ Sun, 17 Jan 2021 16:28:23:   Permuting genes with 10 sgRNAs... 
INFO  @ Sun, 17 Jan 2021 16:28:23:   Number of genes under FDR adjustment: 25 
INFO  @ Sun, 17 Jan 2021 16:28:23:   Saving to output file... 
INFO  @ Sun, 17 Jan 2021 16:28:23:   RRA completed. 
INFO  @ Sun, 17 Jan 2021 16:28:23:    
INFO  @ Sun, 17 Jan 2021 16:28:23: End command message. 
INFO  @ Sun, 17 Jan 2021 16:28:23: Running command: RRA -i P2_01_day3.phigh.txt -o P2_01_day3.gene.high.txt -p 0.7171052631578947 --skip-gene NA --skip-gene na  
INFO  @ Sun, 17 Jan 2021 16:28:25: Command message: 
INFO  @ Sun, 17 Jan 2021 16:28:25:   Welcome to RRA v 0.5.9. 
INFO  @ Sun, 17 Jan 2021 16:28:25:   Skipping gene NA for permutation ... 
INFO  @ Sun, 17 Jan 2021 16:28:25:   Skipping gene na for permutation ... 
INFO  @ Sun, 17 Jan 2021 16:28:25:   Reading input file... 
INFO  @ Sun, 17 Jan 2021 16:28:25:   Summary: 152 sgRNAs, 25 genes, 1 lists; skipped sgRNAs:0 
INFO  @ Sun, 17 Jan 2021 16:28:25:   Computing lo-values for each group... 
INFO  @ Sun, 17 Jan 2021 16:28:25:   Computing false discovery rate... 
INFO  @ Sun, 17 Jan 2021 16:28:25:   Increase the number of permutations to 4001 to get precise p values. To avoid this, use the --permutation option. 
INFO  @ Sun, 17 Jan 2021 16:28:25:   Permuting genes with 1 sgRNAs... 
INFO  @ Sun, 17 Jan 2021 16:28:25:   Permuting genes with 2 sgRNAs... 
INFO  @ Sun, 17 Jan 2021 16:28:25:   Permuting genes with 3 sgRNAs... 
INFO  @ Sun, 17 Jan 2021 16:28:25:   Permuting genes with 4 sgRNAs... 
INFO  @ Sun, 17 Jan 2021 16:28:25:   Permuting genes with 5 sgRNAs... 
INFO  @ Sun, 17 Jan 2021 16:28:25:   Permuting genes with 9 sgRNAs... 
INFO  @ Sun, 17 Jan 2021 16:28:25:   Permuting genes with 10 sgRNAs... 
INFO  @ Sun, 17 Jan 2021 16:28:25:   Number of genes under FDR adjustment: 25 
INFO  @ Sun, 17 Jan 2021 16:28:25:   Saving to output file... 
INFO  @ Sun, 17 Jan 2021 16:28:25:   RRA completed. 
INFO  @ Sun, 17 Jan 2021 16:28:25:    
INFO  @ Sun, 17 Jan 2021 16:28:25: End command message. 
DEBUG @ Sun, 17 Jan 2021 16:28:25: Sorting the merged items by positive selection... 
INFO  @ Sun, 17 Jan 2021 16:28:25: Loading top 10 genes from P2_01_day3.gene.low.txt: SOX9,KRT20,LGR5,SOX9scrm,KRT20scrm,hAPC,hSMARCB1,MYCscrm,MYC,POLRD2scrm 
DEBUG @ Sun, 17 Jan 2021 16:28:25: Column index:3 
INFO  @ Sun, 17 Jan 2021 16:28:25: Loading top 10 genes from P2_01_day3.gene.high.txt: GFP,GFPscrm,KRT20,MYC,hSATB2,mKatescrm,POLRD2scrm,hSMARCC2,hSMARCA4,hSATB1 
DEBUG @ Sun, 17 Jan 2021 16:28:25: Column index:9 
INFO  @ Sun, 17 Jan 2021 16:28:25: Running command: rm P2_01_day3.plow.txt 
INFO  @ Sun, 17 Jan 2021 16:28:25: Running command: rm P2_01_day3.phigh.txt 
INFO  @ Sun, 17 Jan 2021 16:28:25: Running command: rm P2_01_day3.gene.low.txt 
INFO  @ Sun, 17 Jan 2021 16:28:25: Running command: rm P2_01_day3.gene.high.txt 
WARNING @ Sun, 17 Jan 2021 16:28:25: Warning messages generated during normalization. Please double check with the log file to make sure the normalization process is proper. 
