INFO  @ Tue, 16 Feb 2021 13:32:26: Parameters: /opt/anaconda3/bin/mageck mle -k S10A.txt -d S10A_GFP_design_matrix.txt -n S10A_GFP 
INFO  @ Tue, 16 Feb 2021 13:32:26: Cannot parse design matrix as a string; try to parse it as a file name ... 
INFO  @ Tue, 16 Feb 2021 13:32:26: Design matrix: 
INFO  @ Tue, 16 Feb 2021 13:32:26: [[1. 0. 0. 0.] 
INFO  @ Tue, 16 Feb 2021 13:32:26:  [1. 1. 0. 0.] 
INFO  @ Tue, 16 Feb 2021 13:32:26:  [1. 0. 1. 0.] 
INFO  @ Tue, 16 Feb 2021 13:32:26:  [1. 0. 0. 1.]] 
INFO  @ Tue, 16 Feb 2021 13:32:26: Beta labels:baseline,S74_MNSC510_F2,S75_MNSC510_F3,S76_MNSC510_F4 
INFO  @ Tue, 16 Feb 2021 13:32:26: Included samples:S73_MNSC510_F1,S74_MNSC510_F2,S75_MNSC510_F3,S76_MNSC510_F4 
INFO  @ Tue, 16 Feb 2021 13:32:26: Loaded samples:S73_MNSC510_F1;S74_MNSC510_F2;S75_MNSC510_F3;S76_MNSC510_F4 
INFO  @ Tue, 16 Feb 2021 13:32:26: Sample index: 0;1;2;3 
INFO  @ Tue, 16 Feb 2021 13:32:26: Loaded 11 genes. 
DEBUG @ Tue, 16 Feb 2021 13:32:26: Initial (total) size factor: 0.9650163741967375 0.9619434332982255 1.1643927278691701 0.9386417248891894 
DEBUG @ Tue, 16 Feb 2021 13:32:26: Median factor: 0.8637092770518722 0.8628336773551067 1.3580743884181772 0.9555844338242586 
INFO  @ Tue, 16 Feb 2021 13:32:26: Final size factor: 0.8637092770518722 0.8628336773551067 1.3580743884181772 0.9555844338242586 
INFO  @ Tue, 16 Feb 2021 13:32:26: size factor: 1.1577969886040052,1.1589719157292944,0.7363366900429911,1.046480001770215 
INFO  @ Tue, 16 Feb 2021 13:32:27: Thread 0 started. 
INFO  @ Tue, 16 Feb 2021 13:32:28: Thread 0 completed. 
INFO  @ Tue, 16 Feb 2021 13:32:28: All threads completed. 
INFO  @ Tue, 16 Feb 2021 13:32:28: Modeling the mean and variance ... 
INFO  @ Tue, 16 Feb 2021 13:32:28: Run the algorithm for the second time ... 
INFO  @ Tue, 16 Feb 2021 13:32:28: Thread 0 started. 
INFO  @ Tue, 16 Feb 2021 13:32:29: Thread 0 completed. 
INFO  @ Tue, 16 Feb 2021 13:32:29: All threads completed. 
INFO  @ Tue, 16 Feb 2021 13:32:29: Permuting groups of gene with 1 sgRNAs per gene. Group progress: 1/3 
INFO  @ Tue, 16 Feb 2021 13:32:29: Start permuting 2 rounds ... 
INFO  @ Tue, 16 Feb 2021 13:32:29: Collecting 77 sgRNAs from 11 genes. 
INFO  @ Tue, 16 Feb 2021 13:32:29: Permuting round 0 ... 
INFO  @ Tue, 16 Feb 2021 13:32:29: Thread 0 started. 
INFO  @ Tue, 16 Feb 2021 13:32:30: Thread 0 completed. 
INFO  @ Tue, 16 Feb 2021 13:32:30: All threads completed. 
INFO  @ Tue, 16 Feb 2021 13:32:30: Permuting round 1 ... 
INFO  @ Tue, 16 Feb 2021 13:32:31: Thread 0 started. 
INFO  @ Tue, 16 Feb 2021 13:32:32: Thread 0 completed. 
INFO  @ Tue, 16 Feb 2021 13:32:32: All threads completed. 
INFO  @ Tue, 16 Feb 2021 13:32:32: Assigning p values... 
INFO  @ Tue, 16 Feb 2021 13:32:32: Permuting groups of gene with 6 sgRNAs per gene. Group progress: 2/3 
INFO  @ Tue, 16 Feb 2021 13:32:32: Start permuting 2 rounds ... 
INFO  @ Tue, 16 Feb 2021 13:32:32: Collecting 77 sgRNAs from 11 genes. 
INFO  @ Tue, 16 Feb 2021 13:32:32: Permuting round 0 ... 
INFO  @ Tue, 16 Feb 2021 13:32:33: Thread 0 started. 
INFO  @ Tue, 16 Feb 2021 13:32:33: Thread 0 completed. 
INFO  @ Tue, 16 Feb 2021 13:32:33: All threads completed. 
INFO  @ Tue, 16 Feb 2021 13:32:33: Permuting round 1 ... 
INFO  @ Tue, 16 Feb 2021 13:32:34: Thread 0 started. 
INFO  @ Tue, 16 Feb 2021 13:32:35: Thread 0 completed. 
INFO  @ Tue, 16 Feb 2021 13:32:35: All threads completed. 
INFO  @ Tue, 16 Feb 2021 13:32:35: Assigning p values... 
INFO  @ Tue, 16 Feb 2021 13:32:35: Permuting groups of gene with 10 sgRNAs per gene. Group progress: 3/3 
INFO  @ Tue, 16 Feb 2021 13:32:35: Start permuting 2 rounds ... 
INFO  @ Tue, 16 Feb 2021 13:32:35: Collecting 77 sgRNAs from 11 genes. 
INFO  @ Tue, 16 Feb 2021 13:32:35: Permuting round 0 ... 
INFO  @ Tue, 16 Feb 2021 13:32:35: Thread 0 started. 
INFO  @ Tue, 16 Feb 2021 13:32:36: Thread 0 completed. 
INFO  @ Tue, 16 Feb 2021 13:32:36: All threads completed. 
INFO  @ Tue, 16 Feb 2021 13:32:36: Permuting round 1 ... 
INFO  @ Tue, 16 Feb 2021 13:32:37: Thread 0 started. 
INFO  @ Tue, 16 Feb 2021 13:32:37: Thread 0 completed. 
INFO  @ Tue, 16 Feb 2021 13:32:37: All threads completed. 
INFO  @ Tue, 16 Feb 2021 13:32:37: Assigning p values... 
INFO  @ Tue, 16 Feb 2021 13:32:37: Writing gene results to S10A_GFP.gene_summary.txt 
INFO  @ Tue, 16 Feb 2021 13:32:37: Writing sgRNA results to S10A_GFP.sgrna_summary.txt 
