INFO  @ Tue, 16 Feb 2021 13:32:45: Parameters: /opt/anaconda3/bin/mageck mle -k S10A.txt -d S10A_mCherry_design_matrix.txt -n S10A_mCherry 
INFO  @ Tue, 16 Feb 2021 13:32:45: Cannot parse design matrix as a string; try to parse it as a file name ... 
INFO  @ Tue, 16 Feb 2021 13:32:45: Design matrix: 
INFO  @ Tue, 16 Feb 2021 13:32:45: [[1. 0. 0. 0.] 
INFO  @ Tue, 16 Feb 2021 13:32:45:  [1. 1. 0. 0.] 
INFO  @ Tue, 16 Feb 2021 13:32:45:  [1. 0. 1. 0.] 
INFO  @ Tue, 16 Feb 2021 13:32:45:  [1. 0. 0. 1.]] 
INFO  @ Tue, 16 Feb 2021 13:32:45: Beta labels:baseline,S73_MNSC510_F1,S75_MNSC510_F3,S76_MNSC510_F4 
INFO  @ Tue, 16 Feb 2021 13:32:45: Included samples:S74_MNSC510_F2,S73_MNSC510_F1,S75_MNSC510_F3,S76_MNSC510_F4 
INFO  @ Tue, 16 Feb 2021 13:32:45: Loaded samples:S74_MNSC510_F2;S73_MNSC510_F1;S75_MNSC510_F3;S76_MNSC510_F4 
INFO  @ Tue, 16 Feb 2021 13:32:45: Sample index: 1;0;2;3 
INFO  @ Tue, 16 Feb 2021 13:32:45: Loaded 11 genes. 
DEBUG @ Tue, 16 Feb 2021 13:32:45: Initial (total) size factor: 0.9619434332982255 0.9650163741967375 1.1643927278691701 0.9386417248891894 
DEBUG @ Tue, 16 Feb 2021 13:32:45: Median factor: 0.8628336773551067 0.8637092770518722 1.3580743884181772 0.9555844338242586 
INFO  @ Tue, 16 Feb 2021 13:32:45: Final size factor: 0.8628336773551067 0.8637092770518722 1.3580743884181772 0.9555844338242586 
INFO  @ Tue, 16 Feb 2021 13:32:45: size factor: 1.1589719157292944,1.1577969886040052,0.7363366900429911,1.046480001770215 
INFO  @ Tue, 16 Feb 2021 13:32:46: Thread 0 started. 
INFO  @ Tue, 16 Feb 2021 13:32:46: Thread 0 completed. 
INFO  @ Tue, 16 Feb 2021 13:32:46: All threads completed. 
INFO  @ Tue, 16 Feb 2021 13:32:46: Modeling the mean and variance ... 
INFO  @ Tue, 16 Feb 2021 13:32:46: Run the algorithm for the second time ... 
INFO  @ Tue, 16 Feb 2021 13:32:47: Thread 0 started. 
INFO  @ Tue, 16 Feb 2021 13:32:48: Thread 0 completed. 
INFO  @ Tue, 16 Feb 2021 13:32:48: All threads completed. 
INFO  @ Tue, 16 Feb 2021 13:32:48: Permuting groups of gene with 1 sgRNAs per gene. Group progress: 1/3 
INFO  @ Tue, 16 Feb 2021 13:32:48: Start permuting 2 rounds ... 
INFO  @ Tue, 16 Feb 2021 13:32:48: Collecting 77 sgRNAs from 11 genes. 
INFO  @ Tue, 16 Feb 2021 13:32:48: Permuting round 0 ... 
INFO  @ Tue, 16 Feb 2021 13:32:48: Thread 0 started. 
INFO  @ Tue, 16 Feb 2021 13:32:49: Thread 0 completed. 
INFO  @ Tue, 16 Feb 2021 13:32:49: All threads completed. 
INFO  @ Tue, 16 Feb 2021 13:32:49: Permuting round 1 ... 
INFO  @ Tue, 16 Feb 2021 13:32:49: Thread 0 started. 
INFO  @ Tue, 16 Feb 2021 13:32:50: Thread 0 completed. 
INFO  @ Tue, 16 Feb 2021 13:32:50: All threads completed. 
INFO  @ Tue, 16 Feb 2021 13:32:50: Assigning p values... 
INFO  @ Tue, 16 Feb 2021 13:32:50: Permuting groups of gene with 6 sgRNAs per gene. Group progress: 2/3 
INFO  @ Tue, 16 Feb 2021 13:32:50: Start permuting 2 rounds ... 
INFO  @ Tue, 16 Feb 2021 13:32:50: Collecting 77 sgRNAs from 11 genes. 
INFO  @ Tue, 16 Feb 2021 13:32:50: Permuting round 0 ... 
INFO  @ Tue, 16 Feb 2021 13:32:51: Thread 0 started. 
INFO  @ Tue, 16 Feb 2021 13:32:51: Thread 0 completed. 
INFO  @ Tue, 16 Feb 2021 13:32:51: All threads completed. 
INFO  @ Tue, 16 Feb 2021 13:32:51: Permuting round 1 ... 
INFO  @ Tue, 16 Feb 2021 13:32:52: Thread 0 started. 
INFO  @ Tue, 16 Feb 2021 13:32:52: Thread 0 completed. 
INFO  @ Tue, 16 Feb 2021 13:32:52: All threads completed. 
INFO  @ Tue, 16 Feb 2021 13:32:52: Assigning p values... 
INFO  @ Tue, 16 Feb 2021 13:32:52: Permuting groups of gene with 10 sgRNAs per gene. Group progress: 3/3 
INFO  @ Tue, 16 Feb 2021 13:32:52: Start permuting 2 rounds ... 
INFO  @ Tue, 16 Feb 2021 13:32:52: Collecting 77 sgRNAs from 11 genes. 
INFO  @ Tue, 16 Feb 2021 13:32:52: Permuting round 0 ... 
INFO  @ Tue, 16 Feb 2021 13:32:53: Thread 0 started. 
INFO  @ Tue, 16 Feb 2021 13:32:54: Thread 0 completed. 
INFO  @ Tue, 16 Feb 2021 13:32:54: All threads completed. 
INFO  @ Tue, 16 Feb 2021 13:32:54: Permuting round 1 ... 
INFO  @ Tue, 16 Feb 2021 13:32:54: Thread 0 started. 
INFO  @ Tue, 16 Feb 2021 13:32:55: Thread 0 completed. 
INFO  @ Tue, 16 Feb 2021 13:32:55: All threads completed. 
INFO  @ Tue, 16 Feb 2021 13:32:55: Assigning p values... 
INFO  @ Tue, 16 Feb 2021 13:32:55: Writing gene results to S10A_mCherry.gene_summary.txt 
INFO  @ Tue, 16 Feb 2021 13:32:55: Writing sgRNA results to S10A_mCherry.sgrna_summary.txt 
