INFO  @ Tue, 16 Feb 2021 13:33:08: Parameters: /opt/anaconda3/bin/mageck mle -k S10B.txt -d S10B_GFP_design_matrix.txt -n S10B_GFP 
INFO  @ Tue, 16 Feb 2021 13:33:08: Cannot parse design matrix as a string; try to parse it as a file name ... 
INFO  @ Tue, 16 Feb 2021 13:33:08: Design matrix: 
INFO  @ Tue, 16 Feb 2021 13:33:08: [[1. 0. 0. 0.] 
INFO  @ Tue, 16 Feb 2021 13:33:08:  [1. 1. 0. 0.] 
INFO  @ Tue, 16 Feb 2021 13:33:08:  [1. 0. 1. 0.] 
INFO  @ Tue, 16 Feb 2021 13:33:08:  [1. 0. 0. 1.]] 
INFO  @ Tue, 16 Feb 2021 13:33:08: Beta labels:baseline,S78_MNSC510_F6,S79_MNSC510_F7,S80_MNSC510_F8 
INFO  @ Tue, 16 Feb 2021 13:33:08: Included samples:S77_MNSC510_F5,S78_MNSC510_F6,S79_MNSC510_F7,S80_MNSC510_F8 
INFO  @ Tue, 16 Feb 2021 13:33:08: Loaded samples:S77_MNSC510_F5;S78_MNSC510_F6;S79_MNSC510_F7;S80_MNSC510_F8 
INFO  @ Tue, 16 Feb 2021 13:33:08: Sample index: 0;1;2;3 
INFO  @ Tue, 16 Feb 2021 13:33:08: Loaded 11 genes. 
DEBUG @ Tue, 16 Feb 2021 13:33:08: Initial (total) size factor: 1.1484885189635778 1.0192616960309646 1.011866548054742 0.8621317966851975 
DEBUG @ Tue, 16 Feb 2021 13:33:08: Median factor: 1.0000956129535024 0.8742382817649575 1.1052778928721514 1.012930748157176 
INFO  @ Tue, 16 Feb 2021 13:33:08: Final size factor: 1.0000956129535024 0.8742382817649575 1.1052778928721514 1.012930748157176 
INFO  @ Tue, 16 Feb 2021 13:33:08: size factor: 0.9999043961874605,1.1438529069913848,0.9047498429570698,0.9872343216150749 
INFO  @ Tue, 16 Feb 2021 13:33:09: Thread 0 started. 
INFO  @ Tue, 16 Feb 2021 13:33:09: Thread 0 completed. 
INFO  @ Tue, 16 Feb 2021 13:33:09: All threads completed. 
INFO  @ Tue, 16 Feb 2021 13:33:09: Modeling the mean and variance ... 
INFO  @ Tue, 16 Feb 2021 13:33:09: Run the algorithm for the second time ... 
INFO  @ Tue, 16 Feb 2021 13:33:10: Thread 0 started. 
INFO  @ Tue, 16 Feb 2021 13:33:11: Thread 0 completed. 
INFO  @ Tue, 16 Feb 2021 13:33:11: All threads completed. 
INFO  @ Tue, 16 Feb 2021 13:33:11: Permuting groups of gene with 1 sgRNAs per gene. Group progress: 1/3 
INFO  @ Tue, 16 Feb 2021 13:33:11: Start permuting 2 rounds ... 
INFO  @ Tue, 16 Feb 2021 13:33:11: Collecting 77 sgRNAs from 11 genes. 
INFO  @ Tue, 16 Feb 2021 13:33:11: Permuting round 0 ... 
INFO  @ Tue, 16 Feb 2021 13:33:11: Thread 0 started. 
INFO  @ Tue, 16 Feb 2021 13:33:12: Thread 0 completed. 
INFO  @ Tue, 16 Feb 2021 13:33:12: All threads completed. 
INFO  @ Tue, 16 Feb 2021 13:33:12: Permuting round 1 ... 
INFO  @ Tue, 16 Feb 2021 13:33:12: Thread 0 started. 
INFO  @ Tue, 16 Feb 2021 13:33:13: Thread 0 completed. 
INFO  @ Tue, 16 Feb 2021 13:33:13: All threads completed. 
INFO  @ Tue, 16 Feb 2021 13:33:13: Assigning p values... 
INFO  @ Tue, 16 Feb 2021 13:33:13: Permuting groups of gene with 6 sgRNAs per gene. Group progress: 2/3 
INFO  @ Tue, 16 Feb 2021 13:33:13: Start permuting 2 rounds ... 
INFO  @ Tue, 16 Feb 2021 13:33:13: Collecting 77 sgRNAs from 11 genes. 
INFO  @ Tue, 16 Feb 2021 13:33:13: Permuting round 0 ... 
INFO  @ Tue, 16 Feb 2021 13:33:14: Thread 0 started. 
INFO  @ Tue, 16 Feb 2021 13:33:14: Thread 0 completed. 
INFO  @ Tue, 16 Feb 2021 13:33:14: All threads completed. 
INFO  @ Tue, 16 Feb 2021 13:33:15: Permuting round 1 ... 
INFO  @ Tue, 16 Feb 2021 13:33:15: Thread 0 started. 
INFO  @ Tue, 16 Feb 2021 13:33:16: Thread 0 completed. 
INFO  @ Tue, 16 Feb 2021 13:33:16: All threads completed. 
INFO  @ Tue, 16 Feb 2021 13:33:16: Assigning p values... 
INFO  @ Tue, 16 Feb 2021 13:33:16: Permuting groups of gene with 10 sgRNAs per gene. Group progress: 3/3 
INFO  @ Tue, 16 Feb 2021 13:33:16: Start permuting 2 rounds ... 
INFO  @ Tue, 16 Feb 2021 13:33:16: Collecting 77 sgRNAs from 11 genes. 
INFO  @ Tue, 16 Feb 2021 13:33:16: Permuting round 0 ... 
INFO  @ Tue, 16 Feb 2021 13:33:16: Thread 0 started. 
INFO  @ Tue, 16 Feb 2021 13:33:17: Thread 0 completed. 
INFO  @ Tue, 16 Feb 2021 13:33:17: All threads completed. 
INFO  @ Tue, 16 Feb 2021 13:33:17: Permuting round 1 ... 
INFO  @ Tue, 16 Feb 2021 13:33:18: Thread 0 started. 
INFO  @ Tue, 16 Feb 2021 13:33:18: Thread 0 completed. 
INFO  @ Tue, 16 Feb 2021 13:33:18: All threads completed. 
INFO  @ Tue, 16 Feb 2021 13:33:18: Assigning p values... 
INFO  @ Tue, 16 Feb 2021 13:33:18: Writing gene results to S10B_GFP.gene_summary.txt 
INFO  @ Tue, 16 Feb 2021 13:33:18: Writing sgRNA results to S10B_GFP.sgrna_summary.txt 
