INFO  @ Mon, 15 Feb 2021 16:22:08: Parameters: /opt/anaconda3/bin/mageck mle -k S1A.txt -d S1A_GFP_design_matrix.txt -n S1A_GFP 
INFO  @ Mon, 15 Feb 2021 16:22:08: Cannot parse design matrix as a string; try to parse it as a file name ... 
INFO  @ Mon, 15 Feb 2021 16:22:08: Design matrix: 
INFO  @ Mon, 15 Feb 2021 16:22:08: [[1. 0. 0. 0.] 
INFO  @ Mon, 15 Feb 2021 16:22:08:  [1. 1. 0. 0.] 
INFO  @ Mon, 15 Feb 2021 16:22:08:  [1. 0. 1. 0.] 
INFO  @ Mon, 15 Feb 2021 16:22:08:  [1. 0. 0. 1.]] 
INFO  @ Mon, 15 Feb 2021 16:22:08: Beta labels:baseline,S02_MNSC501_F2,S03_MNSC501_F3,S04_MNSC501_F4 
INFO  @ Mon, 15 Feb 2021 16:22:08: Included samples:S01_MNSC501_F1,S02_MNSC501_F2,S03_MNSC501_F3,S04_MNSC501_F4 
INFO  @ Mon, 15 Feb 2021 16:22:08: Loaded samples:S01_MNSC501_F1;S02_MNSC501_F2;S03_MNSC501_F3;S04_MNSC501_F4 
INFO  @ Mon, 15 Feb 2021 16:22:08: Sample index: 0;1;2;3 
INFO  @ Mon, 15 Feb 2021 16:22:08: Loaded 11 genes. 
DEBUG @ Mon, 15 Feb 2021 16:22:08: Initial (total) size factor: 0.7269910676705794 1.215929238149867 1.0466866117839284 1.1811183657343154 
DEBUG @ Mon, 15 Feb 2021 16:22:08: Median factor: 0.46929997346146357 1.9178581720918029 1.0165856668523399 1.1150406977641596 
INFO  @ Mon, 15 Feb 2021 16:22:08: Final size factor: 0.46929997346146357 1.9178581720918029 1.0165856668523399 1.1150406977641596 
INFO  @ Mon, 15 Feb 2021 16:22:08: size factor: 2.1308332762608067,0.5214149901967478,0.9836849294721082,0.8968282521034119 
INFO  @ Mon, 15 Feb 2021 16:22:09: Thread 0 started. 
INFO  @ Mon, 15 Feb 2021 16:22:09: Thread 0 completed. 
INFO  @ Mon, 15 Feb 2021 16:22:09: All threads completed. 
INFO  @ Mon, 15 Feb 2021 16:22:09: Modeling the mean and variance ... 
INFO  @ Mon, 15 Feb 2021 16:22:09: Run the algorithm for the second time ... 
INFO  @ Mon, 15 Feb 2021 16:22:10: Thread 0 started. 
INFO  @ Mon, 15 Feb 2021 16:22:11: Thread 0 completed. 
INFO  @ Mon, 15 Feb 2021 16:22:11: All threads completed. 
INFO  @ Mon, 15 Feb 2021 16:22:11: Permuting groups of gene with 1 sgRNAs per gene. Group progress: 1/3 
INFO  @ Mon, 15 Feb 2021 16:22:11: Start permuting 2 rounds ... 
INFO  @ Mon, 15 Feb 2021 16:22:11: Collecting 77 sgRNAs from 11 genes. 
INFO  @ Mon, 15 Feb 2021 16:22:11: Permuting round 0 ... 
INFO  @ Mon, 15 Feb 2021 16:22:11: Thread 0 started. 
INFO  @ Mon, 15 Feb 2021 16:22:12: Thread 0 completed. 
INFO  @ Mon, 15 Feb 2021 16:22:12: All threads completed. 
INFO  @ Mon, 15 Feb 2021 16:22:12: Permuting round 1 ... 
INFO  @ Mon, 15 Feb 2021 16:22:12: Thread 0 started. 
INFO  @ Mon, 15 Feb 2021 16:22:13: Thread 0 completed. 
INFO  @ Mon, 15 Feb 2021 16:22:13: All threads completed. 
INFO  @ Mon, 15 Feb 2021 16:22:13: Assigning p values... 
INFO  @ Mon, 15 Feb 2021 16:22:13: Permuting groups of gene with 6 sgRNAs per gene. Group progress: 2/3 
INFO  @ Mon, 15 Feb 2021 16:22:13: Start permuting 2 rounds ... 
INFO  @ Mon, 15 Feb 2021 16:22:13: Collecting 77 sgRNAs from 11 genes. 
INFO  @ Mon, 15 Feb 2021 16:22:13: Permuting round 0 ... 
INFO  @ Mon, 15 Feb 2021 16:22:14: Thread 0 started. 
INFO  @ Mon, 15 Feb 2021 16:22:14: Thread 0 completed. 
INFO  @ Mon, 15 Feb 2021 16:22:14: All threads completed. 
INFO  @ Mon, 15 Feb 2021 16:22:15: Permuting round 1 ... 
INFO  @ Mon, 15 Feb 2021 16:22:15: Thread 0 started. 
INFO  @ Mon, 15 Feb 2021 16:22:16: Thread 0 completed. 
INFO  @ Mon, 15 Feb 2021 16:22:16: All threads completed. 
INFO  @ Mon, 15 Feb 2021 16:22:16: Assigning p values... 
INFO  @ Mon, 15 Feb 2021 16:22:16: Permuting groups of gene with 10 sgRNAs per gene. Group progress: 3/3 
INFO  @ Mon, 15 Feb 2021 16:22:16: Start permuting 2 rounds ... 
INFO  @ Mon, 15 Feb 2021 16:22:16: Collecting 77 sgRNAs from 11 genes. 
INFO  @ Mon, 15 Feb 2021 16:22:16: Permuting round 0 ... 
INFO  @ Mon, 15 Feb 2021 16:22:16: Thread 0 started. 
INFO  @ Mon, 15 Feb 2021 16:22:17: Thread 0 completed. 
INFO  @ Mon, 15 Feb 2021 16:22:17: All threads completed. 
INFO  @ Mon, 15 Feb 2021 16:22:17: Permuting round 1 ... 
INFO  @ Mon, 15 Feb 2021 16:22:18: Thread 0 started. 
INFO  @ Mon, 15 Feb 2021 16:22:18: Thread 0 completed. 
INFO  @ Mon, 15 Feb 2021 16:22:18: All threads completed. 
INFO  @ Mon, 15 Feb 2021 16:22:19: Assigning p values... 
INFO  @ Mon, 15 Feb 2021 16:22:19: Writing gene results to S1A_GFP.gene_summary.txt 
INFO  @ Mon, 15 Feb 2021 16:22:19: Writing sgRNA results to S1A_GFP.sgrna_summary.txt 
