INFO  @ Tue, 16 Feb 2021 11:56:29: Parameters: /opt/anaconda3/bin/mageck mle -k S1A.txt -d S1A_GFP_design_matrix.txt -n S1A_GFP¶ 
INFO  @ Tue, 16 Feb 2021 11:56:29: Cannot parse design matrix as a string; try to parse it as a file name ... 
INFO  @ Tue, 16 Feb 2021 11:56:29: Design matrix: 
INFO  @ Tue, 16 Feb 2021 11:56:29: [[1. 0. 0. 0.] 
INFO  @ Tue, 16 Feb 2021 11:56:29:  [1. 1. 0. 0.] 
INFO  @ Tue, 16 Feb 2021 11:56:29:  [1. 0. 1. 0.] 
INFO  @ Tue, 16 Feb 2021 11:56:29:  [1. 0. 0. 1.]] 
INFO  @ Tue, 16 Feb 2021 11:56:29: Beta labels:baseline,S02_MNSC501_F2,S03_MNSC501_F3,S04_MNSC501_F4 
INFO  @ Tue, 16 Feb 2021 11:56:29: Included samples:S01_MNSC501_F1,S02_MNSC501_F2,S03_MNSC501_F3,S04_MNSC501_F4 
INFO  @ Tue, 16 Feb 2021 11:56:29: Loaded samples:S01_MNSC501_F1;S02_MNSC501_F2;S03_MNSC501_F3;S04_MNSC501_F4 
INFO  @ Tue, 16 Feb 2021 11:56:29: Sample index: 0;1;2;3 
INFO  @ Tue, 16 Feb 2021 11:56:29: Loaded 11 genes. 
DEBUG @ Tue, 16 Feb 2021 11:56:29: Initial (total) size factor: 0.7269910676705794 1.215929238149867 1.0466866117839284 1.1811183657343154 
DEBUG @ Tue, 16 Feb 2021 11:56:29: Median factor: 0.46929997346146357 1.9178581720918029 1.0165856668523399 1.1150406977641596 
INFO  @ Tue, 16 Feb 2021 11:56:29: Final size factor: 0.46929997346146357 1.9178581720918029 1.0165856668523399 1.1150406977641596 
INFO  @ Tue, 16 Feb 2021 11:56:29: size factor: 2.1308332762608067,0.5214149901967478,0.9836849294721082,0.8968282521034119 
INFO  @ Tue, 16 Feb 2021 11:56:30: Thread 0 started. 
INFO  @ Tue, 16 Feb 2021 11:56:31: Thread 0 completed. 
INFO  @ Tue, 16 Feb 2021 11:56:31: All threads completed. 
INFO  @ Tue, 16 Feb 2021 11:56:31: Modeling the mean and variance ... 
INFO  @ Tue, 16 Feb 2021 11:56:31: Run the algorithm for the second time ... 
INFO  @ Tue, 16 Feb 2021 11:56:31: Thread 0 started. 
INFO  @ Tue, 16 Feb 2021 11:56:32: Thread 0 completed. 
INFO  @ Tue, 16 Feb 2021 11:56:32: All threads completed. 
INFO  @ Tue, 16 Feb 2021 11:56:32: Permuting groups of gene with 1 sgRNAs per gene. Group progress: 1/3 
INFO  @ Tue, 16 Feb 2021 11:56:32: Start permuting 2 rounds ... 
INFO  @ Tue, 16 Feb 2021 11:56:32: Collecting 77 sgRNAs from 11 genes. 
INFO  @ Tue, 16 Feb 2021 11:56:32: Permuting round 0 ... 
INFO  @ Tue, 16 Feb 2021 11:56:33: Thread 0 started. 
INFO  @ Tue, 16 Feb 2021 11:56:33: Thread 0 completed. 
INFO  @ Tue, 16 Feb 2021 11:56:33: All threads completed. 
INFO  @ Tue, 16 Feb 2021 11:56:33: Permuting round 1 ... 
INFO  @ Tue, 16 Feb 2021 11:56:34: Thread 0 started. 
INFO  @ Tue, 16 Feb 2021 11:56:34: Thread 0 completed. 
INFO  @ Tue, 16 Feb 2021 11:56:34: All threads completed. 
INFO  @ Tue, 16 Feb 2021 11:56:34: Assigning p values... 
INFO  @ Tue, 16 Feb 2021 11:56:34: Permuting groups of gene with 6 sgRNAs per gene. Group progress: 2/3 
INFO  @ Tue, 16 Feb 2021 11:56:34: Start permuting 2 rounds ... 
INFO  @ Tue, 16 Feb 2021 11:56:34: Collecting 77 sgRNAs from 11 genes. 
INFO  @ Tue, 16 Feb 2021 11:56:34: Permuting round 0 ... 
INFO  @ Tue, 16 Feb 2021 11:56:35: Thread 0 started. 
INFO  @ Tue, 16 Feb 2021 11:56:36: Thread 0 completed. 
INFO  @ Tue, 16 Feb 2021 11:56:36: All threads completed. 
INFO  @ Tue, 16 Feb 2021 11:56:36: Permuting round 1 ... 
INFO  @ Tue, 16 Feb 2021 11:56:36: Thread 0 started. 
INFO  @ Tue, 16 Feb 2021 11:56:37: Thread 0 completed. 
INFO  @ Tue, 16 Feb 2021 11:56:37: All threads completed. 
INFO  @ Tue, 16 Feb 2021 11:56:37: Assigning p values... 
INFO  @ Tue, 16 Feb 2021 11:56:37: Permuting groups of gene with 10 sgRNAs per gene. Group progress: 3/3 
INFO  @ Tue, 16 Feb 2021 11:56:37: Start permuting 2 rounds ... 
INFO  @ Tue, 16 Feb 2021 11:56:37: Collecting 77 sgRNAs from 11 genes. 
INFO  @ Tue, 16 Feb 2021 11:56:37: Permuting round 0 ... 
INFO  @ Tue, 16 Feb 2021 11:56:37: Thread 0 started. 
INFO  @ Tue, 16 Feb 2021 11:56:38: Thread 0 completed. 
INFO  @ Tue, 16 Feb 2021 11:56:38: All threads completed. 
INFO  @ Tue, 16 Feb 2021 11:56:38: Permuting round 1 ... 
INFO  @ Tue, 16 Feb 2021 11:56:38: Thread 0 started. 
INFO  @ Tue, 16 Feb 2021 11:56:39: Thread 0 completed. 
INFO  @ Tue, 16 Feb 2021 11:56:39: All threads completed. 
INFO  @ Tue, 16 Feb 2021 11:56:39: Assigning p values... 
INFO  @ Tue, 16 Feb 2021 11:56:39: Writing gene results to S1A_GFP¶.gene_summary.txt 
INFO  @ Tue, 16 Feb 2021 11:56:39: Writing sgRNA results to S1A_GFP¶.sgrna_summary.txt 
