INFO  @ Tue, 16 Feb 2021 11:56:56: Parameters: /opt/anaconda3/bin/mageck mle -k S1B.txt -d S1B_GFP_design_matrix.txt -n S1B_GFP 
INFO  @ Tue, 16 Feb 2021 11:56:56: Cannot parse design matrix as a string; try to parse it as a file name ... 
INFO  @ Tue, 16 Feb 2021 11:56:56: Design matrix: 
INFO  @ Tue, 16 Feb 2021 11:56:56: [[1. 0. 0. 0.] 
INFO  @ Tue, 16 Feb 2021 11:56:56:  [1. 1. 0. 0.] 
INFO  @ Tue, 16 Feb 2021 11:56:56:  [1. 0. 1. 0.] 
INFO  @ Tue, 16 Feb 2021 11:56:56:  [1. 0. 0. 1.]] 
INFO  @ Tue, 16 Feb 2021 11:56:56: Beta labels:baseline,S06_MNSC501_F6,S07_MNSC501_F7,S08_MNSC501_F8 
INFO  @ Tue, 16 Feb 2021 11:56:56: Included samples:S05_MNSC501_F5,S06_MNSC501_F6,S07_MNSC501_F7,S08_MNSC501_F8 
INFO  @ Tue, 16 Feb 2021 11:56:56: Loaded samples:S05_MNSC501_F5;S06_MNSC501_F6;S07_MNSC501_F7;S08_MNSC501_F8 
INFO  @ Tue, 16 Feb 2021 11:56:56: Sample index: 0;1;2;3 
INFO  @ Tue, 16 Feb 2021 11:56:56: Loaded 11 genes. 
DEBUG @ Tue, 16 Feb 2021 11:56:56: Initial (total) size factor: 1.095725633906675 0.7840051082607531 1.1357147406575336 1.0737008774858907 
DEBUG @ Tue, 16 Feb 2021 11:56:56: Median factor: 0.8063032537774457 0.7767445894455323 1.201353119377691 1.2846556294453957 
INFO  @ Tue, 16 Feb 2021 11:56:56: Final size factor: 0.8063032537774457 0.7767445894455323 1.201353119377691 1.2846556294453957 
INFO  @ Tue, 16 Feb 2021 11:56:56: size factor: 1.2402281589651356,1.287424481081787,0.8323947254725628,0.778418727228646 
INFO  @ Tue, 16 Feb 2021 11:56:57: Thread 0 started. 
INFO  @ Tue, 16 Feb 2021 11:56:57: Thread 0 completed. 
INFO  @ Tue, 16 Feb 2021 11:56:57: All threads completed. 
INFO  @ Tue, 16 Feb 2021 11:56:57: Modeling the mean and variance ... 
INFO  @ Tue, 16 Feb 2021 11:56:57: Run the algorithm for the second time ... 
INFO  @ Tue, 16 Feb 2021 11:56:58: Thread 0 started. 
INFO  @ Tue, 16 Feb 2021 11:56:59: Thread 0 completed. 
INFO  @ Tue, 16 Feb 2021 11:56:59: All threads completed. 
INFO  @ Tue, 16 Feb 2021 11:56:59: Permuting groups of gene with 1 sgRNAs per gene. Group progress: 1/3 
INFO  @ Tue, 16 Feb 2021 11:56:59: Start permuting 2 rounds ... 
INFO  @ Tue, 16 Feb 2021 11:56:59: Collecting 77 sgRNAs from 11 genes. 
INFO  @ Tue, 16 Feb 2021 11:56:59: Permuting round 0 ... 
INFO  @ Tue, 16 Feb 2021 11:56:59: Thread 0 started. 
INFO  @ Tue, 16 Feb 2021 11:57:00: Thread 0 completed. 
INFO  @ Tue, 16 Feb 2021 11:57:00: All threads completed. 
INFO  @ Tue, 16 Feb 2021 11:57:00: Permuting round 1 ... 
INFO  @ Tue, 16 Feb 2021 11:57:00: Thread 0 started. 
INFO  @ Tue, 16 Feb 2021 11:57:01: Thread 0 completed. 
INFO  @ Tue, 16 Feb 2021 11:57:01: All threads completed. 
INFO  @ Tue, 16 Feb 2021 11:57:01: Assigning p values... 
INFO  @ Tue, 16 Feb 2021 11:57:01: Permuting groups of gene with 6 sgRNAs per gene. Group progress: 2/3 
INFO  @ Tue, 16 Feb 2021 11:57:01: Start permuting 2 rounds ... 
INFO  @ Tue, 16 Feb 2021 11:57:01: Collecting 77 sgRNAs from 11 genes. 
INFO  @ Tue, 16 Feb 2021 11:57:01: Permuting round 0 ... 
INFO  @ Tue, 16 Feb 2021 11:57:01: Thread 0 started. 
INFO  @ Tue, 16 Feb 2021 11:57:02: Thread 0 completed. 
INFO  @ Tue, 16 Feb 2021 11:57:02: All threads completed. 
INFO  @ Tue, 16 Feb 2021 11:57:02: Permuting round 1 ... 
INFO  @ Tue, 16 Feb 2021 11:57:02: Thread 0 started. 
INFO  @ Tue, 16 Feb 2021 11:57:03: Thread 0 completed. 
INFO  @ Tue, 16 Feb 2021 11:57:03: All threads completed. 
INFO  @ Tue, 16 Feb 2021 11:57:03: Assigning p values... 
INFO  @ Tue, 16 Feb 2021 11:57:03: Permuting groups of gene with 10 sgRNAs per gene. Group progress: 3/3 
INFO  @ Tue, 16 Feb 2021 11:57:03: Start permuting 2 rounds ... 
INFO  @ Tue, 16 Feb 2021 11:57:03: Collecting 77 sgRNAs from 11 genes. 
INFO  @ Tue, 16 Feb 2021 11:57:03: Permuting round 0 ... 
INFO  @ Tue, 16 Feb 2021 11:57:04: Thread 0 started. 
INFO  @ Tue, 16 Feb 2021 11:57:04: Thread 0 completed. 
INFO  @ Tue, 16 Feb 2021 11:57:04: All threads completed. 
INFO  @ Tue, 16 Feb 2021 11:57:04: Permuting round 1 ... 
INFO  @ Tue, 16 Feb 2021 11:57:05: Thread 0 started. 
INFO  @ Tue, 16 Feb 2021 11:57:05: Thread 0 completed. 
INFO  @ Tue, 16 Feb 2021 11:57:05: All threads completed. 
INFO  @ Tue, 16 Feb 2021 11:57:05: Assigning p values... 
INFO  @ Tue, 16 Feb 2021 11:57:05: Writing gene results to S1B_GFP.gene_summary.txt 
INFO  @ Tue, 16 Feb 2021 11:57:05: Writing sgRNA results to S1B_GFP.sgrna_summary.txt 
