INFO  @ Tue, 16 Feb 2021 11:57:08: Parameters: /opt/anaconda3/bin/mageck mle -k S1B.txt -d S1B_mCherry_design_matrix.txt -n S1B_mCherry 
INFO  @ Tue, 16 Feb 2021 11:57:08: Cannot parse design matrix as a string; try to parse it as a file name ... 
INFO  @ Tue, 16 Feb 2021 11:57:08: Design matrix: 
INFO  @ Tue, 16 Feb 2021 11:57:08: [[1. 0. 0. 0.] 
INFO  @ Tue, 16 Feb 2021 11:57:08:  [1. 1. 0. 0.] 
INFO  @ Tue, 16 Feb 2021 11:57:08:  [1. 0. 1. 0.] 
INFO  @ Tue, 16 Feb 2021 11:57:08:  [1. 0. 0. 1.]] 
INFO  @ Tue, 16 Feb 2021 11:57:08: Beta labels:baseline,S05_MNSC501_F5,S07_MNSC501_F7,S08_MNSC501_F8 
INFO  @ Tue, 16 Feb 2021 11:57:08: Included samples:S06_MNSC501_F6,S05_MNSC501_F5,S07_MNSC501_F7,S08_MNSC501_F8 
INFO  @ Tue, 16 Feb 2021 11:57:08: Loaded samples:S06_MNSC501_F6;S05_MNSC501_F5;S07_MNSC501_F7;S08_MNSC501_F8 
INFO  @ Tue, 16 Feb 2021 11:57:08: Sample index: 1;0;2;3 
INFO  @ Tue, 16 Feb 2021 11:57:08: Loaded 11 genes. 
DEBUG @ Tue, 16 Feb 2021 11:57:08: Initial (total) size factor: 0.7840051082607531 1.095725633906675 1.1357147406575336 1.0737008774858907 
DEBUG @ Tue, 16 Feb 2021 11:57:08: Median factor: 0.7767445894455323 0.8063032537774457 1.201353119377691 1.2846556294453957 
INFO  @ Tue, 16 Feb 2021 11:57:08: Final size factor: 0.7767445894455323 0.8063032537774457 1.201353119377691 1.2846556294453957 
INFO  @ Tue, 16 Feb 2021 11:57:08: size factor: 1.287424481081787,1.2402281589651356,0.8323947254725628,0.778418727228646 
INFO  @ Tue, 16 Feb 2021 11:57:08: Thread 0 started. 
INFO  @ Tue, 16 Feb 2021 11:57:09: Thread 0 completed. 
INFO  @ Tue, 16 Feb 2021 11:57:09: All threads completed. 
INFO  @ Tue, 16 Feb 2021 11:57:09: Modeling the mean and variance ... 
INFO  @ Tue, 16 Feb 2021 11:57:09: Run the algorithm for the second time ... 
INFO  @ Tue, 16 Feb 2021 11:57:10: Thread 0 started. 
INFO  @ Tue, 16 Feb 2021 11:57:10: Thread 0 completed. 
INFO  @ Tue, 16 Feb 2021 11:57:10: All threads completed. 
INFO  @ Tue, 16 Feb 2021 11:57:10: Permuting groups of gene with 1 sgRNAs per gene. Group progress: 1/3 
INFO  @ Tue, 16 Feb 2021 11:57:10: Start permuting 2 rounds ... 
INFO  @ Tue, 16 Feb 2021 11:57:10: Collecting 77 sgRNAs from 11 genes. 
INFO  @ Tue, 16 Feb 2021 11:57:10: Permuting round 0 ... 
INFO  @ Tue, 16 Feb 2021 11:57:11: Thread 0 started. 
INFO  @ Tue, 16 Feb 2021 11:57:11: Thread 0 completed. 
INFO  @ Tue, 16 Feb 2021 11:57:11: All threads completed. 
INFO  @ Tue, 16 Feb 2021 11:57:11: Permuting round 1 ... 
INFO  @ Tue, 16 Feb 2021 11:57:12: Thread 0 started. 
INFO  @ Tue, 16 Feb 2021 11:57:12: Thread 0 completed. 
INFO  @ Tue, 16 Feb 2021 11:57:12: All threads completed. 
INFO  @ Tue, 16 Feb 2021 11:57:12: Assigning p values... 
INFO  @ Tue, 16 Feb 2021 11:57:12: Permuting groups of gene with 6 sgRNAs per gene. Group progress: 2/3 
INFO  @ Tue, 16 Feb 2021 11:57:12: Start permuting 2 rounds ... 
INFO  @ Tue, 16 Feb 2021 11:57:12: Collecting 77 sgRNAs from 11 genes. 
INFO  @ Tue, 16 Feb 2021 11:57:12: Permuting round 0 ... 
INFO  @ Tue, 16 Feb 2021 11:57:13: Thread 0 started. 
INFO  @ Tue, 16 Feb 2021 11:57:14: Thread 0 completed. 
INFO  @ Tue, 16 Feb 2021 11:57:14: All threads completed. 
INFO  @ Tue, 16 Feb 2021 11:57:14: Permuting round 1 ... 
INFO  @ Tue, 16 Feb 2021 11:57:14: Thread 0 started. 
INFO  @ Tue, 16 Feb 2021 11:57:15: Thread 0 completed. 
INFO  @ Tue, 16 Feb 2021 11:57:15: All threads completed. 
INFO  @ Tue, 16 Feb 2021 11:57:15: Assigning p values... 
INFO  @ Tue, 16 Feb 2021 11:57:15: Permuting groups of gene with 10 sgRNAs per gene. Group progress: 3/3 
INFO  @ Tue, 16 Feb 2021 11:57:15: Start permuting 2 rounds ... 
INFO  @ Tue, 16 Feb 2021 11:57:15: Collecting 77 sgRNAs from 11 genes. 
INFO  @ Tue, 16 Feb 2021 11:57:15: Permuting round 0 ... 
INFO  @ Tue, 16 Feb 2021 11:57:16: Thread 0 started. 
INFO  @ Tue, 16 Feb 2021 11:57:16: Thread 0 completed. 
INFO  @ Tue, 16 Feb 2021 11:57:16: All threads completed. 
INFO  @ Tue, 16 Feb 2021 11:57:16: Permuting round 1 ... 
INFO  @ Tue, 16 Feb 2021 11:57:17: Thread 0 started. 
INFO  @ Tue, 16 Feb 2021 11:57:18: Thread 0 completed. 
INFO  @ Tue, 16 Feb 2021 11:57:18: All threads completed. 
INFO  @ Tue, 16 Feb 2021 11:57:18: Assigning p values... 
INFO  @ Tue, 16 Feb 2021 11:57:18: Writing gene results to S1B_mCherry.gene_summary.txt 
INFO  @ Tue, 16 Feb 2021 11:57:18: Writing sgRNA results to S1B_mCherry.sgrna_summary.txt 
