INFO  @ Tue, 16 Feb 2021 13:17:43: Parameters: /opt/anaconda3/bin/mageck mle -k S2A.txt -d S2A_GFP_design_matrix.txt -n S2A_GFP 
INFO  @ Tue, 16 Feb 2021 13:17:44: Cannot parse design matrix as a string; try to parse it as a file name ... 
INFO  @ Tue, 16 Feb 2021 13:17:44: Design matrix: 
INFO  @ Tue, 16 Feb 2021 13:17:44: [[1. 0. 0. 0.] 
INFO  @ Tue, 16 Feb 2021 13:17:44:  [1. 1. 0. 0.] 
INFO  @ Tue, 16 Feb 2021 13:17:44:  [1. 0. 1. 0.] 
INFO  @ Tue, 16 Feb 2021 13:17:44:  [1. 0. 0. 1.]] 
INFO  @ Tue, 16 Feb 2021 13:17:44: Beta labels:baseline,S14_MNSC502_F6,S15_MNSC502_F7,S16_MNSC502_F8 
INFO  @ Tue, 16 Feb 2021 13:17:44: Included samples:S13_MNSC502_F5,S14_MNSC502_F6,S15_MNSC502_F7,S16_MNSC502_F8 
INFO  @ Tue, 16 Feb 2021 13:17:44: Loaded samples:S13_MNSC502_F5;S14_MNSC502_F6;S15_MNSC502_F7;S16_MNSC502_F8 
INFO  @ Tue, 16 Feb 2021 13:17:44: Sample index: 0;1;2;3 
INFO  @ Tue, 16 Feb 2021 13:17:44: Loaded 11 genes. 
DEBUG @ Tue, 16 Feb 2021 13:17:44: Initial (total) size factor: 0.9213021188812798 1.3224452223304657 0.8952143831176089 0.9602883577794652 
DEBUG @ Tue, 16 Feb 2021 13:17:44: Median factor: 0.7945082532439122 1.3027301574421515 0.9235692498945786 1.023487826309388 
INFO  @ Tue, 16 Feb 2021 13:17:44: Final size factor: 0.7945082532439122 1.3027301574421515 0.9235692498945786 1.023487826309388 
INFO  @ Tue, 16 Feb 2021 13:17:44: size factor: 1.2586401663130393,0.7676186770431817,1.0827558411176483,0.9770511913228287 
INFO  @ Tue, 16 Feb 2021 13:17:44: Thread 0 started. 
INFO  @ Tue, 16 Feb 2021 13:17:45: Thread 0 completed. 
INFO  @ Tue, 16 Feb 2021 13:17:45: All threads completed. 
INFO  @ Tue, 16 Feb 2021 13:17:45: Modeling the mean and variance ... 
INFO  @ Tue, 16 Feb 2021 13:17:45: Run the algorithm for the second time ... 
INFO  @ Tue, 16 Feb 2021 13:17:45: Thread 0 started. 
INFO  @ Tue, 16 Feb 2021 13:17:46: Thread 0 completed. 
INFO  @ Tue, 16 Feb 2021 13:17:46: All threads completed. 
INFO  @ Tue, 16 Feb 2021 13:17:46: Permuting groups of gene with 1 sgRNAs per gene. Group progress: 1/3 
INFO  @ Tue, 16 Feb 2021 13:17:46: Start permuting 2 rounds ... 
INFO  @ Tue, 16 Feb 2021 13:17:46: Collecting 77 sgRNAs from 11 genes. 
INFO  @ Tue, 16 Feb 2021 13:17:46: Permuting round 0 ... 
INFO  @ Tue, 16 Feb 2021 13:17:46: Thread 0 started. 
INFO  @ Tue, 16 Feb 2021 13:17:47: Thread 0 completed. 
INFO  @ Tue, 16 Feb 2021 13:17:47: All threads completed. 
INFO  @ Tue, 16 Feb 2021 13:17:47: Permuting round 1 ... 
INFO  @ Tue, 16 Feb 2021 13:17:47: Thread 0 started. 
INFO  @ Tue, 16 Feb 2021 13:17:48: Thread 0 completed. 
INFO  @ Tue, 16 Feb 2021 13:17:48: All threads completed. 
INFO  @ Tue, 16 Feb 2021 13:17:48: Assigning p values... 
INFO  @ Tue, 16 Feb 2021 13:17:48: Permuting groups of gene with 6 sgRNAs per gene. Group progress: 2/3 
INFO  @ Tue, 16 Feb 2021 13:17:48: Start permuting 2 rounds ... 
INFO  @ Tue, 16 Feb 2021 13:17:48: Collecting 77 sgRNAs from 11 genes. 
INFO  @ Tue, 16 Feb 2021 13:17:48: Permuting round 0 ... 
INFO  @ Tue, 16 Feb 2021 13:17:49: Thread 0 started. 
INFO  @ Tue, 16 Feb 2021 13:17:49: Thread 0 completed. 
INFO  @ Tue, 16 Feb 2021 13:17:49: All threads completed. 
INFO  @ Tue, 16 Feb 2021 13:17:49: Permuting round 1 ... 
INFO  @ Tue, 16 Feb 2021 13:17:50: Thread 0 started. 
INFO  @ Tue, 16 Feb 2021 13:17:50: Thread 0 completed. 
INFO  @ Tue, 16 Feb 2021 13:17:50: All threads completed. 
INFO  @ Tue, 16 Feb 2021 13:17:50: Assigning p values... 
INFO  @ Tue, 16 Feb 2021 13:17:50: Permuting groups of gene with 10 sgRNAs per gene. Group progress: 3/3 
INFO  @ Tue, 16 Feb 2021 13:17:50: Start permuting 2 rounds ... 
INFO  @ Tue, 16 Feb 2021 13:17:50: Collecting 77 sgRNAs from 11 genes. 
INFO  @ Tue, 16 Feb 2021 13:17:50: Permuting round 0 ... 
INFO  @ Tue, 16 Feb 2021 13:17:51: Thread 0 started. 
INFO  @ Tue, 16 Feb 2021 13:17:52: Thread 0 completed. 
INFO  @ Tue, 16 Feb 2021 13:17:52: All threads completed. 
INFO  @ Tue, 16 Feb 2021 13:17:52: Permuting round 1 ... 
INFO  @ Tue, 16 Feb 2021 13:17:52: Thread 0 started. 
INFO  @ Tue, 16 Feb 2021 13:17:53: Thread 0 completed. 
INFO  @ Tue, 16 Feb 2021 13:17:53: All threads completed. 
INFO  @ Tue, 16 Feb 2021 13:17:53: Assigning p values... 
INFO  @ Tue, 16 Feb 2021 13:17:53: Writing gene results to S2A_GFP.gene_summary.txt 
INFO  @ Tue, 16 Feb 2021 13:17:53: Writing sgRNA results to S2A_GFP.sgrna_summary.txt 
