INFO  @ Tue, 16 Feb 2021 13:18:10: Parameters: /opt/anaconda3/bin/mageck mle -k S2A.txt -d S2A_mCherry_design_matrix.txt -n S2A_mCherry 
INFO  @ Tue, 16 Feb 2021 13:18:10: Cannot parse design matrix as a string; try to parse it as a file name ... 
INFO  @ Tue, 16 Feb 2021 13:18:10: Design matrix: 
INFO  @ Tue, 16 Feb 2021 13:18:10: [[1. 0. 0. 0.] 
INFO  @ Tue, 16 Feb 2021 13:18:10:  [1. 1. 0. 0.] 
INFO  @ Tue, 16 Feb 2021 13:18:10:  [1. 0. 1. 0.] 
INFO  @ Tue, 16 Feb 2021 13:18:10:  [1. 0. 0. 1.]] 
INFO  @ Tue, 16 Feb 2021 13:18:10: Beta labels:baseline,S13_MNSC502_F5,S15_MNSC502_F7,S16_MNSC502_F8 
INFO  @ Tue, 16 Feb 2021 13:18:10: Included samples:S14_MNSC502_F6,S13_MNSC502_F5,S15_MNSC502_F7,S16_MNSC502_F8 
INFO  @ Tue, 16 Feb 2021 13:18:10: Loaded samples:S14_MNSC502_F6;S13_MNSC502_F5;S15_MNSC502_F7;S16_MNSC502_F8 
INFO  @ Tue, 16 Feb 2021 13:18:10: Sample index: 1;0;2;3 
INFO  @ Tue, 16 Feb 2021 13:18:10: Loaded 11 genes. 
DEBUG @ Tue, 16 Feb 2021 13:18:10: Initial (total) size factor: 1.3224452223304657 0.9213021188812798 0.8952143831176089 0.9602883577794652 
DEBUG @ Tue, 16 Feb 2021 13:18:10: Median factor: 1.3027301574421515 0.7945082532439122 0.9235692498945786 1.023487826309388 
INFO  @ Tue, 16 Feb 2021 13:18:10: Final size factor: 1.3027301574421515 0.7945082532439122 0.9235692498945786 1.023487826309388 
INFO  @ Tue, 16 Feb 2021 13:18:10: size factor: 0.7676186770431817,1.2586401663130393,1.0827558411176483,0.9770511913228287 
INFO  @ Tue, 16 Feb 2021 13:18:11: Thread 0 started. 
INFO  @ Tue, 16 Feb 2021 13:18:11: Thread 0 completed. 
INFO  @ Tue, 16 Feb 2021 13:18:11: All threads completed. 
INFO  @ Tue, 16 Feb 2021 13:18:11: Modeling the mean and variance ... 
INFO  @ Tue, 16 Feb 2021 13:18:11: Run the algorithm for the second time ... 
INFO  @ Tue, 16 Feb 2021 13:18:12: Thread 0 started. 
INFO  @ Tue, 16 Feb 2021 13:18:13: Thread 0 completed. 
INFO  @ Tue, 16 Feb 2021 13:18:13: All threads completed. 
INFO  @ Tue, 16 Feb 2021 13:18:13: Permuting groups of gene with 1 sgRNAs per gene. Group progress: 1/3 
INFO  @ Tue, 16 Feb 2021 13:18:13: Start permuting 2 rounds ... 
INFO  @ Tue, 16 Feb 2021 13:18:13: Collecting 77 sgRNAs from 11 genes. 
INFO  @ Tue, 16 Feb 2021 13:18:13: Permuting round 0 ... 
INFO  @ Tue, 16 Feb 2021 13:18:13: Thread 0 started. 
INFO  @ Tue, 16 Feb 2021 13:18:14: Thread 0 completed. 
INFO  @ Tue, 16 Feb 2021 13:18:14: All threads completed. 
INFO  @ Tue, 16 Feb 2021 13:18:14: Permuting round 1 ... 
INFO  @ Tue, 16 Feb 2021 13:18:14: Thread 0 started. 
INFO  @ Tue, 16 Feb 2021 13:18:15: Thread 0 completed. 
INFO  @ Tue, 16 Feb 2021 13:18:15: All threads completed. 
INFO  @ Tue, 16 Feb 2021 13:18:15: Assigning p values... 
INFO  @ Tue, 16 Feb 2021 13:18:15: Permuting groups of gene with 6 sgRNAs per gene. Group progress: 2/3 
INFO  @ Tue, 16 Feb 2021 13:18:15: Start permuting 2 rounds ... 
INFO  @ Tue, 16 Feb 2021 13:18:15: Collecting 77 sgRNAs from 11 genes. 
INFO  @ Tue, 16 Feb 2021 13:18:15: Permuting round 0 ... 
INFO  @ Tue, 16 Feb 2021 13:18:16: Thread 0 started. 
INFO  @ Tue, 16 Feb 2021 13:18:16: Thread 0 completed. 
INFO  @ Tue, 16 Feb 2021 13:18:16: All threads completed. 
INFO  @ Tue, 16 Feb 2021 13:18:16: Permuting round 1 ... 
INFO  @ Tue, 16 Feb 2021 13:18:17: Thread 0 started. 
INFO  @ Tue, 16 Feb 2021 13:18:17: Thread 0 completed. 
INFO  @ Tue, 16 Feb 2021 13:18:17: All threads completed. 
INFO  @ Tue, 16 Feb 2021 13:18:18: Assigning p values... 
INFO  @ Tue, 16 Feb 2021 13:18:18: Permuting groups of gene with 10 sgRNAs per gene. Group progress: 3/3 
INFO  @ Tue, 16 Feb 2021 13:18:18: Start permuting 2 rounds ... 
INFO  @ Tue, 16 Feb 2021 13:18:18: Collecting 77 sgRNAs from 11 genes. 
INFO  @ Tue, 16 Feb 2021 13:18:18: Permuting round 0 ... 
INFO  @ Tue, 16 Feb 2021 13:18:18: Thread 0 started. 
INFO  @ Tue, 16 Feb 2021 13:18:19: Thread 0 completed. 
INFO  @ Tue, 16 Feb 2021 13:18:19: All threads completed. 
INFO  @ Tue, 16 Feb 2021 13:18:19: Permuting round 1 ... 
INFO  @ Tue, 16 Feb 2021 13:18:19: Thread 0 started. 
INFO  @ Tue, 16 Feb 2021 13:18:20: Thread 0 completed. 
INFO  @ Tue, 16 Feb 2021 13:18:20: All threads completed. 
INFO  @ Tue, 16 Feb 2021 13:18:20: Assigning p values... 
INFO  @ Tue, 16 Feb 2021 13:18:20: Writing gene results to S2A_mCherry.gene_summary.txt 
INFO  @ Tue, 16 Feb 2021 13:18:20: Writing sgRNA results to S2A_mCherry.sgrna_summary.txt 
