INFO  @ Tue, 16 Feb 2021 13:18:39: Parameters: /opt/anaconda3/bin/mageck mle -k S3A.txt -d S3A_GFP_design_matrix.txt -n S3A_GFP 
INFO  @ Tue, 16 Feb 2021 13:18:39: Cannot parse design matrix as a string; try to parse it as a file name ... 
INFO  @ Tue, 16 Feb 2021 13:18:39: Design matrix: 
INFO  @ Tue, 16 Feb 2021 13:18:39: [[1. 0. 0. 0.] 
INFO  @ Tue, 16 Feb 2021 13:18:39:  [1. 1. 0. 0.] 
INFO  @ Tue, 16 Feb 2021 13:18:39:  [1. 0. 1. 0.] 
INFO  @ Tue, 16 Feb 2021 13:18:39:  [1. 0. 0. 1.]] 
INFO  @ Tue, 16 Feb 2021 13:18:39: Beta labels:baseline,S18_MNSC503_F2,S19_MNSC503_F3,S20_MNSC503_F4 
INFO  @ Tue, 16 Feb 2021 13:18:39: Included samples:S17_MNSC503_F1,S18_MNSC503_F2,S19_MNSC503_F3,S20_MNSC503_F4 
INFO  @ Tue, 16 Feb 2021 13:18:39: Loaded samples:S17_MNSC503_F1;S18_MNSC503_F2;S19_MNSC503_F3;S20_MNSC503_F4 
INFO  @ Tue, 16 Feb 2021 13:18:39: Sample index: 0;1;2;3 
INFO  @ Tue, 16 Feb 2021 13:18:39: Loaded 11 genes. 
DEBUG @ Tue, 16 Feb 2021 13:18:39: Initial (total) size factor: 1.1084586490387094 0.9663469693820809 0.9159141485125322 1.0296370929130239 
DEBUG @ Tue, 16 Feb 2021 13:18:39: Median factor: 1.0608887925754242 0.8395920010047118 0.9907833117454352 1.111622528384806 
INFO  @ Tue, 16 Feb 2021 13:18:39: Final size factor: 1.0608887925754242 0.8395920010047118 0.9907833117454352 1.111622528384806 
INFO  @ Tue, 16 Feb 2021 13:18:39: size factor: 0.9426058668905248,1.191054701335093,1.0093024258132972,0.8995859425888083 
INFO  @ Tue, 16 Feb 2021 13:18:39: Thread 0 started. 
INFO  @ Tue, 16 Feb 2021 13:18:40: Thread 0 completed. 
INFO  @ Tue, 16 Feb 2021 13:18:40: All threads completed. 
INFO  @ Tue, 16 Feb 2021 13:18:40: Modeling the mean and variance ... 
INFO  @ Tue, 16 Feb 2021 13:18:40: Run the algorithm for the second time ... 
INFO  @ Tue, 16 Feb 2021 13:18:40: Thread 0 started. 
INFO  @ Tue, 16 Feb 2021 13:18:41: Thread 0 completed. 
INFO  @ Tue, 16 Feb 2021 13:18:41: All threads completed. 
INFO  @ Tue, 16 Feb 2021 13:18:41: Permuting groups of gene with 1 sgRNAs per gene. Group progress: 1/3 
INFO  @ Tue, 16 Feb 2021 13:18:41: Start permuting 2 rounds ... 
INFO  @ Tue, 16 Feb 2021 13:18:41: Collecting 77 sgRNAs from 11 genes. 
INFO  @ Tue, 16 Feb 2021 13:18:41: Permuting round 0 ... 
INFO  @ Tue, 16 Feb 2021 13:18:42: Thread 0 started. 
INFO  @ Tue, 16 Feb 2021 13:18:42: Thread 0 completed. 
INFO  @ Tue, 16 Feb 2021 13:18:42: All threads completed. 
INFO  @ Tue, 16 Feb 2021 13:18:42: Permuting round 1 ... 
INFO  @ Tue, 16 Feb 2021 13:18:43: Thread 0 started. 
INFO  @ Tue, 16 Feb 2021 13:18:44: Thread 0 completed. 
INFO  @ Tue, 16 Feb 2021 13:18:44: All threads completed. 
INFO  @ Tue, 16 Feb 2021 13:18:44: Assigning p values... 
INFO  @ Tue, 16 Feb 2021 13:18:44: Permuting groups of gene with 6 sgRNAs per gene. Group progress: 2/3 
INFO  @ Tue, 16 Feb 2021 13:18:44: Start permuting 2 rounds ... 
INFO  @ Tue, 16 Feb 2021 13:18:44: Collecting 77 sgRNAs from 11 genes. 
INFO  @ Tue, 16 Feb 2021 13:18:44: Permuting round 0 ... 
INFO  @ Tue, 16 Feb 2021 13:18:44: Thread 0 started. 
INFO  @ Tue, 16 Feb 2021 13:18:45: Thread 0 completed. 
INFO  @ Tue, 16 Feb 2021 13:18:45: All threads completed. 
INFO  @ Tue, 16 Feb 2021 13:18:45: Permuting round 1 ... 
INFO  @ Tue, 16 Feb 2021 13:18:45: Thread 0 started. 
INFO  @ Tue, 16 Feb 2021 13:18:46: Thread 0 completed. 
INFO  @ Tue, 16 Feb 2021 13:18:46: All threads completed. 
INFO  @ Tue, 16 Feb 2021 13:18:46: Assigning p values... 
INFO  @ Tue, 16 Feb 2021 13:18:46: Permuting groups of gene with 10 sgRNAs per gene. Group progress: 3/3 
INFO  @ Tue, 16 Feb 2021 13:18:46: Start permuting 2 rounds ... 
INFO  @ Tue, 16 Feb 2021 13:18:46: Collecting 77 sgRNAs from 11 genes. 
INFO  @ Tue, 16 Feb 2021 13:18:46: Permuting round 0 ... 
INFO  @ Tue, 16 Feb 2021 13:18:47: Thread 0 started. 
INFO  @ Tue, 16 Feb 2021 13:18:48: Thread 0 completed. 
INFO  @ Tue, 16 Feb 2021 13:18:48: All threads completed. 
INFO  @ Tue, 16 Feb 2021 13:18:48: Permuting round 1 ... 
INFO  @ Tue, 16 Feb 2021 13:18:48: Thread 0 started. 
INFO  @ Tue, 16 Feb 2021 13:18:49: Thread 0 completed. 
INFO  @ Tue, 16 Feb 2021 13:18:49: All threads completed. 
INFO  @ Tue, 16 Feb 2021 13:18:49: Assigning p values... 
INFO  @ Tue, 16 Feb 2021 13:18:49: Writing gene results to S3A_GFP.gene_summary.txt 
INFO  @ Tue, 16 Feb 2021 13:18:49: Writing sgRNA results to S3A_GFP.sgrna_summary.txt 
