INFO  @ Tue, 16 Feb 2021 13:20:37: Parameters: /opt/anaconda3/bin/mageck mle -k S3A.txt -d S3A_mCherry_design_matrix.txt -n S3A_mCherry 
INFO  @ Tue, 16 Feb 2021 13:20:37: Cannot parse design matrix as a string; try to parse it as a file name ... 
INFO  @ Tue, 16 Feb 2021 13:20:37: Design matrix: 
INFO  @ Tue, 16 Feb 2021 13:20:37: [[1. 0. 0. 0.] 
INFO  @ Tue, 16 Feb 2021 13:20:37:  [1. 1. 0. 0.] 
INFO  @ Tue, 16 Feb 2021 13:20:37:  [1. 0. 1. 0.] 
INFO  @ Tue, 16 Feb 2021 13:20:37:  [1. 0. 0. 1.]] 
INFO  @ Tue, 16 Feb 2021 13:20:37: Beta labels:baseline,S17_MNSC503_F1,S19_MNSC503_F3,S20_MNSC503_F4 
INFO  @ Tue, 16 Feb 2021 13:20:37: Included samples:S18_MNSC503_F2,S17_MNSC503_F1,S19_MNSC503_F3,S20_MNSC503_F4 
INFO  @ Tue, 16 Feb 2021 13:20:37: Loaded samples:S18_MNSC503_F2;S17_MNSC503_F1;S19_MNSC503_F3;S20_MNSC503_F4 
INFO  @ Tue, 16 Feb 2021 13:20:37: Sample index: 1;0;2;3 
INFO  @ Tue, 16 Feb 2021 13:20:37: Loaded 11 genes. 
DEBUG @ Tue, 16 Feb 2021 13:20:37: Initial (total) size factor: 0.9663469693820809 1.1084586490387094 0.9159141485125322 1.0296370929130239 
DEBUG @ Tue, 16 Feb 2021 13:20:37: Median factor: 0.8395920010047118 1.0608887925754242 0.9907833117454352 1.111622528384806 
INFO  @ Tue, 16 Feb 2021 13:20:37: Final size factor: 0.8395920010047118 1.0608887925754242 0.9907833117454352 1.111622528384806 
INFO  @ Tue, 16 Feb 2021 13:20:37: size factor: 1.191054701335093,0.9426058668905248,1.0093024258132972,0.8995859425888083 
INFO  @ Tue, 16 Feb 2021 13:20:38: Thread 0 started. 
INFO  @ Tue, 16 Feb 2021 13:20:38: Thread 0 completed. 
INFO  @ Tue, 16 Feb 2021 13:20:38: All threads completed. 
INFO  @ Tue, 16 Feb 2021 13:20:38: Modeling the mean and variance ... 
INFO  @ Tue, 16 Feb 2021 13:20:38: Run the algorithm for the second time ... 
INFO  @ Tue, 16 Feb 2021 13:20:39: Thread 0 started. 
INFO  @ Tue, 16 Feb 2021 13:20:39: Thread 0 completed. 
INFO  @ Tue, 16 Feb 2021 13:20:39: All threads completed. 
INFO  @ Tue, 16 Feb 2021 13:20:39: Permuting groups of gene with 1 sgRNAs per gene. Group progress: 1/3 
INFO  @ Tue, 16 Feb 2021 13:20:39: Start permuting 2 rounds ... 
INFO  @ Tue, 16 Feb 2021 13:20:39: Collecting 77 sgRNAs from 11 genes. 
INFO  @ Tue, 16 Feb 2021 13:20:39: Permuting round 0 ... 
INFO  @ Tue, 16 Feb 2021 13:20:40: Thread 0 started. 
INFO  @ Tue, 16 Feb 2021 13:20:41: Thread 0 completed. 
INFO  @ Tue, 16 Feb 2021 13:20:41: All threads completed. 
INFO  @ Tue, 16 Feb 2021 13:20:41: Permuting round 1 ... 
INFO  @ Tue, 16 Feb 2021 13:20:41: Thread 0 started. 
INFO  @ Tue, 16 Feb 2021 13:20:42: Thread 0 completed. 
INFO  @ Tue, 16 Feb 2021 13:20:42: All threads completed. 
INFO  @ Tue, 16 Feb 2021 13:20:42: Assigning p values... 
INFO  @ Tue, 16 Feb 2021 13:20:42: Permuting groups of gene with 6 sgRNAs per gene. Group progress: 2/3 
INFO  @ Tue, 16 Feb 2021 13:20:42: Start permuting 2 rounds ... 
INFO  @ Tue, 16 Feb 2021 13:20:42: Collecting 77 sgRNAs from 11 genes. 
INFO  @ Tue, 16 Feb 2021 13:20:42: Permuting round 0 ... 
INFO  @ Tue, 16 Feb 2021 13:20:43: Thread 0 started. 
INFO  @ Tue, 16 Feb 2021 13:20:43: Thread 0 completed. 
INFO  @ Tue, 16 Feb 2021 13:20:43: All threads completed. 
INFO  @ Tue, 16 Feb 2021 13:20:43: Permuting round 1 ... 
INFO  @ Tue, 16 Feb 2021 13:20:44: Thread 0 started. 
INFO  @ Tue, 16 Feb 2021 13:20:44: Thread 0 completed. 
INFO  @ Tue, 16 Feb 2021 13:20:44: All threads completed. 
INFO  @ Tue, 16 Feb 2021 13:20:45: Assigning p values... 
INFO  @ Tue, 16 Feb 2021 13:20:45: Permuting groups of gene with 10 sgRNAs per gene. Group progress: 3/3 
INFO  @ Tue, 16 Feb 2021 13:20:45: Start permuting 2 rounds ... 
INFO  @ Tue, 16 Feb 2021 13:20:45: Collecting 77 sgRNAs from 11 genes. 
INFO  @ Tue, 16 Feb 2021 13:20:45: Permuting round 0 ... 
INFO  @ Tue, 16 Feb 2021 13:20:45: Thread 0 started. 
INFO  @ Tue, 16 Feb 2021 13:20:46: Thread 0 completed. 
INFO  @ Tue, 16 Feb 2021 13:20:46: All threads completed. 
INFO  @ Tue, 16 Feb 2021 13:20:46: Permuting round 1 ... 
INFO  @ Tue, 16 Feb 2021 13:20:46: Thread 0 started. 
INFO  @ Tue, 16 Feb 2021 13:20:47: Thread 0 completed. 
INFO  @ Tue, 16 Feb 2021 13:20:47: All threads completed. 
INFO  @ Tue, 16 Feb 2021 13:20:47: Assigning p values... 
INFO  @ Tue, 16 Feb 2021 13:20:47: Writing gene results to S3A_mCherry.gene_summary.txt 
INFO  @ Tue, 16 Feb 2021 13:20:47: Writing sgRNA results to S3A_mCherry.sgrna_summary.txt 
