INFO  @ Tue, 16 Feb 2021 13:21:11: Parameters: /opt/anaconda3/bin/mageck mle -k S3B.txt -d S3B_mCherry_design_matrix.txt -n S3B_mCherry 
INFO  @ Tue, 16 Feb 2021 13:21:11: Cannot parse design matrix as a string; try to parse it as a file name ... 
INFO  @ Tue, 16 Feb 2021 13:21:11: Design matrix: 
INFO  @ Tue, 16 Feb 2021 13:21:11: [[1. 0. 0. 0.] 
INFO  @ Tue, 16 Feb 2021 13:21:11:  [1. 1. 0. 0.] 
INFO  @ Tue, 16 Feb 2021 13:21:11:  [1. 0. 1. 0.] 
INFO  @ Tue, 16 Feb 2021 13:21:11:  [1. 0. 0. 1.]] 
INFO  @ Tue, 16 Feb 2021 13:21:11: Beta labels:baseline,S21_MNSC503_F5,S23_MNSC503_F7,S24_MNSC503_F8 
INFO  @ Tue, 16 Feb 2021 13:21:11: Included samples:S22_MNSC503_F6,S21_MNSC503_F5,S23_MNSC503_F7,S24_MNSC503_F8 
INFO  @ Tue, 16 Feb 2021 13:21:11: Loaded samples:S22_MNSC503_F6;S21_MNSC503_F5;S23_MNSC503_F7;S24_MNSC503_F8 
INFO  @ Tue, 16 Feb 2021 13:21:11: Sample index: 1;0;2;3 
INFO  @ Tue, 16 Feb 2021 13:21:11: Loaded 11 genes. 
DEBUG @ Tue, 16 Feb 2021 13:21:11: Initial (total) size factor: 0.9173609568431044 1.3299710729222936 0.9845039385608351 0.8754416961130742 
DEBUG @ Tue, 16 Feb 2021 13:21:11: Median factor: 0.7861549687052223 1.2244578298638111 1.0666641196324063 0.9271155892229759 
INFO  @ Tue, 16 Feb 2021 13:21:11: Final size factor: 0.7861549687052223 1.2244578298638111 1.0666641196324063 0.9271155892229759 
INFO  @ Tue, 16 Feb 2021 13:21:11: size factor: 1.2720138392650182,0.816687986805739,0.9375022386096759,1.0786141573113976 
INFO  @ Tue, 16 Feb 2021 13:21:12: Thread 0 started. 
INFO  @ Tue, 16 Feb 2021 13:21:12: Thread 0 completed. 
INFO  @ Tue, 16 Feb 2021 13:21:12: All threads completed. 
INFO  @ Tue, 16 Feb 2021 13:21:13: Modeling the mean and variance ... 
INFO  @ Tue, 16 Feb 2021 13:21:13: Run the algorithm for the second time ... 
INFO  @ Tue, 16 Feb 2021 13:21:13: Thread 0 started. 
INFO  @ Tue, 16 Feb 2021 13:21:14: Thread 0 completed. 
INFO  @ Tue, 16 Feb 2021 13:21:14: All threads completed. 
INFO  @ Tue, 16 Feb 2021 13:21:14: Permuting groups of gene with 1 sgRNAs per gene. Group progress: 1/3 
INFO  @ Tue, 16 Feb 2021 13:21:14: Start permuting 2 rounds ... 
INFO  @ Tue, 16 Feb 2021 13:21:14: Collecting 77 sgRNAs from 11 genes. 
INFO  @ Tue, 16 Feb 2021 13:21:14: Permuting round 0 ... 
INFO  @ Tue, 16 Feb 2021 13:21:14: Thread 0 started. 
INFO  @ Tue, 16 Feb 2021 13:21:15: Thread 0 completed. 
INFO  @ Tue, 16 Feb 2021 13:21:15: All threads completed. 
INFO  @ Tue, 16 Feb 2021 13:21:15: Permuting round 1 ... 
INFO  @ Tue, 16 Feb 2021 13:21:15: Thread 0 started. 
INFO  @ Tue, 16 Feb 2021 13:21:16: Thread 0 completed. 
INFO  @ Tue, 16 Feb 2021 13:21:16: All threads completed. 
INFO  @ Tue, 16 Feb 2021 13:21:16: Assigning p values... 
INFO  @ Tue, 16 Feb 2021 13:21:16: Permuting groups of gene with 6 sgRNAs per gene. Group progress: 2/3 
INFO  @ Tue, 16 Feb 2021 13:21:16: Start permuting 2 rounds ... 
INFO  @ Tue, 16 Feb 2021 13:21:16: Collecting 77 sgRNAs from 11 genes. 
INFO  @ Tue, 16 Feb 2021 13:21:16: Permuting round 0 ... 
INFO  @ Tue, 16 Feb 2021 13:21:17: Thread 0 started. 
INFO  @ Tue, 16 Feb 2021 13:21:17: Thread 0 completed. 
INFO  @ Tue, 16 Feb 2021 13:21:17: All threads completed. 
INFO  @ Tue, 16 Feb 2021 13:21:17: Permuting round 1 ... 
INFO  @ Tue, 16 Feb 2021 13:21:18: Thread 0 started. 
INFO  @ Tue, 16 Feb 2021 13:21:18: Thread 0 completed. 
INFO  @ Tue, 16 Feb 2021 13:21:18: All threads completed. 
INFO  @ Tue, 16 Feb 2021 13:21:18: Assigning p values... 
INFO  @ Tue, 16 Feb 2021 13:21:18: Permuting groups of gene with 10 sgRNAs per gene. Group progress: 3/3 
INFO  @ Tue, 16 Feb 2021 13:21:18: Start permuting 2 rounds ... 
INFO  @ Tue, 16 Feb 2021 13:21:18: Collecting 77 sgRNAs from 11 genes. 
INFO  @ Tue, 16 Feb 2021 13:21:18: Permuting round 0 ... 
INFO  @ Tue, 16 Feb 2021 13:21:19: Thread 0 started. 
INFO  @ Tue, 16 Feb 2021 13:21:19: Thread 0 completed. 
INFO  @ Tue, 16 Feb 2021 13:21:19: All threads completed. 
INFO  @ Tue, 16 Feb 2021 13:21:20: Permuting round 1 ... 
INFO  @ Tue, 16 Feb 2021 13:21:20: Thread 0 started. 
INFO  @ Tue, 16 Feb 2021 13:21:21: Thread 0 completed. 
INFO  @ Tue, 16 Feb 2021 13:21:21: All threads completed. 
INFO  @ Tue, 16 Feb 2021 13:21:21: Assigning p values... 
INFO  @ Tue, 16 Feb 2021 13:21:21: Writing gene results to S3B_mCherry.gene_summary.txt 
INFO  @ Tue, 16 Feb 2021 13:21:21: Writing sgRNA results to S3B_mCherry.sgrna_summary.txt 
