INFO  @ Tue, 16 Feb 2021 13:20:59: Parameters: /opt/anaconda3/bin/mageck mle -k S3B.txt -d S3B_GFP_design_matrix.txt -n S3B_GFP 
INFO  @ Tue, 16 Feb 2021 13:20:59: Cannot parse design matrix as a string; try to parse it as a file name ... 
INFO  @ Tue, 16 Feb 2021 13:20:59: Design matrix: 
INFO  @ Tue, 16 Feb 2021 13:20:59: [[1. 0. 0. 0.] 
INFO  @ Tue, 16 Feb 2021 13:20:59:  [1. 1. 0. 0.] 
INFO  @ Tue, 16 Feb 2021 13:20:59:  [1. 0. 1. 0.] 
INFO  @ Tue, 16 Feb 2021 13:20:59:  [1. 0. 0. 1.]] 
INFO  @ Tue, 16 Feb 2021 13:20:59: Beta labels:baseline,S22_MNSC503_F6,S23_MNSC503_F7,S24_MNSC503_F8 
INFO  @ Tue, 16 Feb 2021 13:20:59: Included samples:S21_MNSC503_F5,S22_MNSC503_F6,S23_MNSC503_F7,S24_MNSC503_F8 
INFO  @ Tue, 16 Feb 2021 13:20:59: Loaded samples:S21_MNSC503_F5;S22_MNSC503_F6;S23_MNSC503_F7;S24_MNSC503_F8 
INFO  @ Tue, 16 Feb 2021 13:20:59: Sample index: 0;1;2;3 
INFO  @ Tue, 16 Feb 2021 13:20:59: Loaded 11 genes. 
DEBUG @ Tue, 16 Feb 2021 13:20:59: Initial (total) size factor: 1.3299710729222936 0.9173609568431044 0.9845039385608351 0.8754416961130742 
DEBUG @ Tue, 16 Feb 2021 13:20:59: Median factor: 1.2244578298638111 0.7861549687052223 1.0666641196324063 0.9271155892229759 
INFO  @ Tue, 16 Feb 2021 13:20:59: Final size factor: 1.2244578298638111 0.7861549687052223 1.0666641196324063 0.9271155892229759 
INFO  @ Tue, 16 Feb 2021 13:20:59: size factor: 0.816687986805739,1.2720138392650182,0.9375022386096759,1.0786141573113976 
INFO  @ Tue, 16 Feb 2021 13:20:59: Thread 0 started. 
INFO  @ Tue, 16 Feb 2021 13:21:00: Thread 0 completed. 
INFO  @ Tue, 16 Feb 2021 13:21:00: All threads completed. 
INFO  @ Tue, 16 Feb 2021 13:21:00: Modeling the mean and variance ... 
INFO  @ Tue, 16 Feb 2021 13:21:00: Run the algorithm for the second time ... 
INFO  @ Tue, 16 Feb 2021 13:21:01: Thread 0 started. 
INFO  @ Tue, 16 Feb 2021 13:21:01: Thread 0 completed. 
INFO  @ Tue, 16 Feb 2021 13:21:01: All threads completed. 
INFO  @ Tue, 16 Feb 2021 13:21:01: Permuting groups of gene with 1 sgRNAs per gene. Group progress: 1/3 
INFO  @ Tue, 16 Feb 2021 13:21:01: Start permuting 2 rounds ... 
INFO  @ Tue, 16 Feb 2021 13:21:01: Collecting 77 sgRNAs from 11 genes. 
INFO  @ Tue, 16 Feb 2021 13:21:01: Permuting round 0 ... 
INFO  @ Tue, 16 Feb 2021 13:21:02: Thread 0 started. 
INFO  @ Tue, 16 Feb 2021 13:21:02: Thread 0 completed. 
INFO  @ Tue, 16 Feb 2021 13:21:02: All threads completed. 
INFO  @ Tue, 16 Feb 2021 13:21:02: Permuting round 1 ... 
INFO  @ Tue, 16 Feb 2021 13:21:03: Thread 0 started. 
INFO  @ Tue, 16 Feb 2021 13:21:04: Thread 0 completed. 
INFO  @ Tue, 16 Feb 2021 13:21:04: All threads completed. 
INFO  @ Tue, 16 Feb 2021 13:21:04: Assigning p values... 
INFO  @ Tue, 16 Feb 2021 13:21:04: Permuting groups of gene with 6 sgRNAs per gene. Group progress: 2/3 
INFO  @ Tue, 16 Feb 2021 13:21:04: Start permuting 2 rounds ... 
INFO  @ Tue, 16 Feb 2021 13:21:04: Collecting 77 sgRNAs from 11 genes. 
INFO  @ Tue, 16 Feb 2021 13:21:04: Permuting round 0 ... 
INFO  @ Tue, 16 Feb 2021 13:21:04: Thread 0 started. 
INFO  @ Tue, 16 Feb 2021 13:21:05: Thread 0 completed. 
INFO  @ Tue, 16 Feb 2021 13:21:05: All threads completed. 
INFO  @ Tue, 16 Feb 2021 13:21:05: Permuting round 1 ... 
INFO  @ Tue, 16 Feb 2021 13:21:05: Thread 0 started. 
INFO  @ Tue, 16 Feb 2021 13:21:06: Thread 0 completed. 
INFO  @ Tue, 16 Feb 2021 13:21:06: All threads completed. 
INFO  @ Tue, 16 Feb 2021 13:21:06: Assigning p values... 
INFO  @ Tue, 16 Feb 2021 13:21:06: Permuting groups of gene with 10 sgRNAs per gene. Group progress: 3/3 
INFO  @ Tue, 16 Feb 2021 13:21:06: Start permuting 2 rounds ... 
INFO  @ Tue, 16 Feb 2021 13:21:06: Collecting 77 sgRNAs from 11 genes. 
INFO  @ Tue, 16 Feb 2021 13:21:06: Permuting round 0 ... 
INFO  @ Tue, 16 Feb 2021 13:21:07: Thread 0 started. 
INFO  @ Tue, 16 Feb 2021 13:21:07: Thread 0 completed. 
INFO  @ Tue, 16 Feb 2021 13:21:07: All threads completed. 
INFO  @ Tue, 16 Feb 2021 13:21:07: Permuting round 1 ... 
INFO  @ Tue, 16 Feb 2021 13:21:08: Thread 0 started. 
INFO  @ Tue, 16 Feb 2021 13:21:08: Thread 0 completed. 
INFO  @ Tue, 16 Feb 2021 13:21:08: All threads completed. 
INFO  @ Tue, 16 Feb 2021 13:21:08: Assigning p values... 
INFO  @ Tue, 16 Feb 2021 13:21:08: Writing gene results to S3B_GFP.gene_summary.txt 
INFO  @ Tue, 16 Feb 2021 13:21:08: Writing sgRNA results to S3B_GFP.sgrna_summary.txt 
