INFO  @ Tue, 16 Feb 2021 13:21:35: Parameters: /opt/anaconda3/bin/mageck mle -k S4A.txt -d S4A_mCherry_design_matrix.txt -n S4A_mCherry 
INFO  @ Tue, 16 Feb 2021 13:21:35: Cannot parse design matrix as a string; try to parse it as a file name ... 
INFO  @ Tue, 16 Feb 2021 13:21:35: Design matrix: 
INFO  @ Tue, 16 Feb 2021 13:21:35: [[1. 0. 0. 0.] 
INFO  @ Tue, 16 Feb 2021 13:21:35:  [1. 1. 0. 0.] 
INFO  @ Tue, 16 Feb 2021 13:21:35:  [1. 0. 1. 0.] 
INFO  @ Tue, 16 Feb 2021 13:21:35:  [1. 0. 0. 1.]] 
INFO  @ Tue, 16 Feb 2021 13:21:35: Beta labels:baseline,S25_MNSC504_F1,S27_MNSC504_F3,S28_MNSC504_F4 
INFO  @ Tue, 16 Feb 2021 13:21:35: Included samples:S26_MNSC504_F2,S25_MNSC504_F1,S27_MNSC504_F3,S28_MNSC504_F4 
INFO  @ Tue, 16 Feb 2021 13:21:35: Loaded samples:S26_MNSC504_F2;S25_MNSC504_F1;S27_MNSC504_F3;S28_MNSC504_F4 
INFO  @ Tue, 16 Feb 2021 13:21:35: Sample index: 1;0;2;3 
INFO  @ Tue, 16 Feb 2021 13:21:35: Loaded 11 genes. 
DEBUG @ Tue, 16 Feb 2021 13:21:35: Initial (total) size factor: 0.8507959212152626 1.127253377590146 1.061091358884151 1.0049321256313553 
DEBUG @ Tue, 16 Feb 2021 13:21:35: Median factor: 0.7437594446402528 1.0852459125102072 1.0819607528129258 1.1095533019450492 
INFO  @ Tue, 16 Feb 2021 13:21:35: Final size factor: 0.7437594446402528 1.0852459125102072 1.0819607528129258 1.1095533019450492 
INFO  @ Tue, 16 Feb 2021 13:21:35: size factor: 1.344520741492819,0.9214501418272741,0.9242479428206237,0.9012635970232327 
INFO  @ Tue, 16 Feb 2021 13:21:36: Thread 0 started. 
INFO  @ Tue, 16 Feb 2021 13:21:36: Thread 0 completed. 
INFO  @ Tue, 16 Feb 2021 13:21:36: All threads completed. 
INFO  @ Tue, 16 Feb 2021 13:21:36: Modeling the mean and variance ... 
INFO  @ Tue, 16 Feb 2021 13:21:36: Run the algorithm for the second time ... 
INFO  @ Tue, 16 Feb 2021 13:21:37: Thread 0 started. 
INFO  @ Tue, 16 Feb 2021 13:21:37: Thread 0 completed. 
INFO  @ Tue, 16 Feb 2021 13:21:37: All threads completed. 
INFO  @ Tue, 16 Feb 2021 13:21:38: Permuting groups of gene with 1 sgRNAs per gene. Group progress: 1/3 
INFO  @ Tue, 16 Feb 2021 13:21:38: Start permuting 2 rounds ... 
INFO  @ Tue, 16 Feb 2021 13:21:38: Collecting 77 sgRNAs from 11 genes. 
INFO  @ Tue, 16 Feb 2021 13:21:38: Permuting round 0 ... 
INFO  @ Tue, 16 Feb 2021 13:21:38: Thread 0 started. 
INFO  @ Tue, 16 Feb 2021 13:21:39: Thread 0 completed. 
INFO  @ Tue, 16 Feb 2021 13:21:39: All threads completed. 
INFO  @ Tue, 16 Feb 2021 13:21:39: Permuting round 1 ... 
INFO  @ Tue, 16 Feb 2021 13:21:39: Thread 0 started. 
INFO  @ Tue, 16 Feb 2021 13:21:40: Thread 0 completed. 
INFO  @ Tue, 16 Feb 2021 13:21:40: All threads completed. 
INFO  @ Tue, 16 Feb 2021 13:21:40: Assigning p values... 
INFO  @ Tue, 16 Feb 2021 13:21:40: Permuting groups of gene with 6 sgRNAs per gene. Group progress: 2/3 
INFO  @ Tue, 16 Feb 2021 13:21:40: Start permuting 2 rounds ... 
INFO  @ Tue, 16 Feb 2021 13:21:40: Collecting 77 sgRNAs from 11 genes. 
INFO  @ Tue, 16 Feb 2021 13:21:40: Permuting round 0 ... 
INFO  @ Tue, 16 Feb 2021 13:21:40: Thread 0 started. 
INFO  @ Tue, 16 Feb 2021 13:21:41: Thread 0 completed. 
INFO  @ Tue, 16 Feb 2021 13:21:41: All threads completed. 
INFO  @ Tue, 16 Feb 2021 13:21:41: Permuting round 1 ... 
INFO  @ Tue, 16 Feb 2021 13:21:41: Thread 0 started. 
INFO  @ Tue, 16 Feb 2021 13:21:42: Thread 0 completed. 
INFO  @ Tue, 16 Feb 2021 13:21:42: All threads completed. 
INFO  @ Tue, 16 Feb 2021 13:21:42: Assigning p values... 
INFO  @ Tue, 16 Feb 2021 13:21:42: Permuting groups of gene with 10 sgRNAs per gene. Group progress: 3/3 
INFO  @ Tue, 16 Feb 2021 13:21:42: Start permuting 2 rounds ... 
INFO  @ Tue, 16 Feb 2021 13:21:42: Collecting 77 sgRNAs from 11 genes. 
INFO  @ Tue, 16 Feb 2021 13:21:42: Permuting round 0 ... 
INFO  @ Tue, 16 Feb 2021 13:21:42: Thread 0 started. 
INFO  @ Tue, 16 Feb 2021 13:21:43: Thread 0 completed. 
INFO  @ Tue, 16 Feb 2021 13:21:43: All threads completed. 
INFO  @ Tue, 16 Feb 2021 13:21:43: Permuting round 1 ... 
INFO  @ Tue, 16 Feb 2021 13:21:44: Thread 0 started. 
INFO  @ Tue, 16 Feb 2021 13:21:44: Thread 0 completed. 
INFO  @ Tue, 16 Feb 2021 13:21:44: All threads completed. 
INFO  @ Tue, 16 Feb 2021 13:21:44: Assigning p values... 
INFO  @ Tue, 16 Feb 2021 13:21:44: Writing gene results to S4A_mCherry.gene_summary.txt 
INFO  @ Tue, 16 Feb 2021 13:21:44: Writing sgRNA results to S4A_mCherry.sgrna_summary.txt 
