INFO  @ Tue, 16 Feb 2021 13:21:46: Parameters: /opt/anaconda3/bin/mageck mle -k S4B.txt -d S4B_GFP_design_matrix.txt -n S4A_GFP 
INFO  @ Tue, 16 Feb 2021 13:21:47: Cannot parse design matrix as a string; try to parse it as a file name ... 
INFO  @ Tue, 16 Feb 2021 13:21:47: Design matrix: 
INFO  @ Tue, 16 Feb 2021 13:21:47: [[1. 0. 0. 0.] 
INFO  @ Tue, 16 Feb 2021 13:21:47:  [1. 1. 0. 0.] 
INFO  @ Tue, 16 Feb 2021 13:21:47:  [1. 0. 1. 0.] 
INFO  @ Tue, 16 Feb 2021 13:21:47:  [1. 0. 0. 1.]] 
INFO  @ Tue, 16 Feb 2021 13:21:47: Beta labels:baseline,S30_MNSC504_F6,S31_MNSC504_F7,S32_MNSC504_F8 
INFO  @ Tue, 16 Feb 2021 13:21:47: Included samples:S29_MNSC504_F5,S30_MNSC504_F6,S31_MNSC504_F7,S32_MNSC504_F8 
INFO  @ Tue, 16 Feb 2021 13:21:47: Loaded samples:S29_MNSC504_F5;S30_MNSC504_F6;S31_MNSC504_F7;S32_MNSC504_F8 
INFO  @ Tue, 16 Feb 2021 13:21:47: Sample index: 0;1;2;3 
INFO  @ Tue, 16 Feb 2021 13:21:47: Loaded 11 genes. 
DEBUG @ Tue, 16 Feb 2021 13:21:47: Initial (total) size factor: 1.1251947679969447 0.8220628281892602 0.9541477892814234 1.1809759822351913 
DEBUG @ Tue, 16 Feb 2021 13:21:47: Median factor: 1.057618645414709 0.7021944459515005 0.9650673178782624 1.3581919367296436 
INFO  @ Tue, 16 Feb 2021 13:21:47: Final size factor: 1.057618645414709 0.7021944459515005 0.9650673178782624 1.3581919367296436 
INFO  @ Tue, 16 Feb 2021 13:21:47: size factor: 0.9455203955938998,1.4241069632001455,1.0361971454991745,0.7362729618376878 
INFO  @ Tue, 16 Feb 2021 13:21:47: Thread 0 started. 
INFO  @ Tue, 16 Feb 2021 13:21:48: Thread 0 completed. 
INFO  @ Tue, 16 Feb 2021 13:21:48: All threads completed. 
INFO  @ Tue, 16 Feb 2021 13:21:48: Modeling the mean and variance ... 
INFO  @ Tue, 16 Feb 2021 13:21:48: Run the algorithm for the second time ... 
INFO  @ Tue, 16 Feb 2021 13:21:48: Thread 0 started. 
INFO  @ Tue, 16 Feb 2021 13:21:49: Thread 0 completed. 
INFO  @ Tue, 16 Feb 2021 13:21:49: All threads completed. 
INFO  @ Tue, 16 Feb 2021 13:21:49: Permuting groups of gene with 1 sgRNAs per gene. Group progress: 1/3 
INFO  @ Tue, 16 Feb 2021 13:21:49: Start permuting 2 rounds ... 
INFO  @ Tue, 16 Feb 2021 13:21:49: Collecting 77 sgRNAs from 11 genes. 
INFO  @ Tue, 16 Feb 2021 13:21:49: Permuting round 0 ... 
INFO  @ Tue, 16 Feb 2021 13:21:49: Thread 0 started. 
INFO  @ Tue, 16 Feb 2021 13:21:50: Thread 0 completed. 
INFO  @ Tue, 16 Feb 2021 13:21:50: All threads completed. 
INFO  @ Tue, 16 Feb 2021 13:21:50: Permuting round 1 ... 
INFO  @ Tue, 16 Feb 2021 13:21:50: Thread 0 started. 
INFO  @ Tue, 16 Feb 2021 13:21:51: Thread 0 completed. 
INFO  @ Tue, 16 Feb 2021 13:21:51: All threads completed. 
INFO  @ Tue, 16 Feb 2021 13:21:51: Assigning p values... 
INFO  @ Tue, 16 Feb 2021 13:21:51: Permuting groups of gene with 6 sgRNAs per gene. Group progress: 2/3 
INFO  @ Tue, 16 Feb 2021 13:21:51: Start permuting 2 rounds ... 
INFO  @ Tue, 16 Feb 2021 13:21:51: Collecting 77 sgRNAs from 11 genes. 
INFO  @ Tue, 16 Feb 2021 13:21:51: Permuting round 0 ... 
INFO  @ Tue, 16 Feb 2021 13:21:52: Thread 0 started. 
INFO  @ Tue, 16 Feb 2021 13:21:52: Thread 0 completed. 
INFO  @ Tue, 16 Feb 2021 13:21:52: All threads completed. 
INFO  @ Tue, 16 Feb 2021 13:21:52: Permuting round 1 ... 
INFO  @ Tue, 16 Feb 2021 13:21:53: Thread 0 started. 
INFO  @ Tue, 16 Feb 2021 13:21:53: Thread 0 completed. 
INFO  @ Tue, 16 Feb 2021 13:21:53: All threads completed. 
INFO  @ Tue, 16 Feb 2021 13:21:53: Assigning p values... 
INFO  @ Tue, 16 Feb 2021 13:21:53: Permuting groups of gene with 10 sgRNAs per gene. Group progress: 3/3 
INFO  @ Tue, 16 Feb 2021 13:21:53: Start permuting 2 rounds ... 
INFO  @ Tue, 16 Feb 2021 13:21:53: Collecting 77 sgRNAs from 11 genes. 
INFO  @ Tue, 16 Feb 2021 13:21:53: Permuting round 0 ... 
INFO  @ Tue, 16 Feb 2021 13:21:54: Thread 0 started. 
INFO  @ Tue, 16 Feb 2021 13:21:54: Thread 0 completed. 
INFO  @ Tue, 16 Feb 2021 13:21:54: All threads completed. 
INFO  @ Tue, 16 Feb 2021 13:21:54: Permuting round 1 ... 
INFO  @ Tue, 16 Feb 2021 13:21:55: Thread 0 started. 
INFO  @ Tue, 16 Feb 2021 13:21:56: Thread 0 completed. 
INFO  @ Tue, 16 Feb 2021 13:21:56: All threads completed. 
INFO  @ Tue, 16 Feb 2021 13:21:56: Assigning p values... 
INFO  @ Tue, 16 Feb 2021 13:21:56: Writing gene results to S4A_GFP.gene_summary.txt 
INFO  @ Tue, 16 Feb 2021 13:21:56: Writing sgRNA results to S4A_GFP.sgrna_summary.txt 
