INFO  @ Tue, 16 Feb 2021 13:21:58: Parameters: /opt/anaconda3/bin/mageck mle -k S4B.txt -d S4B_mCherry_design_matrix.txt -n S4B_mCherry 
INFO  @ Tue, 16 Feb 2021 13:21:58: Cannot parse design matrix as a string; try to parse it as a file name ... 
INFO  @ Tue, 16 Feb 2021 13:21:58: Design matrix: 
INFO  @ Tue, 16 Feb 2021 13:21:58: [[1. 0. 0. 0.] 
INFO  @ Tue, 16 Feb 2021 13:21:58:  [1. 1. 0. 0.] 
INFO  @ Tue, 16 Feb 2021 13:21:58:  [1. 0. 1. 0.] 
INFO  @ Tue, 16 Feb 2021 13:21:58:  [1. 0. 0. 1.]] 
INFO  @ Tue, 16 Feb 2021 13:21:58: Beta labels:baseline,S29_MNSC504_F5,S31_MNSC504_F7,S32_MNSC504_F8 
INFO  @ Tue, 16 Feb 2021 13:21:58: Included samples:S30_MNSC504_F6,S29_MNSC504_F5,S31_MNSC504_F7,S32_MNSC504_F8 
INFO  @ Tue, 16 Feb 2021 13:21:58: Loaded samples:S30_MNSC504_F6;S29_MNSC504_F5;S31_MNSC504_F7;S32_MNSC504_F8 
INFO  @ Tue, 16 Feb 2021 13:21:58: Sample index: 1;0;2;3 
INFO  @ Tue, 16 Feb 2021 13:21:58: Loaded 11 genes. 
DEBUG @ Tue, 16 Feb 2021 13:21:58: Initial (total) size factor: 0.8220628281892602 1.1251947679969447 0.9541477892814234 1.1809759822351913 
DEBUG @ Tue, 16 Feb 2021 13:21:58: Median factor: 0.7021944459515005 1.057618645414709 0.9650673178782624 1.3581919367296436 
INFO  @ Tue, 16 Feb 2021 13:21:58: Final size factor: 0.7021944459515005 1.057618645414709 0.9650673178782624 1.3581919367296436 
INFO  @ Tue, 16 Feb 2021 13:21:58: size factor: 1.4241069632001455,0.9455203955938998,1.0361971454991745,0.7362729618376878 
INFO  @ Tue, 16 Feb 2021 13:21:58: Thread 0 started. 
INFO  @ Tue, 16 Feb 2021 13:21:59: Thread 0 completed. 
INFO  @ Tue, 16 Feb 2021 13:21:59: All threads completed. 
INFO  @ Tue, 16 Feb 2021 13:21:59: Modeling the mean and variance ... 
INFO  @ Tue, 16 Feb 2021 13:21:59: Run the algorithm for the second time ... 
INFO  @ Tue, 16 Feb 2021 13:22:00: Thread 0 started. 
INFO  @ Tue, 16 Feb 2021 13:22:00: Thread 0 completed. 
INFO  @ Tue, 16 Feb 2021 13:22:00: All threads completed. 
INFO  @ Tue, 16 Feb 2021 13:22:00: Permuting groups of gene with 1 sgRNAs per gene. Group progress: 1/3 
INFO  @ Tue, 16 Feb 2021 13:22:00: Start permuting 2 rounds ... 
INFO  @ Tue, 16 Feb 2021 13:22:00: Collecting 77 sgRNAs from 11 genes. 
INFO  @ Tue, 16 Feb 2021 13:22:00: Permuting round 0 ... 
INFO  @ Tue, 16 Feb 2021 13:22:01: Thread 0 started. 
INFO  @ Tue, 16 Feb 2021 13:22:02: Thread 0 completed. 
INFO  @ Tue, 16 Feb 2021 13:22:02: All threads completed. 
INFO  @ Tue, 16 Feb 2021 13:22:02: Permuting round 1 ... 
INFO  @ Tue, 16 Feb 2021 13:22:02: Thread 0 started. 
INFO  @ Tue, 16 Feb 2021 13:22:03: Thread 0 completed. 
INFO  @ Tue, 16 Feb 2021 13:22:03: All threads completed. 
INFO  @ Tue, 16 Feb 2021 13:22:03: Assigning p values... 
INFO  @ Tue, 16 Feb 2021 13:22:03: Permuting groups of gene with 6 sgRNAs per gene. Group progress: 2/3 
INFO  @ Tue, 16 Feb 2021 13:22:03: Start permuting 2 rounds ... 
INFO  @ Tue, 16 Feb 2021 13:22:03: Collecting 77 sgRNAs from 11 genes. 
INFO  @ Tue, 16 Feb 2021 13:22:03: Permuting round 0 ... 
INFO  @ Tue, 16 Feb 2021 13:22:03: Thread 0 started. 
INFO  @ Tue, 16 Feb 2021 13:22:04: Thread 0 completed. 
INFO  @ Tue, 16 Feb 2021 13:22:04: All threads completed. 
INFO  @ Tue, 16 Feb 2021 13:22:04: Permuting round 1 ... 
INFO  @ Tue, 16 Feb 2021 13:22:04: Thread 0 started. 
INFO  @ Tue, 16 Feb 2021 13:22:05: Thread 0 completed. 
INFO  @ Tue, 16 Feb 2021 13:22:05: All threads completed. 
INFO  @ Tue, 16 Feb 2021 13:22:05: Assigning p values... 
INFO  @ Tue, 16 Feb 2021 13:22:05: Permuting groups of gene with 10 sgRNAs per gene. Group progress: 3/3 
INFO  @ Tue, 16 Feb 2021 13:22:05: Start permuting 2 rounds ... 
INFO  @ Tue, 16 Feb 2021 13:22:05: Collecting 77 sgRNAs from 11 genes. 
INFO  @ Tue, 16 Feb 2021 13:22:05: Permuting round 0 ... 
INFO  @ Tue, 16 Feb 2021 13:22:05: Thread 0 started. 
INFO  @ Tue, 16 Feb 2021 13:22:06: Thread 0 completed. 
INFO  @ Tue, 16 Feb 2021 13:22:06: All threads completed. 
INFO  @ Tue, 16 Feb 2021 13:22:06: Permuting round 1 ... 
INFO  @ Tue, 16 Feb 2021 13:22:06: Thread 0 started. 
INFO  @ Tue, 16 Feb 2021 13:22:07: Thread 0 completed. 
INFO  @ Tue, 16 Feb 2021 13:22:07: All threads completed. 
INFO  @ Tue, 16 Feb 2021 13:22:07: Assigning p values... 
INFO  @ Tue, 16 Feb 2021 13:22:07: Writing gene results to S4B_mCherry.gene_summary.txt 
INFO  @ Tue, 16 Feb 2021 13:22:07: Writing sgRNA results to S4B_mCherry.sgrna_summary.txt 
