INFO  @ Tue, 16 Feb 2021 13:37:12: Parameters: /opt/anaconda3/bin/mageck mle -k S4B.txt -d S4B_GFP_design_matrix.txt -n S4B_GFP 
INFO  @ Tue, 16 Feb 2021 13:37:12: Cannot parse design matrix as a string; try to parse it as a file name ... 
INFO  @ Tue, 16 Feb 2021 13:37:12: Design matrix: 
INFO  @ Tue, 16 Feb 2021 13:37:12: [[1. 0. 0. 0.] 
INFO  @ Tue, 16 Feb 2021 13:37:12:  [1. 1. 0. 0.] 
INFO  @ Tue, 16 Feb 2021 13:37:12:  [1. 0. 1. 0.] 
INFO  @ Tue, 16 Feb 2021 13:37:12:  [1. 0. 0. 1.]] 
INFO  @ Tue, 16 Feb 2021 13:37:12: Beta labels:baseline,S30_MNSC504_F6,S31_MNSC504_F7,S32_MNSC504_F8 
INFO  @ Tue, 16 Feb 2021 13:37:12: Included samples:S29_MNSC504_F5,S30_MNSC504_F6,S31_MNSC504_F7,S32_MNSC504_F8 
INFO  @ Tue, 16 Feb 2021 13:37:12: Loaded samples:S29_MNSC504_F5;S30_MNSC504_F6;S31_MNSC504_F7;S32_MNSC504_F8 
INFO  @ Tue, 16 Feb 2021 13:37:12: Sample index: 0;1;2;3 
INFO  @ Tue, 16 Feb 2021 13:37:12: Loaded 11 genes. 
DEBUG @ Tue, 16 Feb 2021 13:37:12: Initial (total) size factor: 1.1251947679969447 0.8220628281892602 0.9541477892814234 1.1809759822351913 
DEBUG @ Tue, 16 Feb 2021 13:37:12: Median factor: 1.057618645414709 0.7021944459515005 0.9650673178782624 1.3581919367296436 
INFO  @ Tue, 16 Feb 2021 13:37:12: Final size factor: 1.057618645414709 0.7021944459515005 0.9650673178782624 1.3581919367296436 
INFO  @ Tue, 16 Feb 2021 13:37:12: size factor: 0.9455203955938998,1.4241069632001455,1.0361971454991745,0.7362729618376878 
INFO  @ Tue, 16 Feb 2021 13:37:13: Thread 0 started. 
INFO  @ Tue, 16 Feb 2021 13:37:13: Thread 0 completed. 
INFO  @ Tue, 16 Feb 2021 13:37:13: All threads completed. 
INFO  @ Tue, 16 Feb 2021 13:37:13: Modeling the mean and variance ... 
INFO  @ Tue, 16 Feb 2021 13:37:13: Run the algorithm for the second time ... 
INFO  @ Tue, 16 Feb 2021 13:37:14: Thread 0 started. 
INFO  @ Tue, 16 Feb 2021 13:37:15: Thread 0 completed. 
INFO  @ Tue, 16 Feb 2021 13:37:15: All threads completed. 
INFO  @ Tue, 16 Feb 2021 13:37:15: Permuting groups of gene with 1 sgRNAs per gene. Group progress: 1/3 
INFO  @ Tue, 16 Feb 2021 13:37:15: Start permuting 2 rounds ... 
INFO  @ Tue, 16 Feb 2021 13:37:15: Collecting 77 sgRNAs from 11 genes. 
INFO  @ Tue, 16 Feb 2021 13:37:15: Permuting round 0 ... 
INFO  @ Tue, 16 Feb 2021 13:37:15: Thread 0 started. 
INFO  @ Tue, 16 Feb 2021 13:37:16: Thread 0 completed. 
INFO  @ Tue, 16 Feb 2021 13:37:16: All threads completed. 
INFO  @ Tue, 16 Feb 2021 13:37:16: Permuting round 1 ... 
INFO  @ Tue, 16 Feb 2021 13:37:16: Thread 0 started. 
INFO  @ Tue, 16 Feb 2021 13:37:17: Thread 0 completed. 
INFO  @ Tue, 16 Feb 2021 13:37:17: All threads completed. 
INFO  @ Tue, 16 Feb 2021 13:37:17: Assigning p values... 
INFO  @ Tue, 16 Feb 2021 13:37:17: Permuting groups of gene with 6 sgRNAs per gene. Group progress: 2/3 
INFO  @ Tue, 16 Feb 2021 13:37:17: Start permuting 2 rounds ... 
INFO  @ Tue, 16 Feb 2021 13:37:17: Collecting 77 sgRNAs from 11 genes. 
INFO  @ Tue, 16 Feb 2021 13:37:17: Permuting round 0 ... 
INFO  @ Tue, 16 Feb 2021 13:37:17: Thread 0 started. 
INFO  @ Tue, 16 Feb 2021 13:37:18: Thread 0 completed. 
INFO  @ Tue, 16 Feb 2021 13:37:18: All threads completed. 
INFO  @ Tue, 16 Feb 2021 13:37:18: Permuting round 1 ... 
INFO  @ Tue, 16 Feb 2021 13:37:19: Thread 0 started. 
INFO  @ Tue, 16 Feb 2021 13:37:20: Thread 0 completed. 
INFO  @ Tue, 16 Feb 2021 13:37:20: All threads completed. 
INFO  @ Tue, 16 Feb 2021 13:37:20: Assigning p values... 
INFO  @ Tue, 16 Feb 2021 13:37:20: Permuting groups of gene with 10 sgRNAs per gene. Group progress: 3/3 
INFO  @ Tue, 16 Feb 2021 13:37:20: Start permuting 2 rounds ... 
INFO  @ Tue, 16 Feb 2021 13:37:20: Collecting 77 sgRNAs from 11 genes. 
INFO  @ Tue, 16 Feb 2021 13:37:20: Permuting round 0 ... 
INFO  @ Tue, 16 Feb 2021 13:37:20: Thread 0 started. 
INFO  @ Tue, 16 Feb 2021 13:37:21: Thread 0 completed. 
INFO  @ Tue, 16 Feb 2021 13:37:21: All threads completed. 
INFO  @ Tue, 16 Feb 2021 13:37:21: Permuting round 1 ... 
INFO  @ Tue, 16 Feb 2021 13:37:21: Thread 0 started. 
INFO  @ Tue, 16 Feb 2021 13:37:22: Thread 0 completed. 
INFO  @ Tue, 16 Feb 2021 13:37:22: All threads completed. 
INFO  @ Tue, 16 Feb 2021 13:37:22: Assigning p values... 
INFO  @ Tue, 16 Feb 2021 13:37:22: Writing gene results to S4B_GFP.gene_summary.txt 
INFO  @ Tue, 16 Feb 2021 13:37:22: Writing sgRNA results to S4B_GFP.sgrna_summary.txt 
