INFO  @ Tue, 16 Feb 2021 13:22:21: Parameters: /opt/anaconda3/bin/mageck mle -k S5A.txt -d S5A_mCherry_design_matrix.txt -n S5A_mCherry 
INFO  @ Tue, 16 Feb 2021 13:22:21: Cannot parse design matrix as a string; try to parse it as a file name ... 
INFO  @ Tue, 16 Feb 2021 13:22:21: Design matrix: 
INFO  @ Tue, 16 Feb 2021 13:22:21: [[1. 0. 0. 0.] 
INFO  @ Tue, 16 Feb 2021 13:22:21:  [1. 1. 0. 0.] 
INFO  @ Tue, 16 Feb 2021 13:22:21:  [1. 0. 1. 0.] 
INFO  @ Tue, 16 Feb 2021 13:22:21:  [1. 0. 0. 1.]] 
INFO  @ Tue, 16 Feb 2021 13:22:21: Beta labels:baseline,S33_MNSC505_F1,S35_MNSC505_F3,S36_MNSC505_F4 
INFO  @ Tue, 16 Feb 2021 13:22:21: Included samples:S34_MNSC505_F2,S33_MNSC505_F1,S35_MNSC505_F3,S36_MNSC505_F4 
INFO  @ Tue, 16 Feb 2021 13:22:21: Loaded samples:S34_MNSC505_F2;S33_MNSC505_F1;S35_MNSC505_F3;S36_MNSC505_F4 
INFO  @ Tue, 16 Feb 2021 13:22:21: Sample index: 1;0;2;3 
INFO  @ Tue, 16 Feb 2021 13:22:21: Loaded 11 genes. 
DEBUG @ Tue, 16 Feb 2021 13:22:21: Initial (total) size factor: 0.9773743817336211 0.9059032235992095 1.0301239421664248 1.1083734684631446 
DEBUG @ Tue, 16 Feb 2021 13:22:21: Median factor: 0.8470169762838302 0.9347369144003024 1.0251543834773063 1.2036123913822225 
INFO  @ Tue, 16 Feb 2021 13:22:21: Final size factor: 0.8470169762838302 0.9347369144003024 1.0251543834773063 1.2036123913822225 
INFO  @ Tue, 16 Feb 2021 13:22:21: size factor: 1.1806138814210805,1.0698197370771094,0.9754628338104715,0.8308322572614967 
INFO  @ Tue, 16 Feb 2021 13:22:22: Thread 0 started. 
INFO  @ Tue, 16 Feb 2021 13:22:22: Thread 0 completed. 
INFO  @ Tue, 16 Feb 2021 13:22:22: All threads completed. 
INFO  @ Tue, 16 Feb 2021 13:22:23: Modeling the mean and variance ... 
INFO  @ Tue, 16 Feb 2021 13:22:23: Run the algorithm for the second time ... 
INFO  @ Tue, 16 Feb 2021 13:22:23: Thread 0 started. 
INFO  @ Tue, 16 Feb 2021 13:22:24: Thread 0 completed. 
INFO  @ Tue, 16 Feb 2021 13:22:24: All threads completed. 
INFO  @ Tue, 16 Feb 2021 13:22:24: Permuting groups of gene with 1 sgRNAs per gene. Group progress: 1/3 
INFO  @ Tue, 16 Feb 2021 13:22:24: Start permuting 2 rounds ... 
INFO  @ Tue, 16 Feb 2021 13:22:24: Collecting 77 sgRNAs from 11 genes. 
INFO  @ Tue, 16 Feb 2021 13:22:24: Permuting round 0 ... 
INFO  @ Tue, 16 Feb 2021 13:22:24: Thread 0 started. 
INFO  @ Tue, 16 Feb 2021 13:22:25: Thread 0 completed. 
INFO  @ Tue, 16 Feb 2021 13:22:25: All threads completed. 
INFO  @ Tue, 16 Feb 2021 13:22:25: Permuting round 1 ... 
INFO  @ Tue, 16 Feb 2021 13:22:25: Thread 0 started. 
INFO  @ Tue, 16 Feb 2021 13:22:26: Thread 0 completed. 
INFO  @ Tue, 16 Feb 2021 13:22:26: All threads completed. 
INFO  @ Tue, 16 Feb 2021 13:22:26: Assigning p values... 
INFO  @ Tue, 16 Feb 2021 13:22:26: Permuting groups of gene with 6 sgRNAs per gene. Group progress: 2/3 
INFO  @ Tue, 16 Feb 2021 13:22:26: Start permuting 2 rounds ... 
INFO  @ Tue, 16 Feb 2021 13:22:26: Collecting 77 sgRNAs from 11 genes. 
INFO  @ Tue, 16 Feb 2021 13:22:26: Permuting round 0 ... 
INFO  @ Tue, 16 Feb 2021 13:22:26: Thread 0 started. 
INFO  @ Tue, 16 Feb 2021 13:22:27: Thread 0 completed. 
INFO  @ Tue, 16 Feb 2021 13:22:27: All threads completed. 
INFO  @ Tue, 16 Feb 2021 13:22:27: Permuting round 1 ... 
INFO  @ Tue, 16 Feb 2021 13:22:28: Thread 0 started. 
INFO  @ Tue, 16 Feb 2021 13:22:28: Thread 0 completed. 
INFO  @ Tue, 16 Feb 2021 13:22:28: All threads completed. 
INFO  @ Tue, 16 Feb 2021 13:22:28: Assigning p values... 
INFO  @ Tue, 16 Feb 2021 13:22:28: Permuting groups of gene with 10 sgRNAs per gene. Group progress: 3/3 
INFO  @ Tue, 16 Feb 2021 13:22:28: Start permuting 2 rounds ... 
INFO  @ Tue, 16 Feb 2021 13:22:28: Collecting 77 sgRNAs from 11 genes. 
INFO  @ Tue, 16 Feb 2021 13:22:28: Permuting round 0 ... 
INFO  @ Tue, 16 Feb 2021 13:22:29: Thread 0 started. 
INFO  @ Tue, 16 Feb 2021 13:22:29: Thread 0 completed. 
INFO  @ Tue, 16 Feb 2021 13:22:29: All threads completed. 
INFO  @ Tue, 16 Feb 2021 13:22:29: Permuting round 1 ... 
INFO  @ Tue, 16 Feb 2021 13:22:30: Thread 0 started. 
INFO  @ Tue, 16 Feb 2021 13:22:30: Thread 0 completed. 
INFO  @ Tue, 16 Feb 2021 13:22:30: All threads completed. 
INFO  @ Tue, 16 Feb 2021 13:22:31: Assigning p values... 
INFO  @ Tue, 16 Feb 2021 13:22:31: Writing gene results to S5A_mCherry.gene_summary.txt 
INFO  @ Tue, 16 Feb 2021 13:22:31: Writing sgRNA results to S5A_mCherry.sgrna_summary.txt 
