INFO  @ Tue, 16 Feb 2021 13:22:10: Parameters: /opt/anaconda3/bin/mageck mle -k S5A.txt -d S5A_GFP_design_matrix.txt -n S5A_GFP 
INFO  @ Tue, 16 Feb 2021 13:22:10: Cannot parse design matrix as a string; try to parse it as a file name ... 
INFO  @ Tue, 16 Feb 2021 13:22:10: Design matrix: 
INFO  @ Tue, 16 Feb 2021 13:22:10: [[1. 0. 0. 0.] 
INFO  @ Tue, 16 Feb 2021 13:22:10:  [1. 1. 0. 0.] 
INFO  @ Tue, 16 Feb 2021 13:22:10:  [1. 0. 1. 0.] 
INFO  @ Tue, 16 Feb 2021 13:22:10:  [1. 0. 0. 1.]] 
INFO  @ Tue, 16 Feb 2021 13:22:10: Beta labels:baseline,S34_MNSC505_F2,S35_MNSC505_F3,S36_MNSC505_F4 
INFO  @ Tue, 16 Feb 2021 13:22:10: Included samples:S33_MNSC505_F1,S34_MNSC505_F2,S35_MNSC505_F3,S36_MNSC505_F4 
INFO  @ Tue, 16 Feb 2021 13:22:10: Loaded samples:S33_MNSC505_F1;S34_MNSC505_F2;S35_MNSC505_F3;S36_MNSC505_F4 
INFO  @ Tue, 16 Feb 2021 13:22:10: Sample index: 0;1;2;3 
INFO  @ Tue, 16 Feb 2021 13:22:10: Loaded 11 genes. 
DEBUG @ Tue, 16 Feb 2021 13:22:10: Initial (total) size factor: 0.9059032235992095 0.9773743817336211 1.0301239421664248 1.1083734684631446 
DEBUG @ Tue, 16 Feb 2021 13:22:10: Median factor: 0.9347369144003024 0.8470169762838302 1.0251543834773063 1.2036123913822225 
INFO  @ Tue, 16 Feb 2021 13:22:10: Final size factor: 0.9347369144003024 0.8470169762838302 1.0251543834773063 1.2036123913822225 
INFO  @ Tue, 16 Feb 2021 13:22:10: size factor: 1.0698197370771094,1.1806138814210805,0.9754628338104715,0.8308322572614967 
INFO  @ Tue, 16 Feb 2021 13:22:10: Thread 0 started. 
INFO  @ Tue, 16 Feb 2021 13:22:11: Thread 0 completed. 
INFO  @ Tue, 16 Feb 2021 13:22:11: All threads completed. 
INFO  @ Tue, 16 Feb 2021 13:22:11: Modeling the mean and variance ... 
INFO  @ Tue, 16 Feb 2021 13:22:11: Run the algorithm for the second time ... 
INFO  @ Tue, 16 Feb 2021 13:22:11: Thread 0 started. 
INFO  @ Tue, 16 Feb 2021 13:22:12: Thread 0 completed. 
INFO  @ Tue, 16 Feb 2021 13:22:12: All threads completed. 
INFO  @ Tue, 16 Feb 2021 13:22:12: Permuting groups of gene with 1 sgRNAs per gene. Group progress: 1/3 
INFO  @ Tue, 16 Feb 2021 13:22:12: Start permuting 2 rounds ... 
INFO  @ Tue, 16 Feb 2021 13:22:12: Collecting 77 sgRNAs from 11 genes. 
INFO  @ Tue, 16 Feb 2021 13:22:12: Permuting round 0 ... 
INFO  @ Tue, 16 Feb 2021 13:22:13: Thread 0 started. 
INFO  @ Tue, 16 Feb 2021 13:22:13: Thread 0 completed. 
INFO  @ Tue, 16 Feb 2021 13:22:13: All threads completed. 
INFO  @ Tue, 16 Feb 2021 13:22:13: Permuting round 1 ... 
INFO  @ Tue, 16 Feb 2021 13:22:14: Thread 0 started. 
INFO  @ Tue, 16 Feb 2021 13:22:14: Thread 0 completed. 
INFO  @ Tue, 16 Feb 2021 13:22:14: All threads completed. 
INFO  @ Tue, 16 Feb 2021 13:22:15: Assigning p values... 
INFO  @ Tue, 16 Feb 2021 13:22:15: Permuting groups of gene with 6 sgRNAs per gene. Group progress: 2/3 
INFO  @ Tue, 16 Feb 2021 13:22:15: Start permuting 2 rounds ... 
INFO  @ Tue, 16 Feb 2021 13:22:15: Collecting 77 sgRNAs from 11 genes. 
INFO  @ Tue, 16 Feb 2021 13:22:15: Permuting round 0 ... 
INFO  @ Tue, 16 Feb 2021 13:22:15: Thread 0 started. 
INFO  @ Tue, 16 Feb 2021 13:22:16: Thread 0 completed. 
INFO  @ Tue, 16 Feb 2021 13:22:16: All threads completed. 
INFO  @ Tue, 16 Feb 2021 13:22:16: Permuting round 1 ... 
INFO  @ Tue, 16 Feb 2021 13:22:16: Thread 0 started. 
INFO  @ Tue, 16 Feb 2021 13:22:17: Thread 0 completed. 
INFO  @ Tue, 16 Feb 2021 13:22:17: All threads completed. 
INFO  @ Tue, 16 Feb 2021 13:22:17: Assigning p values... 
INFO  @ Tue, 16 Feb 2021 13:22:17: Permuting groups of gene with 10 sgRNAs per gene. Group progress: 3/3 
INFO  @ Tue, 16 Feb 2021 13:22:17: Start permuting 2 rounds ... 
INFO  @ Tue, 16 Feb 2021 13:22:17: Collecting 77 sgRNAs from 11 genes. 
INFO  @ Tue, 16 Feb 2021 13:22:17: Permuting round 0 ... 
INFO  @ Tue, 16 Feb 2021 13:22:17: Thread 0 started. 
INFO  @ Tue, 16 Feb 2021 13:22:18: Thread 0 completed. 
INFO  @ Tue, 16 Feb 2021 13:22:18: All threads completed. 
INFO  @ Tue, 16 Feb 2021 13:22:18: Permuting round 1 ... 
INFO  @ Tue, 16 Feb 2021 13:22:18: Thread 0 started. 
INFO  @ Tue, 16 Feb 2021 13:22:19: Thread 0 completed. 
INFO  @ Tue, 16 Feb 2021 13:22:19: All threads completed. 
INFO  @ Tue, 16 Feb 2021 13:22:19: Assigning p values... 
INFO  @ Tue, 16 Feb 2021 13:22:19: Writing gene results to S5A_GFP.gene_summary.txt 
INFO  @ Tue, 16 Feb 2021 13:22:19: Writing sgRNA results to S5A_GFP.sgrna_summary.txt 
