INFO  @ Tue, 16 Feb 2021 13:22:44: Parameters: /opt/anaconda3/bin/mageck mle -k S5B.txt -d S5B_mCherry_design_matrix.txt -n S5B_mCherry 
INFO  @ Tue, 16 Feb 2021 13:22:44: Cannot parse design matrix as a string; try to parse it as a file name ... 
INFO  @ Tue, 16 Feb 2021 13:22:44: Design matrix: 
INFO  @ Tue, 16 Feb 2021 13:22:44: [[1. 0. 0. 0.] 
INFO  @ Tue, 16 Feb 2021 13:22:44:  [1. 1. 0. 0.] 
INFO  @ Tue, 16 Feb 2021 13:22:44:  [1. 0. 1. 0.] 
INFO  @ Tue, 16 Feb 2021 13:22:44:  [1. 0. 0. 1.]] 
INFO  @ Tue, 16 Feb 2021 13:22:44: Beta labels:baseline,S37_MNSC505_F5,S39_MNSC505_F7,S40_MNSC505_F8 
INFO  @ Tue, 16 Feb 2021 13:22:44: Included samples:S38_MNSC505_F6,S37_MNSC505_F5,S39_MNSC505_F7,S40_MNSC505_F8 
INFO  @ Tue, 16 Feb 2021 13:22:44: Loaded samples:S38_MNSC505_F6;S37_MNSC505_F5;S39_MNSC505_F7;S40_MNSC505_F8 
INFO  @ Tue, 16 Feb 2021 13:22:44: Sample index: 1;0;2;3 
INFO  @ Tue, 16 Feb 2021 13:22:44: Loaded 11 genes. 
DEBUG @ Tue, 16 Feb 2021 13:22:44: Initial (total) size factor: 0.9223621293634267 1.0891855141692899 1.0824901716451965 0.9311732868336429 
DEBUG @ Tue, 16 Feb 2021 13:22:44: Median factor: 0.79137772961219 1.0839117915836054 1.1084413898339953 1.024785088534082 
INFO  @ Tue, 16 Feb 2021 13:22:44: Final size factor: 0.79137772961219 1.0839117915836054 1.1084413898339953 1.024785088534082 
INFO  @ Tue, 16 Feb 2021 13:22:44: size factor: 1.2636190817374202,0.9225842986162098,0.9021676826320641,0.9758143548228867 
INFO  @ Tue, 16 Feb 2021 13:22:45: Thread 0 started. 
INFO  @ Tue, 16 Feb 2021 13:22:46: Thread 0 completed. 
INFO  @ Tue, 16 Feb 2021 13:22:46: All threads completed. 
INFO  @ Tue, 16 Feb 2021 13:22:46: Modeling the mean and variance ... 
INFO  @ Tue, 16 Feb 2021 13:22:46: Run the algorithm for the second time ... 
INFO  @ Tue, 16 Feb 2021 13:22:46: Thread 0 started. 
INFO  @ Tue, 16 Feb 2021 13:22:47: Thread 0 completed. 
INFO  @ Tue, 16 Feb 2021 13:22:47: All threads completed. 
INFO  @ Tue, 16 Feb 2021 13:22:47: Permuting groups of gene with 1 sgRNAs per gene. Group progress: 1/3 
INFO  @ Tue, 16 Feb 2021 13:22:47: Start permuting 2 rounds ... 
INFO  @ Tue, 16 Feb 2021 13:22:47: Collecting 77 sgRNAs from 11 genes. 
INFO  @ Tue, 16 Feb 2021 13:22:47: Permuting round 0 ... 
INFO  @ Tue, 16 Feb 2021 13:22:47: Thread 0 started. 
INFO  @ Tue, 16 Feb 2021 13:22:48: Thread 0 completed. 
INFO  @ Tue, 16 Feb 2021 13:22:48: All threads completed. 
INFO  @ Tue, 16 Feb 2021 13:22:48: Permuting round 1 ... 
INFO  @ Tue, 16 Feb 2021 13:22:49: Thread 0 started. 
INFO  @ Tue, 16 Feb 2021 13:22:49: Thread 0 completed. 
INFO  @ Tue, 16 Feb 2021 13:22:49: All threads completed. 
INFO  @ Tue, 16 Feb 2021 13:22:49: Assigning p values... 
INFO  @ Tue, 16 Feb 2021 13:22:49: Permuting groups of gene with 6 sgRNAs per gene. Group progress: 2/3 
INFO  @ Tue, 16 Feb 2021 13:22:49: Start permuting 2 rounds ... 
INFO  @ Tue, 16 Feb 2021 13:22:49: Collecting 77 sgRNAs from 11 genes. 
INFO  @ Tue, 16 Feb 2021 13:22:49: Permuting round 0 ... 
INFO  @ Tue, 16 Feb 2021 13:22:50: Thread 0 started. 
INFO  @ Tue, 16 Feb 2021 13:22:50: Thread 0 completed. 
INFO  @ Tue, 16 Feb 2021 13:22:50: All threads completed. 
INFO  @ Tue, 16 Feb 2021 13:22:50: Permuting round 1 ... 
INFO  @ Tue, 16 Feb 2021 13:22:51: Thread 0 started. 
INFO  @ Tue, 16 Feb 2021 13:22:52: Thread 0 completed. 
INFO  @ Tue, 16 Feb 2021 13:22:52: All threads completed. 
INFO  @ Tue, 16 Feb 2021 13:22:52: Assigning p values... 
INFO  @ Tue, 16 Feb 2021 13:22:52: Permuting groups of gene with 10 sgRNAs per gene. Group progress: 3/3 
INFO  @ Tue, 16 Feb 2021 13:22:52: Start permuting 2 rounds ... 
INFO  @ Tue, 16 Feb 2021 13:22:52: Collecting 77 sgRNAs from 11 genes. 
INFO  @ Tue, 16 Feb 2021 13:22:52: Permuting round 0 ... 
INFO  @ Tue, 16 Feb 2021 13:22:52: Thread 0 started. 
INFO  @ Tue, 16 Feb 2021 13:22:53: Thread 0 completed. 
INFO  @ Tue, 16 Feb 2021 13:22:53: All threads completed. 
INFO  @ Tue, 16 Feb 2021 13:22:53: Permuting round 1 ... 
INFO  @ Tue, 16 Feb 2021 13:22:53: Thread 0 started. 
INFO  @ Tue, 16 Feb 2021 13:22:54: Thread 0 completed. 
INFO  @ Tue, 16 Feb 2021 13:22:54: All threads completed. 
INFO  @ Tue, 16 Feb 2021 13:22:54: Assigning p values... 
INFO  @ Tue, 16 Feb 2021 13:22:54: Writing gene results to S5B_mCherry.gene_summary.txt 
INFO  @ Tue, 16 Feb 2021 13:22:54: Writing sgRNA results to S5B_mCherry.sgrna_summary.txt 
