INFO  @ Tue, 16 Feb 2021 13:29:34: Parameters: /opt/anaconda3/bin/mageck mle -k S6B.txt -d S6B_GFP_design_matrix.txt -n S6B_GFP 
INFO  @ Tue, 16 Feb 2021 13:29:34: Cannot parse design matrix as a string; try to parse it as a file name ... 
INFO  @ Tue, 16 Feb 2021 13:29:34: Design matrix: 
INFO  @ Tue, 16 Feb 2021 13:29:34: [[1. 0. 0. 0.] 
INFO  @ Tue, 16 Feb 2021 13:29:34:  [1. 1. 0. 0.] 
INFO  @ Tue, 16 Feb 2021 13:29:34:  [1. 0. 1. 0.] 
INFO  @ Tue, 16 Feb 2021 13:29:34:  [1. 0. 0. 1.]] 
INFO  @ Tue, 16 Feb 2021 13:29:34: Beta labels:baseline,S46_MNSC506_F6,S47_MNSC506_F7,S48_MNSC506_F8 
INFO  @ Tue, 16 Feb 2021 13:29:34: Included samples:S45_MNSC506_F5,S46_MNSC506_F6,S47_MNSC506_F7,S48_MNSC506_F8 
INFO  @ Tue, 16 Feb 2021 13:29:34: Loaded samples:S45_MNSC506_F5;S46_MNSC506_F6;S47_MNSC506_F7;S48_MNSC506_F8 
INFO  @ Tue, 16 Feb 2021 13:29:34: Sample index: 0;1;2;3 
INFO  @ Tue, 16 Feb 2021 13:29:34: Loaded 11 genes. 
DEBUG @ Tue, 16 Feb 2021 13:29:34: Initial (total) size factor: 1.1987048815625705 0.8206782833908131 0.9442846775625535 1.125797321551843 
DEBUG @ Tue, 16 Feb 2021 13:29:34: Median factor: 1.1269906122347955 1.3431088858180746 0.7332784379363416 0.8680578984298989 
INFO  @ Tue, 16 Feb 2021 13:29:34: Final size factor: 1.1269906122347955 1.3431088858180746 0.7332784379363416 0.8680578984298989 
INFO  @ Tue, 16 Feb 2021 13:29:34: size factor: 0.8873188375695729,0.7445412732795001,1.363738449495788,1.1519968907704792 
INFO  @ Tue, 16 Feb 2021 13:29:35: Thread 0 started. 
INFO  @ Tue, 16 Feb 2021 13:29:36: Thread 0 completed. 
INFO  @ Tue, 16 Feb 2021 13:29:36: All threads completed. 
INFO  @ Tue, 16 Feb 2021 13:29:36: Modeling the mean and variance ... 
INFO  @ Tue, 16 Feb 2021 13:29:36: Run the algorithm for the second time ... 
INFO  @ Tue, 16 Feb 2021 13:29:36: Thread 0 started. 
INFO  @ Tue, 16 Feb 2021 13:29:37: Thread 0 completed. 
INFO  @ Tue, 16 Feb 2021 13:29:37: All threads completed. 
INFO  @ Tue, 16 Feb 2021 13:29:37: Permuting groups of gene with 1 sgRNAs per gene. Group progress: 1/3 
INFO  @ Tue, 16 Feb 2021 13:29:37: Start permuting 2 rounds ... 
INFO  @ Tue, 16 Feb 2021 13:29:37: Collecting 77 sgRNAs from 11 genes. 
INFO  @ Tue, 16 Feb 2021 13:29:37: Permuting round 0 ... 
INFO  @ Tue, 16 Feb 2021 13:29:37: Thread 0 started. 
INFO  @ Tue, 16 Feb 2021 13:29:38: Thread 0 completed. 
INFO  @ Tue, 16 Feb 2021 13:29:38: All threads completed. 
INFO  @ Tue, 16 Feb 2021 13:29:38: Permuting round 1 ... 
INFO  @ Tue, 16 Feb 2021 13:29:38: Thread 0 started. 
INFO  @ Tue, 16 Feb 2021 13:29:39: Thread 0 completed. 
INFO  @ Tue, 16 Feb 2021 13:29:39: All threads completed. 
INFO  @ Tue, 16 Feb 2021 13:29:39: Assigning p values... 
INFO  @ Tue, 16 Feb 2021 13:29:39: Permuting groups of gene with 6 sgRNAs per gene. Group progress: 2/3 
INFO  @ Tue, 16 Feb 2021 13:29:39: Start permuting 2 rounds ... 
INFO  @ Tue, 16 Feb 2021 13:29:39: Collecting 77 sgRNAs from 11 genes. 
INFO  @ Tue, 16 Feb 2021 13:29:39: Permuting round 0 ... 
INFO  @ Tue, 16 Feb 2021 13:29:40: Thread 0 started. 
INFO  @ Tue, 16 Feb 2021 13:29:40: Thread 0 completed. 
INFO  @ Tue, 16 Feb 2021 13:29:40: All threads completed. 
INFO  @ Tue, 16 Feb 2021 13:29:40: Permuting round 1 ... 
INFO  @ Tue, 16 Feb 2021 13:29:41: Thread 0 started. 
INFO  @ Tue, 16 Feb 2021 13:29:41: Thread 0 completed. 
INFO  @ Tue, 16 Feb 2021 13:29:41: All threads completed. 
INFO  @ Tue, 16 Feb 2021 13:29:41: Assigning p values... 
INFO  @ Tue, 16 Feb 2021 13:29:41: Permuting groups of gene with 10 sgRNAs per gene. Group progress: 3/3 
INFO  @ Tue, 16 Feb 2021 13:29:41: Start permuting 2 rounds ... 
INFO  @ Tue, 16 Feb 2021 13:29:41: Collecting 77 sgRNAs from 11 genes. 
INFO  @ Tue, 16 Feb 2021 13:29:41: Permuting round 0 ... 
INFO  @ Tue, 16 Feb 2021 13:29:42: Thread 0 started. 
INFO  @ Tue, 16 Feb 2021 13:29:42: Thread 0 completed. 
INFO  @ Tue, 16 Feb 2021 13:29:42: All threads completed. 
INFO  @ Tue, 16 Feb 2021 13:29:43: Permuting round 1 ... 
INFO  @ Tue, 16 Feb 2021 13:29:43: Thread 0 started. 
INFO  @ Tue, 16 Feb 2021 13:29:44: Thread 0 completed. 
INFO  @ Tue, 16 Feb 2021 13:29:44: All threads completed. 
INFO  @ Tue, 16 Feb 2021 13:29:44: Assigning p values... 
INFO  @ Tue, 16 Feb 2021 13:29:44: Writing gene results to S6B_GFP.gene_summary.txt 
INFO  @ Tue, 16 Feb 2021 13:29:44: Writing sgRNA results to S6B_GFP.sgrna_summary.txt 
