INFO  @ Tue, 16 Feb 2021 13:29:57: Parameters: /opt/anaconda3/bin/mageck mle -k S7A.txt -d S7A_GFP_design_matrix.txt -n S7A_GFP 
INFO  @ Tue, 16 Feb 2021 13:29:57: Cannot parse design matrix as a string; try to parse it as a file name ... 
INFO  @ Tue, 16 Feb 2021 13:29:57: Design matrix: 
INFO  @ Tue, 16 Feb 2021 13:29:57: [[1. 0. 0. 0.] 
INFO  @ Tue, 16 Feb 2021 13:29:57:  [1. 1. 0. 0.] 
INFO  @ Tue, 16 Feb 2021 13:29:57:  [1. 0. 1. 0.] 
INFO  @ Tue, 16 Feb 2021 13:29:57:  [1. 0. 0. 1.]] 
INFO  @ Tue, 16 Feb 2021 13:29:57: Beta labels:baseline,S50_MNSC507_F2,S51_MNSC507_F3,S52_MNSC507_F4 
INFO  @ Tue, 16 Feb 2021 13:29:57: Included samples:S49_MNSC507_F1,S50_MNSC507_F2,S51_MNSC507_F3,S52_MNSC507_F4 
INFO  @ Tue, 16 Feb 2021 13:29:57: Loaded samples:S49_MNSC507_F1;S50_MNSC507_F2;S51_MNSC507_F3;S52_MNSC507_F4 
INFO  @ Tue, 16 Feb 2021 13:29:57: Sample index: 0;1;2;3 
INFO  @ Tue, 16 Feb 2021 13:29:57: Loaded 11 genes. 
DEBUG @ Tue, 16 Feb 2021 13:29:57: Initial (total) size factor: 1.0491472125616943 0.7793430201161063 1.0882339657173379 1.1837221621760174 
DEBUG @ Tue, 16 Feb 2021 13:29:57: Median factor: 0.9332983001514426 0.7524176902359082 1.1233585142420095 1.2237073213391065 
INFO  @ Tue, 16 Feb 2021 13:29:57: Final size factor: 0.9332983001514426 0.7524176902359082 1.1233585142420095 1.2237073213391065 
INFO  @ Tue, 16 Feb 2021 13:29:57: size factor: 1.0714687896010675,1.3290490281886733,0.8901877604717795,0.8171888674374336 
INFO  @ Tue, 16 Feb 2021 13:29:58: Thread 0 started. 
INFO  @ Tue, 16 Feb 2021 13:29:59: Thread 0 completed. 
INFO  @ Tue, 16 Feb 2021 13:29:59: All threads completed. 
INFO  @ Tue, 16 Feb 2021 13:29:59: Modeling the mean and variance ... 
INFO  @ Tue, 16 Feb 2021 13:29:59: Run the algorithm for the second time ... 
INFO  @ Tue, 16 Feb 2021 13:29:59: Thread 0 started. 
INFO  @ Tue, 16 Feb 2021 13:30:00: Thread 0 completed. 
INFO  @ Tue, 16 Feb 2021 13:30:00: All threads completed. 
INFO  @ Tue, 16 Feb 2021 13:30:00: Permuting groups of gene with 1 sgRNAs per gene. Group progress: 1/3 
INFO  @ Tue, 16 Feb 2021 13:30:00: Start permuting 2 rounds ... 
INFO  @ Tue, 16 Feb 2021 13:30:00: Collecting 77 sgRNAs from 11 genes. 
INFO  @ Tue, 16 Feb 2021 13:30:00: Permuting round 0 ... 
INFO  @ Tue, 16 Feb 2021 13:30:01: Thread 0 started. 
INFO  @ Tue, 16 Feb 2021 13:30:01: Thread 0 completed. 
INFO  @ Tue, 16 Feb 2021 13:30:01: All threads completed. 
INFO  @ Tue, 16 Feb 2021 13:30:01: Permuting round 1 ... 
INFO  @ Tue, 16 Feb 2021 13:30:02: Thread 0 started. 
INFO  @ Tue, 16 Feb 2021 13:30:02: Thread 0 completed. 
INFO  @ Tue, 16 Feb 2021 13:30:02: All threads completed. 
INFO  @ Tue, 16 Feb 2021 13:30:03: Assigning p values... 
INFO  @ Tue, 16 Feb 2021 13:30:03: Permuting groups of gene with 6 sgRNAs per gene. Group progress: 2/3 
INFO  @ Tue, 16 Feb 2021 13:30:03: Start permuting 2 rounds ... 
INFO  @ Tue, 16 Feb 2021 13:30:03: Collecting 77 sgRNAs from 11 genes. 
INFO  @ Tue, 16 Feb 2021 13:30:03: Permuting round 0 ... 
INFO  @ Tue, 16 Feb 2021 13:30:03: Thread 0 started. 
INFO  @ Tue, 16 Feb 2021 13:30:04: Thread 0 completed. 
INFO  @ Tue, 16 Feb 2021 13:30:04: All threads completed. 
INFO  @ Tue, 16 Feb 2021 13:30:04: Permuting round 1 ... 
INFO  @ Tue, 16 Feb 2021 13:30:04: Thread 0 started. 
INFO  @ Tue, 16 Feb 2021 13:30:05: Thread 0 completed. 
INFO  @ Tue, 16 Feb 2021 13:30:05: All threads completed. 
INFO  @ Tue, 16 Feb 2021 13:30:05: Assigning p values... 
INFO  @ Tue, 16 Feb 2021 13:30:05: Permuting groups of gene with 10 sgRNAs per gene. Group progress: 3/3 
INFO  @ Tue, 16 Feb 2021 13:30:05: Start permuting 2 rounds ... 
INFO  @ Tue, 16 Feb 2021 13:30:05: Collecting 77 sgRNAs from 11 genes. 
INFO  @ Tue, 16 Feb 2021 13:30:05: Permuting round 0 ... 
INFO  @ Tue, 16 Feb 2021 13:30:06: Thread 0 started. 
INFO  @ Tue, 16 Feb 2021 13:30:06: Thread 0 completed. 
INFO  @ Tue, 16 Feb 2021 13:30:06: All threads completed. 
INFO  @ Tue, 16 Feb 2021 13:30:06: Permuting round 1 ... 
INFO  @ Tue, 16 Feb 2021 13:30:07: Thread 0 started. 
INFO  @ Tue, 16 Feb 2021 13:30:08: Thread 0 completed. 
INFO  @ Tue, 16 Feb 2021 13:30:08: All threads completed. 
INFO  @ Tue, 16 Feb 2021 13:30:08: Assigning p values... 
INFO  @ Tue, 16 Feb 2021 13:30:08: Writing gene results to S7A_GFP.gene_summary.txt 
INFO  @ Tue, 16 Feb 2021 13:30:08: Writing sgRNA results to S7A_GFP.sgrna_summary.txt 
