INFO  @ Tue, 16 Feb 2021 13:30:31: Parameters: /opt/anaconda3/bin/mageck mle -k S7A.txt -d S7A_mCherry_design_matrix.txt -n S7A_mCherry 
INFO  @ Tue, 16 Feb 2021 13:30:31: Cannot parse design matrix as a string; try to parse it as a file name ... 
INFO  @ Tue, 16 Feb 2021 13:30:31: Design matrix: 
INFO  @ Tue, 16 Feb 2021 13:30:31: [[1. 0. 0. 0.] 
INFO  @ Tue, 16 Feb 2021 13:30:31:  [1. 1. 0. 0.] 
INFO  @ Tue, 16 Feb 2021 13:30:31:  [1. 0. 1. 0.] 
INFO  @ Tue, 16 Feb 2021 13:30:31:  [1. 0. 0. 1.]] 
INFO  @ Tue, 16 Feb 2021 13:30:31: Beta labels:baseline,S49_MNSC507_F1,S51_MNSC507_F3,S52_MNSC507_F4 
INFO  @ Tue, 16 Feb 2021 13:30:31: Included samples:S50_MNSC507_F2,S49_MNSC507_F1,S51_MNSC507_F3,S52_MNSC507_F4 
INFO  @ Tue, 16 Feb 2021 13:30:31: Loaded samples:S50_MNSC507_F2;S49_MNSC507_F1;S51_MNSC507_F3;S52_MNSC507_F4 
INFO  @ Tue, 16 Feb 2021 13:30:31: Sample index: 1;0;2;3 
INFO  @ Tue, 16 Feb 2021 13:30:31: Loaded 11 genes. 
DEBUG @ Tue, 16 Feb 2021 13:30:31: Initial (total) size factor: 0.7793430201161063 1.0491472125616943 1.0882339657173379 1.1837221621760174 
DEBUG @ Tue, 16 Feb 2021 13:30:31: Median factor: 0.7524176902359082 0.9332983001514426 1.1233585142420095 1.2237073213391065 
INFO  @ Tue, 16 Feb 2021 13:30:31: Final size factor: 0.7524176902359082 0.9332983001514426 1.1233585142420095 1.2237073213391065 
INFO  @ Tue, 16 Feb 2021 13:30:31: size factor: 1.3290490281886733,1.0714687896010675,0.8901877604717795,0.8171888674374336 
INFO  @ Tue, 16 Feb 2021 13:30:32: Thread 0 started. 
INFO  @ Tue, 16 Feb 2021 13:30:32: Thread 0 completed. 
INFO  @ Tue, 16 Feb 2021 13:30:32: All threads completed. 
INFO  @ Tue, 16 Feb 2021 13:30:33: Modeling the mean and variance ... 
INFO  @ Tue, 16 Feb 2021 13:30:33: Run the algorithm for the second time ... 
INFO  @ Tue, 16 Feb 2021 13:30:33: Thread 0 started. 
INFO  @ Tue, 16 Feb 2021 13:30:34: Thread 0 completed. 
INFO  @ Tue, 16 Feb 2021 13:30:34: All threads completed. 
INFO  @ Tue, 16 Feb 2021 13:30:34: Permuting groups of gene with 1 sgRNAs per gene. Group progress: 1/3 
INFO  @ Tue, 16 Feb 2021 13:30:34: Start permuting 2 rounds ... 
INFO  @ Tue, 16 Feb 2021 13:30:34: Collecting 77 sgRNAs from 11 genes. 
INFO  @ Tue, 16 Feb 2021 13:30:34: Permuting round 0 ... 
INFO  @ Tue, 16 Feb 2021 13:30:34: Thread 0 started. 
INFO  @ Tue, 16 Feb 2021 13:30:35: Thread 0 completed. 
INFO  @ Tue, 16 Feb 2021 13:30:35: All threads completed. 
INFO  @ Tue, 16 Feb 2021 13:30:35: Permuting round 1 ... 
INFO  @ Tue, 16 Feb 2021 13:30:35: Thread 0 started. 
INFO  @ Tue, 16 Feb 2021 13:30:36: Thread 0 completed. 
INFO  @ Tue, 16 Feb 2021 13:30:36: All threads completed. 
INFO  @ Tue, 16 Feb 2021 13:30:36: Assigning p values... 
INFO  @ Tue, 16 Feb 2021 13:30:36: Permuting groups of gene with 6 sgRNAs per gene. Group progress: 2/3 
INFO  @ Tue, 16 Feb 2021 13:30:36: Start permuting 2 rounds ... 
INFO  @ Tue, 16 Feb 2021 13:30:36: Collecting 77 sgRNAs from 11 genes. 
INFO  @ Tue, 16 Feb 2021 13:30:36: Permuting round 0 ... 
INFO  @ Tue, 16 Feb 2021 13:30:37: Thread 0 started. 
INFO  @ Tue, 16 Feb 2021 13:30:37: Thread 0 completed. 
INFO  @ Tue, 16 Feb 2021 13:30:37: All threads completed. 
INFO  @ Tue, 16 Feb 2021 13:30:37: Permuting round 1 ... 
INFO  @ Tue, 16 Feb 2021 13:30:38: Thread 0 started. 
INFO  @ Tue, 16 Feb 2021 13:30:39: Thread 0 completed. 
INFO  @ Tue, 16 Feb 2021 13:30:39: All threads completed. 
INFO  @ Tue, 16 Feb 2021 13:30:39: Assigning p values... 
INFO  @ Tue, 16 Feb 2021 13:30:39: Permuting groups of gene with 10 sgRNAs per gene. Group progress: 3/3 
INFO  @ Tue, 16 Feb 2021 13:30:39: Start permuting 2 rounds ... 
INFO  @ Tue, 16 Feb 2021 13:30:39: Collecting 77 sgRNAs from 11 genes. 
INFO  @ Tue, 16 Feb 2021 13:30:39: Permuting round 0 ... 
INFO  @ Tue, 16 Feb 2021 13:30:39: Thread 0 started. 
INFO  @ Tue, 16 Feb 2021 13:30:40: Thread 0 completed. 
INFO  @ Tue, 16 Feb 2021 13:30:40: All threads completed. 
INFO  @ Tue, 16 Feb 2021 13:30:40: Permuting round 1 ... 
INFO  @ Tue, 16 Feb 2021 13:30:40: Thread 0 started. 
INFO  @ Tue, 16 Feb 2021 13:30:41: Thread 0 completed. 
INFO  @ Tue, 16 Feb 2021 13:30:41: All threads completed. 
INFO  @ Tue, 16 Feb 2021 13:30:41: Assigning p values... 
INFO  @ Tue, 16 Feb 2021 13:30:41: Writing gene results to S7A_mCherry.gene_summary.txt 
INFO  @ Tue, 16 Feb 2021 13:30:41: Writing sgRNA results to S7A_mCherry.sgrna_summary.txt 
