INFO  @ Tue, 16 Feb 2021 13:30:43: Parameters: /opt/anaconda3/bin/mageck mle -k S7B.txt -d S7B_GFP_design_matrix.txt -n S7B_GFP 
INFO  @ Tue, 16 Feb 2021 13:30:43: Cannot parse design matrix as a string; try to parse it as a file name ... 
INFO  @ Tue, 16 Feb 2021 13:30:43: Design matrix: 
INFO  @ Tue, 16 Feb 2021 13:30:43: [[1. 0. 0. 0.] 
INFO  @ Tue, 16 Feb 2021 13:30:43:  [1. 1. 0. 0.] 
INFO  @ Tue, 16 Feb 2021 13:30:43:  [1. 0. 1. 0.] 
INFO  @ Tue, 16 Feb 2021 13:30:43:  [1. 0. 0. 1.]] 
INFO  @ Tue, 16 Feb 2021 13:30:43: Beta labels:baseline,S54_MNSC507_F6,S55_MNSC507_F7,S56_MNSC507_F8 
INFO  @ Tue, 16 Feb 2021 13:30:43: Included samples:S53_MNSC507_F5,S54_MNSC507_F6,S55_MNSC507_F7,S56_MNSC507_F8 
INFO  @ Tue, 16 Feb 2021 13:30:43: Loaded samples:S53_MNSC507_F5;S54_MNSC507_F6;S55_MNSC507_F7;S56_MNSC507_F8 
INFO  @ Tue, 16 Feb 2021 13:30:43: Sample index: 0;1;2;3 
INFO  @ Tue, 16 Feb 2021 13:30:43: Loaded 11 genes. 
DEBUG @ Tue, 16 Feb 2021 13:30:43: Initial (total) size factor: 0.6941756031109915 1.0737003475539968 1.1520461467397223 1.31568044672611 
DEBUG @ Tue, 16 Feb 2021 13:30:43: Median factor: 0.6086588643050307 1.216301587383958 1.0623583658855407 1.2195764732119483 
INFO  @ Tue, 16 Feb 2021 13:30:43: Final size factor: 0.6086588643050307 1.216301587383958 1.0623583658855407 1.2195764732119483 
INFO  @ Tue, 16 Feb 2021 13:30:43: size factor: 1.6429564385656394,0.8221645111479439,0.9413019486757078,0.8199567816902381 
INFO  @ Tue, 16 Feb 2021 13:30:43: Thread 0 started. 
INFO  @ Tue, 16 Feb 2021 13:30:44: Thread 0 completed. 
INFO  @ Tue, 16 Feb 2021 13:30:44: All threads completed. 
INFO  @ Tue, 16 Feb 2021 13:30:44: Modeling the mean and variance ... 
INFO  @ Tue, 16 Feb 2021 13:30:44: Run the algorithm for the second time ... 
INFO  @ Tue, 16 Feb 2021 13:30:45: Thread 0 started. 
INFO  @ Tue, 16 Feb 2021 13:30:45: Thread 0 completed. 
INFO  @ Tue, 16 Feb 2021 13:30:45: All threads completed. 
INFO  @ Tue, 16 Feb 2021 13:30:45: Permuting groups of gene with 1 sgRNAs per gene. Group progress: 1/3 
INFO  @ Tue, 16 Feb 2021 13:30:45: Start permuting 2 rounds ... 
INFO  @ Tue, 16 Feb 2021 13:30:45: Collecting 77 sgRNAs from 11 genes. 
INFO  @ Tue, 16 Feb 2021 13:30:45: Permuting round 0 ... 
INFO  @ Tue, 16 Feb 2021 13:30:46: Thread 0 started. 
INFO  @ Tue, 16 Feb 2021 13:30:47: Thread 0 completed. 
INFO  @ Tue, 16 Feb 2021 13:30:47: All threads completed. 
INFO  @ Tue, 16 Feb 2021 13:30:47: Permuting round 1 ... 
INFO  @ Tue, 16 Feb 2021 13:30:47: Thread 0 started. 
INFO  @ Tue, 16 Feb 2021 13:30:48: Thread 0 completed. 
INFO  @ Tue, 16 Feb 2021 13:30:48: All threads completed. 
INFO  @ Tue, 16 Feb 2021 13:30:48: Assigning p values... 
INFO  @ Tue, 16 Feb 2021 13:30:48: Permuting groups of gene with 6 sgRNAs per gene. Group progress: 2/3 
INFO  @ Tue, 16 Feb 2021 13:30:48: Start permuting 2 rounds ... 
INFO  @ Tue, 16 Feb 2021 13:30:48: Collecting 77 sgRNAs from 11 genes. 
INFO  @ Tue, 16 Feb 2021 13:30:48: Permuting round 0 ... 
INFO  @ Tue, 16 Feb 2021 13:30:48: Thread 0 started. 
INFO  @ Tue, 16 Feb 2021 13:30:49: Thread 0 completed. 
INFO  @ Tue, 16 Feb 2021 13:30:49: All threads completed. 
INFO  @ Tue, 16 Feb 2021 13:30:49: Permuting round 1 ... 
INFO  @ Tue, 16 Feb 2021 13:30:49: Thread 0 started. 
INFO  @ Tue, 16 Feb 2021 13:30:50: Thread 0 completed. 
INFO  @ Tue, 16 Feb 2021 13:30:50: All threads completed. 
INFO  @ Tue, 16 Feb 2021 13:30:50: Assigning p values... 
INFO  @ Tue, 16 Feb 2021 13:30:50: Permuting groups of gene with 10 sgRNAs per gene. Group progress: 3/3 
INFO  @ Tue, 16 Feb 2021 13:30:50: Start permuting 2 rounds ... 
INFO  @ Tue, 16 Feb 2021 13:30:50: Collecting 77 sgRNAs from 11 genes. 
INFO  @ Tue, 16 Feb 2021 13:30:50: Permuting round 0 ... 
INFO  @ Tue, 16 Feb 2021 13:30:51: Thread 0 started. 
INFO  @ Tue, 16 Feb 2021 13:30:51: Thread 0 completed. 
INFO  @ Tue, 16 Feb 2021 13:30:51: All threads completed. 
INFO  @ Tue, 16 Feb 2021 13:30:51: Permuting round 1 ... 
INFO  @ Tue, 16 Feb 2021 13:30:52: Thread 0 started. 
INFO  @ Tue, 16 Feb 2021 13:30:52: Thread 0 completed. 
INFO  @ Tue, 16 Feb 2021 13:30:52: All threads completed. 
INFO  @ Tue, 16 Feb 2021 13:30:52: Assigning p values... 
INFO  @ Tue, 16 Feb 2021 13:30:52: Writing gene results to S7B_GFP.gene_summary.txt 
INFO  @ Tue, 16 Feb 2021 13:30:52: Writing sgRNA results to S7B_GFP.sgrna_summary.txt 
