INFO  @ Tue, 16 Feb 2021 13:30:54: Parameters: /opt/anaconda3/bin/mageck mle -k S7B.txt -d S7B_mCherry_design_matrix.txt -n S7B_mCherry 
INFO  @ Tue, 16 Feb 2021 13:30:54: Cannot parse design matrix as a string; try to parse it as a file name ... 
INFO  @ Tue, 16 Feb 2021 13:30:54: Design matrix: 
INFO  @ Tue, 16 Feb 2021 13:30:54: [[1. 0. 0. 0.] 
INFO  @ Tue, 16 Feb 2021 13:30:54:  [1. 1. 0. 0.] 
INFO  @ Tue, 16 Feb 2021 13:30:54:  [1. 0. 1. 0.] 
INFO  @ Tue, 16 Feb 2021 13:30:54:  [1. 0. 0. 1.]] 
INFO  @ Tue, 16 Feb 2021 13:30:54: Beta labels:baseline,S53_MNSC507_F5,S55_MNSC507_F7,S56_MNSC507_F8 
INFO  @ Tue, 16 Feb 2021 13:30:54: Included samples:S54_MNSC507_F6,S53_MNSC507_F5,S55_MNSC507_F7,S56_MNSC507_F8 
INFO  @ Tue, 16 Feb 2021 13:30:54: Loaded samples:S54_MNSC507_F6;S53_MNSC507_F5;S55_MNSC507_F7;S56_MNSC507_F8 
INFO  @ Tue, 16 Feb 2021 13:30:54: Sample index: 1;0;2;3 
INFO  @ Tue, 16 Feb 2021 13:30:54: Loaded 11 genes. 
DEBUG @ Tue, 16 Feb 2021 13:30:54: Initial (total) size factor: 1.0737003475539968 0.6941756031109915 1.1520461467397223 1.31568044672611 
DEBUG @ Tue, 16 Feb 2021 13:30:54: Median factor: 1.216301587383958 0.6086588643050307 1.0623583658855407 1.2195764732119483 
INFO  @ Tue, 16 Feb 2021 13:30:54: Final size factor: 1.216301587383958 0.6086588643050307 1.0623583658855407 1.2195764732119483 
INFO  @ Tue, 16 Feb 2021 13:30:54: size factor: 0.8221645111479439,1.6429564385656394,0.9413019486757078,0.8199567816902381 
INFO  @ Tue, 16 Feb 2021 13:30:55: Thread 0 started. 
INFO  @ Tue, 16 Feb 2021 13:30:55: Thread 0 completed. 
INFO  @ Tue, 16 Feb 2021 13:30:55: All threads completed. 
INFO  @ Tue, 16 Feb 2021 13:30:55: Modeling the mean and variance ... 
INFO  @ Tue, 16 Feb 2021 13:30:55: Run the algorithm for the second time ... 
INFO  @ Tue, 16 Feb 2021 13:30:56: Thread 0 started. 
INFO  @ Tue, 16 Feb 2021 13:30:57: Thread 0 completed. 
INFO  @ Tue, 16 Feb 2021 13:30:57: All threads completed. 
INFO  @ Tue, 16 Feb 2021 13:30:57: Permuting groups of gene with 1 sgRNAs per gene. Group progress: 1/3 
INFO  @ Tue, 16 Feb 2021 13:30:57: Start permuting 2 rounds ... 
INFO  @ Tue, 16 Feb 2021 13:30:57: Collecting 77 sgRNAs from 11 genes. 
INFO  @ Tue, 16 Feb 2021 13:30:57: Permuting round 0 ... 
INFO  @ Tue, 16 Feb 2021 13:30:57: Thread 0 started. 
INFO  @ Tue, 16 Feb 2021 13:30:58: Thread 0 completed. 
INFO  @ Tue, 16 Feb 2021 13:30:58: All threads completed. 
INFO  @ Tue, 16 Feb 2021 13:30:58: Permuting round 1 ... 
INFO  @ Tue, 16 Feb 2021 13:30:58: Thread 0 started. 
INFO  @ Tue, 16 Feb 2021 13:30:59: Thread 0 completed. 
INFO  @ Tue, 16 Feb 2021 13:30:59: All threads completed. 
INFO  @ Tue, 16 Feb 2021 13:30:59: Assigning p values... 
INFO  @ Tue, 16 Feb 2021 13:30:59: Permuting groups of gene with 6 sgRNAs per gene. Group progress: 2/3 
INFO  @ Tue, 16 Feb 2021 13:30:59: Start permuting 2 rounds ... 
INFO  @ Tue, 16 Feb 2021 13:30:59: Collecting 77 sgRNAs from 11 genes. 
INFO  @ Tue, 16 Feb 2021 13:30:59: Permuting round 0 ... 
INFO  @ Tue, 16 Feb 2021 13:30:59: Thread 0 started. 
INFO  @ Tue, 16 Feb 2021 13:31:00: Thread 0 completed. 
INFO  @ Tue, 16 Feb 2021 13:31:00: All threads completed. 
INFO  @ Tue, 16 Feb 2021 13:31:00: Permuting round 1 ... 
INFO  @ Tue, 16 Feb 2021 13:31:01: Thread 0 started. 
INFO  @ Tue, 16 Feb 2021 13:31:01: Thread 0 completed. 
INFO  @ Tue, 16 Feb 2021 13:31:01: All threads completed. 
INFO  @ Tue, 16 Feb 2021 13:31:01: Assigning p values... 
INFO  @ Tue, 16 Feb 2021 13:31:01: Permuting groups of gene with 10 sgRNAs per gene. Group progress: 3/3 
INFO  @ Tue, 16 Feb 2021 13:31:01: Start permuting 2 rounds ... 
INFO  @ Tue, 16 Feb 2021 13:31:01: Collecting 77 sgRNAs from 11 genes. 
INFO  @ Tue, 16 Feb 2021 13:31:01: Permuting round 0 ... 
INFO  @ Tue, 16 Feb 2021 13:31:02: Thread 0 started. 
INFO  @ Tue, 16 Feb 2021 13:31:03: Thread 0 completed. 
INFO  @ Tue, 16 Feb 2021 13:31:03: All threads completed. 
INFO  @ Tue, 16 Feb 2021 13:31:03: Permuting round 1 ... 
INFO  @ Tue, 16 Feb 2021 13:31:03: Thread 0 started. 
INFO  @ Tue, 16 Feb 2021 13:31:04: Thread 0 completed. 
INFO  @ Tue, 16 Feb 2021 13:31:04: All threads completed. 
INFO  @ Tue, 16 Feb 2021 13:31:04: Assigning p values... 
INFO  @ Tue, 16 Feb 2021 13:31:04: Writing gene results to S7B_mCherry.gene_summary.txt 
INFO  @ Tue, 16 Feb 2021 13:31:04: Writing sgRNA results to S7B_mCherry.sgrna_summary.txt 
