INFO  @ Tue, 16 Feb 2021 13:31:31: Parameters: /opt/anaconda3/bin/mageck mle -k S8B.txt -d S8B_design_matrix.txt -n S8B 
INFO  @ Tue, 16 Feb 2021 13:31:31: Cannot parse design matrix as a string; try to parse it as a file name ... 
INFO  @ Tue, 16 Feb 2021 13:31:31: Design matrix: 
INFO  @ Tue, 16 Feb 2021 13:31:31: [[1. 0. 0. 0.] 
INFO  @ Tue, 16 Feb 2021 13:31:31:  [1. 1. 0. 0.] 
INFO  @ Tue, 16 Feb 2021 13:31:31:  [1. 0. 1. 0.] 
INFO  @ Tue, 16 Feb 2021 13:31:31:  [1. 0. 0. 1.]] 
INFO  @ Tue, 16 Feb 2021 13:31:31: Beta labels:baseline,S62_MNSC508_F6,S63_MNSC508_F7,S64_MNSC508_F8 
INFO  @ Tue, 16 Feb 2021 13:31:31: Included samples:S61_MNSC508_F5,S62_MNSC508_F6,S63_MNSC508_F7,S64_MNSC508_F8 
INFO  @ Tue, 16 Feb 2021 13:31:31: Loaded samples:S61_MNSC508_F5;S62_MNSC508_F6;S63_MNSC508_F7;S64_MNSC508_F8 
INFO  @ Tue, 16 Feb 2021 13:31:31: Sample index: 0;1;2;3 
INFO  @ Tue, 16 Feb 2021 13:31:31: Loaded 11 genes. 
DEBUG @ Tue, 16 Feb 2021 13:31:31: Initial (total) size factor: 0.93629872038868 1.0183990588837204 0.9552563365873988 1.1071842866029933 
DEBUG @ Tue, 16 Feb 2021 13:31:31: Median factor: 0.8127519355078747 0.8735865994527325 1.119619382160944 1.2585938178560978 
INFO  @ Tue, 16 Feb 2021 13:31:31: Final size factor: 0.8127519355078747 0.8735865994527325 1.119619382160944 1.2585938178560978 
INFO  @ Tue, 16 Feb 2021 13:31:31: size factor: 1.2303877189478696,1.1447062038571338,0.8931606722187408,0.7945375114772221 
INFO  @ Tue, 16 Feb 2021 13:31:31: Thread 0 started. 
INFO  @ Tue, 16 Feb 2021 13:31:32: Thread 0 completed. 
INFO  @ Tue, 16 Feb 2021 13:31:32: All threads completed. 
INFO  @ Tue, 16 Feb 2021 13:31:32: Modeling the mean and variance ... 
INFO  @ Tue, 16 Feb 2021 13:31:32: Run the algorithm for the second time ... 
INFO  @ Tue, 16 Feb 2021 13:31:33: Thread 0 started. 
INFO  @ Tue, 16 Feb 2021 13:31:33: Thread 0 completed. 
INFO  @ Tue, 16 Feb 2021 13:31:33: All threads completed. 
INFO  @ Tue, 16 Feb 2021 13:31:33: Permuting groups of gene with 1 sgRNAs per gene. Group progress: 1/3 
INFO  @ Tue, 16 Feb 2021 13:31:33: Start permuting 2 rounds ... 
INFO  @ Tue, 16 Feb 2021 13:31:33: Collecting 77 sgRNAs from 11 genes. 
INFO  @ Tue, 16 Feb 2021 13:31:33: Permuting round 0 ... 
INFO  @ Tue, 16 Feb 2021 13:31:34: Thread 0 started. 
INFO  @ Tue, 16 Feb 2021 13:31:34: Thread 0 completed. 
INFO  @ Tue, 16 Feb 2021 13:31:34: All threads completed. 
INFO  @ Tue, 16 Feb 2021 13:31:34: Permuting round 1 ... 
INFO  @ Tue, 16 Feb 2021 13:31:35: Thread 0 started. 
INFO  @ Tue, 16 Feb 2021 13:31:36: Thread 0 completed. 
INFO  @ Tue, 16 Feb 2021 13:31:36: All threads completed. 
INFO  @ Tue, 16 Feb 2021 13:31:36: Assigning p values... 
INFO  @ Tue, 16 Feb 2021 13:31:36: Permuting groups of gene with 6 sgRNAs per gene. Group progress: 2/3 
INFO  @ Tue, 16 Feb 2021 13:31:36: Start permuting 2 rounds ... 
INFO  @ Tue, 16 Feb 2021 13:31:36: Collecting 77 sgRNAs from 11 genes. 
INFO  @ Tue, 16 Feb 2021 13:31:36: Permuting round 0 ... 
INFO  @ Tue, 16 Feb 2021 13:31:36: Thread 0 started. 
INFO  @ Tue, 16 Feb 2021 13:31:37: Thread 0 completed. 
INFO  @ Tue, 16 Feb 2021 13:31:37: All threads completed. 
INFO  @ Tue, 16 Feb 2021 13:31:37: Permuting round 1 ... 
INFO  @ Tue, 16 Feb 2021 13:31:37: Thread 0 started. 
INFO  @ Tue, 16 Feb 2021 13:31:38: Thread 0 completed. 
INFO  @ Tue, 16 Feb 2021 13:31:38: All threads completed. 
INFO  @ Tue, 16 Feb 2021 13:31:38: Assigning p values... 
INFO  @ Tue, 16 Feb 2021 13:31:38: Permuting groups of gene with 10 sgRNAs per gene. Group progress: 3/3 
INFO  @ Tue, 16 Feb 2021 13:31:38: Start permuting 2 rounds ... 
INFO  @ Tue, 16 Feb 2021 13:31:38: Collecting 77 sgRNAs from 11 genes. 
INFO  @ Tue, 16 Feb 2021 13:31:38: Permuting round 0 ... 
INFO  @ Tue, 16 Feb 2021 13:31:38: Thread 0 started. 
INFO  @ Tue, 16 Feb 2021 13:31:39: Thread 0 completed. 
INFO  @ Tue, 16 Feb 2021 13:31:39: All threads completed. 
INFO  @ Tue, 16 Feb 2021 13:31:39: Permuting round 1 ... 
INFO  @ Tue, 16 Feb 2021 13:31:40: Thread 0 started. 
INFO  @ Tue, 16 Feb 2021 13:31:41: Thread 0 completed. 
INFO  @ Tue, 16 Feb 2021 13:31:41: All threads completed. 
INFO  @ Tue, 16 Feb 2021 13:31:41: Assigning p values... 
INFO  @ Tue, 16 Feb 2021 13:31:41: Writing gene results to S8B.gene_summary.txt 
INFO  @ Tue, 16 Feb 2021 13:31:41: Writing sgRNA results to S8B.sgrna_summary.txt 
