INFO  @ Tue, 16 Feb 2021 13:31:48: Parameters: /opt/anaconda3/bin/mageck mle -k S9A.txt -d S9A_design_matrix.txt -n S9A 
INFO  @ Tue, 16 Feb 2021 13:31:48: Cannot parse design matrix as a string; try to parse it as a file name ... 
INFO  @ Tue, 16 Feb 2021 13:31:48: Design matrix: 
INFO  @ Tue, 16 Feb 2021 13:31:48: [[1. 0. 0. 0.] 
INFO  @ Tue, 16 Feb 2021 13:31:48:  [1. 1. 0. 0.] 
INFO  @ Tue, 16 Feb 2021 13:31:48:  [1. 0. 1. 0.] 
INFO  @ Tue, 16 Feb 2021 13:31:48:  [1. 0. 0. 1.]] 
INFO  @ Tue, 16 Feb 2021 13:31:48: Beta labels:baseline,S66_MNSC509_F2,S67_MNSC509_F3,S68_MNSC509_F4 
INFO  @ Tue, 16 Feb 2021 13:31:48: Included samples:S65_MNSC509_F1,S66_MNSC509_F2,S67_MNSC509_F3,S68_MNSC509_F4 
INFO  @ Tue, 16 Feb 2021 13:31:48: Loaded samples:S65_MNSC509_F1;S66_MNSC509_F2;S67_MNSC509_F3;S68_MNSC509_F4 
INFO  @ Tue, 16 Feb 2021 13:31:48: Sample index: 0;1;2;3 
INFO  @ Tue, 16 Feb 2021 13:31:48: Loaded 11 genes. 
DEBUG @ Tue, 16 Feb 2021 13:31:48: Initial (total) size factor: 0.9457255091836059 1.094345600373514 0.9509437133592022 1.0232946129258595 
DEBUG @ Tue, 16 Feb 2021 13:31:48: Median factor: 0.8688292829074771 1.0928430492834558 0.9758474845585584 1.0526831308753704 
INFO  @ Tue, 16 Feb 2021 13:31:48: Final size factor: 0.8688292829074771 1.0928430492834558 0.9758474845585584 1.0526831308753704 
INFO  @ Tue, 16 Feb 2021 13:31:48: size factor: 1.1509740977578118,0.9150444802258383,1.0247502973811193,0.9499534766634276 
INFO  @ Tue, 16 Feb 2021 13:31:49: Thread 0 started. 
INFO  @ Tue, 16 Feb 2021 13:31:50: Thread 0 completed. 
INFO  @ Tue, 16 Feb 2021 13:31:50: All threads completed. 
INFO  @ Tue, 16 Feb 2021 13:31:50: Modeling the mean and variance ... 
INFO  @ Tue, 16 Feb 2021 13:31:50: Run the algorithm for the second time ... 
INFO  @ Tue, 16 Feb 2021 13:31:50: Thread 0 started. 
INFO  @ Tue, 16 Feb 2021 13:31:51: Thread 0 completed. 
INFO  @ Tue, 16 Feb 2021 13:31:51: All threads completed. 
INFO  @ Tue, 16 Feb 2021 13:31:51: Permuting groups of gene with 1 sgRNAs per gene. Group progress: 1/3 
INFO  @ Tue, 16 Feb 2021 13:31:51: Start permuting 2 rounds ... 
INFO  @ Tue, 16 Feb 2021 13:31:51: Collecting 77 sgRNAs from 11 genes. 
INFO  @ Tue, 16 Feb 2021 13:31:51: Permuting round 0 ... 
INFO  @ Tue, 16 Feb 2021 13:31:51: Thread 0 started. 
INFO  @ Tue, 16 Feb 2021 13:31:52: Thread 0 completed. 
INFO  @ Tue, 16 Feb 2021 13:31:52: All threads completed. 
INFO  @ Tue, 16 Feb 2021 13:31:52: Permuting round 1 ... 
INFO  @ Tue, 16 Feb 2021 13:31:53: Thread 0 started. 
INFO  @ Tue, 16 Feb 2021 13:31:53: Thread 0 completed. 
INFO  @ Tue, 16 Feb 2021 13:31:53: All threads completed. 
INFO  @ Tue, 16 Feb 2021 13:31:53: Assigning p values... 
INFO  @ Tue, 16 Feb 2021 13:31:53: Permuting groups of gene with 6 sgRNAs per gene. Group progress: 2/3 
INFO  @ Tue, 16 Feb 2021 13:31:53: Start permuting 2 rounds ... 
INFO  @ Tue, 16 Feb 2021 13:31:53: Collecting 77 sgRNAs from 11 genes. 
INFO  @ Tue, 16 Feb 2021 13:31:53: Permuting round 0 ... 
INFO  @ Tue, 16 Feb 2021 13:31:54: Thread 0 started. 
INFO  @ Tue, 16 Feb 2021 13:31:55: Thread 0 completed. 
INFO  @ Tue, 16 Feb 2021 13:31:55: All threads completed. 
INFO  @ Tue, 16 Feb 2021 13:31:55: Permuting round 1 ... 
INFO  @ Tue, 16 Feb 2021 13:31:55: Thread 0 started. 
INFO  @ Tue, 16 Feb 2021 13:31:56: Thread 0 completed. 
INFO  @ Tue, 16 Feb 2021 13:31:56: All threads completed. 
INFO  @ Tue, 16 Feb 2021 13:31:56: Assigning p values... 
INFO  @ Tue, 16 Feb 2021 13:31:56: Permuting groups of gene with 10 sgRNAs per gene. Group progress: 3/3 
INFO  @ Tue, 16 Feb 2021 13:31:56: Start permuting 2 rounds ... 
INFO  @ Tue, 16 Feb 2021 13:31:56: Collecting 77 sgRNAs from 11 genes. 
INFO  @ Tue, 16 Feb 2021 13:31:56: Permuting round 0 ... 
INFO  @ Tue, 16 Feb 2021 13:31:56: Thread 0 started. 
INFO  @ Tue, 16 Feb 2021 13:31:57: Thread 0 completed. 
INFO  @ Tue, 16 Feb 2021 13:31:57: All threads completed. 
INFO  @ Tue, 16 Feb 2021 13:31:57: Permuting round 1 ... 
INFO  @ Tue, 16 Feb 2021 13:31:58: Thread 0 started. 
INFO  @ Tue, 16 Feb 2021 13:31:58: Thread 0 completed. 
INFO  @ Tue, 16 Feb 2021 13:31:58: All threads completed. 
INFO  @ Tue, 16 Feb 2021 13:31:58: Assigning p values... 
INFO  @ Tue, 16 Feb 2021 13:31:58: Writing gene results to S9A.gene_summary.txt 
INFO  @ Tue, 16 Feb 2021 13:31:58: Writing sgRNA results to S9A.sgrna_summary.txt 
