INFO  @ Tue, 16 Feb 2021 13:32:07: Parameters: /opt/anaconda3/bin/mageck mle -k S9B.txt -d S9B_design_matrix.txt -n S9B 
INFO  @ Tue, 16 Feb 2021 13:32:08: Cannot parse design matrix as a string; try to parse it as a file name ... 
INFO  @ Tue, 16 Feb 2021 13:32:08: Design matrix: 
INFO  @ Tue, 16 Feb 2021 13:32:08: [[1. 0. 0. 0.] 
INFO  @ Tue, 16 Feb 2021 13:32:08:  [1. 1. 0. 0.] 
INFO  @ Tue, 16 Feb 2021 13:32:08:  [1. 0. 1. 0.] 
INFO  @ Tue, 16 Feb 2021 13:32:08:  [1. 0. 0. 1.]] 
INFO  @ Tue, 16 Feb 2021 13:32:08: Beta labels:baseline,S70_MNSC509_F6,S71_MNSC509_F7,S72_MNSC509_F8 
INFO  @ Tue, 16 Feb 2021 13:32:08: Included samples:S69_MNSC509_F5,S70_MNSC509_F6,S71_MNSC509_F7,S72_MNSC509_F8 
INFO  @ Tue, 16 Feb 2021 13:32:08: Loaded samples:S69_MNSC509_F5;S70_MNSC509_F6;S71_MNSC509_F7;S72_MNSC509_F8 
INFO  @ Tue, 16 Feb 2021 13:32:08: Sample index: 0;1;2;3 
INFO  @ Tue, 16 Feb 2021 13:32:08: Loaded 11 genes. 
DEBUG @ Tue, 16 Feb 2021 13:32:08: Initial (total) size factor: 0.9337423966684701 1.0085106679011784 1.0085285270851094 1.0571538998008534 
DEBUG @ Tue, 16 Feb 2021 13:32:08: Median factor: 0.8170961774628319 0.8847416479657599 1.12505330336744 1.2367554933643798 
INFO  @ Tue, 16 Feb 2021 13:32:08: Final size factor: 0.8170961774628319 0.8847416479657599 1.12505330336744 1.2367554933643798 
INFO  @ Tue, 16 Feb 2021 13:32:08: size factor: 1.2238461365773408,1.1302734558718328,0.8888467746433542,0.808567259547538 
INFO  @ Tue, 16 Feb 2021 13:32:08: Thread 0 started. 
INFO  @ Tue, 16 Feb 2021 13:32:09: Thread 0 completed. 
INFO  @ Tue, 16 Feb 2021 13:32:09: All threads completed. 
INFO  @ Tue, 16 Feb 2021 13:32:09: Modeling the mean and variance ... 
INFO  @ Tue, 16 Feb 2021 13:32:09: Run the algorithm for the second time ... 
INFO  @ Tue, 16 Feb 2021 13:32:09: Thread 0 started. 
INFO  @ Tue, 16 Feb 2021 13:32:10: Thread 0 completed. 
INFO  @ Tue, 16 Feb 2021 13:32:10: All threads completed. 
INFO  @ Tue, 16 Feb 2021 13:32:10: Permuting groups of gene with 1 sgRNAs per gene. Group progress: 1/3 
INFO  @ Tue, 16 Feb 2021 13:32:10: Start permuting 2 rounds ... 
INFO  @ Tue, 16 Feb 2021 13:32:10: Collecting 77 sgRNAs from 11 genes. 
INFO  @ Tue, 16 Feb 2021 13:32:10: Permuting round 0 ... 
INFO  @ Tue, 16 Feb 2021 13:32:11: Thread 0 started. 
INFO  @ Tue, 16 Feb 2021 13:32:11: Thread 0 completed. 
INFO  @ Tue, 16 Feb 2021 13:32:11: All threads completed. 
INFO  @ Tue, 16 Feb 2021 13:32:11: Permuting round 1 ... 
INFO  @ Tue, 16 Feb 2021 13:32:12: Thread 0 started. 
INFO  @ Tue, 16 Feb 2021 13:32:12: Thread 0 completed. 
INFO  @ Tue, 16 Feb 2021 13:32:12: All threads completed. 
INFO  @ Tue, 16 Feb 2021 13:32:12: Assigning p values... 
INFO  @ Tue, 16 Feb 2021 13:32:12: Permuting groups of gene with 6 sgRNAs per gene. Group progress: 2/3 
INFO  @ Tue, 16 Feb 2021 13:32:12: Start permuting 2 rounds ... 
INFO  @ Tue, 16 Feb 2021 13:32:12: Collecting 77 sgRNAs from 11 genes. 
INFO  @ Tue, 16 Feb 2021 13:32:12: Permuting round 0 ... 
INFO  @ Tue, 16 Feb 2021 13:32:13: Thread 0 started. 
INFO  @ Tue, 16 Feb 2021 13:32:14: Thread 0 completed. 
INFO  @ Tue, 16 Feb 2021 13:32:14: All threads completed. 
INFO  @ Tue, 16 Feb 2021 13:32:14: Permuting round 1 ... 
INFO  @ Tue, 16 Feb 2021 13:32:14: Thread 0 started. 
INFO  @ Tue, 16 Feb 2021 13:32:15: Thread 0 completed. 
INFO  @ Tue, 16 Feb 2021 13:32:15: All threads completed. 
INFO  @ Tue, 16 Feb 2021 13:32:15: Assigning p values... 
INFO  @ Tue, 16 Feb 2021 13:32:15: Permuting groups of gene with 10 sgRNAs per gene. Group progress: 3/3 
INFO  @ Tue, 16 Feb 2021 13:32:15: Start permuting 2 rounds ... 
INFO  @ Tue, 16 Feb 2021 13:32:15: Collecting 77 sgRNAs from 11 genes. 
INFO  @ Tue, 16 Feb 2021 13:32:15: Permuting round 0 ... 
INFO  @ Tue, 16 Feb 2021 13:32:15: Thread 0 started. 
INFO  @ Tue, 16 Feb 2021 13:32:16: Thread 0 completed. 
INFO  @ Tue, 16 Feb 2021 13:32:16: All threads completed. 
INFO  @ Tue, 16 Feb 2021 13:32:16: Permuting round 1 ... 
INFO  @ Tue, 16 Feb 2021 13:32:17: Thread 0 started. 
INFO  @ Tue, 16 Feb 2021 13:32:17: Thread 0 completed. 
INFO  @ Tue, 16 Feb 2021 13:32:17: All threads completed. 
INFO  @ Tue, 16 Feb 2021 13:32:17: Assigning p values... 
INFO  @ Tue, 16 Feb 2021 13:32:17: Writing gene results to S9B.gene_summary.txt 
INFO  @ Tue, 16 Feb 2021 13:32:17: Writing sgRNA results to S9B.sgrna_summary.txt 
