INFO  @ Sun, 10 Jan 2021 14:03:22: Parameters: /opt/anaconda3/bin/mageck test -k P1.txt -t 5 -c 4 -n P1_45_day7 --norm-method total --sort-criteria pos 
INFO  @ Sun, 10 Jan 2021 14:03:22: Welcome to MAGeCK v0.5.9.4. Command: test 
INFO  @ Sun, 10 Jan 2021 14:03:22: Loading count table from P1.txt  
INFO  @ Sun, 10 Jan 2021 14:03:22: Processing 1 lines.. 
DEBUG @ Sun, 10 Jan 2021 14:03:22: Parsing error in line 1 (usually the header line). Skip this line. 
INFO  @ Sun, 10 Jan 2021 14:03:22: Loaded 161 records. 
INFO  @ Sun, 10 Jan 2021 14:03:22: Loading Rnw template file: /opt/anaconda3/lib/python3.8/site-packages/mageck/test_report.Rmd. 
DEBUG @ Sun, 10 Jan 2021 14:03:22: Setting up the visualization module... 
INFO  @ Sun, 10 Jan 2021 14:03:22: Loading R template file: /opt/anaconda3/lib/python3.8/site-packages/mageck/plot_template.RTemplate. 
INFO  @ Sun, 10 Jan 2021 14:03:22: Loading R template file: /opt/anaconda3/lib/python3.8/site-packages/mageck/plot_template_indvgene.RTemplate. 
INFO  @ Sun, 10 Jan 2021 14:03:22: Loading Rnw template file: /opt/anaconda3/lib/python3.8/site-packages/mageck/plot_template.Rnw. 
DEBUG @ Sun, 10 Jan 2021 14:03:22: Setting up the visualization module... 
DEBUG @ Sun, 10 Jan 2021 14:03:22: Given sample labels: 5 
DEBUG @ Sun, 10 Jan 2021 14:03:22: Converted index: 5 
INFO  @ Sun, 10 Jan 2021 14:03:22: Treatment samples:5 
INFO  @ Sun, 10 Jan 2021 14:03:22: Treatment sample index:5 
DEBUG @ Sun, 10 Jan 2021 14:03:22: Given sample labels: 4 
DEBUG @ Sun, 10 Jan 2021 14:03:22: Converted index: 4 
INFO  @ Sun, 10 Jan 2021 14:03:22: Control samples:4 
INFO  @ Sun, 10 Jan 2021 14:03:22: Control sample index:4 
DEBUG @ Sun, 10 Jan 2021 14:03:22: Initial (total) size factor: 0.8339397394409885 1.2486380639168528 
INFO  @ Sun, 10 Jan 2021 14:03:22: Final size factor: 0.8339397394409885 1.2486380639168528 
INFO  @ Sun, 10 Jan 2021 14:03:22: Detecting outliers from variance estimation.. Avg read count:[82.28681023032567], Var: [3336268.3329368345] 
INFO  @ Sun, 10 Jan 2021 14:03:22: Skipping 2 sgRNAs from variance calculation because of their extreme high counts (> 4* STD (mean counts) ). 
DEBUG @ Sun, 10 Jan 2021 14:03:22: Adjusted model: 1	3.246730660132719 
INFO  @ Sun, 10 Jan 2021 14:03:22: Before RRA, 9 sgRNAs are removed with zero counts in both group(s). 
INFO  @ Sun, 10 Jan 2021 14:03:22: Use qnorm to reversely calculate sgRNA scores ... 
DEBUG @ Sun, 10 Jan 2021 14:03:22: lower test FDR cutoff: 0.2565789473684211 
DEBUG @ Sun, 10 Jan 2021 14:03:22: higher test FDR cutoff: 0.3815789473684211 
INFO  @ Sun, 10 Jan 2021 14:03:22: Running command: RRA -i P1_45_day7.plow.txt -o P1_45_day7.gene.low.txt -p 0.2565789473684211 --skip-gene NA --skip-gene na  
INFO  @ Sun, 10 Jan 2021 14:03:22: Command message: 
INFO  @ Sun, 10 Jan 2021 14:03:22:   Welcome to RRA v 0.5.9. 
INFO  @ Sun, 10 Jan 2021 14:03:22:   Skipping gene NA for permutation ... 
INFO  @ Sun, 10 Jan 2021 14:03:22:   Skipping gene na for permutation ... 
INFO  @ Sun, 10 Jan 2021 14:03:22:   Reading input file... 
INFO  @ Sun, 10 Jan 2021 14:03:22:   Summary: 152 sgRNAs, 25 genes, 1 lists; skipped sgRNAs:0 
INFO  @ Sun, 10 Jan 2021 14:03:22:   Computing lo-values for each group... 
INFO  @ Sun, 10 Jan 2021 14:03:22:   Computing false discovery rate... 
INFO  @ Sun, 10 Jan 2021 14:03:22:   Increase the number of permutations to 4001 to get precise p values. To avoid this, use the --permutation option. 
INFO  @ Sun, 10 Jan 2021 14:03:22:   Permuting genes with 1 sgRNAs... 
INFO  @ Sun, 10 Jan 2021 14:03:22:   Permuting genes with 2 sgRNAs... 
INFO  @ Sun, 10 Jan 2021 14:03:22:   Permuting genes with 3 sgRNAs... 
INFO  @ Sun, 10 Jan 2021 14:03:22:   Permuting genes with 4 sgRNAs... 
INFO  @ Sun, 10 Jan 2021 14:03:22:   Permuting genes with 5 sgRNAs... 
INFO  @ Sun, 10 Jan 2021 14:03:22:   Permuting genes with 9 sgRNAs... 
INFO  @ Sun, 10 Jan 2021 14:03:22:   Permuting genes with 10 sgRNAs... 
INFO  @ Sun, 10 Jan 2021 14:03:22:   Number of genes under FDR adjustment: 25 
INFO  @ Sun, 10 Jan 2021 14:03:22:   Saving to output file... 
INFO  @ Sun, 10 Jan 2021 14:03:22:   RRA completed. 
INFO  @ Sun, 10 Jan 2021 14:03:22:    
INFO  @ Sun, 10 Jan 2021 14:03:22: End command message. 
INFO  @ Sun, 10 Jan 2021 14:03:22: Running command: RRA -i P1_45_day7.phigh.txt -o P1_45_day7.gene.high.txt -p 0.3815789473684211 --skip-gene NA --skip-gene na  
INFO  @ Sun, 10 Jan 2021 14:03:22: Command message: 
INFO  @ Sun, 10 Jan 2021 14:03:22:   Welcome to RRA v 0.5.9. 
INFO  @ Sun, 10 Jan 2021 14:03:22:   Skipping gene NA for permutation ... 
INFO  @ Sun, 10 Jan 2021 14:03:22:   Skipping gene na for permutation ... 
INFO  @ Sun, 10 Jan 2021 14:03:22:   Reading input file... 
INFO  @ Sun, 10 Jan 2021 14:03:22:   Summary: 152 sgRNAs, 25 genes, 1 lists; skipped sgRNAs:0 
INFO  @ Sun, 10 Jan 2021 14:03:22:   Computing lo-values for each group... 
INFO  @ Sun, 10 Jan 2021 14:03:22:   Computing false discovery rate... 
INFO  @ Sun, 10 Jan 2021 14:03:22:   Increase the number of permutations to 4001 to get precise p values. To avoid this, use the --permutation option. 
INFO  @ Sun, 10 Jan 2021 14:03:22:   Permuting genes with 1 sgRNAs... 
INFO  @ Sun, 10 Jan 2021 14:03:22:   Permuting genes with 2 sgRNAs... 
INFO  @ Sun, 10 Jan 2021 14:03:22:   Permuting genes with 3 sgRNAs... 
INFO  @ Sun, 10 Jan 2021 14:03:22:   Permuting genes with 4 sgRNAs... 
INFO  @ Sun, 10 Jan 2021 14:03:22:   Permuting genes with 5 sgRNAs... 
INFO  @ Sun, 10 Jan 2021 14:03:22:   Permuting genes with 9 sgRNAs... 
INFO  @ Sun, 10 Jan 2021 14:03:22:   Permuting genes with 10 sgRNAs... 
INFO  @ Sun, 10 Jan 2021 14:03:22:   Number of genes under FDR adjustment: 25 
INFO  @ Sun, 10 Jan 2021 14:03:22:   Saving to output file... 
INFO  @ Sun, 10 Jan 2021 14:03:22:   RRA completed. 
INFO  @ Sun, 10 Jan 2021 14:03:22:    
INFO  @ Sun, 10 Jan 2021 14:03:22: End command message. 
DEBUG @ Sun, 10 Jan 2021 14:03:22: Sorting the merged items by positive selection... 
INFO  @ Sun, 10 Jan 2021 14:03:22: Loading top 10 genes from P1_45_day7.gene.low.txt: KRT20,MYC,mKate,mKatescrm,hSMARCB1,GFP,TCF4,CCR5,Prom1,SOX9scrm 
DEBUG @ Sun, 10 Jan 2021 14:03:22: Column index:3 
INFO  @ Sun, 10 Jan 2021 14:03:22: Loading top 10 genes from P1_45_day7.gene.high.txt: GFP,CCR5,SOX9,MYCscrm,mKate,hSMARCA4,hAPC,SOX9scrm,hSMARCC2,TCF4 
DEBUG @ Sun, 10 Jan 2021 14:03:22: Column index:9 
INFO  @ Sun, 10 Jan 2021 14:03:22: Running command: rm P1_45_day7.plow.txt 
INFO  @ Sun, 10 Jan 2021 14:03:22: Running command: rm P1_45_day7.phigh.txt 
INFO  @ Sun, 10 Jan 2021 14:03:23: Running command: rm P1_45_day7.gene.low.txt 
INFO  @ Sun, 10 Jan 2021 14:03:23: Running command: rm P1_45_day7.gene.high.txt 
