INFO  @ Wed, 13 Jan 2021 13:10:37: Parameters: /opt/anaconda3/bin/mageck test -k P4.txt -t 5 -c 4 -n P4_45_day7 --norm-method total --sort-criteria pos 
INFO  @ Wed, 13 Jan 2021 13:10:37: Welcome to MAGeCK v0.5.9.4. Command: test 
INFO  @ Wed, 13 Jan 2021 13:10:37: Loading count table from P4.txt  
INFO  @ Wed, 13 Jan 2021 13:10:37: Processing 1 lines.. 
DEBUG @ Wed, 13 Jan 2021 13:10:37: Parsing error in line 1 (usually the header line). Skip this line. 
INFO  @ Wed, 13 Jan 2021 13:10:37: Loaded 76 records. 
INFO  @ Wed, 13 Jan 2021 13:10:37: Loading Rnw template file: /opt/anaconda3/lib/python3.8/site-packages/mageck/test_report.Rmd. 
DEBUG @ Wed, 13 Jan 2021 13:10:37: Setting up the visualization module... 
INFO  @ Wed, 13 Jan 2021 13:10:37: Loading R template file: /opt/anaconda3/lib/python3.8/site-packages/mageck/plot_template.RTemplate. 
INFO  @ Wed, 13 Jan 2021 13:10:37: Loading R template file: /opt/anaconda3/lib/python3.8/site-packages/mageck/plot_template_indvgene.RTemplate. 
INFO  @ Wed, 13 Jan 2021 13:10:37: Loading Rnw template file: /opt/anaconda3/lib/python3.8/site-packages/mageck/plot_template.Rnw. 
DEBUG @ Wed, 13 Jan 2021 13:10:37: Setting up the visualization module... 
DEBUG @ Wed, 13 Jan 2021 13:10:37: Given sample labels: 5 
DEBUG @ Wed, 13 Jan 2021 13:10:37: Converted index: 5 
INFO  @ Wed, 13 Jan 2021 13:10:37: Treatment samples:5 
INFO  @ Wed, 13 Jan 2021 13:10:37: Treatment sample index:5 
DEBUG @ Wed, 13 Jan 2021 13:10:37: Given sample labels: 4 
DEBUG @ Wed, 13 Jan 2021 13:10:37: Converted index: 4 
INFO  @ Wed, 13 Jan 2021 13:10:37: Control samples:4 
INFO  @ Wed, 13 Jan 2021 13:10:37: Control sample index:4 
DEBUG @ Wed, 13 Jan 2021 13:10:37: Initial (total) size factor: 1.300140701866097 0.8124450479983674 
INFO  @ Wed, 13 Jan 2021 13:10:37: Final size factor: 1.300140701866097 0.8124450479983674 
INFO  @ Wed, 13 Jan 2021 13:10:37: Detecting outliers from variance estimation.. Avg read count:[7779.122083665181], Var: [27057538.720316637] 
DEBUG @ Wed, 13 Jan 2021 13:10:37: Adjusted model: 1.5212119296193738	0 
INFO  @ Wed, 13 Jan 2021 13:10:37: Before RRA, 0 sgRNAs are removed with zero counts in both group(s). 
INFO  @ Wed, 13 Jan 2021 13:10:37: Use qnorm to reversely calculate sgRNA scores ... 
DEBUG @ Wed, 13 Jan 2021 13:10:37: lower test FDR cutoff: 0.15789473684210525 
DEBUG @ Wed, 13 Jan 2021 13:10:37: higher test FDR cutoff: 0.21052631578947367 
INFO  @ Wed, 13 Jan 2021 13:10:37: Running command: RRA -i P4_45_day7.plow.txt -o P4_45_day7.gene.low.txt -p 0.15789473684210525 --skip-gene NA --skip-gene na  
INFO  @ Wed, 13 Jan 2021 13:10:37: Command message: 
INFO  @ Wed, 13 Jan 2021 13:10:37:   Welcome to RRA v 0.5.9. 
INFO  @ Wed, 13 Jan 2021 13:10:37:   Skipping gene NA for permutation ... 
INFO  @ Wed, 13 Jan 2021 13:10:37:   Skipping gene na for permutation ... 
INFO  @ Wed, 13 Jan 2021 13:10:37:   Reading input file... 
INFO  @ Wed, 13 Jan 2021 13:10:37:   Summary: 76 sgRNAs, 10 genes, 1 lists; skipped sgRNAs:0 
INFO  @ Wed, 13 Jan 2021 13:10:37:   Computing lo-values for each group... 
INFO  @ Wed, 13 Jan 2021 13:10:37:   Computing false discovery rate... 
INFO  @ Wed, 13 Jan 2021 13:10:37:   Increase the number of permutations to 10001 to get precise p values. To avoid this, use the --permutation option. 
INFO  @ Wed, 13 Jan 2021 13:10:37:   Permuting genes with 6 sgRNAs... 
INFO  @ Wed, 13 Jan 2021 13:10:37:   Permuting genes with 10 sgRNAs... 
INFO  @ Wed, 13 Jan 2021 13:10:37:   Number of genes under FDR adjustment: 10 
INFO  @ Wed, 13 Jan 2021 13:10:37:   Saving to output file... 
INFO  @ Wed, 13 Jan 2021 13:10:37:   RRA completed. 
INFO  @ Wed, 13 Jan 2021 13:10:37:    
INFO  @ Wed, 13 Jan 2021 13:10:37: End command message. 
INFO  @ Wed, 13 Jan 2021 13:10:37: Running command: RRA -i P4_45_day7.phigh.txt -o P4_45_day7.gene.high.txt -p 0.21052631578947367 --skip-gene NA --skip-gene na  
INFO  @ Wed, 13 Jan 2021 13:10:37: Command message: 
INFO  @ Wed, 13 Jan 2021 13:10:37:   Welcome to RRA v 0.5.9. 
INFO  @ Wed, 13 Jan 2021 13:10:37:   Skipping gene NA for permutation ... 
INFO  @ Wed, 13 Jan 2021 13:10:37:   Skipping gene na for permutation ... 
INFO  @ Wed, 13 Jan 2021 13:10:37:   Reading input file... 
INFO  @ Wed, 13 Jan 2021 13:10:37:   Summary: 76 sgRNAs, 10 genes, 1 lists; skipped sgRNAs:0 
INFO  @ Wed, 13 Jan 2021 13:10:37:   Computing lo-values for each group... 
INFO  @ Wed, 13 Jan 2021 13:10:37:   Computing false discovery rate... 
INFO  @ Wed, 13 Jan 2021 13:10:37:   Increase the number of permutations to 10001 to get precise p values. To avoid this, use the --permutation option. 
INFO  @ Wed, 13 Jan 2021 13:10:37:   Permuting genes with 6 sgRNAs... 
INFO  @ Wed, 13 Jan 2021 13:10:37:   Permuting genes with 10 sgRNAs... 
INFO  @ Wed, 13 Jan 2021 13:10:37:   Number of genes under FDR adjustment: 10 
INFO  @ Wed, 13 Jan 2021 13:10:37:   Saving to output file... 
INFO  @ Wed, 13 Jan 2021 13:10:37:   RRA completed. 
INFO  @ Wed, 13 Jan 2021 13:10:37:    
INFO  @ Wed, 13 Jan 2021 13:10:37: End command message. 
DEBUG @ Wed, 13 Jan 2021 13:10:37: Sorting the merged items by positive selection... 
INFO  @ Wed, 13 Jan 2021 13:10:37: Loading top 10 genes from P4_45_day7.gene.low.txt: SOX9,CCR5,CTRL,KRT20,ROSA26,EGFP,PROM1,LRIG1,mKate2,AAVS1 
DEBUG @ Wed, 13 Jan 2021 13:10:37: Column index:3 
INFO  @ Wed, 13 Jan 2021 13:10:37: Loading top 10 genes from P4_45_day7.gene.high.txt: EGFP,LRIG1,AAVS1,mKate2,PROM1,KRT20,CTRL,ROSA26,CCR5,SOX9 
DEBUG @ Wed, 13 Jan 2021 13:10:37: Column index:9 
INFO  @ Wed, 13 Jan 2021 13:10:37: Running command: rm P4_45_day7.plow.txt 
INFO  @ Wed, 13 Jan 2021 13:10:37: Running command: rm P4_45_day7.phigh.txt 
INFO  @ Wed, 13 Jan 2021 13:10:37: Running command: rm P4_45_day7.gene.low.txt 
INFO  @ Wed, 13 Jan 2021 13:10:37: Running command: rm P4_45_day7.gene.high.txt 
