INFO  @ Sun, 10 Jan 2021 14:03:08: Parameters: /opt/anaconda3/bin/mageck test -k P1.txt -t 3 -c 0 -n P1_03_day3 --norm-method total --sort-criteria pos 
INFO  @ Sun, 10 Jan 2021 14:03:08: Welcome to MAGeCK v0.5.9.4. Command: test 
INFO  @ Sun, 10 Jan 2021 14:03:08: Loading count table from P1.txt  
INFO  @ Sun, 10 Jan 2021 14:03:08: Processing 1 lines.. 
DEBUG @ Sun, 10 Jan 2021 14:03:08: Parsing error in line 1 (usually the header line). Skip this line. 
INFO  @ Sun, 10 Jan 2021 14:03:08: Loaded 161 records. 
INFO  @ Sun, 10 Jan 2021 14:03:08: Loading Rnw template file: /opt/anaconda3/lib/python3.8/site-packages/mageck/test_report.Rmd. 
DEBUG @ Sun, 10 Jan 2021 14:03:08: Setting up the visualization module... 
INFO  @ Sun, 10 Jan 2021 14:03:08: Loading R template file: /opt/anaconda3/lib/python3.8/site-packages/mageck/plot_template.RTemplate. 
INFO  @ Sun, 10 Jan 2021 14:03:08: Loading R template file: /opt/anaconda3/lib/python3.8/site-packages/mageck/plot_template_indvgene.RTemplate. 
INFO  @ Sun, 10 Jan 2021 14:03:08: Loading Rnw template file: /opt/anaconda3/lib/python3.8/site-packages/mageck/plot_template.Rnw. 
DEBUG @ Sun, 10 Jan 2021 14:03:08: Setting up the visualization module... 
DEBUG @ Sun, 10 Jan 2021 14:03:08: Given sample labels: 3 
DEBUG @ Sun, 10 Jan 2021 14:03:08: Converted index: 3 
INFO  @ Sun, 10 Jan 2021 14:03:08: Treatment samples:3 
INFO  @ Sun, 10 Jan 2021 14:03:08: Treatment sample index:3 
DEBUG @ Sun, 10 Jan 2021 14:03:08: Given sample labels: 0 
DEBUG @ Sun, 10 Jan 2021 14:03:08: Converted index: 0 
INFO  @ Sun, 10 Jan 2021 14:03:08: Control samples:0 
INFO  @ Sun, 10 Jan 2021 14:03:08: Control sample index:0 
DEBUG @ Sun, 10 Jan 2021 14:03:08: Initial (total) size factor: 1.1308076259100803 0.896317339441354 
INFO  @ Sun, 10 Jan 2021 14:03:08: Final size factor: 1.1308076259100803 0.896317339441354 
INFO  @ Sun, 10 Jan 2021 14:03:08: Detecting outliers from variance estimation.. Avg read count:[128.51645319263042], Var: [5880813.729225616] 
INFO  @ Sun, 10 Jan 2021 14:03:08: Skipping 4 sgRNAs from variance calculation because of their extreme high counts (> 4* STD (mean counts) ). 
DEBUG @ Sun, 10 Jan 2021 14:03:08: Adjusted model: 2.058239018637007	0 
INFO  @ Sun, 10 Jan 2021 14:03:08: Before RRA, 9 sgRNAs are removed with zero counts in both group(s). 
INFO  @ Sun, 10 Jan 2021 14:03:08: Use qnorm to reversely calculate sgRNA scores ... 
DEBUG @ Sun, 10 Jan 2021 14:03:08: lower test FDR cutoff: 0.506578947368421 
DEBUG @ Sun, 10 Jan 2021 14:03:08: higher test FDR cutoff: 0.039473684210526314 
INFO  @ Sun, 10 Jan 2021 14:03:08: Running command: RRA -i P1_03_day3.plow.txt -o P1_03_day3.gene.low.txt -p 0.5 --skip-gene NA --skip-gene na  
INFO  @ Sun, 10 Jan 2021 14:03:08: Command message: 
INFO  @ Sun, 10 Jan 2021 14:03:08:   Welcome to RRA v 0.5.9. 
INFO  @ Sun, 10 Jan 2021 14:03:08:   Skipping gene NA for permutation ... 
INFO  @ Sun, 10 Jan 2021 14:03:08:   Skipping gene na for permutation ... 
INFO  @ Sun, 10 Jan 2021 14:03:08:   Reading input file... 
INFO  @ Sun, 10 Jan 2021 14:03:08:   Summary: 152 sgRNAs, 25 genes, 1 lists; skipped sgRNAs:0 
INFO  @ Sun, 10 Jan 2021 14:03:08:   Computing lo-values for each group... 
INFO  @ Sun, 10 Jan 2021 14:03:08:   Computing false discovery rate... 
INFO  @ Sun, 10 Jan 2021 14:03:08:   Increase the number of permutations to 4001 to get precise p values. To avoid this, use the --permutation option. 
INFO  @ Sun, 10 Jan 2021 14:03:08:   Permuting genes with 1 sgRNAs... 
INFO  @ Sun, 10 Jan 2021 14:03:08:   Permuting genes with 2 sgRNAs... 
INFO  @ Sun, 10 Jan 2021 14:03:08:   Permuting genes with 3 sgRNAs... 
INFO  @ Sun, 10 Jan 2021 14:03:08:   Permuting genes with 4 sgRNAs... 
INFO  @ Sun, 10 Jan 2021 14:03:08:   Permuting genes with 5 sgRNAs... 
INFO  @ Sun, 10 Jan 2021 14:03:08:   Permuting genes with 9 sgRNAs... 
INFO  @ Sun, 10 Jan 2021 14:03:08:   Permuting genes with 10 sgRNAs... 
INFO  @ Sun, 10 Jan 2021 14:03:08:   Number of genes under FDR adjustment: 25 
INFO  @ Sun, 10 Jan 2021 14:03:08:   Saving to output file... 
INFO  @ Sun, 10 Jan 2021 14:03:08:   RRA completed. 
INFO  @ Sun, 10 Jan 2021 14:03:08:    
INFO  @ Sun, 10 Jan 2021 14:03:08: End command message. 
INFO  @ Sun, 10 Jan 2021 14:03:08: Running command: RRA -i P1_03_day3.phigh.txt -o P1_03_day3.gene.high.txt -p 0.039473684210526314 --skip-gene NA --skip-gene na  
INFO  @ Sun, 10 Jan 2021 14:03:08: Command message: 
INFO  @ Sun, 10 Jan 2021 14:03:08:   Welcome to RRA v 0.5.9. 
INFO  @ Sun, 10 Jan 2021 14:03:08:   Skipping gene NA for permutation ... 
INFO  @ Sun, 10 Jan 2021 14:03:08:   Skipping gene na for permutation ... 
INFO  @ Sun, 10 Jan 2021 14:03:08:   Reading input file... 
INFO  @ Sun, 10 Jan 2021 14:03:08:   Summary: 152 sgRNAs, 25 genes, 1 lists; skipped sgRNAs:0 
INFO  @ Sun, 10 Jan 2021 14:03:08:   Computing lo-values for each group... 
INFO  @ Sun, 10 Jan 2021 14:03:08:   Computing false discovery rate... 
INFO  @ Sun, 10 Jan 2021 14:03:08:   Increase the number of permutations to 4001 to get precise p values. To avoid this, use the --permutation option. 
INFO  @ Sun, 10 Jan 2021 14:03:08:   Permuting genes with 1 sgRNAs... 
INFO  @ Sun, 10 Jan 2021 14:03:08:   Permuting genes with 2 sgRNAs... 
INFO  @ Sun, 10 Jan 2021 14:03:08:   Permuting genes with 3 sgRNAs... 
INFO  @ Sun, 10 Jan 2021 14:03:08:   Permuting genes with 4 sgRNAs... 
INFO  @ Sun, 10 Jan 2021 14:03:08:   Permuting genes with 5 sgRNAs... 
INFO  @ Sun, 10 Jan 2021 14:03:08:   Permuting genes with 9 sgRNAs... 
INFO  @ Sun, 10 Jan 2021 14:03:08:   Permuting genes with 10 sgRNAs... 
INFO  @ Sun, 10 Jan 2021 14:03:08:   Number of genes under FDR adjustment: 25 
INFO  @ Sun, 10 Jan 2021 14:03:08:   Saving to output file... 
INFO  @ Sun, 10 Jan 2021 14:03:08:   RRA completed. 
INFO  @ Sun, 10 Jan 2021 14:03:08:    
INFO  @ Sun, 10 Jan 2021 14:03:08: End command message. 
DEBUG @ Sun, 10 Jan 2021 14:03:08: Sorting the merged items by positive selection... 
INFO  @ Sun, 10 Jan 2021 14:03:08: Loading top 10 genes from P1_03_day3.gene.low.txt: mKate,mKatescrm,KRT20,Prom1,MYC,hSMARCB1,TCF4,LGR5,CCR5,SOX9 
DEBUG @ Sun, 10 Jan 2021 14:03:08: Column index:3 
INFO  @ Sun, 10 Jan 2021 14:03:08: Loading top 10 genes from P1_03_day3.gene.high.txt: SOX9,GFP,TCF4,TCF20,POLRD2scrm,MYCscrm,hSATB1,hSMARCC2,mKatescrm,hSMARCC1 
DEBUG @ Sun, 10 Jan 2021 14:03:08: Column index:9 
INFO  @ Sun, 10 Jan 2021 14:03:08: Running command: rm P1_03_day3.plow.txt 
INFO  @ Sun, 10 Jan 2021 14:03:08: Running command: rm P1_03_day3.phigh.txt 
INFO  @ Sun, 10 Jan 2021 14:03:08: Running command: rm P1_03_day3.gene.low.txt 
INFO  @ Sun, 10 Jan 2021 14:03:08: Running command: rm P1_03_day3.gene.high.txt 
