INFO  @ Sun, 17 Jan 2021 16:29:43: Parameters: /opt/anaconda3/bin/mageck test -k P2.txt -t 5 -c 4 -n P2_45_day7 --norm-method total --sort-criteria pos 
INFO  @ Sun, 17 Jan 2021 16:29:43: Welcome to MAGeCK v0.5.9.4. Command: test 
INFO  @ Sun, 17 Jan 2021 16:29:43: Loading count table from P2.txt  
INFO  @ Sun, 17 Jan 2021 16:29:43: Processing 1 lines.. 
DEBUG @ Sun, 17 Jan 2021 16:29:43: Parsing error in line 1 (usually the header line). Skip this line. 
INFO  @ Sun, 17 Jan 2021 16:29:43: Loaded 161 records. 
INFO  @ Sun, 17 Jan 2021 16:29:43: Loading Rnw template file: /opt/anaconda3/lib/python3.8/site-packages/mageck/test_report.Rmd. 
DEBUG @ Sun, 17 Jan 2021 16:29:43: Setting up the visualization module... 
INFO  @ Sun, 17 Jan 2021 16:29:43: Loading R template file: /opt/anaconda3/lib/python3.8/site-packages/mageck/plot_template.RTemplate. 
INFO  @ Sun, 17 Jan 2021 16:29:43: Loading R template file: /opt/anaconda3/lib/python3.8/site-packages/mageck/plot_template_indvgene.RTemplate. 
INFO  @ Sun, 17 Jan 2021 16:29:43: Loading Rnw template file: /opt/anaconda3/lib/python3.8/site-packages/mageck/plot_template.Rnw. 
DEBUG @ Sun, 17 Jan 2021 16:29:43: Setting up the visualization module... 
DEBUG @ Sun, 17 Jan 2021 16:29:44: Given sample labels: 5 
DEBUG @ Sun, 17 Jan 2021 16:29:44: Converted index: 5 
INFO  @ Sun, 17 Jan 2021 16:29:44: Treatment samples:5 
INFO  @ Sun, 17 Jan 2021 16:29:44: Treatment sample index:5 
DEBUG @ Sun, 17 Jan 2021 16:29:44: Given sample labels: 4 
DEBUG @ Sun, 17 Jan 2021 16:29:44: Converted index: 4 
INFO  @ Sun, 17 Jan 2021 16:29:44: Control samples:4 
INFO  @ Sun, 17 Jan 2021 16:29:44: Control sample index:4 
DEBUG @ Sun, 17 Jan 2021 16:29:44: Initial (total) size factor: 0.9684936694389665 1.033625140120637 
INFO  @ Sun, 17 Jan 2021 16:29:44: Final size factor: 0.9684936694389665 1.033625140120637 
INFO  @ Sun, 17 Jan 2021 16:29:44: Detecting outliers from variance estimation.. Avg read count:[98.84859438586673], Var: [5397529.325837738] 
INFO  @ Sun, 17 Jan 2021 16:29:44: Skipping 3 sgRNAs from variance calculation because of their extreme high counts (> 4* STD (mean counts) ). 
DEBUG @ Sun, 17 Jan 2021 16:29:44: Adjusted model: 1.8651193343282813	0 
INFO  @ Sun, 17 Jan 2021 16:29:44: Before RRA, 9 sgRNAs are removed with zero counts in both group(s). 
INFO  @ Sun, 17 Jan 2021 16:29:44: Use qnorm to reversely calculate sgRNA scores ... 
DEBUG @ Sun, 17 Jan 2021 16:29:44: lower test FDR cutoff: 0.039473684210526314 
DEBUG @ Sun, 17 Jan 2021 16:29:44: higher test FDR cutoff: 0.24342105263157895 
INFO  @ Sun, 17 Jan 2021 16:29:44: Running command: RRA -i P2_45_day7.plow.txt -o P2_45_day7.gene.low.txt -p 0.05 --skip-gene NA --skip-gene na  
INFO  @ Sun, 17 Jan 2021 16:29:44: Command message: 
INFO  @ Sun, 17 Jan 2021 16:29:44:   Welcome to RRA v 0.5.9. 
INFO  @ Sun, 17 Jan 2021 16:29:44:   Skipping gene NA for permutation ... 
INFO  @ Sun, 17 Jan 2021 16:29:44:   Skipping gene na for permutation ... 
INFO  @ Sun, 17 Jan 2021 16:29:44:   Reading input file... 
INFO  @ Sun, 17 Jan 2021 16:29:44:   Summary: 152 sgRNAs, 25 genes, 1 lists; skipped sgRNAs:0 
INFO  @ Sun, 17 Jan 2021 16:29:44:   Computing lo-values for each group... 
INFO  @ Sun, 17 Jan 2021 16:29:44:   Computing false discovery rate... 
INFO  @ Sun, 17 Jan 2021 16:29:44:   Increase the number of permutations to 4001 to get precise p values. To avoid this, use the --permutation option. 
INFO  @ Sun, 17 Jan 2021 16:29:44:   Permuting genes with 1 sgRNAs... 
INFO  @ Sun, 17 Jan 2021 16:29:44:   Permuting genes with 2 sgRNAs... 
INFO  @ Sun, 17 Jan 2021 16:29:44:   Permuting genes with 3 sgRNAs... 
INFO  @ Sun, 17 Jan 2021 16:29:44:   Permuting genes with 4 sgRNAs... 
INFO  @ Sun, 17 Jan 2021 16:29:44:   Permuting genes with 5 sgRNAs... 
INFO  @ Sun, 17 Jan 2021 16:29:44:   Permuting genes with 9 sgRNAs... 
INFO  @ Sun, 17 Jan 2021 16:29:44:   Permuting genes with 10 sgRNAs... 
INFO  @ Sun, 17 Jan 2021 16:29:44:   Number of genes under FDR adjustment: 25 
INFO  @ Sun, 17 Jan 2021 16:29:44:   Saving to output file... 
INFO  @ Sun, 17 Jan 2021 16:29:44:   RRA completed. 
INFO  @ Sun, 17 Jan 2021 16:29:44:    
INFO  @ Sun, 17 Jan 2021 16:29:44: End command message. 
INFO  @ Sun, 17 Jan 2021 16:29:44: Running command: RRA -i P2_45_day7.phigh.txt -o P2_45_day7.gene.high.txt -p 0.24342105263157895 --skip-gene NA --skip-gene na  
INFO  @ Sun, 17 Jan 2021 16:29:45: Command message: 
INFO  @ Sun, 17 Jan 2021 16:29:45:   Welcome to RRA v 0.5.9. 
INFO  @ Sun, 17 Jan 2021 16:29:45:   Skipping gene NA for permutation ... 
INFO  @ Sun, 17 Jan 2021 16:29:45:   Skipping gene na for permutation ... 
INFO  @ Sun, 17 Jan 2021 16:29:45:   Reading input file... 
INFO  @ Sun, 17 Jan 2021 16:29:45:   Summary: 152 sgRNAs, 25 genes, 1 lists; skipped sgRNAs:0 
INFO  @ Sun, 17 Jan 2021 16:29:45:   Computing lo-values for each group... 
INFO  @ Sun, 17 Jan 2021 16:29:45:   Computing false discovery rate... 
INFO  @ Sun, 17 Jan 2021 16:29:45:   Increase the number of permutations to 4001 to get precise p values. To avoid this, use the --permutation option. 
INFO  @ Sun, 17 Jan 2021 16:29:45:   Permuting genes with 1 sgRNAs... 
INFO  @ Sun, 17 Jan 2021 16:29:45:   Permuting genes with 2 sgRNAs... 
INFO  @ Sun, 17 Jan 2021 16:29:45:   Permuting genes with 3 sgRNAs... 
INFO  @ Sun, 17 Jan 2021 16:29:45:   Permuting genes with 4 sgRNAs... 
INFO  @ Sun, 17 Jan 2021 16:29:45:   Permuting genes with 5 sgRNAs... 
INFO  @ Sun, 17 Jan 2021 16:29:45:   Permuting genes with 9 sgRNAs... 
INFO  @ Sun, 17 Jan 2021 16:29:45:   Permuting genes with 10 sgRNAs... 
INFO  @ Sun, 17 Jan 2021 16:29:45:   Number of genes under FDR adjustment: 25 
INFO  @ Sun, 17 Jan 2021 16:29:45:   Saving to output file... 
INFO  @ Sun, 17 Jan 2021 16:29:45:   RRA completed. 
INFO  @ Sun, 17 Jan 2021 16:29:45:    
INFO  @ Sun, 17 Jan 2021 16:29:45: End command message. 
DEBUG @ Sun, 17 Jan 2021 16:29:45: Sorting the merged items by positive selection... 
INFO  @ Sun, 17 Jan 2021 16:29:45: Loading top 10 genes from P2_45_day7.gene.low.txt: TCF4,mKatescrm,POLRD2,SOX9,MYC,hSMARCC1,hSMARCC2,MYCscrm,KRT20scrm,POLRD2scrm 
DEBUG @ Sun, 17 Jan 2021 16:29:45: Column index:3 
INFO  @ Sun, 17 Jan 2021 16:29:45: Loading top 10 genes from P2_45_day7.gene.high.txt: KRT20,hSATB2,mKate,mKatescrm,KRT20scrm,hSMARCD1,LGR5,hSMARCB1,GFPscrm,GFP 
DEBUG @ Sun, 17 Jan 2021 16:29:45: Column index:9 
INFO  @ Sun, 17 Jan 2021 16:29:45: Running command: rm P2_45_day7.plow.txt 
INFO  @ Sun, 17 Jan 2021 16:29:45: Running command: rm P2_45_day7.phigh.txt 
INFO  @ Sun, 17 Jan 2021 16:29:45: Running command: rm P2_45_day7.gene.low.txt 
INFO  @ Sun, 17 Jan 2021 16:29:45: Running command: rm P2_45_day7.gene.high.txt 
