INFO  @ Wed, 13 Jan 2021 13:09:51: Parameters: /opt/anaconda3/bin/mageck test -k P4.txt -t 1 -c 0 -n P4_01_day3 --norm-method total --sort-criteria pos 
INFO  @ Wed, 13 Jan 2021 13:09:51: Welcome to MAGeCK v0.5.9.4. Command: test 
INFO  @ Wed, 13 Jan 2021 13:09:51: Loading count table from P4.txt  
INFO  @ Wed, 13 Jan 2021 13:09:51: Processing 1 lines.. 
DEBUG @ Wed, 13 Jan 2021 13:09:51: Parsing error in line 1 (usually the header line). Skip this line. 
INFO  @ Wed, 13 Jan 2021 13:09:51: Loaded 76 records. 
INFO  @ Wed, 13 Jan 2021 13:09:51: Loading Rnw template file: /opt/anaconda3/lib/python3.8/site-packages/mageck/test_report.Rmd. 
DEBUG @ Wed, 13 Jan 2021 13:09:51: Setting up the visualization module... 
INFO  @ Wed, 13 Jan 2021 13:09:51: Loading R template file: /opt/anaconda3/lib/python3.8/site-packages/mageck/plot_template.RTemplate. 
INFO  @ Wed, 13 Jan 2021 13:09:51: Loading R template file: /opt/anaconda3/lib/python3.8/site-packages/mageck/plot_template_indvgene.RTemplate. 
INFO  @ Wed, 13 Jan 2021 13:09:51: Loading Rnw template file: /opt/anaconda3/lib/python3.8/site-packages/mageck/plot_template.Rnw. 
DEBUG @ Wed, 13 Jan 2021 13:09:51: Setting up the visualization module... 
DEBUG @ Wed, 13 Jan 2021 13:09:51: Given sample labels: 1 
DEBUG @ Wed, 13 Jan 2021 13:09:51: Converted index: 1 
INFO  @ Wed, 13 Jan 2021 13:09:51: Treatment samples:1 
INFO  @ Wed, 13 Jan 2021 13:09:51: Treatment sample index:1 
DEBUG @ Wed, 13 Jan 2021 13:09:51: Given sample labels: 0 
DEBUG @ Wed, 13 Jan 2021 13:09:51: Converted index: 0 
INFO  @ Wed, 13 Jan 2021 13:09:51: Control samples:0 
INFO  @ Wed, 13 Jan 2021 13:09:51: Control sample index:0 
DEBUG @ Wed, 13 Jan 2021 13:09:51: Initial (total) size factor: 0.933377911842391 1.0768637329419752 
INFO  @ Wed, 13 Jan 2021 13:09:51: Final size factor: 0.933377911842391 1.0768637329419752 
INFO  @ Wed, 13 Jan 2021 13:09:51: Detecting outliers from variance estimation.. Avg read count:[14352.439976379355], Var: [66620270.371148415] 
DEBUG @ Wed, 13 Jan 2021 13:09:51: Adjusted model: 1	13.40880970778103 
INFO  @ Wed, 13 Jan 2021 13:09:51: Before RRA, 0 sgRNAs are removed with zero counts in both group(s). 
INFO  @ Wed, 13 Jan 2021 13:09:51: Use qnorm to reversely calculate sgRNA scores ... 
DEBUG @ Wed, 13 Jan 2021 13:09:51: lower test FDR cutoff: 0.0 
DEBUG @ Wed, 13 Jan 2021 13:09:51: higher test FDR cutoff: 0.01 
INFO  @ Wed, 13 Jan 2021 13:09:51: Running command: RRA -i P4_01_day3.plow.txt -o P4_01_day3.gene.low.txt -p 0.05 --skip-gene NA --skip-gene na  
INFO  @ Wed, 13 Jan 2021 13:09:51: Command message: 
INFO  @ Wed, 13 Jan 2021 13:09:51:   Welcome to RRA v 0.5.9. 
INFO  @ Wed, 13 Jan 2021 13:09:51:   Skipping gene NA for permutation ... 
INFO  @ Wed, 13 Jan 2021 13:09:51:   Skipping gene na for permutation ... 
INFO  @ Wed, 13 Jan 2021 13:09:51:   Reading input file... 
INFO  @ Wed, 13 Jan 2021 13:09:51:   Summary: 76 sgRNAs, 10 genes, 1 lists; skipped sgRNAs:0 
INFO  @ Wed, 13 Jan 2021 13:09:51:   Computing lo-values for each group... 
INFO  @ Wed, 13 Jan 2021 13:09:51:   Computing false discovery rate... 
INFO  @ Wed, 13 Jan 2021 13:09:51:   Increase the number of permutations to 10001 to get precise p values. To avoid this, use the --permutation option. 
INFO  @ Wed, 13 Jan 2021 13:09:51:   Permuting genes with 6 sgRNAs... 
INFO  @ Wed, 13 Jan 2021 13:09:51:   Permuting genes with 10 sgRNAs... 
INFO  @ Wed, 13 Jan 2021 13:09:51:   Number of genes under FDR adjustment: 10 
INFO  @ Wed, 13 Jan 2021 13:09:51:   Saving to output file... 
INFO  @ Wed, 13 Jan 2021 13:09:51:   RRA completed. 
INFO  @ Wed, 13 Jan 2021 13:09:51:    
INFO  @ Wed, 13 Jan 2021 13:09:51: End command message. 
INFO  @ Wed, 13 Jan 2021 13:09:51: Running command: RRA -i P4_01_day3.phigh.txt -o P4_01_day3.gene.high.txt -p 0.01 --skip-gene NA --skip-gene na  
INFO  @ Wed, 13 Jan 2021 13:09:51: Command message: 
INFO  @ Wed, 13 Jan 2021 13:09:51:   Welcome to RRA v 0.5.9. 
INFO  @ Wed, 13 Jan 2021 13:09:51:   Skipping gene NA for permutation ... 
INFO  @ Wed, 13 Jan 2021 13:09:51:   Skipping gene na for permutation ... 
INFO  @ Wed, 13 Jan 2021 13:09:51:   Reading input file... 
INFO  @ Wed, 13 Jan 2021 13:09:51:   Summary: 76 sgRNAs, 10 genes, 1 lists; skipped sgRNAs:0 
INFO  @ Wed, 13 Jan 2021 13:09:51:   Computing lo-values for each group... 
INFO  @ Wed, 13 Jan 2021 13:09:51:   Computing false discovery rate... 
INFO  @ Wed, 13 Jan 2021 13:09:51:   Increase the number of permutations to 10001 to get precise p values. To avoid this, use the --permutation option. 
INFO  @ Wed, 13 Jan 2021 13:09:51:   Permuting genes with 6 sgRNAs... 
INFO  @ Wed, 13 Jan 2021 13:09:51:   Permuting genes with 10 sgRNAs... 
INFO  @ Wed, 13 Jan 2021 13:09:51:   Number of genes under FDR adjustment: 10 
INFO  @ Wed, 13 Jan 2021 13:09:51:   Saving to output file... 
INFO  @ Wed, 13 Jan 2021 13:09:51:   RRA completed. 
INFO  @ Wed, 13 Jan 2021 13:09:51:    
INFO  @ Wed, 13 Jan 2021 13:09:51: End command message. 
DEBUG @ Wed, 13 Jan 2021 13:09:51: Sorting the merged items by positive selection... 
INFO  @ Wed, 13 Jan 2021 13:09:51: Loading top 10 genes from P4_01_day3.gene.low.txt: SOX9,LRIG1,AAVS1,CCR5,ROSA26,PROM1,mKate2,CTRL,KRT20,EGFP 
DEBUG @ Wed, 13 Jan 2021 13:09:51: Column index:3 
INFO  @ Wed, 13 Jan 2021 13:09:51: Loading top 10 genes from P4_01_day3.gene.high.txt: KRT20,EGFP,ROSA26,PROM1,AAVS1,mKate2,CCR5,CTRL,LRIG1,SOX9 
DEBUG @ Wed, 13 Jan 2021 13:09:51: Column index:9 
INFO  @ Wed, 13 Jan 2021 13:09:51: Running command: rm P4_01_day3.plow.txt 
INFO  @ Wed, 13 Jan 2021 13:09:51: Running command: rm P4_01_day3.phigh.txt 
INFO  @ Wed, 13 Jan 2021 13:09:51: Running command: rm P4_01_day3.gene.low.txt 
INFO  @ Wed, 13 Jan 2021 13:09:51: Running command: rm P4_01_day3.gene.high.txt 
