INFO  @ Wed, 13 Jan 2021 13:12:03: Parameters: /opt/anaconda3/bin/mageck test -k P6.txt -t 5 -c 4 -n P6_45_day7 --norm-method total --sort-criteria pos 
INFO  @ Wed, 13 Jan 2021 13:12:03: Welcome to MAGeCK v0.5.9.4. Command: test 
INFO  @ Wed, 13 Jan 2021 13:12:03: Loading count table from P6.txt  
INFO  @ Wed, 13 Jan 2021 13:12:03: Processing 1 lines.. 
DEBUG @ Wed, 13 Jan 2021 13:12:03: Parsing error in line 1 (usually the header line). Skip this line. 
INFO  @ Wed, 13 Jan 2021 13:12:03: Loaded 76 records. 
INFO  @ Wed, 13 Jan 2021 13:12:03: Loading Rnw template file: /opt/anaconda3/lib/python3.8/site-packages/mageck/test_report.Rmd. 
DEBUG @ Wed, 13 Jan 2021 13:12:03: Setting up the visualization module... 
INFO  @ Wed, 13 Jan 2021 13:12:03: Loading R template file: /opt/anaconda3/lib/python3.8/site-packages/mageck/plot_template.RTemplate. 
INFO  @ Wed, 13 Jan 2021 13:12:03: Loading R template file: /opt/anaconda3/lib/python3.8/site-packages/mageck/plot_template_indvgene.RTemplate. 
INFO  @ Wed, 13 Jan 2021 13:12:03: Loading Rnw template file: /opt/anaconda3/lib/python3.8/site-packages/mageck/plot_template.Rnw. 
DEBUG @ Wed, 13 Jan 2021 13:12:03: Setting up the visualization module... 
DEBUG @ Wed, 13 Jan 2021 13:12:03: Given sample labels: 5 
DEBUG @ Wed, 13 Jan 2021 13:12:03: Converted index: 5 
INFO  @ Wed, 13 Jan 2021 13:12:03: Treatment samples:5 
INFO  @ Wed, 13 Jan 2021 13:12:03: Treatment sample index:5 
DEBUG @ Wed, 13 Jan 2021 13:12:03: Given sample labels: 4 
DEBUG @ Wed, 13 Jan 2021 13:12:03: Converted index: 4 
INFO  @ Wed, 13 Jan 2021 13:12:03: Control samples:4 
INFO  @ Wed, 13 Jan 2021 13:12:03: Control sample index:4 
DEBUG @ Wed, 13 Jan 2021 13:12:03: Initial (total) size factor: 1.0441010378812796 0.9594734848760734 
INFO  @ Wed, 13 Jan 2021 13:12:03: Final size factor: 1.0441010378812796 0.9594734848760734 
INFO  @ Wed, 13 Jan 2021 13:12:03: Detecting outliers from variance estimation.. Avg read count:[3267.2615197655855], Var: [4440732.291016268] 
DEBUG @ Wed, 13 Jan 2021 13:12:03: Adjusted model: 1	4.240651355380796 
INFO  @ Wed, 13 Jan 2021 13:12:03: Before RRA, 0 sgRNAs are removed with zero counts in both group(s). 
INFO  @ Wed, 13 Jan 2021 13:12:03: Use qnorm to reversely calculate sgRNA scores ... 
DEBUG @ Wed, 13 Jan 2021 13:12:03: lower test FDR cutoff: 0.17105263157894737 
DEBUG @ Wed, 13 Jan 2021 13:12:03: higher test FDR cutoff: 0.32894736842105265 
INFO  @ Wed, 13 Jan 2021 13:12:03: Running command: RRA -i P6_45_day7.plow.txt -o P6_45_day7.gene.low.txt -p 0.17105263157894737 --skip-gene NA --skip-gene na  
INFO  @ Wed, 13 Jan 2021 13:12:03: Command message: 
INFO  @ Wed, 13 Jan 2021 13:12:03:   Welcome to RRA v 0.5.9. 
INFO  @ Wed, 13 Jan 2021 13:12:03:   Skipping gene NA for permutation ... 
INFO  @ Wed, 13 Jan 2021 13:12:03:   Skipping gene na for permutation ... 
INFO  @ Wed, 13 Jan 2021 13:12:03:   Reading input file... 
INFO  @ Wed, 13 Jan 2021 13:12:03:   Summary: 76 sgRNAs, 10 genes, 1 lists; skipped sgRNAs:0 
INFO  @ Wed, 13 Jan 2021 13:12:03:   Computing lo-values for each group... 
INFO  @ Wed, 13 Jan 2021 13:12:03:   Computing false discovery rate... 
INFO  @ Wed, 13 Jan 2021 13:12:03:   Increase the number of permutations to 10001 to get precise p values. To avoid this, use the --permutation option. 
INFO  @ Wed, 13 Jan 2021 13:12:03:   Permuting genes with 6 sgRNAs... 
INFO  @ Wed, 13 Jan 2021 13:12:03:   Permuting genes with 10 sgRNAs... 
INFO  @ Wed, 13 Jan 2021 13:12:03:   Number of genes under FDR adjustment: 10 
INFO  @ Wed, 13 Jan 2021 13:12:03:   Saving to output file... 
INFO  @ Wed, 13 Jan 2021 13:12:03:   RRA completed. 
INFO  @ Wed, 13 Jan 2021 13:12:03:    
INFO  @ Wed, 13 Jan 2021 13:12:03: End command message. 
INFO  @ Wed, 13 Jan 2021 13:12:03: Running command: RRA -i P6_45_day7.phigh.txt -o P6_45_day7.gene.high.txt -p 0.32894736842105265 --skip-gene NA --skip-gene na  
INFO  @ Wed, 13 Jan 2021 13:12:03: Command message: 
INFO  @ Wed, 13 Jan 2021 13:12:03:   Welcome to RRA v 0.5.9. 
INFO  @ Wed, 13 Jan 2021 13:12:03:   Skipping gene NA for permutation ... 
INFO  @ Wed, 13 Jan 2021 13:12:03:   Skipping gene na for permutation ... 
INFO  @ Wed, 13 Jan 2021 13:12:03:   Reading input file... 
INFO  @ Wed, 13 Jan 2021 13:12:03:   Summary: 76 sgRNAs, 10 genes, 1 lists; skipped sgRNAs:0 
INFO  @ Wed, 13 Jan 2021 13:12:03:   Computing lo-values for each group... 
INFO  @ Wed, 13 Jan 2021 13:12:03:   Computing false discovery rate... 
INFO  @ Wed, 13 Jan 2021 13:12:03:   Increase the number of permutations to 10001 to get precise p values. To avoid this, use the --permutation option. 
INFO  @ Wed, 13 Jan 2021 13:12:03:   Permuting genes with 6 sgRNAs... 
INFO  @ Wed, 13 Jan 2021 13:12:03:   Permuting genes with 10 sgRNAs... 
INFO  @ Wed, 13 Jan 2021 13:12:03:   Number of genes under FDR adjustment: 10 
INFO  @ Wed, 13 Jan 2021 13:12:03:   Saving to output file... 
INFO  @ Wed, 13 Jan 2021 13:12:03:   RRA completed. 
INFO  @ Wed, 13 Jan 2021 13:12:03:    
INFO  @ Wed, 13 Jan 2021 13:12:03: End command message. 
DEBUG @ Wed, 13 Jan 2021 13:12:03: Sorting the merged items by positive selection... 
INFO  @ Wed, 13 Jan 2021 13:12:03: Loading top 10 genes from P6_45_day7.gene.low.txt: SOX9,ROSA26,CCR5,EGFP,LRIG1,AAVS1,mKate2,KRT20,CTRL,PROM1 
DEBUG @ Wed, 13 Jan 2021 13:12:03: Column index:3 
INFO  @ Wed, 13 Jan 2021 13:12:03: Loading top 10 genes from P6_45_day7.gene.high.txt: ROSA26,LRIG1,mKate2,EGFP,KRT20,PROM1,CTRL,AAVS1,CCR5,SOX9 
DEBUG @ Wed, 13 Jan 2021 13:12:03: Column index:9 
INFO  @ Wed, 13 Jan 2021 13:12:03: Running command: rm P6_45_day7.plow.txt 
INFO  @ Wed, 13 Jan 2021 13:12:03: Running command: rm P6_45_day7.phigh.txt 
INFO  @ Wed, 13 Jan 2021 13:12:03: Running command: rm P6_45_day7.gene.low.txt 
INFO  @ Wed, 13 Jan 2021 13:12:03: Running command: rm P6_45_day7.gene.high.txt 
